[ 2016-08-22T20:29:58+08:00 ] 127.0.0.1 /Thinkphp/thinkphp3.2.3/Publick/js/jquery.min.js
INFO: [ app_init ] --START--
INFO: Run Behavior\BuildLiteBehavior [ RunTime:0.000046s ]
INFO: [ app_init ] --END-- [ RunTime:0.000840s ]
ERR: 无法加载模块:Publick

[ 2016-08-22T20:36:47+08:00 ] 127.0.0.1 /Thinkphp/thinkphp3.2.3/Publick/js/jquery.min.js
INFO: [ app_init ] --START--
INFO: Run Behavior\BuildLiteBehavior [ RunTime:0.000049s ]
INFO: [ app_init ] --END-- [ RunTime:0.001236s ]
ERR: 无法加载模块:Publick

[ 2016-08-22T20:36:48+08:00 ] 127.0.0.1 /Thinkphp/thinkphp3.2.3/Publick/js/jquery.min.js
INFO: [ app_init ] --START--
INFO: Run Behavior\BuildLiteBehavior [ RunTime:0.000053s ]
INFO: [ app_init ] --END-- [ RunTime:0.000842s ]
ERR: 无法加载模块:Publick

[ 2016-08-22T20:36:49+08:00 ] 127.0.0.1 /Thinkphp/thinkphp3.2.3/Publick/js/jquery.min.js
INFO: [ app_init ] --START--
INFO: Run Behavior\BuildLiteBehavior [ RunTime:0.000028s ]
INFO: [ app_init ] --END-- [ RunTime:0.000687s ]
ERR: 无法加载模块:Publick

[ 2016-08-22T20:37:15+08:00 ] 127.0.0.1 /Thinkphp/thinkphp3.2.3/Publick/js/jquery.min.js
INFO: [ app_init ] --START--
INFO: Run Behavior\BuildLiteBehavior [ RunTime:0.000029s ]
INFO: [ app_init ] --END-- [ RunTime:0.000538s ]
ERR: 无法加载模块:Publick

[ 2016-08-22T20:37:16+08:00 ] 127.0.0.1 /Thinkphp/thinkphp3.2.3/Publick/js/jquery.min.js
INFO: [ app_init ] --START--
INFO: Run Behavior\BuildLiteBehavior [ RunTime:0.000047s ]
INFO: [ app_init ] --END-- [ RunTime:0.000929s ]
ERR: 无法加载模块:Publick

[ 2016-08-22T20:39:06+08:00 ] 127.0.0.1 /Thinkphp/thinkphp3.2.3/Publick/js/jquery.min.js
INFO: [ app_init ] --START--
INFO: Run Behavior\BuildLiteBehavior [ RunTime:0.000088s ]
INFO: [ app_init ] --END-- [ RunTime:0.000781s ]
ERR: 无法加载模块:Publick

[ 2016-08-22T20:41:40+08:00 ] 127.0.0.1 /Thinkphp/thinkphp3.2.3/Publick/js/jquery.min.js
INFO: [ app_init ] --START--
INFO: Run Behavior\BuildLiteBehavior [ RunTime:0.000044s ]
INFO: [ app_init ] --END-- [ RunTime:0.000715s ]
ERR: 无法加载模块:Publick

[ 2016-08-22T20:43:25+08:00 ] 127.0.0.1 /Thinkphp/thinkphp3.2.3/%7B/Thinkphp/thinkphp3.2.3/Public%7D/js/jquery.min.js
INFO: [ app_init ] --START--
INFO: Run Behavior\BuildLiteBehavior [ RunTime:0.000045s ]
INFO: [ app_init ] --END-- [ RunTime:0.000790s ]
ERR: 无法加载模块:{

[ 2016-08-22T20:43:40+08:00 ] 127.0.0.1 /Thinkphp/thinkphp3.2.3/%7B/Thinkphp/thinkphp3.2.3/Public%7Djs/jquery.min.js
INFO: [ app_init ] --START--
INFO: Run Behavior\BuildLiteBehavior [ RunTime:0.000026s ]
INFO: [ app_init ] --END-- [ RunTime:0.000526s ]
ERR: 无法加载模块:{

[ 2016-08-22T20:44:01+08:00 ] 127.0.0.1 /Thinkphp/thinkphp3.2.3/%7B/Thinkphp/thinkphp3.2.3/Public%7D/js/jquery.min.js
INFO: [ app_init ] --START--
INFO: Run Behavior\BuildLiteBehavior [ RunTime:0.000045s ]
INFO: [ app_init ] --END-- [ RunTime:0.000760s ]
ERR: 无法加载模块:{

[ 2016-08-22T20:44:34+08:00 ] 127.0.0.1 /Thinkphp/thinkphp3.2.3/%7B/Thinkphp/thinkphp3.2.3/Public%7Djs/jquery.min.js
INFO: [ app_init ] --START--
INFO: Run Behavior\BuildLiteBehavior [ RunTime:0.000026s ]
INFO: [ app_init ] --END-- [ RunTime:0.000534s ]
ERR: 无法加载模块:{

[ 2016-08-22T20:44:35+08:00 ] 127.0.0.1 /Thinkphp/thinkphp3.2.3/%7B/Thinkphp/thinkphp3.2.3/Public%7Djs/jquery.min.js
INFO: [ app_init ] --START--
INFO: Run Behavior\BuildLiteBehavior [ RunTime:0.000027s ]
INFO: [ app_init ] --END-- [ RunTime:0.000537s ]
ERR: 无法加载模块:{

[ 2016-08-22T20:44:36+08:00 ] 127.0.0.1 /Thinkphp/thinkphp3.2.3/%7B/Thinkphp/thinkphp3.2.3/Public%7Djs/jquery.min.js
INFO: [ app_init ] --START--
INFO: Run Behavior\BuildLiteBehavior [ RunTime:0.000046s ]
INFO: [ app_init ] --END-- [ RunTime:0.001046s ]
ERR: 无法加载模块:{

[ 2016-08-22T21:02:46+08:00 ] 127.0.0.1 /Thinkphp/thinkphp3.2.3/%7BPUBLIC%7D/js/jquery.min.js
INFO: [ app_init ] --START--
INFO: Run Behavior\BuildLiteBehavior [ RunTime:0.000034s ]
INFO: [ app_init ] --END-- [ RunTime:0.000489s ]
ERR: 无法加载模块:{PUBLIC}

[ 2016-08-22T21:02:47+08:00 ] 127.0.0.1 /Thinkphp/thinkphp3.2.3/%7BPUBLIC%7D/js/jquery.min.js
INFO: [ app_init ] --START--
INFO: Run Behavior\BuildLiteBehavior [ RunTime:0.000062s ]
INFO: [ app_init ] --END-- [ RunTime:0.001031s ]
ERR: 无法加载模块:{PUBLIC}

[ 2016-08-22T21:03:06+08:00 ] 127.0.0.1 /Thinkphp/thinkphp3.2.3/%7B/Thinkphp/thinkphp3.2.3/Public%7D/js/jquery.min.js
INFO: [ app_init ] --START--
INFO: Run Behavior\BuildLiteBehavior [ RunTime:0.000026s ]
INFO: [ app_init ] --END-- [ RunTime:0.000503s ]
ERR: 无法加载模块:{

[ 2016-08-22T21:23:08+08:00 ] 127.0.0.1 /Thinkphp/thinkphp3.2.3/Publick/js/jquery.min.js
INFO: [ app_init ] --START--
INFO: Run Behavior\BuildLiteBehavior [ RunTime:0.000128s ]
INFO: [ app_init ] --END-- [ RunTime:0.002102s ]
ERR: 无法加载模块:Publick

[ 2016-08-22T21:23:08+08:00 ] 127.0.0.1 /Thinkphp/thinkphp3.2.3/Publick/css/bootstrap.min.css
INFO: [ app_init ] --START--
INFO: Run Behavior\BuildLiteBehavior [ RunTime:0.000028s ]
INFO: [ app_init ] --END-- [ RunTime:0.000552s ]
ERR: 无法加载模块:Publick

[ 2016-08-22T21:23:08+08:00 ] 127.0.0.1 /Thinkphp/thinkphp3.2.3/Publick/css/font-awesome.min.css
INFO: [ app_init ] --START--
INFO: Run Behavior\BuildLiteBehavior [ RunTime:0.000027s ]
INFO: [ app_init ] --END-- [ RunTime:0.000526s ]
ERR: 无法加载模块:Publick

[ 2016-08-22T21:23:20+08:00 ] 127.0.0.1 /Thinkphp/thinkphp3.2.3/Publick/css/bootstrap.min.css
INFO: [ app_init ] --START--
INFO: Run Behavior\BuildLiteBehavior [ RunTime:0.000027s ]
INFO: [ app_init ] --END-- [ RunTime:0.000493s ]
ERR: 无法加载模块:Publick

[ 2016-08-22T21:23:20+08:00 ] 127.0.0.1 /Thinkphp/thinkphp3.2.3/Publick/css/font-awesome.min.css
INFO: [ app_init ] --START--
INFO: Run Behavior\BuildLiteBehavior [ RunTime:0.000046s ]
INFO: [ app_init ] --END-- [ RunTime:0.000927s ]
ERR: 无法加载模块:Publick

[ 2016-08-22T21:23:20+08:00 ] 127.0.0.1 /Thinkphp/thinkphp3.2.3/Publick/js/jquery.min.js
INFO: [ app_init ] --START--
INFO: Run Behavior\BuildLiteBehavior [ RunTime:0.000213s ]
INFO: [ app_init ] --END-- [ RunTime:0.002004s ]
ERR: 无法加载模块:Publick

[ 2016-08-22T21:24:47+08:00 ] 127.0.0.1 /Thinkphp/thinkphp3.2.3/Publick/css/font-awesome.min.css
INFO: [ app_init ] --START--
INFO: Run Behavior\BuildLiteBehavior [ RunTime:0.000045s ]
INFO: [ app_init ] --END-- [ RunTime:0.000834s ]
ERR: 无法加载模块:Publick

[ 2016-08-22T21:24:47+08:00 ] 127.0.0.1 /Thinkphp/thinkphp3.2.3/Publick/css/bootstrap.min.css
INFO: [ app_init ] --START--
INFO: Run Behavior\BuildLiteBehavior [ RunTime:0.000089s ]
INFO: [ app_init ] --END-- [ RunTime:0.001207s ]
ERR: 无法加载模块:Publick

[ 2016-08-22T21:25:24+08:00 ] 127.0.0.1 /Thinkphp/thinkphp3.2.3/Publick/css/bootstrap.min.css
INFO: [ app_init ] --START--
INFO: Run Behavior\BuildLiteBehavior [ RunTime:0.000046s ]
INFO: [ app_init ] --END-- [ RunTime:0.000993s ]
ERR: 无法加载模块:Publick

[ 2016-08-22T21:25:24+08:00 ] 127.0.0.1 /Thinkphp/thinkphp3.2.3/Publick/css/font-awesome.min.css
INFO: [ app_init ] --START--
INFO: Run Behavior\BuildLiteBehavior [ RunTime:0.000055s ]
INFO: [ app_init ] --END-- [ RunTime:0.001003s ]
ERR: 无法加载模块:Publick

[ 2016-08-22T21:25:26+08:00 ] 127.0.0.1 /Thinkphp/thinkphp3.2.3/Publick/css/font-awesome.min.css
INFO: [ app_init ] --START--
INFO: Run Behavior\BuildLiteBehavior [ RunTime:0.000046s ]
INFO: [ app_init ] --END-- [ RunTime:0.000835s ]
ERR: 无法加载模块:Publick

[ 2016-08-22T21:25:26+08:00 ] 127.0.0.1 /Thinkphp/thinkphp3.2.3/Publick/css/bootstrap.min.css
INFO: [ app_init ] --START--
INFO: Run Behavior\BuildLiteBehavior [ RunTime:0.000049s ]
INFO: [ app_init ] --END-- [ RunTime:0.000923s ]
ERR: 无法加载模块:Publick

[ 2016-08-22T21:25:27+08:00 ] 127.0.0.1 /Thinkphp/thinkphp3.2.3/Publick/css/bootstrap.min.css
INFO: [ app_init ] --START--
INFO: Run Behavior\BuildLiteBehavior [ RunTime:0.000027s ]
INFO: [ app_init ] --END-- [ RunTime:0.000495s ]
ERR: 无法加载模块:Publick

[ 2016-08-22T21:25:27+08:00 ] 127.0.0.1 /Thinkphp/thinkphp3.2.3/Publick/css/font-awesome.min.css
INFO: [ app_init ] --START--
INFO: Run Behavior\BuildLiteBehavior [ RunTime:0.000031s ]
INFO: [ app_init ] --END-- [ RunTime:0.001090s ]
ERR: 无法加载模块:Publick

[ 2016-08-22T21:25:27+08:00 ] 127.0.0.1 /Thinkphp/thinkphp3.2.3/Publick/css/bootstrap.min.css
INFO: [ app_init ] --START--
INFO: Run Behavior\BuildLiteBehavior [ RunTime:0.000026s ]
INFO: [ app_init ] --END-- [ RunTime:0.000477s ]
ERR: 无法加载模块:Publick

[ 2016-08-22T21:25:27+08:00 ] 127.0.0.1 /Thinkphp/thinkphp3.2.3/Publick/css/font-awesome.min.css
INFO: [ app_init ] --START--
INFO: Run Behavior\BuildLiteBehavior [ RunTime:0.000047s ]
INFO: [ app_init ] --END-- [ RunTime:0.001223s ]
ERR: 无法加载模块:Publick

[ 2016-08-22T21:25:27+08:00 ] 127.0.0.1 /Thinkphp/thinkphp3.2.3/Publick/css/bootstrap.min.css
INFO: [ app_init ] --START--
INFO: Run Behavior\BuildLiteBehavior [ RunTime:0.000045s ]
INFO: [ app_init ] --END-- [ RunTime:0.000798s ]
ERR: 无法加载模块:Publick

[ 2016-08-22T21:25:27+08:00 ] 127.0.0.1 /Thinkphp/thinkphp3.2.3/Publick/css/font-awesome.min.css
INFO: [ app_init ] --START--
INFO: Run Behavior\BuildLiteBehavior [ RunTime:0.000028s ]
INFO: [ app_init ] --END-- [ RunTime:0.000644s ]
ERR: 无法加载模块:Publick

[ 2016-08-22T21:25:28+08:00 ] 127.0.0.1 /Thinkphp/thinkphp3.2.3/Publick/css/bootstrap.min.css
INFO: [ app_init ] --START--
INFO: Run Behavior\BuildLiteBehavior [ RunTime:0.000040s ]
INFO: [ app_init ] --END-- [ RunTime:0.000476s ]
ERR: 无法加载模块:Publick

[ 2016-08-22T21:25:28+08:00 ] 127.0.0.1 /Thinkphp/thinkphp3.2.3/Publick/css/font-awesome.min.css
INFO: [ app_init ] --START--
INFO: Run Behavior\BuildLiteBehavior [ RunTime:0.000038s ]
INFO: [ app_init ] --END-- [ RunTime:0.000817s ]
ERR: 无法加载模块:Publick

[ 2016-08-22T21:25:28+08:00 ] 127.0.0.1 /Thinkphp/thinkphp3.2.3/Publick/css/font-awesome.min.css
INFO: [ app_init ] --START--
INFO: Run Behavior\BuildLiteBehavior [ RunTime:0.000074s ]
INFO: [ app_init ] --END-- [ RunTime:0.001038s ]
ERR: 无法加载模块:Publick

[ 2016-08-22T21:25:28+08:00 ] 127.0.0.1 /Thinkphp/thinkphp3.2.3/Publick/css/bootstrap.min.css
INFO: [ app_init ] --START--
INFO: Run Behavior\BuildLiteBehavior [ RunTime:0.000176s ]
INFO: [ app_init ] --END-- [ RunTime:0.001895s ]
ERR: 无法加载模块:Publick

[ 2016-08-22T21:25:28+08:00 ] 127.0.0.1 /Thinkphp/thinkphp3.2.3/Publick/css/bootstrap.min.css
INFO: [ app_init ] --START--
INFO: Run Behavior\BuildLiteBehavior [ RunTime:0.000045s ]
INFO: [ app_init ] --END-- [ RunTime:0.000760s ]
ERR: 无法加载模块:Publick

[ 2016-08-22T21:25:28+08:00 ] 127.0.0.1 /Thinkphp/thinkphp3.2.3/Publick/css/font-awesome.min.css
INFO: [ app_init ] --START--
INFO: Run Behavior\BuildLiteBehavior [ RunTime:0.000042s ]
INFO: [ app_init ] --END-- [ RunTime:0.000802s ]
ERR: 无法加载模块:Publick

[ 2016-08-22T21:25:28+08:00 ] 127.0.0.1 /Thinkphp/thinkphp3.2.3/Publick/css/bootstrap.min.css
INFO: [ app_init ] --START--
INFO: Run Behavior\BuildLiteBehavior [ RunTime:0.000047s ]
INFO: [ app_init ] --END-- [ RunTime:0.000751s ]
ERR: 无法加载模块:Publick

[ 2016-08-22T21:25:28+08:00 ] 127.0.0.1 /Thinkphp/thinkphp3.2.3/Publick/css/font-awesome.min.css
INFO: [ app_init ] --START--
INFO: Run Behavior\BuildLiteBehavior [ RunTime:0.000047s ]
INFO: [ app_init ] --END-- [ RunTime:0.000820s ]
ERR: 无法加载模块:Publick

[ 2016-08-22T21:25:28+08:00 ] 127.0.0.1 /Thinkphp/thinkphp3.2.3/Publick/css/bootstrap.min.css
INFO: [ app_init ] --START--
INFO: Run Behavior\BuildLiteBehavior [ RunTime:0.000037s ]
INFO: [ app_init ] --END-- [ RunTime:0.000708s ]
ERR: 无法加载模块:Publick

[ 2016-08-22T21:25:28+08:00 ] 127.0.0.1 /Thinkphp/thinkphp3.2.3/Publick/css/font-awesome.min.css
INFO: [ app_init ] --START--
INFO: Run Behavior\BuildLiteBehavior [ RunTime:0.000043s ]
INFO: [ app_init ] --END-- [ RunTime:0.000777s ]
ERR: 无法加载模块:Publick

[ 2016-08-22T21:25:29+08:00 ] 127.0.0.1 /Thinkphp/thinkphp3.2.3/Publick/css/font-awesome.min.css
INFO: [ app_init ] --START--
INFO: Run Behavior\BuildLiteBehavior [ RunTime:0.000027s ]
INFO: [ app_init ] --END-- [ RunTime:0.000475s ]
ERR: 无法加载模块:Publick

[ 2016-08-22T21:25:29+08:00 ] 127.0.0.1 /Thinkphp/thinkphp3.2.3/Publick/css/bootstrap.min.css
INFO: [ app_init ] --START--
INFO: Run Behavior\BuildLiteBehavior [ RunTime:0.000083s ]
INFO: [ app_init ] --END-- [ RunTime:0.000833s ]
ERR: 无法加载模块:Publick

[ 2016-08-22T21:25:29+08:00 ] 127.0.0.1 /Thinkphp/thinkphp3.2.3/Publick/css/bootstrap.min.css
INFO: [ app_init ] --START--
INFO: Run Behavior\BuildLiteBehavior [ RunTime:0.000047s ]
INFO: [ app_init ] --END-- [ RunTime:0.000980s ]
ERR: 无法加载模块:Publick

[ 2016-08-22T21:25:29+08:00 ] 127.0.0.1 /Thinkphp/thinkphp3.2.3/Publick/css/font-awesome.min.css
INFO: [ app_init ] --START--
INFO: Run Behavior\BuildLiteBehavior [ RunTime:0.000048s ]
INFO: [ app_init ] --END-- [ RunTime:0.000924s ]
ERR: 无法加载模块:Publick

[ 2016-08-22T21:25:29+08:00 ] 127.0.0.1 /Thinkphp/thinkphp3.2.3/Publick/css/bootstrap.min.css
INFO: [ app_init ] --START--
INFO: Run Behavior\BuildLiteBehavior [ RunTime:0.000046s ]
INFO: [ app_init ] --END-- [ RunTime:0.000825s ]
ERR: 无法加载模块:Publick

[ 2016-08-22T21:25:29+08:00 ] 127.0.0.1 /Thinkphp/thinkphp3.2.3/Publick/css/font-awesome.min.css
INFO: [ app_init ] --START--
INFO: Run Behavior\BuildLiteBehavior [ RunTime:0.000044s ]
INFO: [ app_init ] --END-- [ RunTime:0.000945s ]
ERR: 无法加载模块:Publick

[ 2016-08-22T21:25:29+08:00 ] 127.0.0.1 /Thinkphp/thinkphp3.2.3/Publick/css/bootstrap.min.css
INFO: [ app_init ] --START--
INFO: Run Behavior\BuildLiteBehavior [ RunTime:0.000047s ]
INFO: [ app_init ] --END-- [ RunTime:0.000779s ]
ERR: 无法加载模块:Publick

[ 2016-08-22T21:25:29+08:00 ] 127.0.0.1 /Thinkphp/thinkphp3.2.3/Publick/css/font-awesome.min.css
INFO: [ app_init ] --START--
INFO: Run Behavior\BuildLiteBehavior [ RunTime:0.000051s ]
INFO: [ app_init ] --END-- [ RunTime:0.001211s ]
ERR: 无法加载模块:Publick

[ 2016-08-22T21:26:17+08:00 ] 127.0.0.1 /Thinkphp/thinkphp3.2.3/Publick/css/bootstrap.min.css
INFO: [ app_init ] --START--
INFO: Run Behavior\BuildLiteBehavior [ RunTime:0.000027s ]
INFO: [ app_init ] --END-- [ RunTime:0.000465s ]
ERR: 无法加载模块:Publick

[ 2016-08-22T21:26:17+08:00 ] 127.0.0.1 /Thinkphp/thinkphp3.2.3/Publick/css/font-awesome.min.css
INFO: [ app_init ] --START--
INFO: Run Behavior\BuildLiteBehavior [ RunTime:0.000045s ]
INFO: [ app_init ] --END-- [ RunTime:0.000942s ]
ERR: 无法加载模块:Publick

[ 2016-08-22T21:26:45+08:00 ] 127.0.0.1 /Thinkphp/thinkphp3.2.3/Public/css/bootstrap.min.css.map
INFO: [ app_init ] --START--
INFO: Run Behavior\BuildLiteBehavior [ RunTime:0.000027s ]
INFO: [ app_init ] --END-- [ RunTime:0.000623s ]
ERR: 无法加载模块:Public

[ 2016-08-22T21:28:56+08:00 ] 127.0.0.1 /Thinkphp/thinkphp3.2.3/Public/css/bootstrap.min.css.map
INFO: [ app_init ] --START--
INFO: Run Behavior\BuildLiteBehavior [ RunTime:0.000025s ]
INFO: [ app_init ] --END-- [ RunTime:0.000502s ]
ERR: 无法加载模块:Public

[ 2016-08-22T21:28:58+08:00 ] 127.0.0.1 /Thinkphp/thinkphp3.2.3/Public/css/bootstrap.min.css.map
INFO: [ app_init ] --START--
INFO: Run Behavior\BuildLiteBehavior [ RunTime:0.000184s ]
INFO: [ app_init ] --END-- [ RunTime:0.002081s ]
ERR: 无法加载模块:Public

[ 2016-08-22T21:28:59+08:00 ] 127.0.0.1 /Thinkphp/thinkphp3.2.3/Public/css/bootstrap.min.css.map
INFO: [ app_init ] --START--
INFO: Run Behavior\BuildLiteBehavior [ RunTime:0.000052s ]
INFO: [ app_init ] --END-- [ RunTime:0.000886s ]
ERR: 无法加载模块:Public

[ 2016-08-22T21:29:00+08:00 ] 127.0.0.1 /Thinkphp/thinkphp3.2.3/Public/css/bootstrap.min.css.map
INFO: [ app_init ] --START--
INFO: Run Behavior\BuildLiteBehavior [ RunTime:0.000028s ]
INFO: [ app_init ] --END-- [ RunTime:0.000621s ]
ERR: 无法加载模块:Public

[ 2016-08-22T21:29:34+08:00 ] 127.0.0.1 /Thinkphp/thinkphp3.2.3/Public/css/bootstrap.min.css.map
INFO: [ app_init ] --START--
INFO: Run Behavior\BuildLiteBehavior [ RunTime:0.000030s ]
INFO: [ app_init ] --END-- [ RunTime:0.000847s ]
ERR: 无法加载模块:Public

[ 2016-08-22T21:31:44+08:00 ] 127.0.0.1 /Thinkphp/thinkphp3.2.3/Public/css/bootstrap.min.css.map
INFO: [ app_init ] --START--
INFO: Run Behavior\BuildLiteBehavior [ RunTime:0.000029s ]
INFO: [ app_init ] --END-- [ RunTime:0.000726s ]
ERR: 无法加载模块:Public

[ 2016-08-22T21:31:44+08:00 ] 127.0.0.1 /Thinkphp/thinkphp3.2.3/Public/css/bootstrap.min.css.map
INFO: [ app_init ] --START--
INFO: Run Behavior\BuildLiteBehavior [ RunTime:0.000026s ]
INFO: [ app_init ] --END-- [ RunTime:0.000522s ]
ERR: 无法加载模块:Public

[ 2016-08-22T21:32:00+08:00 ] 127.0.0.1 /Thinkphp/thinkphp3.2.3/Public/css/bootstrap.min.css.map
INFO: [ app_init ] --START--
INFO: Run Behavior\BuildLiteBehavior [ RunTime:0.000165s ]
INFO: [ app_init ] --END-- [ RunTime:0.002279s ]
ERR: 无法加载模块:Public

[ 2016-08-22T21:32:53+08:00 ] 127.0.0.1 /Thinkphp/thinkphp3.2.3/Public/css/bootstrap.min.css.map
INFO: [ app_init ] --START--
INFO: Run Behavior\BuildLiteBehavior [ RunTime:0.000026s ]
INFO: [ app_init ] --END-- [ RunTime:0.000604s ]
ERR: 无法加载模块:Public

[ 2016-08-22T21:33:30+08:00 ] 127.0.0.1 /Thinkphp/thinkphp3.2.3/Public/css/bootstrap.min.css.map
INFO: [ app_init ] --START--
INFO: Run Behavior\BuildLiteBehavior [ RunTime:0.000026s ]
INFO: [ app_init ] --END-- [ RunTime:0.000462s ]
ERR: 无法加载模块:Public

[ 2016-08-22T21:33:51+08:00 ] 127.0.0.1 /Thinkphp/thinkphp3.2.3/Public/css/bootstrap.min.css.map
INFO: [ app_init ] --START--
INFO: Run Behavior\BuildLiteBehavior [ RunTime:0.000029s ]
INFO: [ app_init ] --END-- [ RunTime:0.000809s ]
ERR: 无法加载模块:Public

[ 2016-08-22T21:34:06+08:00 ] 127.0.0.1 /Thinkphp/thinkphp3.2.3/Public/css/bootstrap.min.css.map
INFO: [ app_init ] --START--
INFO: Run Behavior\BuildLiteBehavior [ RunTime:0.000026s ]
INFO: [ app_init ] --END-- [ RunTime:0.000510s ]
ERR: 无法加载模块:Public

[ 2016-08-22T21:34:41+08:00 ] 127.0.0.1 /Thinkphp/thinkphp3.2.3/Public/css/bootstrap.min.css.map
INFO: [ app_init ] --START--
INFO: Run Behavior\BuildLiteBehavior [ RunTime:0.000076s ]
INFO: [ app_init ] --END-- [ RunTime:0.000802s ]
ERR: 无法加载模块:Public

[ 2016-08-22T21:40:43+08:00 ] 127.0.0.1 /Thinkphp/thinkphp3.2.3/Public/css/bootstrap.min.css.map
INFO: [ app_init ] --START--
INFO: Run Behavior\BuildLiteBehavior [ RunTime:0.000035s ]
INFO: [ app_init ] --END-- [ RunTime:0.000724s ]
ERR: 无法加载模块:Public

[ 2016-08-22T21:44:24+08:00 ] 127.0.0.1 /Thinkphp/thinkphp3.2.3/Public/admin/css/h-ui/css/H-ui.min.css
INFO: [ app_init ] --START--
INFO: Run Behavior\BuildLiteBehavior [ RunTime:0.000029s ]
INFO: [ app_init ] --END-- [ RunTime:0.000862s ]
ERR: 无法加载模块:Public

[ 2016-08-22T21:44:24+08:00 ] 127.0.0.1 /Thinkphp/thinkphp3.2.3/Public/admin/css/h-ui.admin/css/H-ui.admin.css
INFO: [ app_init ] --START--
INFO: Run Behavior\BuildLiteBehavior [ RunTime:0.000045s ]
INFO: [ app_init ] --END-- [ RunTime:0.001161s ]
ERR: 无法加载模块:Public

[ 2016-08-22T21:44:24+08:00 ] 127.0.0.1 /Thinkphp/thinkphp3.2.3/Public/css/bootstrap.min.css.map
INFO: [ app_init ] --START--
INFO: Run Behavior\BuildLiteBehavior [ RunTime:0.000066s ]
INFO: [ app_init ] --END-- [ RunTime:0.000961s ]
ERR: 无法加载模块:Public

[ 2016-08-22T21:45:13+08:00 ] 127.0.0.1 /Thinkphp/thinkphp3.2.3/Public/admin/css/H-ui.admin.css
INFO: [ app_init ] --START--
INFO: Run Behavior\BuildLiteBehavior [ RunTime:0.000112s ]
INFO: [ app_init ] --END-- [ RunTime:0.001584s ]
ERR: 无法加载模块:Public

[ 2016-08-22T21:45:13+08:00 ] 127.0.0.1 /Thinkphp/thinkphp3.2.3/Public/css/bootstrap.min.css.map
INFO: [ app_init ] --START--
INFO: Run Behavior\BuildLiteBehavior [ RunTime:0.000047s ]
INFO: [ app_init ] --END-- [ RunTime:0.001096s ]
ERR: 无法加载模块:Public

[ 2016-08-22T21:46:06+08:00 ] 127.0.0.1 /Thinkphp/thinkphp3.2.3/Public/css/bootstrap.min.css.map
INFO: [ app_init ] --START--
INFO: Run Behavior\BuildLiteBehavior [ RunTime:0.000024s ]
INFO: [ app_init ] --END-- [ RunTime:0.000452s ]
ERR: 无法加载模块:Public

[ 2016-08-22T21:46:19+08:00 ] 127.0.0.1 /Thinkphp/thinkphp3.2.3/Public/css/bootstrap.min.css.map
INFO: [ app_init ] --START--
INFO: Run Behavior\BuildLiteBehavior [ RunTime:0.000044s ]
INFO: [ app_init ] --END-- [ RunTime:0.000790s ]
ERR: 无法加载模块:Public

[ 2016-08-22T21:46:25+08:00 ] 127.0.0.1 /Thinkphp/thinkphp3.2.3/Public/css/bootstrap.min.css.map
INFO: [ app_init ] --START--
INFO: Run Behavior\BuildLiteBehavior [ RunTime:0.000028s ]
INFO: [ app_init ] --END-- [ RunTime:0.000751s ]
ERR: 无法加载模块:Public

[ 2016-08-22T21:46:32+08:00 ] 127.0.0.1 /Thinkphp/thinkphp3.2.3/Public/css/bootstrap.min.css.map
INFO: [ app_init ] --START--
INFO: Run Behavior\BuildLiteBehavior [ RunTime:0.000044s ]
INFO: [ app_init ] --END-- [ RunTime:0.000842s ]
ERR: 无法加载模块:Public

[ 2016-08-22T21:46:33+08:00 ] 127.0.0.1 /Thinkphp/thinkphp3.2.3/Public/css/bootstrap.min.css.map
INFO: [ app_init ] --START--
INFO: Run Behavior\BuildLiteBehavior [ RunTime:0.000043s ]
INFO: [ app_init ] --END-- [ RunTime:0.000802s ]
ERR: 无法加载模块:Public

[ 2016-08-22T21:46:33+08:00 ] 127.0.0.1 /Thinkphp/thinkphp3.2.3/Public/css/bootstrap.min.css.map
INFO: [ app_init ] --START--
INFO: Run Behavior\BuildLiteBehavior [ RunTime:0.000065s ]
INFO: [ app_init ] --END-- [ RunTime:0.000686s ]
ERR: 无法加载模块:Public

[ 2016-08-22T21:46:34+08:00 ] 127.0.0.1 /Thinkphp/thinkphp3.2.3/Public/css/bootstrap.min.css.map
INFO: [ app_init ] --START--
INFO: Run Behavior\BuildLiteBehavior [ RunTime:0.000045s ]
INFO: [ app_init ] --END-- [ RunTime:0.000699s ]
ERR: 无法加载模块:Public

[ 2016-08-22T21:48:13+08:00 ] 127.0.0.1 /Thinkphp/thinkphp3.2.3/Public/admin/css/style.css
INFO: [ app_init ] --START--
INFO: Run Behavior\BuildLiteBehavior [ RunTime:0.000025s ]
INFO: [ app_init ] --END-- [ RunTime:0.000500s ]
ERR: 无法加载模块:Public

[ 2016-08-22T21:48:13+08:00 ] 127.0.0.1 /Thinkphp/thinkphp3.2.3/Public/css/bootstrap.min.css.map
INFO: [ app_init ] --START--
INFO: Run Behavior\BuildLiteBehavior [ RunTime:0.000043s ]
INFO: [ app_init ] --END-- [ RunTime:0.000761s ]
ERR: 无法加载模块:Public

[ 2016-08-22T21:49:50+08:00 ] 127.0.0.1 /Thinkphp/thinkphp3.2.3/Public/admin/css/style.css
INFO: [ app_init ] --START--
INFO: Run Behavior\BuildLiteBehavior [ RunTime:0.000029s ]
INFO: [ app_init ] --END-- [ RunTime:0.000647s ]
ERR: 无法加载模块:Public

[ 2016-08-22T21:49:50+08:00 ] 127.0.0.1 /Thinkphp/thinkphp3.2.3/Public/css/bootstrap.min.css.map
INFO: [ app_init ] --START--
INFO: Run Behavior\BuildLiteBehavior [ RunTime:0.000027s ]
INFO: [ app_init ] --END-- [ RunTime:0.000492s ]
ERR: 无法加载模块:Public

[ 2016-08-22T21:50:01+08:00 ] 127.0.0.1 /Thinkphp/thinkphp3.2.3/Public/css/bootstrap.min.css.map
INFO: [ app_init ] --START--
INFO: Run Behavior\BuildLiteBehavior [ RunTime:0.000026s ]
INFO: [ app_init ] --END-- [ RunTime:0.000533s ]
ERR: 无法加载模块:Public

[ 2016-08-22T21:51:15+08:00 ] 127.0.0.1 /Thinkphp/thinkphp3.2.3/Public/css/bootstrap.min.css.map
INFO: [ app_init ] --START--
INFO: Run Behavior\BuildLiteBehavior [ RunTime:0.000025s ]
INFO: [ app_init ] --END-- [ RunTime:0.000588s ]
ERR: 无法加载模块:Public

[ 2016-08-22T21:51:16+08:00 ] 127.0.0.1 /Thinkphp/thinkphp3.2.3/Public/css/bootstrap.min.css.map
INFO: [ app_init ] --START--
INFO: Run Behavior\BuildLiteBehavior [ RunTime:0.000025s ]
INFO: [ app_init ] --END-- [ RunTime:0.000460s ]
ERR: 无法加载模块:Public

[ 2016-08-22T21:51:16+08:00 ] 127.0.0.1 /Thinkphp/thinkphp3.2.3/Public/css/bootstrap.min.css.map
INFO: [ app_init ] --START--
INFO: Run Behavior\BuildLiteBehavior [ RunTime:0.000041s ]
INFO: [ app_init ] --END-- [ RunTime:0.000662s ]
ERR: 无法加载模块:Public

[ 2016-08-22T21:51:16+08:00 ] 127.0.0.1 /Thinkphp/thinkphp3.2.3/Public/css/bootstrap.min.css.map
INFO: [ app_init ] --START--
INFO: Run Behavior\BuildLiteBehavior [ RunTime:0.000025s ]
INFO: [ app_init ] --END-- [ RunTime:0.000461s ]
ERR: 无法加载模块:Public

[ 2016-08-22T21:51:17+08:00 ] 127.0.0.1 /Thinkphp/thinkphp3.2.3/Public/css/bootstrap.min.css.map
INFO: [ app_init ] --START--
INFO: Run Behavior\BuildLiteBehavior [ RunTime:0.000089s ]
INFO: [ app_init ] --END-- [ RunTime:0.000834s ]
ERR: 无法加载模块:Public

[ 2016-08-22T21:51:17+08:00 ] 127.0.0.1 /Thinkphp/thinkphp3.2.3/Public/css/bootstrap.min.css.map
INFO: [ app_init ] --START--
INFO: Run Behavior\BuildLiteBehavior [ RunTime:0.000025s ]
INFO: [ app_init ] --END-- [ RunTime:0.000497s ]
ERR: 无法加载模块:Public

[ 2016-08-22T21:51:17+08:00 ] 127.0.0.1 /Thinkphp/thinkphp3.2.3/Public/css/bootstrap.min.css.map
INFO: [ app_init ] --START--
INFO: Run Behavior\BuildLiteBehavior [ RunTime:0.000027s ]
INFO: [ app_init ] --END-- [ RunTime:0.000485s ]
ERR: 无法加载模块:Public

[ 2016-08-22T21:51:43+08:00 ] 127.0.0.1 /Thinkphp/thinkphp3.2.3/Public/css/bootstrap.min.css.map
INFO: [ app_init ] --START--
INFO: Run Behavior\BuildLiteBehavior [ RunTime:0.000026s ]
INFO: [ app_init ] --END-- [ RunTime:0.000543s ]
ERR: 无法加载模块:Public

[ 2016-08-22T21:51:45+08:00 ] 127.0.0.1 /Thinkphp/thinkphp3.2.3/Public/css/bootstrap.min.css.map
INFO: [ app_init ] --START--
INFO: Run Behavior\BuildLiteBehavior [ RunTime:0.000049s ]
INFO: [ app_init ] --END-- [ RunTime:0.001061s ]
ERR: 无法加载模块:Public

[ 2016-08-22T21:52:45+08:00 ] 127.0.0.1 /Thinkphp/thinkphp3.2.3/Public/css/bootstrap.min.css.map
INFO: [ app_init ] --START--
INFO: Run Behavior\BuildLiteBehavior [ RunTime:0.000026s ]
INFO: [ app_init ] --END-- [ RunTime:0.000502s ]
ERR: 无法加载模块:Public

[ 2016-08-22T21:53:00+08:00 ] 127.0.0.1 /Thinkphp/thinkphp3.2.3/Public/css/bootstrap.min.css.map
INFO: [ app_init ] --START--
INFO: Run Behavior\BuildLiteBehavior [ RunTime:0.000027s ]
INFO: [ app_init ] --END-- [ RunTime:0.000479s ]
ERR: 无法加载模块:Public

[ 2016-08-22T21:53:01+08:00 ] 127.0.0.1 /Thinkphp/thinkphp3.2.3/Public/css/bootstrap.min.css.map
INFO: [ app_init ] --START--
INFO: Run Behavior\BuildLiteBehavior [ RunTime:0.000029s ]
INFO: [ app_init ] --END-- [ RunTime:0.000739s ]
ERR: 无法加载模块:Public

[ 2016-08-22T21:53:02+08:00 ] 127.0.0.1 /Thinkphp/thinkphp3.2.3/Public/css/bootstrap.min.css.map
INFO: [ app_init ] --START--
INFO: Run Behavior\BuildLiteBehavior [ RunTime:0.000041s ]
INFO: [ app_init ] --END-- [ RunTime:0.000946s ]
ERR: 无法加载模块:Public

[ 2016-08-22T21:54:06+08:00 ] 127.0.0.1 /Thinkphp/thinkphp3.2.3/Public/css/bootstrap.min.css.map
INFO: [ app_init ] --START--
INFO: Run Behavior\BuildLiteBehavior [ RunTime:0.000047s ]
INFO: [ app_init ] --END-- [ RunTime:0.000841s ]
ERR: 无法加载模块:Public

[ 2016-08-22T21:54:07+08:00 ] 127.0.0.1 /Thinkphp/thinkphp3.2.3/Public/css/bootstrap.min.css.map
INFO: [ app_init ] --START--
INFO: Run Behavior\BuildLiteBehavior [ RunTime:0.000040s ]
INFO: [ app_init ] --END-- [ RunTime:0.000807s ]
ERR: 无法加载模块:Public

[ 2016-08-22T21:54:20+08:00 ] 127.0.0.1 /Thinkphp/thinkphp3.2.3/Public/css/bootstrap.min.css.map
INFO: [ app_init ] --START--
INFO: Run Behavior\BuildLiteBehavior [ RunTime:0.000058s ]
INFO: [ app_init ] --END-- [ RunTime:0.001135s ]
ERR: 无法加载模块:Public

[ 2016-08-22T21:55:33+08:00 ] 127.0.0.1 /Thinkphp/thinkphp3.2.3/Public/css/bootstrap.min.css.map
INFO: [ app_init ] --START--
INFO: Run Behavior\BuildLiteBehavior [ RunTime:0.000042s ]
INFO: [ app_init ] --END-- [ RunTime:0.000875s ]
ERR: 无法加载模块:Public

[ 2016-08-22T21:55:56+08:00 ] 127.0.0.1 /Thinkphp/thinkphp3.2.3/Public/css/bootstrap.min.css.map
INFO: [ app_init ] --START--
INFO: Run Behavior\BuildLiteBehavior [ RunTime:0.000040s ]
INFO: [ app_init ] --END-- [ RunTime:0.000781s ]
ERR: 无法加载模块:Public

[ 2016-08-22T21:56:06+08:00 ] 127.0.0.1 /Thinkphp/thinkphp3.2.3/Public/css/bootstrap.min.css.map
INFO: [ app_init ] --START--
INFO: Run Behavior\BuildLiteBehavior [ RunTime:0.000042s ]
INFO: [ app_init ] --END-- [ RunTime:0.000762s ]
ERR: 无法加载模块:Public

[ 2016-08-22T21:58:02+08:00 ] 127.0.0.1 /Thinkphp/thinkphp3.2.3/Public/css/bootstrap.min.css.map
INFO: [ app_init ] --START--
INFO: Run Behavior\BuildLiteBehavior [ RunTime:0.000047s ]
INFO: [ app_init ] --END-- [ RunTime:0.000871s ]
ERR: 无法加载模块:Public

[ 2016-08-22T22:04:56+08:00 ] 127.0.0.1 /Thinkphp/thinkphp3.2.3/Public/css/bootstrap.min.css.map
INFO: [ app_init ] --START--
INFO: Run Behavior\BuildLiteBehavior [ RunTime:0.000030s ]
INFO: [ app_init ] --END-- [ RunTime:0.000543s ]
ERR: 无法加载模块:Public

[ 2016-08-22T22:04:59+08:00 ] 127.0.0.1 /Thinkphp/thinkphp3.2.3/Public/css/bootstrap.min.css.map
INFO: [ app_init ] --START--
INFO: Run Behavior\BuildLiteBehavior [ RunTime:0.000026s ]
INFO: [ app_init ] --END-- [ RunTime:0.000538s ]
ERR: 无法加载模块:Public

[ 2016-08-22T22:08:18+08:00 ] 127.0.0.1 /Thinkphp/thinkphp3.2.3/icofont/1.0.7/iconfont.css
INFO: [ app_init ] --START--
INFO: Run Behavior\BuildLiteBehavior [ RunTime:0.000044s ]
INFO: [ app_init ] --END-- [ RunTime:0.000787s ]
ERR: 无法加载模块:Icofont

[ 2016-08-22T22:08:18+08:00 ] 127.0.0.1 /Thinkphp/thinkphp3.2.3/static/h-ui.admin/skin/default/skin.css
INFO: [ app_init ] --START--
INFO: Run Behavior\BuildLiteBehavior [ RunTime:0.000047s ]
INFO: [ app_init ] --END-- [ RunTime:0.000831s ]
ERR: 无法加载模块:Static

[ 2016-08-22T22:08:18+08:00 ] 127.0.0.1 /Thinkphp/thinkphp3.2.3/static/h-ui/css/H-ui.min.css
INFO: [ app_init ] --START--
INFO: Run Behavior\BuildLiteBehavior [ RunTime:0.000048s ]
INFO: [ app_init ] --END-- [ RunTime:0.000773s ]
ERR: 无法加载模块:Static

[ 2016-08-22T22:08:18+08:00 ] 127.0.0.1 /Thinkphp/thinkphp3.2.3/static/h-ui.admin/css/H-ui.admin.css
INFO: [ app_init ] --START--
INFO: Run Behavior\BuildLiteBehavior [ RunTime:0.000041s ]
INFO: [ app_init ] --END-- [ RunTime:0.000948s ]
ERR: 无法加载模块:Static

[ 2016-08-22T22:09:11+08:00 ] 127.0.0.1 /Thinkphp/thinkphp3.2.3/static/h-ui.admin/skin/default/skin.css
INFO: [ app_init ] --START--
INFO: Run Behavior\BuildLiteBehavior [ RunTime:0.000030s ]
INFO: [ app_init ] --END-- [ RunTime:0.000494s ]
ERR: 无法加载模块:Static

[ 2016-08-22T22:09:11+08:00 ] 127.0.0.1 /Thinkphp/thinkphp3.2.3/static/h-ui.admin/css/H-ui.admin.css
INFO: [ app_init ] --START--
INFO: Run Behavior\BuildLiteBehavior [ RunTime:0.000058s ]
INFO: [ app_init ] --END-- [ RunTime:0.000913s ]
ERR: 无法加载模块:Static

[ 2016-08-22T22:10:09+08:00 ] 127.0.0.1 /Thinkphp/thinkphp3.2.3/static/h-ui.admin/skin/default/skin.css
INFO: [ app_init ] --START--
INFO: Run Behavior\BuildLiteBehavior [ RunTime:0.000035s ]
INFO: [ app_init ] --END-- [ RunTime:0.000628s ]
ERR: 无法加载模块:Static

[ 2016-08-22T22:15:52+08:00 ] 127.0.0.1 /Thinkphp/thinkphp3.2.3/JS/jquery-1.11.3.min.js
INFO: [ app_init ] --START--
INFO: Run Behavior\BuildLiteBehavior [ RunTime:0.000045s ]
INFO: [ app_init ] --END-- [ RunTime:0.000725s ]
ERR: 无法加载模块:JS

[ 2016-08-22T22:15:52+08:00 ] 127.0.0.1 /Thinkphp/thinkphp3.2.3/static/h-ui.admin/js/H-ui.admin.js
INFO: [ app_init ] --START--
INFO: Run Behavior\BuildLiteBehavior [ RunTime:0.000048s ]
INFO: [ app_init ] --END-- [ RunTime:0.000940s ]
ERR: 无法加载模块:Static

[ 2016-08-22T22:15:52+08:00 ] 127.0.0.1 /Thinkphp/thinkphp3.2.3/static/h-ui/js/H-ui.js
INFO: [ app_init ] --START--
INFO: Run Behavior\BuildLiteBehavior [ RunTime:0.000046s ]
INFO: [ app_init ] --END-- [ RunTime:0.000828s ]
ERR: 无法加载模块:Static

[ 2016-08-22T22:15:52+08:00 ] 127.0.0.1 /Thinkphp/thinkphp3.2.3/Public/admin/images/loading.gif
INFO: [ app_init ] --START--
INFO: Run Behavior\BuildLiteBehavior [ RunTime:0.000048s ]
INFO: [ app_init ] --END-- [ RunTime:0.000909s ]
ERR: 无法加载模块:Public

[ 2016-08-22T22:15:52+08:00 ] 127.0.0.1 /Thinkphp/thinkphp3.2.3/Public/admin/images/acrossTab/acrossTab-2.png
INFO: [ app_init ] --START--
INFO: Run Behavior\BuildLiteBehavior [ RunTime:0.000029s ]
INFO: [ app_init ] --END-- [ RunTime:0.001136s ]
ERR: 无法加载模块:Public

[ 2016-08-22T22:15:52+08:00 ] 127.0.0.1 /Thinkphp/thinkphp3.2.3/welcome.html
INFO: [ app_init ] --START--
INFO: Run Behavior\BuildLiteBehavior [ RunTime:0.000030s ]
INFO: [ app_init ] --END-- [ RunTime:0.000915s ]
ERR: 无法加载模块:Welcome

[ 2016-08-22T22:16:23+08:00 ] 127.0.0.1 /Thinkphp/thinkphp3.2.3/static/h-ui.admin/js/H-ui.admin.js
INFO: [ app_init ] --START--
INFO: Run Behavior\BuildLiteBehavior [ RunTime:0.000046s ]
INFO: [ app_init ] --END-- [ RunTime:0.000918s ]
ERR: 无法加载模块:Static

[ 2016-08-22T22:16:23+08:00 ] 127.0.0.1 /Thinkphp/thinkphp3.2.3/welcome.html
INFO: [ app_init ] --START--
INFO: Run Behavior\BuildLiteBehavior [ RunTime:0.000028s ]
INFO: [ app_init ] --END-- [ RunTime:0.000496s ]
ERR: 无法加载模块:Welcome

[ 2016-08-22T22:16:23+08:00 ] 127.0.0.1 /Thinkphp/thinkphp3.2.3/static/h-ui/js/H-ui.js
INFO: [ app_init ] --START--
INFO: Run Behavior\BuildLiteBehavior [ RunTime:0.000043s ]
INFO: [ app_init ] --END-- [ RunTime:0.001221s ]
ERR: 无法加载模块:Static

[ 2016-08-22T22:16:23+08:00 ] 127.0.0.1 /Thinkphp/thinkphp3.2.3/Public/admin/images/loading.gif
INFO: [ app_init ] --START--
INFO: Run Behavior\BuildLiteBehavior [ RunTime:0.000045s ]
INFO: [ app_init ] --END-- [ RunTime:0.000734s ]
ERR: 无法加载模块:Public

[ 2016-08-22T22:16:23+08:00 ] 127.0.0.1 /Thinkphp/thinkphp3.2.3/Public/admin/images/acrossTab/acrossTab-2.png
INFO: [ app_init ] --START--
INFO: Run Behavior\BuildLiteBehavior [ RunTime:0.000327s ]
INFO: [ app_init ] --END-- [ RunTime:0.001479s ]
ERR: 无法加载模块:Public

[ 2016-08-22T22:16:37+08:00 ] 127.0.0.1 /Thinkphp/thinkphp3.2.3/static/h-ui/js/H-ui.js
INFO: [ app_init ] --START--
INFO: Run Behavior\BuildLiteBehavior [ RunTime:0.000045s ]
INFO: [ app_init ] --END-- [ RunTime:0.000778s ]
ERR: 无法加载模块:Static

[ 2016-08-22T22:16:37+08:00 ] 127.0.0.1 /Thinkphp/thinkphp3.2.3/static/h-ui.admin/js/H-ui.admin.js
INFO: [ app_init ] --START--
INFO: Run Behavior\BuildLiteBehavior [ RunTime:0.000050s ]
INFO: [ app_init ] --END-- [ RunTime:0.001164s ]
ERR: 无法加载模块:Static

[ 2016-08-22T22:16:37+08:00 ] 127.0.0.1 /Thinkphp/thinkphp3.2.3/welcome.html
INFO: [ app_init ] --START--
INFO: Run Behavior\BuildLiteBehavior [ RunTime:0.000068s ]
INFO: [ app_init ] --END-- [ RunTime:0.002188s ]
ERR: 无法加载模块:Welcome

[ 2016-08-22T22:16:37+08:00 ] 127.0.0.1 /Thinkphp/thinkphp3.2.3/Public/admin/images/acrossTab/acrossTab-2.png
INFO: [ app_init ] --START--
INFO: Run Behavior\BuildLiteBehavior [ RunTime:0.000066s ]
INFO: [ app_init ] --END-- [ RunTime:0.000785s ]
ERR: 无法加载模块:Public

[ 2016-08-22T22:16:37+08:00 ] 127.0.0.1 /Thinkphp/thinkphp3.2.3/Public/admin/images/loading.gif
INFO: [ app_init ] --START--
INFO: Run Behavior\BuildLiteBehavior [ RunTime:0.000047s ]
INFO: [ app_init ] --END-- [ RunTime:0.000865s ]
ERR: 无法加载模块:Public

[ 2016-08-22T22:18:37+08:00 ] 127.0.0.1 /Thinkphp/thinkphp3.2.3/s./Public/admin/js/H-ui.js
INFO: [ app_init ] --START--
INFO: Run Behavior\BuildLiteBehavior [ RunTime:0.000043s ]
INFO: [ app_init ] --END-- [ RunTime:0.000865s ]
ERR: 无法加载模块:S

[ 2016-08-22T22:18:37+08:00 ] 127.0.0.1 /Thinkphp/thinkphp3.2.3/welcome.html
INFO: [ app_init ] --START--
INFO: Run Behavior\BuildLiteBehavior [ RunTime:0.000029s ]
INFO: [ app_init ] --END-- [ RunTime:0.000595s ]
ERR: 无法加载模块:Welcome

[ 2016-08-22T22:18:37+08:00 ] 127.0.0.1 /Thinkphp/thinkphp3.2.3/Public/admin/images/loading.gif
INFO: [ app_init ] --START--
INFO: Run Behavior\BuildLiteBehavior [ RunTime:0.000051s ]
INFO: [ app_init ] --END-- [ RunTime:0.001118s ]
ERR: 无法加载模块:Public

[ 2016-08-22T22:18:37+08:00 ] 127.0.0.1 /Thinkphp/thinkphp3.2.3/Public/admin/images/acrossTab/acrossTab-2.png
INFO: [ app_init ] --START--
INFO: Run Behavior\BuildLiteBehavior [ RunTime:0.000047s ]
INFO: [ app_init ] --END-- [ RunTime:0.007750s ]
ERR: 无法加载模块:Public

[ 2016-08-22T22:19:10+08:00 ] 127.0.0.1 /Thinkphp/thinkphp3.2.3/welcome.html
INFO: [ app_init ] --START--
INFO: Run Behavior\BuildLiteBehavior [ RunTime:0.000043s ]
INFO: [ app_init ] --END-- [ RunTime:0.000704s ]
ERR: 无法加载模块:Welcome

[ 2016-08-22T22:19:10+08:00 ] 127.0.0.1 /Thinkphp/thinkphp3.2.3/skin/default/skin.css
INFO: [ app_init ] --START--
INFO: Run Behavior\BuildLiteBehavior [ RunTime:0.000043s ]
INFO: [ app_init ] --END-- [ RunTime:0.000721s ]
ERR: 无法加载模块:Skin

[ 2016-08-22T22:19:10+08:00 ] 127.0.0.1 /Thinkphp/thinkphp3.2.3/Public/admin/images/acrossTab/acrossTab-2.png
INFO: [ app_init ] --START--
INFO: Run Behavior\BuildLiteBehavior [ RunTime:0.000047s ]
INFO: [ app_init ] --END-- [ RunTime:0.001126s ]
ERR: 无法加载模块:Public

[ 2016-08-22T22:19:10+08:00 ] 127.0.0.1 /Thinkphp/thinkphp3.2.3/Public/admin/images/loading.gif
INFO: [ app_init ] --START--
INFO: Run Behavior\BuildLiteBehavior [ RunTime:0.000059s ]
INFO: [ app_init ] --END-- [ RunTime:0.001017s ]
ERR: 无法加载模块:Public

[ 2016-08-22T22:19:16+08:00 ] 127.0.0.1 /Thinkphp/thinkphp3.2.3/list.html
INFO: [ app_init ] --START--
INFO: Run Behavior\BuildLiteBehavior [ RunTime:0.000046s ]
INFO: [ app_init ] --END-- [ RunTime:0.000775s ]
ERR: 无法加载模块:List

[ 2016-08-22T22:19:16+08:00 ] 127.0.0.1 /Thinkphp/thinkphp3.2.3/Public/admin/images/acrossTab/acrossTab-close.png
INFO: [ app_init ] --START--
INFO: Run Behavior\BuildLiteBehavior [ RunTime:0.000038s ]
INFO: [ app_init ] --END-- [ RunTime:0.000766s ]
ERR: 无法加载模块:Public

[ 2016-08-22T22:19:16+08:00 ] 127.0.0.1 /Thinkphp/thinkphp3.2.3/welcome.html
INFO: [ app_init ] --START--
INFO: Run Behavior\BuildLiteBehavior [ RunTime:0.000030s ]
INFO: [ app_init ] --END-- [ RunTime:0.001452s ]
ERR: 无法加载模块:Welcome

[ 2016-08-22T22:19:16+08:00 ] 127.0.0.1 /Thinkphp/thinkphp3.2.3/Public/admin/images/acrossTab/acrossTab-2.png
INFO: [ app_init ] --START--
INFO: Run Behavior\BuildLiteBehavior [ RunTime:0.000047s ]
INFO: [ app_init ] --END-- [ RunTime:0.000747s ]
ERR: 无法加载模块:Public

[ 2016-08-22T22:19:16+08:00 ] 127.0.0.1 /Thinkphp/thinkphp3.2.3/Public/admin/images/loading.gif
INFO: [ app_init ] --START--
INFO: Run Behavior\BuildLiteBehavior [ RunTime:0.000030s ]
INFO: [ app_init ] --END-- [ RunTime:0.000597s ]
ERR: 无法加载模块:Public

[ 2016-08-22T22:19:16+08:00 ] 127.0.0.1 /Thinkphp/thinkphp3.2.3/skin/default/skin.css
INFO: [ app_init ] --START--
INFO: Run Behavior\BuildLiteBehavior [ RunTime:0.000026s ]
INFO: [ app_init ] --END-- [ RunTime:0.000515s ]
ERR: 无法加载模块:Skin

[ 2016-08-22T22:19:19+08:00 ] 127.0.0.1 /Thinkphp/thinkphp3.2.3/add.html
INFO: [ app_init ] --START--
INFO: Run Behavior\BuildLiteBehavior [ RunTime:0.000031s ]
INFO: [ app_init ] --END-- [ RunTime:0.000644s ]
ERR: 无法加载模块:Add

[ 2016-08-22T22:19:19+08:00 ] 127.0.0.1 /Thinkphp/thinkphp3.2.3/Public/admin/images/acrossTab/acrossTab-close.png
INFO: [ app_init ] --START--
INFO: Run Behavior\BuildLiteBehavior [ RunTime:0.000053s ]
INFO: [ app_init ] --END-- [ RunTime:0.001078s ]
ERR: 无法加载模块:Public

[ 2016-08-22T22:19:19+08:00 ] 127.0.0.1 /Thinkphp/thinkphp3.2.3/welcome.html
INFO: [ app_init ] --START--
INFO: Run Behavior\BuildLiteBehavior [ RunTime:0.000046s ]
INFO: [ app_init ] --END-- [ RunTime:0.000831s ]
ERR: 无法加载模块:Welcome

[ 2016-08-22T22:19:19+08:00 ] 127.0.0.1 /Thinkphp/thinkphp3.2.3/Public/admin/images/acrossTab/acrossTab-2.png
INFO: [ app_init ] --START--
INFO: Run Behavior\BuildLiteBehavior [ RunTime:0.000044s ]
INFO: [ app_init ] --END-- [ RunTime:0.000722s ]
ERR: 无法加载模块:Public

[ 2016-08-22T22:19:19+08:00 ] 127.0.0.1 /Thinkphp/thinkphp3.2.3/skin/default/skin.css
INFO: [ app_init ] --START--
INFO: Run Behavior\BuildLiteBehavior [ RunTime:0.000043s ]
INFO: [ app_init ] --END-- [ RunTime:0.000796s ]
ERR: 无法加载模块:Skin

[ 2016-08-22T22:19:19+08:00 ] 127.0.0.1 /Thinkphp/thinkphp3.2.3/Public/admin/images/loading.gif
INFO: [ app_init ] --START--
INFO: Run Behavior\BuildLiteBehavior [ RunTime:0.000052s ]
INFO: [ app_init ] --END-- [ RunTime:0.001169s ]
ERR: 无法加载模块:Public

[ 2016-08-22T22:19:51+08:00 ] 127.0.0.1 /Thinkphp/thinkphp3.2.3/welcome.html
INFO: [ app_init ] --START--
INFO: Run Behavior\BuildLiteBehavior [ RunTime:0.000048s ]
INFO: [ app_init ] --END-- [ RunTime:0.001161s ]
ERR: 无法加载模块:Welcome

[ 2016-08-22T22:19:51+08:00 ] 127.0.0.1 /Thinkphp/thinkphp3.2.3/Public/admin/images/loading.gif
INFO: [ app_init ] --START--
INFO: Run Behavior\BuildLiteBehavior [ RunTime:0.000028s ]
INFO: [ app_init ] --END-- [ RunTime:0.000529s ]
ERR: 无法加载模块:Public

[ 2016-08-22T22:19:51+08:00 ] 127.0.0.1 /Thinkphp/thinkphp3.2.3/skin/default/skin.css
INFO: [ app_init ] --START--
INFO: Run Behavior\BuildLiteBehavior [ RunTime:0.000031s ]
INFO: [ app_init ] --END-- [ RunTime:0.001186s ]
ERR: 无法加载模块:Skin

[ 2016-08-22T22:19:51+08:00 ] 127.0.0.1 /Thinkphp/thinkphp3.2.3/Public/admin/images/acrossTab/acrossTab-2.png
INFO: [ app_init ] --START--
INFO: Run Behavior\BuildLiteBehavior [ RunTime:0.000050s ]
INFO: [ app_init ] --END-- [ RunTime:0.001143s ]
ERR: 无法加载模块:Public

[ 2016-08-22T22:19:52+08:00 ] 127.0.0.1 /Thinkphp/thinkphp3.2.3/Public/admin/images/acrossTab/acrossTab-close.png
INFO: [ app_init ] --START--
INFO: Run Behavior\BuildLiteBehavior [ RunTime:0.000030s ]
INFO: [ app_init ] --END-- [ RunTime:0.000499s ]
ERR: 无法加载模块:Public

[ 2016-08-22T22:19:52+08:00 ] 127.0.0.1 /Thinkphp/thinkphp3.2.3/list.html
INFO: [ app_init ] --START--
INFO: Run Behavior\BuildLiteBehavior [ RunTime:0.000030s ]
INFO: [ app_init ] --END-- [ RunTime:0.000522s ]
ERR: 无法加载模块:List

[ 2016-08-22T22:19:53+08:00 ] 127.0.0.1 /Thinkphp/thinkphp3.2.3/add.html
INFO: [ app_init ] --START--
INFO: Run Behavior\BuildLiteBehavior [ RunTime:0.000032s ]
INFO: [ app_init ] --END-- [ RunTime:0.000982s ]
ERR: 无法加载模块:Add

[ 2016-08-22T22:19:55+08:00 ] 127.0.0.1 /Thinkphp/thinkphp3.2.3/cate-list.html
INFO: [ app_init ] --START--
INFO: Run Behavior\BuildLiteBehavior [ RunTime:0.000051s ]
INFO: [ app_init ] --END-- [ RunTime:0.001906s ]
ERR: 无法加载模块:Cate-list

[ 2016-08-22T22:19:56+08:00 ] 127.0.0.1 /Thinkphp/thinkphp3.2.3/cate-add.html
INFO: [ app_init ] --START--
INFO: Run Behavior\BuildLiteBehavior [ RunTime:0.000031s ]
INFO: [ app_init ] --END-- [ RunTime:0.000555s ]
ERR: 无法加载模块:Cate-add

[ 2016-08-22T22:19:58+08:00 ] 127.0.0.1 /Thinkphp/thinkphp3.2.3/brand-list.html
INFO: [ app_init ] --START--
INFO: Run Behavior\BuildLiteBehavior [ RunTime:0.000034s ]
INFO: [ app_init ] --END-- [ RunTime:0.001118s ]
ERR: 无法加载模块:Brand-list

[ 2016-08-22T22:19:58+08:00 ] 127.0.0.1 /Thinkphp/thinkphp3.2.3/brand-add.html
INFO: [ app_init ] --START--
INFO: Run Behavior\BuildLiteBehavior [ RunTime:0.000028s ]
INFO: [ app_init ] --END-- [ RunTime:0.000499s ]
ERR: 无法加载模块:Brand-add

[ 2016-08-22T22:20:01+08:00 ] 127.0.0.1 /Thinkphp/thinkphp3.2.3/goods-list.html
INFO: [ app_init ] --START--
INFO: Run Behavior\BuildLiteBehavior [ RunTime:0.000037s ]
INFO: [ app_init ] --END-- [ RunTime:0.000644s ]
ERR: 无法加载模块:Goods-list

[ 2016-08-22T22:20:02+08:00 ] 127.0.0.1 /Thinkphp/thinkphp3.2.3/goods-add.html
INFO: [ app_init ] --START--
INFO: Run Behavior\BuildLiteBehavior [ RunTime:0.000028s ]
INFO: [ app_init ] --END-- [ RunTime:0.000477s ]
ERR: 无法加载模块:Goods-add

[ 2016-08-22T22:20:07+08:00 ] 127.0.0.1 /Thinkphp/thinkphp3.2.3/welcome.html
INFO: [ app_init ] --START--
INFO: Run Behavior\BuildLiteBehavior [ RunTime:0.000029s ]
INFO: [ app_init ] --END-- [ RunTime:0.000627s ]
ERR: 无法加载模块:Welcome

[ 2016-08-22T22:20:07+08:00 ] 127.0.0.1 /Thinkphp/thinkphp3.2.3/skin/default/skin.css
INFO: [ app_init ] --START--
INFO: Run Behavior\BuildLiteBehavior [ RunTime:0.000046s ]
INFO: [ app_init ] --END-- [ RunTime:0.000754s ]
ERR: 无法加载模块:Skin

[ 2016-08-22T22:20:07+08:00 ] 127.0.0.1 /Thinkphp/thinkphp3.2.3/Public/admin/images/loading.gif
INFO: [ app_init ] --START--
INFO: Run Behavior\BuildLiteBehavior [ RunTime:0.000048s ]
INFO: [ app_init ] --END-- [ RunTime:0.001089s ]
ERR: 无法加载模块:Public

[ 2016-08-22T22:20:07+08:00 ] 127.0.0.1 /Thinkphp/thinkphp3.2.3/Public/admin/images/acrossTab/acrossTab-2.png
INFO: [ app_init ] --START--
INFO: Run Behavior\BuildLiteBehavior [ RunTime:0.000054s ]
INFO: [ app_init ] --END-- [ RunTime:0.001760s ]
ERR: 无法加载模块:Public

[ 2016-08-22T22:20:26+08:00 ] 127.0.0.1 /Thinkphp/thinkphp3.2.3/welcome.html
INFO: [ app_init ] --START--
INFO: Run Behavior\BuildLiteBehavior [ RunTime:0.000028s ]
INFO: [ app_init ] --END-- [ RunTime:0.000606s ]
ERR: 无法加载模块:Welcome

[ 2016-08-22T22:20:26+08:00 ] 127.0.0.1 /Thinkphp/thinkphp3.2.3/Public/admin/images/loading.gif
INFO: [ app_init ] --START--
INFO: Run Behavior\BuildLiteBehavior [ RunTime:0.000269s ]
INFO: [ app_init ] --END-- [ RunTime:0.003397s ]
ERR: 无法加载模块:Public

[ 2016-08-22T22:20:26+08:00 ] 127.0.0.1 /Thinkphp/thinkphp3.2.3/skin/default/skin.css
INFO: [ app_init ] --START--
INFO: Run Behavior\BuildLiteBehavior [ RunTime:0.000047s ]
INFO: [ app_init ] --END-- [ RunTime:0.000852s ]
ERR: 无法加载模块:Skin

[ 2016-08-22T22:20:26+08:00 ] 127.0.0.1 /Thinkphp/thinkphp3.2.3/Public/admin/images/acrossTab/acrossTab-2.png
INFO: [ app_init ] --START--
INFO: Run Behavior\BuildLiteBehavior [ RunTime:0.000057s ]
INFO: [ app_init ] --END-- [ RunTime:0.001013s ]
ERR: 无法加载模块:Public

[ 2016-08-22T22:20:49+08:00 ] 127.0.0.1 /Thinkphp/thinkphp3.2.3/welcome.html
INFO: [ app_init ] --START--
INFO: Run Behavior\BuildLiteBehavior [ RunTime:0.000120s ]
INFO: [ app_init ] --END-- [ RunTime:0.001068s ]
ERR: 无法加载模块:Welcome

[ 2016-08-22T22:20:49+08:00 ] 127.0.0.1 /Thinkphp/thinkphp3.2.3/skin/default/skin.css
INFO: [ app_init ] --START--
INFO: Run Behavior\BuildLiteBehavior [ RunTime:0.000060s ]
INFO: [ app_init ] --END-- [ RunTime:0.000968s ]
ERR: 无法加载模块:Skin

[ 2016-08-22T22:20:49+08:00 ] 127.0.0.1 /Thinkphp/thinkphp3.2.3/Public/admin/images/loading.gif
INFO: [ app_init ] --START--
INFO: Run Behavior\BuildLiteBehavior [ RunTime:0.000083s ]
INFO: [ app_init ] --END-- [ RunTime:0.001499s ]
ERR: 无法加载模块:Public

[ 2016-08-22T22:20:49+08:00 ] 127.0.0.1 /Thinkphp/thinkphp3.2.3/Public/admin/images/acrossTab/acrossTab-2.png
INFO: [ app_init ] --START--
INFO: Run Behavior\BuildLiteBehavior [ RunTime:0.000048s ]
INFO: [ app_init ] --END-- [ RunTime:0.000897s ]
ERR: 无法加载模块:Public

[ 2016-08-22T22:20:50+08:00 ] 127.0.0.1 /Thinkphp/thinkphp3.2.3/welcome.html
INFO: [ app_init ] --START--
INFO: Run Behavior\BuildLiteBehavior [ RunTime:0.000033s ]
INFO: [ app_init ] --END-- [ RunTime:0.000851s ]
ERR: 无法加载模块:Welcome

[ 2016-08-22T22:20:50+08:00 ] 127.0.0.1 /Thinkphp/thinkphp3.2.3/skin/default/skin.css
INFO: [ app_init ] --START--
INFO: Run Behavior\BuildLiteBehavior [ RunTime:0.000032s ]
INFO: [ app_init ] --END-- [ RunTime:0.000876s ]
ERR: 无法加载模块:Skin

[ 2016-08-22T22:20:50+08:00 ] 127.0.0.1 /Thinkphp/thinkphp3.2.3/Public/admin/images/loading.gif
INFO: [ app_init ] --START--
INFO: Run Behavior\BuildLiteBehavior [ RunTime:0.000040s ]
INFO: [ app_init ] --END-- [ RunTime:0.000884s ]
ERR: 无法加载模块:Public

[ 2016-08-22T22:20:50+08:00 ] 127.0.0.1 /Thinkphp/thinkphp3.2.3/Public/admin/images/acrossTab/acrossTab-2.png
INFO: [ app_init ] --START--
INFO: Run Behavior\BuildLiteBehavior [ RunTime:0.000025s ]
INFO: [ app_init ] --END-- [ RunTime:0.000783s ]
ERR: 无法加载模块:Public

[ 2016-08-22T22:20:50+08:00 ] 127.0.0.1 /Thinkphp/thinkphp3.2.3/welcome.html
INFO: [ app_init ] --START--
INFO: Run Behavior\BuildLiteBehavior [ RunTime:0.000049s ]
INFO: [ app_init ] --END-- [ RunTime:0.000846s ]
ERR: 无法加载模块:Welcome

[ 2016-08-22T22:20:50+08:00 ] 127.0.0.1 /Thinkphp/thinkphp3.2.3/skin/default/skin.css
INFO: [ app_init ] --START--
INFO: Run Behavior\BuildLiteBehavior [ RunTime:0.000084s ]
INFO: [ app_init ] --END-- [ RunTime:0.001024s ]
ERR: 无法加载模块:Skin

[ 2016-08-22T22:20:50+08:00 ] 127.0.0.1 /Thinkphp/thinkphp3.2.3/Public/admin/images/acrossTab/acrossTab-2.png
INFO: [ app_init ] --START--
INFO: Run Behavior\BuildLiteBehavior [ RunTime:0.000049s ]
INFO: [ app_init ] --END-- [ RunTime:0.000775s ]
ERR: 无法加载模块:Public

[ 2016-08-22T22:20:50+08:00 ] 127.0.0.1 /Thinkphp/thinkphp3.2.3/Public/admin/images/loading.gif
INFO: [ app_init ] --START--
INFO: Run Behavior\BuildLiteBehavior [ RunTime:0.000050s ]
INFO: [ app_init ] --END-- [ RunTime:0.000991s ]
ERR: 无法加载模块:Public

[ 2016-08-22T22:20:50+08:00 ] 127.0.0.1 /Thinkphp/thinkphp3.2.3/welcome.html
INFO: [ app_init ] --START--
INFO: Run Behavior\BuildLiteBehavior [ RunTime:0.000047s ]
INFO: [ app_init ] --END-- [ RunTime:0.000872s ]
ERR: 无法加载模块:Welcome

[ 2016-08-22T22:20:50+08:00 ] 127.0.0.1 /Thinkphp/thinkphp3.2.3/Public/admin/images/acrossTab/acrossTab-2.png
INFO: [ app_init ] --START--
INFO: Run Behavior\BuildLiteBehavior [ RunTime:0.000044s ]
INFO: [ app_init ] --END-- [ RunTime:0.000759s ]
ERR: 无法加载模块:Public

[ 2016-08-22T22:20:50+08:00 ] 127.0.0.1 /Thinkphp/thinkphp3.2.3/Public/admin/images/loading.gif
INFO: [ app_init ] --START--
INFO: Run Behavior\BuildLiteBehavior [ RunTime:0.000041s ]
INFO: [ app_init ] --END-- [ RunTime:0.000749s ]
ERR: 无法加载模块:Public

[ 2016-08-22T22:20:50+08:00 ] 127.0.0.1 /Thinkphp/thinkphp3.2.3/skin/default/skin.css
INFO: [ app_init ] --START--
INFO: Run Behavior\BuildLiteBehavior [ RunTime:0.000040s ]
INFO: [ app_init ] --END-- [ RunTime:0.000730s ]
ERR: 无法加载模块:Skin

[ 2016-08-22T22:20:52+08:00 ] 127.0.0.1 /Thinkphp/thinkphp3.2.3/skin/default/skin.css
INFO: [ app_init ] --START--
INFO: Run Behavior\BuildLiteBehavior [ RunTime:0.000031s ]
INFO: [ app_init ] --END-- [ RunTime:0.000600s ]
ERR: 无法加载模块:Skin

[ 2016-08-22T22:21:31+08:00 ] 127.0.0.1 /Thinkphp/thinkphp3.2.3/welcome.html
INFO: [ app_init ] --START--
INFO: Run Behavior\BuildLiteBehavior [ RunTime:0.000064s ]
INFO: [ app_init ] --END-- [ RunTime:0.000778s ]
ERR: 无法加载模块:Welcome

[ 2016-08-22T22:21:31+08:00 ] 127.0.0.1 /Thinkphp/thinkphp3.2.3/Public/admin/images/acrossTab/acrossTab-2.png
INFO: [ app_init ] --START--
INFO: Run Behavior\BuildLiteBehavior [ RunTime:0.000049s ]
INFO: [ app_init ] --END-- [ RunTime:0.000804s ]
ERR: 无法加载模块:Public

[ 2016-08-22T22:21:31+08:00 ] 127.0.0.1 /Thinkphp/thinkphp3.2.3/Public/admin/images/loading.gif
INFO: [ app_init ] --START--
INFO: Run Behavior\BuildLiteBehavior [ RunTime:0.000064s ]
INFO: [ app_init ] --END-- [ RunTime:0.002702s ]
ERR: 无法加载模块:Public

[ 2016-08-22T22:21:39+08:00 ] 127.0.0.1 /Thinkphp/thinkphp3.2.3/Public/admin/images/acrossTab/acrossTab-close.png
INFO: [ app_init ] --START--
INFO: Run Behavior\BuildLiteBehavior [ RunTime:0.000033s ]
INFO: [ app_init ] --END-- [ RunTime:0.000511s ]
ERR: 无法加载模块:Public

[ 2016-08-22T22:21:39+08:00 ] 127.0.0.1 /Thinkphp/thinkphp3.2.3/cate-list.html
INFO: [ app_init ] --START--
INFO: Run Behavior\BuildLiteBehavior [ RunTime:0.000029s ]
INFO: [ app_init ] --END-- [ RunTime:0.000522s ]
ERR: 无法加载模块:Cate-list

[ 2016-08-22T22:21:40+08:00 ] 127.0.0.1 /Thinkphp/thinkphp3.2.3/cate-add.html
INFO: [ app_init ] --START--
INFO: Run Behavior\BuildLiteBehavior [ RunTime:0.000026s ]
INFO: [ app_init ] --END-- [ RunTime:0.000503s ]
ERR: 无法加载模块:Cate-add

[ 2016-08-22T22:21:43+08:00 ] 127.0.0.1 /Thinkphp/thinkphp3.2.3/welcome.html
INFO: [ app_init ] --START--
INFO: Run Behavior\BuildLiteBehavior [ RunTime:0.000038s ]
INFO: [ app_init ] --END-- [ RunTime:0.000594s ]
ERR: 无法加载模块:Welcome

[ 2016-08-22T22:21:43+08:00 ] 127.0.0.1 /Thinkphp/thinkphp3.2.3/Public/admin/images/acrossTab/acrossTab-2.png
INFO: [ app_init ] --START--
INFO: Run Behavior\BuildLiteBehavior [ RunTime:0.000040s ]
INFO: [ app_init ] --END-- [ RunTime:0.000649s ]
ERR: 无法加载模块:Public

[ 2016-08-22T22:21:43+08:00 ] 127.0.0.1 /Thinkphp/thinkphp3.2.3/Public/admin/images/loading.gif
INFO: [ app_init ] --START--
INFO: Run Behavior\BuildLiteBehavior [ RunTime:0.000047s ]
INFO: [ app_init ] --END-- [ RunTime:0.000878s ]
ERR: 无法加载模块:Public

[ 2016-08-22T22:23:46+08:00 ] 127.0.0.1 /Thinkphp/thinkphp3.2.3/welcome.html
INFO: [ app_init ] --START--
INFO: Run Behavior\BuildLiteBehavior [ RunTime:0.000029s ]
INFO: [ app_init ] --END-- [ RunTime:0.000584s ]
ERR: 无法加载模块:Welcome

[ 2016-08-22T22:23:46+08:00 ] 127.0.0.1 /Thinkphp/thinkphp3.2.3/Public/admin/images/acrossTab/acrossTab-2.png
INFO: [ app_init ] --START--
INFO: Run Behavior\BuildLiteBehavior [ RunTime:0.000050s ]
INFO: [ app_init ] --END-- [ RunTime:0.000810s ]
ERR: 无法加载模块:Public

[ 2016-08-22T22:23:46+08:00 ] 127.0.0.1 /Thinkphp/thinkphp3.2.3/Public/admin/images/loading.gif
INFO: [ app_init ] --START--
INFO: Run Behavior\BuildLiteBehavior [ RunTime:0.000049s ]
INFO: [ app_init ] --END-- [ RunTime:0.001092s ]
ERR: 无法加载模块:Public

[ 2016-08-22T22:23:49+08:00 ] 127.0.0.1 /Thinkphp/thinkphp3.2.3/list.html
INFO: [ app_init ] --START--
INFO: Run Behavior\BuildLiteBehavior [ RunTime:0.000030s ]
INFO: [ app_init ] --END-- [ RunTime:0.000499s ]
ERR: 无法加载模块:List

[ 2016-08-22T22:23:49+08:00 ] 127.0.0.1 /Thinkphp/thinkphp3.2.3/Public/admin/images/acrossTab/acrossTab-close.png
INFO: [ app_init ] --START--
INFO: Run Behavior\BuildLiteBehavior [ RunTime:0.000028s ]
INFO: [ app_init ] --END-- [ RunTime:0.000488s ]
ERR: 无法加载模块:Public

[ 2016-08-22T22:23:53+08:00 ] 127.0.0.1 /Thinkphp/thinkphp3.2.3/add.html
INFO: [ app_init ] --START--
INFO: Run Behavior\BuildLiteBehavior [ RunTime:0.000030s ]
INFO: [ app_init ] --END-- [ RunTime:0.000640s ]
ERR: 无法加载模块:Add

[ 2016-08-22T22:23:56+08:00 ] 127.0.0.1 /Thinkphp/thinkphp3.2.3/welcome.html
INFO: [ app_init ] --START--
INFO: Run Behavior\BuildLiteBehavior [ RunTime:0.000046s ]
INFO: [ app_init ] --END-- [ RunTime:0.000860s ]
ERR: 无法加载模块:Welcome

[ 2016-08-22T22:23:56+08:00 ] 127.0.0.1 /Thinkphp/thinkphp3.2.3/Public/admin/images/acrossTab/acrossTab-2.png
INFO: [ app_init ] --START--
INFO: Run Behavior\BuildLiteBehavior [ RunTime:0.000027s ]
INFO: [ app_init ] --END-- [ RunTime:0.000581s ]
ERR: 无法加载模块:Public

[ 2016-08-22T22:23:56+08:00 ] 127.0.0.1 /Thinkphp/thinkphp3.2.3/Public/admin/images/loading.gif
INFO: [ app_init ] --START--
INFO: Run Behavior\BuildLiteBehavior [ RunTime:0.000028s ]
INFO: [ app_init ] --END-- [ RunTime:0.000482s ]
ERR: 无法加载模块:Public

[ 2016-08-22T22:24:41+08:00 ] 127.0.0.1 /Thinkphp/thinkphp3.2.3/welcome.html
INFO: [ app_init ] --START--
INFO: Run Behavior\BuildLiteBehavior [ RunTime:0.000046s ]
INFO: [ app_init ] --END-- [ RunTime:0.000830s ]
ERR: 无法加载模块:Welcome

[ 2016-08-22T22:24:41+08:00 ] 127.0.0.1 /Thinkphp/thinkphp3.2.3/Public/admin/images/acrossTab/acrossTab-2.png
INFO: [ app_init ] --START--
INFO: Run Behavior\BuildLiteBehavior [ RunTime:0.000051s ]
INFO: [ app_init ] --END-- [ RunTime:0.000910s ]
ERR: 无法加载模块:Public

[ 2016-08-22T22:24:41+08:00 ] 127.0.0.1 /Thinkphp/thinkphp3.2.3/Public/admin/images/loading.gif
INFO: [ app_init ] --START--
INFO: Run Behavior\BuildLiteBehavior [ RunTime:0.000048s ]
INFO: [ app_init ] --END-- [ RunTime:0.001088s ]
ERR: 无法加载模块:Public

[ 2016-08-22T22:24:42+08:00 ] 127.0.0.1 /Thinkphp/thinkphp3.2.3/welcome.html
INFO: [ app_init ] --START--
INFO: Run Behavior\BuildLiteBehavior [ RunTime:0.000038s ]
INFO: [ app_init ] --END-- [ RunTime:0.000795s ]
ERR: 无法加载模块:Welcome

[ 2016-08-22T22:24:42+08:00 ] 127.0.0.1 /Thinkphp/thinkphp3.2.3/Public/admin/images/loading.gif
INFO: [ app_init ] --START--
INFO: Run Behavior\BuildLiteBehavior [ RunTime:0.000044s ]
INFO: [ app_init ] --END-- [ RunTime:0.000792s ]
ERR: 无法加载模块:Public

[ 2016-08-22T22:24:42+08:00 ] 127.0.0.1 /Thinkphp/thinkphp3.2.3/Public/admin/images/acrossTab/acrossTab-2.png
INFO: [ app_init ] --START--
INFO: Run Behavior\BuildLiteBehavior [ RunTime:0.000054s ]
INFO: [ app_init ] --END-- [ RunTime:0.001381s ]
ERR: 无法加载模块:Public

[ 2016-08-22T22:24:43+08:00 ] 127.0.0.1 /Thinkphp/thinkphp3.2.3/welcome.html
INFO: [ app_init ] --START--
INFO: Run Behavior\BuildLiteBehavior [ RunTime:0.000043s ]
INFO: [ app_init ] --END-- [ RunTime:0.000860s ]
ERR: 无法加载模块:Welcome

[ 2016-08-22T22:24:43+08:00 ] 127.0.0.1 /Thinkphp/thinkphp3.2.3/Public/admin/images/acrossTab/acrossTab-2.png
INFO: [ app_init ] --START--
INFO: Run Behavior\BuildLiteBehavior [ RunTime:0.000048s ]
INFO: [ app_init ] --END-- [ RunTime:0.000840s ]
ERR: 无法加载模块:Public

[ 2016-08-22T22:24:43+08:00 ] 127.0.0.1 /Thinkphp/thinkphp3.2.3/Public/admin/images/loading.gif
INFO: [ app_init ] --START--
INFO: Run Behavior\BuildLiteBehavior [ RunTime:0.000061s ]
INFO: [ app_init ] --END-- [ RunTime:0.001791s ]
ERR: 无法加载模块:Public

[ 2016-08-22T22:24:44+08:00 ] 127.0.0.1 /Thinkphp/thinkphp3.2.3/welcome.html
INFO: [ app_init ] --START--
INFO: Run Behavior\BuildLiteBehavior [ RunTime:0.000040s ]
INFO: [ app_init ] --END-- [ RunTime:0.000748s ]
ERR: 无法加载模块:Welcome

[ 2016-08-22T22:24:44+08:00 ] 127.0.0.1 /Thinkphp/thinkphp3.2.3/Public/admin/images/loading.gif
INFO: [ app_init ] --START--
INFO: Run Behavior\BuildLiteBehavior [ RunTime:0.000030s ]
INFO: [ app_init ] --END-- [ RunTime:0.000532s ]
ERR: 无法加载模块:Public

[ 2016-08-22T22:24:44+08:00 ] 127.0.0.1 /Thinkphp/thinkphp3.2.3/Public/admin/images/acrossTab/acrossTab-2.png
INFO: [ app_init ] --START--
INFO: Run Behavior\BuildLiteBehavior [ RunTime:0.000052s ]
INFO: [ app_init ] --END-- [ RunTime:0.000781s ]
ERR: 无法加载模块:Public

[ 2016-08-22T22:25:53+08:00 ] 127.0.0.1 /Thinkphp/thinkphp3.2.3/welcome.html
INFO: [ app_init ] --START--
INFO: Run Behavior\BuildLiteBehavior [ RunTime:0.000052s ]
INFO: [ app_init ] --END-- [ RunTime:0.000989s ]
ERR: 无法加载模块:Welcome

[ 2016-08-22T22:25:53+08:00 ] 127.0.0.1 /Thinkphp/thinkphp3.2.3/Public/admin/images/acrossTab/acrossTab-2.png
INFO: [ app_init ] --START--
INFO: Run Behavior\BuildLiteBehavior [ RunTime:0.000053s ]
INFO: [ app_init ] --END-- [ RunTime:0.001445s ]
ERR: 无法加载模块:Public

[ 2016-08-22T22:25:53+08:00 ] 127.0.0.1 /Thinkphp/thinkphp3.2.3/Public/admin/images/loading.gif
INFO: [ app_init ] --START--
INFO: Run Behavior\BuildLiteBehavior [ RunTime:0.000122s ]
INFO: [ app_init ] --END-- [ RunTime:0.001019s ]
ERR: 无法加载模块:Public

[ 2016-08-22T22:25:55+08:00 ] 127.0.0.1 /Thinkphp/thinkphp3.2.3/cate-list.html
INFO: [ app_init ] --START--
INFO: Run Behavior\BuildLiteBehavior [ RunTime:0.000030s ]
INFO: [ app_init ] --END-- [ RunTime:0.000569s ]
ERR: 无法加载模块:Cate-list

[ 2016-08-22T22:25:55+08:00 ] 127.0.0.1 /Thinkphp/thinkphp3.2.3/Public/admin/images/acrossTab/acrossTab-close.png
INFO: [ app_init ] --START--
INFO: Run Behavior\BuildLiteBehavior [ RunTime:0.000034s ]
INFO: [ app_init ] --END-- [ RunTime:0.001719s ]
ERR: 无法加载模块:Public

[ 2016-08-22T22:25:56+08:00 ] 127.0.0.1 /Thinkphp/thinkphp3.2.3/cate-add.html
INFO: [ app_init ] --START--
INFO: Run Behavior\BuildLiteBehavior [ RunTime:0.000029s ]
INFO: [ app_init ] --END-- [ RunTime:0.000564s ]
ERR: 无法加载模块:Cate-add

[ 2016-08-22T22:55:39+08:00 ] 127.0.0.1 /Thinkphp/thinkphp3.2.3/welcome.html
INFO: [ app_init ] --START--
INFO: Run Behavior\BuildLiteBehavior [ RunTime:0.000029s ]
INFO: [ app_init ] --END-- [ RunTime:0.000636s ]
ERR: 无法加载模块:Welcome

[ 2016-08-22T22:55:39+08:00 ] 127.0.0.1 /Thinkphp/thinkphp3.2.3/Public/admin/images/acrossTab/acrossTab-2.png
INFO: [ app_init ] --START--
INFO: Run Behavior\BuildLiteBehavior [ RunTime:0.000052s ]
INFO: [ app_init ] --END-- [ RunTime:0.000873s ]
ERR: 无法加载模块:Public

[ 2016-08-22T22:55:39+08:00 ] 127.0.0.1 /Thinkphp/thinkphp3.2.3/Public/admin/images/loading.gif
INFO: [ app_init ] --START--
INFO: Run Behavior\BuildLiteBehavior [ RunTime:0.000059s ]
INFO: [ app_init ] --END-- [ RunTime:0.001020s ]
ERR: 无法加载模块:Public

[ 2016-08-22T22:56:24+08:00 ] 127.0.0.1 /Thinkphp/thinkphp3.2.3/welcome.html
INFO: [ app_init ] --START--
INFO: Run Behavior\BuildLiteBehavior [ RunTime:0.000120s ]
INFO: [ app_init ] --END-- [ RunTime:0.000802s ]
ERR: 无法加载模块:Welcome

[ 2016-08-22T22:56:24+08:00 ] 127.0.0.1 /Thinkphp/thinkphp3.2.3/Public/admin/images/acrossTab/acrossTab-2.png
INFO: [ app_init ] --START--
INFO: Run Behavior\BuildLiteBehavior [ RunTime:0.000053s ]
INFO: [ app_init ] --END-- [ RunTime:0.001106s ]
ERR: 无法加载模块:Public

[ 2016-08-22T22:56:24+08:00 ] 127.0.0.1 /Thinkphp/thinkphp3.2.3/Public/admin/images/loading.gif
INFO: [ app_init ] --START--
INFO: Run Behavior\BuildLiteBehavior [ RunTime:0.000051s ]
INFO: [ app_init ] --END-- [ RunTime:0.002505s ]
ERR: 无法加载模块:Public

[ 2016-08-22T23:00:33+08:00 ] 127.0.0.1 /Thinkphp/thinkphp3.2.3/welcome.html
INFO: [ app_init ] --START--
INFO: Run Behavior\BuildLiteBehavior [ RunTime:0.000027s ]
INFO: [ app_init ] --END-- [ RunTime:0.000534s ]
ERR: 无法加载模块:Welcome

[ 2016-08-22T23:00:33+08:00 ] 127.0.0.1 /Thinkphp/thinkphp3.2.3/Public/admin/images/acrossTab/acrossTab-2.png
INFO: [ app_init ] --START--
INFO: Run Behavior\BuildLiteBehavior [ RunTime:0.000046s ]
INFO: [ app_init ] --END-- [ RunTime:0.000795s ]
ERR: 无法加载模块:Public

[ 2016-08-22T23:00:33+08:00 ] 127.0.0.1 /Thinkphp/thinkphp3.2.3/Public/admin/images/loading.gif
INFO: [ app_init ] --START--
INFO: Run Behavior\BuildLiteBehavior [ RunTime:0.000031s ]
INFO: [ app_init ] --END-- [ RunTime:0.000765s ]
ERR: 无法加载模块:Public

[ 2016-08-22T23:03:13+08:00 ] 127.0.0.1 /Thinkphp/thinkphp3.2.3/Public/admin/images/acrossTab/acrossTab-2.png
INFO: [ app_init ] --START--
INFO: Run Behavior\BuildLiteBehavior [ RunTime:0.000047s ]
INFO: [ app_init ] --END-- [ RunTime:0.000948s ]
ERR: 无法加载模块:Public

[ 2016-08-22T23:03:13+08:00 ] 127.0.0.1 /Thinkphp/thinkphp3.2.3/Public/admin/images/loading.gif
INFO: [ app_init ] --START--
INFO: Run Behavior\BuildLiteBehavior [ RunTime:0.000046s ]
INFO: [ app_init ] --END-- [ RunTime:0.000854s ]
ERR: 无法加载模块:Public

[ 2016-08-22T23:03:59+08:00 ] 127.0.0.1 /Thinkphp/thinkphp3.2.3/Public/admin/images/acrossTab/acrossTab-2.png
INFO: [ app_init ] --START--
INFO: Run Behavior\BuildLiteBehavior [ RunTime:0.000053s ]
INFO: [ app_init ] --END-- [ RunTime:0.001689s ]
ERR: 无法加载模块:Public

[ 2016-08-22T23:03:59+08:00 ] 127.0.0.1 /Thinkphp/thinkphp3.2.3/Public/admin/images/loading.gif
INFO: [ app_init ] --START--
INFO: Run Behavior\BuildLiteBehavior [ RunTime:0.000056s ]
INFO: [ app_init ] --END-- [ RunTime:0.001368s ]
ERR: 无法加载模块:Public

[ 2016-08-22T23:04:00+08:00 ] 127.0.0.1 /Thinkphp/thinkphp3.2.3/Public/admin/images/acrossTab/acrossTab-2.png
INFO: [ app_init ] --START--
INFO: Run Behavior\BuildLiteBehavior [ RunTime:0.000048s ]
INFO: [ app_init ] --END-- [ RunTime:0.001723s ]
ERR: 无法加载模块:Public

[ 2016-08-22T23:04:01+08:00 ] 127.0.0.1 /Thinkphp/thinkphp3.2.3/Public/admin/images/loading.gif
INFO: [ app_init ] --START--
INFO: Run Behavior\BuildLiteBehavior [ RunTime:0.000040s ]
INFO: [ app_init ] --END-- [ RunTime:0.001167s ]
ERR: 无法加载模块:Public

[ 2016-08-22T23:05:10+08:00 ] 127.0.0.1 /Thinkphp/thinkphp3.2.3/Public/admin/images/acrossTab/acrossTab-2.png
INFO: [ app_init ] --START--
INFO: Run Behavior\BuildLiteBehavior [ RunTime:0.000052s ]
INFO: [ app_init ] --END-- [ RunTime:0.000869s ]
ERR: 无法加载模块:Public

[ 2016-08-22T23:05:10+08:00 ] 127.0.0.1 /Thinkphp/thinkphp3.2.3/Public/admin/images/loading.gif
INFO: [ app_init ] --START--
INFO: Run Behavior\BuildLiteBehavior [ RunTime:0.000085s ]
INFO: [ app_init ] --END-- [ RunTime:0.003765s ]
ERR: 无法加载模块:Public

[ 2016-08-22T23:05:11+08:00 ] 127.0.0.1 /Thinkphp/thinkphp3.2.3/Public/admin/images/loading.gif
INFO: [ app_init ] --START--
INFO: Run Behavior\BuildLiteBehavior [ RunTime:0.000042s ]
INFO: [ app_init ] --END-- [ RunTime:0.001224s ]
ERR: 无法加载模块:Public

[ 2016-08-22T23:05:11+08:00 ] 127.0.0.1 /Thinkphp/thinkphp3.2.3/Public/admin/images/acrossTab/acrossTab-2.png
INFO: [ app_init ] --START--
INFO: Run Behavior\BuildLiteBehavior [ RunTime:0.000043s ]
INFO: [ app_init ] --END-- [ RunTime:0.001057s ]
ERR: 无法加载模块:Public

[ 2016-08-22T23:05:12+08:00 ] 127.0.0.1 /Thinkphp/thinkphp3.2.3/Public/admin/images/acrossTab/acrossTab-2.png
INFO: [ app_init ] --START--
INFO: Run Behavior\BuildLiteBehavior [ RunTime:0.000049s ]
INFO: [ app_init ] --END-- [ RunTime:0.000779s ]
ERR: 无法加载模块:Public

[ 2016-08-22T23:05:12+08:00 ] 127.0.0.1 /Thinkphp/thinkphp3.2.3/Public/admin/images/loading.gif
INFO: [ app_init ] --START--
INFO: Run Behavior\BuildLiteBehavior [ RunTime:0.000060s ]
INFO: [ app_init ] --END-- [ RunTime:0.000864s ]
ERR: 无法加载模块:Public

[ 2016-08-22T23:05:36+08:00 ] 127.0.0.1 /Thinkphp/thinkphp3.2.3/Public/admin/images/loading.gif
INFO: [ app_init ] --START--
INFO: Run Behavior\BuildLiteBehavior [ RunTime:0.000049s ]
INFO: [ app_init ] --END-- [ RunTime:0.001142s ]
ERR: 无法加载模块:Public

[ 2016-08-22T23:05:36+08:00 ] 127.0.0.1 /Thinkphp/thinkphp3.2.3/Public/admin/images/acrossTab/acrossTab-2.png
INFO: [ app_init ] --START--
INFO: Run Behavior\BuildLiteBehavior [ RunTime:0.000050s ]
INFO: [ app_init ] --END-- [ RunTime:0.001135s ]
ERR: 无法加载模块:Public

[ 2016-08-22T23:06:37+08:00 ] 127.0.0.1 /Thinkphp/thinkphp3.2.3/welcome.html
INFO: [ app_init ] --START--
INFO: Run Behavior\BuildLiteBehavior [ RunTime:0.000064s ]
INFO: [ app_init ] --END-- [ RunTime:0.000865s ]
ERR: 无法加载模块:Welcome

[ 2016-08-22T23:06:37+08:00 ] 127.0.0.1 /Thinkphp/thinkphp3.2.3/Public/admin/images/acrossTab/acrossTab-2.png
INFO: [ app_init ] --START--
INFO: Run Behavior\BuildLiteBehavior [ RunTime:0.000085s ]
INFO: [ app_init ] --END-- [ RunTime:0.001493s ]
ERR: 无法加载模块:Public

[ 2016-08-22T23:06:37+08:00 ] 127.0.0.1 /Thinkphp/thinkphp3.2.3/Public/admin/images/loading.gif
INFO: [ app_init ] --START--
INFO: Run Behavior\BuildLiteBehavior [ RunTime:0.000032s ]
INFO: [ app_init ] --END-- [ RunTime:0.006640s ]
ERR: 无法加载模块:Public

[ 2016-08-22T23:06:55+08:00 ] 127.0.0.1 /Thinkphp/thinkphp3.2.3/welcome.php
INFO: [ app_init ] --START--
INFO: Run Behavior\BuildLiteBehavior [ RunTime:0.000044s ]
INFO: [ app_init ] --END-- [ RunTime:0.000864s ]
ERR: 无法加载模块:Welcome

[ 2016-08-22T23:06:55+08:00 ] 127.0.0.1 /Thinkphp/thinkphp3.2.3/Public/admin/images/acrossTab/acrossTab-2.png
INFO: [ app_init ] --START--
INFO: Run Behavior\BuildLiteBehavior [ RunTime:0.000037s ]
INFO: [ app_init ] --END-- [ RunTime:0.000666s ]
ERR: 无法加载模块:Public

[ 2016-08-22T23:06:55+08:00 ] 127.0.0.1 /Thinkphp/thinkphp3.2.3/Public/admin/images/loading.gif
INFO: [ app_init ] --START--
INFO: Run Behavior\BuildLiteBehavior [ RunTime:0.000048s ]
INFO: [ app_init ] --END-- [ RunTime:0.000867s ]
ERR: 无法加载模块:Public

[ 2016-08-22T23:07:44+08:00 ] 127.0.0.1 /Thinkphp/thinkphp3.2.3/welcome.php
INFO: [ app_init ] --START--
INFO: Run Behavior\BuildLiteBehavior [ RunTime:0.000028s ]
INFO: [ app_init ] --END-- [ RunTime:0.000626s ]
ERR: 无法加载模块:Welcome

[ 2016-08-22T23:07:44+08:00 ] 127.0.0.1 /Thinkphp/thinkphp3.2.3/Public/admin/images/loading.gif
INFO: [ app_init ] --START--
INFO: Run Behavior\BuildLiteBehavior [ RunTime:0.000050s ]
INFO: [ app_init ] --END-- [ RunTime:0.000794s ]
ERR: 无法加载模块:Public

[ 2016-08-22T23:07:44+08:00 ] 127.0.0.1 /Thinkphp/thinkphp3.2.3/Public/admin/images/acrossTab/acrossTab-2.png
INFO: [ app_init ] --START--
INFO: Run Behavior\BuildLiteBehavior [ RunTime:0.000047s ]
INFO: [ app_init ] --END-- [ RunTime:0.000784s ]
ERR: 无法加载模块:Public

[ 2016-08-22T23:08:53+08:00 ] 127.0.0.1 /Thinkphp/thinkphp3.2.3/Public/admin/images/loading.gif
INFO: [ app_init ] --START--
INFO: Run Behavior\BuildLiteBehavior [ RunTime:0.000045s ]
INFO: [ app_init ] --END-- [ RunTime:0.000880s ]
ERR: 无法加载模块:Public

[ 2016-08-22T23:08:53+08:00 ] 127.0.0.1 /Thinkphp/thinkphp3.2.3/Public/admin/images/acrossTab/acrossTab-2.png
INFO: [ app_init ] --START--
INFO: Run Behavior\BuildLiteBehavior [ RunTime:0.000052s ]
INFO: [ app_init ] --END-- [ RunTime:0.000927s ]
ERR: 无法加载模块:Public

[ 2016-08-22T23:08:53+08:00 ] 127.0.0.1 /Thinkphp/thinkphp3.2.3/welcome.php
INFO: [ app_init ] --START--
INFO: Run Behavior\BuildLiteBehavior [ RunTime:0.000051s ]
INFO: [ app_init ] --END-- [ RunTime:0.000825s ]
ERR: 无法加载模块:Welcome

[ 2016-08-22T23:10:20+08:00 ] 127.0.0.1 /Thinkphp/thinkphp3.2.3/Public/admin/js/jquery.min.js
INFO: [ app_init ] --START--
INFO: Run Behavior\BuildLiteBehavior [ RunTime:0.000045s ]
INFO: [ app_init ] --END-- [ RunTime:0.001040s ]
ERR: 无法加载模块:Public

[ 2016-08-22T23:10:20+08:00 ] 127.0.0.1 /Thinkphp/thinkphp3.2.3/welcome.php
INFO: [ app_init ] --START--
INFO: Run Behavior\BuildLiteBehavior [ RunTime:0.000048s ]
INFO: [ app_init ] --END-- [ RunTime:0.000890s ]
ERR: 无法加载模块:Welcome

[ 2016-08-22T23:10:20+08:00 ] 127.0.0.1 /Thinkphp/thinkphp3.2.3/Public/admin/images/acrossTab/acrossTab-2.png
INFO: [ app_init ] --START--
INFO: Run Behavior\BuildLiteBehavior [ RunTime:0.000046s ]
INFO: [ app_init ] --END-- [ RunTime:0.000892s ]
ERR: 无法加载模块:Public

[ 2016-08-22T23:10:20+08:00 ] 127.0.0.1 /Thinkphp/thinkphp3.2.3/Public/admin/images/loading.gif
INFO: [ app_init ] --START--
INFO: Run Behavior\BuildLiteBehavior [ RunTime:0.000052s ]
INFO: [ app_init ] --END-- [ RunTime:0.001230s ]
ERR: 无法加载模块:Public

[ 2016-08-22T23:10:57+08:00 ] 127.0.0.1 /Thinkphp/thinkphp3.2.3/welcome.php
INFO: [ app_init ] --START--
INFO: Run Behavior\BuildLiteBehavior [ RunTime:0.000029s ]
INFO: [ app_init ] --END-- [ RunTime:0.000542s ]
ERR: 无法加载模块:Welcome

[ 2016-08-22T23:10:57+08:00 ] 127.0.0.1 /Thinkphp/thinkphp3.2.3/Public/admin/images/acrossTab/acrossTab-2.png
INFO: [ app_init ] --START--
INFO: Run Behavior\BuildLiteBehavior [ RunTime:0.000045s ]
INFO: [ app_init ] --END-- [ RunTime:0.001089s ]
ERR: 无法加载模块:Public

[ 2016-08-22T23:10:57+08:00 ] 127.0.0.1 /Thinkphp/thinkphp3.2.3/Public/admin/images/loading.gif
INFO: [ app_init ] --START--
INFO: Run Behavior\BuildLiteBehavior [ RunTime:0.000048s ]
INFO: [ app_init ] --END-- [ RunTime:0.000913s ]
ERR: 无法加载模块:Public

[ 2016-08-22T23:11:13+08:00 ] 127.0.0.1 /Thinkphp/thinkphp3.2.3/cate-list.html
INFO: [ app_init ] --START--
INFO: Run Behavior\BuildLiteBehavior [ RunTime:0.000031s ]
INFO: [ app_init ] --END-- [ RunTime:0.000968s ]
ERR: 无法加载模块:Cate-list

[ 2016-08-22T23:11:13+08:00 ] 127.0.0.1 /Thinkphp/thinkphp3.2.3/Public/admin/images/acrossTab/acrossTab-close.png
INFO: [ app_init ] --START--
INFO: Run Behavior\BuildLiteBehavior [ RunTime:0.000028s ]
INFO: [ app_init ] --END-- [ RunTime:0.000541s ]
ERR: 无法加载模块:Public

[ 2016-08-22T23:13:26+08:00 ] 127.0.0.1 /Thinkphp/thinkphp3.2.3/welcome.php
INFO: [ app_init ] --START--
INFO: Run Behavior\BuildLiteBehavior [ RunTime:0.000028s ]
INFO: [ app_init ] --END-- [ RunTime:0.000553s ]
ERR: 无法加载模块:Welcome

[ 2016-08-22T23:13:26+08:00 ] 127.0.0.1 /Thinkphp/thinkphp3.2.3/Public/admin/images/acrossTab/acrossTab-2.png
INFO: [ app_init ] --START--
INFO: Run Behavior\BuildLiteBehavior [ RunTime:0.000044s ]
INFO: [ app_init ] --END-- [ RunTime:0.000829s ]
ERR: 无法加载模块:Public

[ 2016-08-22T23:13:26+08:00 ] 127.0.0.1 /Thinkphp/thinkphp3.2.3/Public/admin/images/loading.gif
INFO: [ app_init ] --START--
INFO: Run Behavior\BuildLiteBehavior [ RunTime:0.000048s ]
INFO: [ app_init ] --END-- [ RunTime:0.001023s ]
ERR: 无法加载模块:Public

[ 2016-08-22T23:13:27+08:00 ] 127.0.0.1 /Thinkphp/thinkphp3.2.3/welcome.php
INFO: [ app_init ] --START--
INFO: Run Behavior\BuildLiteBehavior [ RunTime:0.000029s ]
INFO: [ app_init ] --END-- [ RunTime:0.000573s ]
ERR: 无法加载模块:Welcome

[ 2016-08-22T23:13:28+08:00 ] 127.0.0.1 /Thinkphp/thinkphp3.2.3/Public/admin/images/loading.gif
INFO: [ app_init ] --START--
INFO: Run Behavior\BuildLiteBehavior [ RunTime:0.000044s ]
INFO: [ app_init ] --END-- [ RunTime:0.000792s ]
ERR: 无法加载模块:Public

[ 2016-08-22T23:13:28+08:00 ] 127.0.0.1 /Thinkphp/thinkphp3.2.3/Public/admin/images/acrossTab/acrossTab-2.png
INFO: [ app_init ] --START--
INFO: Run Behavior\BuildLiteBehavior [ RunTime:0.000059s ]
INFO: [ app_init ] --END-- [ RunTime:0.002532s ]
ERR: 无法加载模块:Public

[ 2016-08-22T23:13:28+08:00 ] 127.0.0.1 /Thinkphp/thinkphp3.2.3/welcome.php
INFO: [ app_init ] --START--
INFO: Run Behavior\BuildLiteBehavior [ RunTime:0.000041s ]
INFO: [ app_init ] --END-- [ RunTime:0.000751s ]
ERR: 无法加载模块:Welcome

[ 2016-08-22T23:13:28+08:00 ] 127.0.0.1 /Thinkphp/thinkphp3.2.3/Public/admin/images/acrossTab/acrossTab-2.png
INFO: [ app_init ] --START--
INFO: Run Behavior\BuildLiteBehavior [ RunTime:0.000066s ]
INFO: [ app_init ] --END-- [ RunTime:0.000817s ]
ERR: 无法加载模块:Public

[ 2016-08-22T23:13:28+08:00 ] 127.0.0.1 /Thinkphp/thinkphp3.2.3/Public/admin/images/loading.gif
INFO: [ app_init ] --START--
INFO: Run Behavior\BuildLiteBehavior [ RunTime:0.000054s ]
INFO: [ app_init ] --END-- [ RunTime:0.001959s ]
ERR: 无法加载模块:Public

[ 2016-08-22T23:15:08+08:00 ] 127.0.0.1 /Thinkphp/thinkphp3.2.3/welcome.php
INFO: [ app_init ] --START--
INFO: Run Behavior\BuildLiteBehavior [ RunTime:0.000025s ]
INFO: [ app_init ] --END-- [ RunTime:0.000500s ]
ERR: 无法加载模块:Welcome

[ 2016-08-22T23:15:08+08:00 ] 127.0.0.1 /Thinkphp/thinkphp3.2.3/Public/admin/images/loading.gif
INFO: [ app_init ] --START--
INFO: Run Behavior\BuildLiteBehavior [ RunTime:0.000051s ]
INFO: [ app_init ] --END-- [ RunTime:0.001563s ]
ERR: 无法加载模块:Public

[ 2016-08-22T23:15:08+08:00 ] 127.0.0.1 /Thinkphp/thinkphp3.2.3/Public/admin/images/acrossTab/acrossTab-2.png
INFO: [ app_init ] --START--
INFO: Run Behavior\BuildLiteBehavior [ RunTime:0.000053s ]
INFO: [ app_init ] --END-- [ RunTime:0.001524s ]
ERR: 无法加载模块:Public

[ 2016-08-22T23:16:25+08:00 ] 127.0.0.1 /Thinkphp/thinkphp3.2.3/Public/admin/images/loading.gif
INFO: [ app_init ] --START--
INFO: Run Behavior\BuildLiteBehavior [ RunTime:0.000045s ]
INFO: [ app_init ] --END-- [ RunTime:0.000760s ]
ERR: 无法加载模块:Public

[ 2016-08-22T23:16:25+08:00 ] 127.0.0.1 /Thinkphp/thinkphp3.2.3/Public/admin/images/acrossTab/acrossTab-2.png
INFO: [ app_init ] --START--
INFO: Run Behavior\BuildLiteBehavior [ RunTime:0.000061s ]
INFO: [ app_init ] --END-- [ RunTime:0.001222s ]
ERR: 无法加载模块:Public

[ 2016-08-22T23:16:28+08:00 ] 127.0.0.1 /Thinkphp/thinkphp3.2.3/Public/admin/images/acrossTab/acrossTab-close.png
INFO: [ app_init ] --START--
INFO: Run Behavior\BuildLiteBehavior [ RunTime:0.000041s ]
INFO: [ app_init ] --END-- [ RunTime:0.000534s ]
ERR: 无法加载模块:Public

[ 2016-08-22T23:16:28+08:00 ] 127.0.0.1 /Thinkphp/thinkphp3.2.3/list.html
INFO: [ app_init ] --START--
INFO: Run Behavior\BuildLiteBehavior [ RunTime:0.000093s ]
INFO: [ app_init ] --END-- [ RunTime:0.001346s ]
ERR: 无法加载模块:List

[ 2016-08-22T23:17:31+08:00 ] 127.0.0.1 /Thinkphp/thinkphp3.2.3/Public/admin/images/acrossTab/acrossTab-2.png
INFO: [ app_init ] --START--
INFO: Run Behavior\BuildLiteBehavior [ RunTime:0.000047s ]
INFO: [ app_init ] --END-- [ RunTime:0.000964s ]
ERR: 无法加载模块:Public

[ 2016-08-22T23:17:31+08:00 ] 127.0.0.1 /Thinkphp/thinkphp3.2.3/Public/admin/images/loading.gif
INFO: [ app_init ] --START--
INFO: Run Behavior\BuildLiteBehavior [ RunTime:0.000050s ]
INFO: [ app_init ] --END-- [ RunTime:0.001064s ]
ERR: 无法加载模块:Public

[ 2016-08-22T23:17:38+08:00 ] 127.0.0.1 /Thinkphp/thinkphp3.2.3/Public/admin/images/loading.gif
INFO: [ app_init ] --START--
INFO: Run Behavior\BuildLiteBehavior [ RunTime:0.000043s ]
INFO: [ app_init ] --END-- [ RunTime:0.000920s ]
ERR: 无法加载模块:Public

[ 2016-08-22T23:17:38+08:00 ] 127.0.0.1 /Thinkphp/thinkphp3.2.3/Public/admin/images/acrossTab/acrossTab-2.png
INFO: [ app_init ] --START--
INFO: Run Behavior\BuildLiteBehavior [ RunTime:0.000029s ]
INFO: [ app_init ] --END-- [ RunTime:0.001009s ]
ERR: 无法加载模块:Public

[ 2016-08-22T23:21:24+08:00 ] 127.0.0.1 /Thinkphp/thinkphp3.2.3/Public/admin/js/H-ui.admin.js
INFO: [ app_init ] --START--
INFO: Run Behavior\BuildLiteBehavior [ RunTime:0.000076s ]
INFO: [ app_init ] --END-- [ RunTime:0.000895s ]
ERR: 无法加载模块:Public

[ 2016-08-22T23:21:24+08:00 ] 127.0.0.1 /Thinkphp/thinkphp3.2.3/Public/admin/js/H-ui.js
INFO: [ app_init ] --START--
INFO: Run Behavior\BuildLiteBehavior [ RunTime:0.000047s ]
INFO: [ app_init ] --END-- [ RunTime:0.000909s ]
ERR: 无法加载模块:Public

[ 2016-08-22T23:21:24+08:00 ] 127.0.0.1 /Thinkphp/thinkphp3.2.3/Public/admin/css/H-ui.min.css
INFO: [ app_init ] --START--
INFO: Run Behavior\BuildLiteBehavior [ RunTime:0.000048s ]
INFO: [ app_init ] --END-- [ RunTime:0.000873s ]
ERR: 无法加载模块:Public

[ 2016-08-22T23:21:24+08:00 ] 127.0.0.1 /Thinkphp/thinkphp3.2.3/Public/admin/css/H-ui.admin.css
INFO: [ app_init ] --START--
INFO: Run Behavior\BuildLiteBehavior [ RunTime:0.000048s ]
INFO: [ app_init ] --END-- [ RunTime:0.000851s ]
ERR: 无法加载模块:Public

[ 2016-08-22T23:21:24+08:00 ] 127.0.0.1 /Thinkphp/thinkphp3.2.3/Public/admin/css/skin/default/skin.css
INFO: [ app_init ] --START--
INFO: Run Behavior\BuildLiteBehavior [ RunTime:0.000049s ]
INFO: [ app_init ] --END-- [ RunTime:0.001007s ]
ERR: 无法加载模块:Public

[ 2016-08-22T23:21:24+08:00 ] 127.0.0.1 /Thinkphp/thinkphp3.2.3/Public/icofont/1.0.7/iconfont.css
INFO: [ app_init ] --START--
INFO: Run Behavior\BuildLiteBehavior [ RunTime:0.000053s ]
INFO: [ app_init ] --END-- [ RunTime:0.003658s ]
ERR: 无法加载模块:Public

[ 2016-08-22T23:42:21+08:00 ] 127.0.0.1 /Thinkphp/thinkphp3.2.3/Public/css/bootstrap.min.css
INFO: [ app_init ] --START--
INFO: Run Behavior\BuildLiteBehavior [ RunTime:0.000033s ]
INFO: [ app_init ] --END-- [ RunTime:0.001072s ]
ERR: 无法加载模块:Public

[ 2016-08-22T23:42:21+08:00 ] 127.0.0.1 /Thinkphp/thinkphp3.2.3/Public/css/font-awesome.min.css
INFO: [ app_init ] --START--
INFO: Run Behavior\BuildLiteBehavior [ RunTime:0.000056s ]
INFO: [ app_init ] --END-- [ RunTime:0.000985s ]
ERR: 无法加载模块:Public

[ 2016-08-22T23:43:43+08:00 ] 127.0.0.1 /Thinkphp/thinkphp3.2.3/Public/css/bootstrap.min.css.map
INFO: [ app_init ] --START--
INFO: Run Behavior\BuildLiteBehavior [ RunTime:0.000027s ]
INFO: [ app_init ] --END-- [ RunTime:0.000487s ]
ERR: 无法加载模块:Public

[ 2016-08-22T23:46:45+08:00 ] 127.0.0.1 /Thinkphp/thinkphp3.2.3/Public/css/bootstrap.min.css.map
INFO: [ app_init ] --START--
INFO: Run Behavior\BuildLiteBehavior [ RunTime:0.000030s ]
INFO: [ app_init ] --END-- [ RunTime:0.000543s ]
ERR: 无法加载模块:Public

[ 2016-08-22T23:47:42+08:00 ] 127.0.0.1 /Thinkphp/thinkphp3.2.3/Public/css/bootstrap.min.css.map
INFO: [ app_init ] --START--
INFO: Run Behavior\BuildLiteBehavior [ RunTime:0.000041s ]
INFO: [ app_init ] --END-- [ RunTime:0.000814s ]
ERR: 无法加载模块:Public

[ 2016-08-22T23:48:06+08:00 ] 127.0.0.1 /Thinkphp/thinkphp3.2.3/Public/css/bootstrap.min.css.map
INFO: [ app_init ] --START--
INFO: Run Behavior\BuildLiteBehavior [ RunTime:0.000028s ]
INFO: [ app_init ] --END-- [ RunTime:0.000485s ]
ERR: 无法加载模块:Public

[ 2016-08-22T23:49:00+08:00 ] 127.0.0.1 /Thinkphp/thinkphp3.2.3/Public/css/bootstrap.min.css.map
INFO: [ app_init ] --START--
INFO: Run Behavior\BuildLiteBehavior [ RunTime:0.000048s ]
INFO: [ app_init ] --END-- [ RunTime:0.001123s ]
ERR: 无法加载模块:Public

[ 2016-08-22T23:50:14+08:00 ] 127.0.0.1 /Thinkphp/thinkphp3.2.3/Public/css/bootstrap.min.css.map
INFO: [ app_init ] --START--
INFO: Run Behavior\BuildLiteBehavior [ RunTime:0.000026s ]
INFO: [ app_init ] --END-- [ RunTime:0.000478s ]
ERR: 无法加载模块:Public

[ 2016-08-22T23:50:51+08:00 ] 127.0.0.1 /Thinkphp/thinkphp3.2.3/Public/css/bootstrap.min.css.map
INFO: [ app_init ] --START--
INFO: Run Behavior\BuildLiteBehavior [ RunTime:0.000028s ]
INFO: [ app_init ] --END-- [ RunTime:0.000520s ]
ERR: 无法加载模块:Public

[ 2016-08-22T23:51:31+08:00 ] 127.0.0.1 /Thinkphp/thinkphp3.2.3/Public/css/bootstrap.min.css.map
INFO: [ app_init ] --START--
INFO: Run Behavior\BuildLiteBehavior [ RunTime:0.000040s ]
INFO: [ app_init ] --END-- [ RunTime:0.000557s ]
ERR: 无法加载模块:Public

[ 2016-08-22T23:51:32+08:00 ] 127.0.0.1 /Thinkphp/thinkphp3.2.3/Public/css/bootstrap.min.css.map
INFO: [ app_init ] --START--
INFO: Run Behavior\BuildLiteBehavior [ RunTime:0.000046s ]
INFO: [ app_init ] --END-- [ RunTime:0.000743s ]
ERR: 无法加载模块:Public

[ 2016-08-22T23:52:08+08:00 ] 127.0.0.1 /Thinkphp/thinkphp3.2.3/Public/css/bootstrap.min.css.map
INFO: [ app_init ] --START--
INFO: Run Behavior\BuildLiteBehavior [ RunTime:0.000044s ]
INFO: [ app_init ] --END-- [ RunTime:0.000889s ]
ERR: 无法加载模块:Public

[ 2016-08-22T23:52:09+08:00 ] 127.0.0.1 /Thinkphp/thinkphp3.2.3/Public/css/bootstrap.min.css.map
INFO: [ app_init ] --START--
INFO: Run Behavior\BuildLiteBehavior [ RunTime:0.000026s ]
INFO: [ app_init ] --END-- [ RunTime:0.000475s ]
ERR: 无法加载模块:Public

[ 2016-08-22T23:52:28+08:00 ] 127.0.0.1 /Thinkphp/thinkphp3.2.3/Public/css/bootstrap.min.css.map
INFO: [ app_init ] --START--
INFO: Run Behavior\BuildLiteBehavior [ RunTime:0.000044s ]
INFO: [ app_init ] --END-- [ RunTime:0.000730s ]
ERR: 无法加载模块:Public

[ 2016-08-22T23:53:13+08:00 ] 127.0.0.1 /Thinkphp/thinkphp3.2.3/Public/css/bootstrap.min.css.map
INFO: [ app_init ] --START--
INFO: Run Behavior\BuildLiteBehavior [ RunTime:0.000047s ]
INFO: [ app_init ] --END-- [ RunTime:0.000893s ]
ERR: 无法加载模块:Public

[ 2016-08-22T23:54:39+08:00 ] 127.0.0.1 /Thinkphp/thinkphp3.2.3/%7B/Thinkphp/thinkphp3.2.3/Public%7D/css/bootstrap.min.css
INFO: [ app_init ] --START--
INFO: Run Behavior\BuildLiteBehavior [ RunTime:0.000046s ]
INFO: [ app_init ] --END-- [ RunTime:0.000806s ]
ERR: 无法加载模块:{

[ 2016-08-22T23:54:39+08:00 ] 127.0.0.1 /Thinkphp/thinkphp3.2.3/%7B/Thinkphp/thinkphp3.2.3/Public%7D/js/jquery.min.js
INFO: [ app_init ] --START--
INFO: Run Behavior\BuildLiteBehavior [ RunTime:0.000045s ]
INFO: [ app_init ] --END-- [ RunTime:0.001217s ]
ERR: 无法加载模块:{

[ 2016-08-22T23:54:55+08:00 ] 127.0.0.1 /Thinkphp/thinkphp3.2.3/Public/css/bootstrap.min.css.map
INFO: [ app_init ] --START--
INFO: Run Behavior\BuildLiteBehavior [ RunTime:0.000031s ]
INFO: [ app_init ] --END-- [ RunTime:0.000732s ]
ERR: 无法加载模块:Public

[ 2016-08-22T23:57:07+08:00 ] 127.0.0.1 /Thinkphp/thinkphp3.2.3/Public/css/bootstrap.min.css.map
INFO: [ app_init ] --START--
INFO: Run Behavior\BuildLiteBehavior [ RunTime:0.000029s ]
INFO: [ app_init ] --END-- [ RunTime:0.000581s ]
ERR: 无法加载模块:Public

[ 2016-08-22T23:58:27+08:00 ] 127.0.0.1 /Thinkphp/thinkphp3.2.3/Public/css/bootstrap.min.css.map
INFO: [ app_init ] --START--
INFO: Run Behavior\BuildLiteBehavior [ RunTime:0.000026s ]
INFO: [ app_init ] --END-- [ RunTime:0.000468s ]
ERR: 无法加载模块:Public

[ 2016-08-22T23:58:57+08:00 ] 127.0.0.1 /Thinkphp/thinkphp3.2.3/Public/css/bootstrap.min.css.map
INFO: [ app_init ] --START--
INFO: Run Behavior\BuildLiteBehavior [ RunTime:0.000029s ]
INFO: [ app_init ] --END-- [ RunTime:0.000555s ]
ERR: 无法加载模块:Public

[ 2016-08-22T23:59:16+08:00 ] 127.0.0.1 /Thinkphp/thinkphp3.2.3/Public/css/bootstrap.min.css.map
INFO: [ app_init ] --START--
INFO: Run Behavior\BuildLiteBehavior [ RunTime:0.000050s ]
INFO: [ app_init ] --END-- [ RunTime:0.000957s ]
ERR: 无法加载模块:Public

[ 2016-08-22T23:59:27+08:00 ] 127.0.0.1 /Thinkphp/thinkphp3.2.3/Public/css/bootstrap.min.css.map
INFO: [ app_init ] --START--
INFO: Run Behavior\BuildLiteBehavior [ RunTime:0.000029s ]
INFO: [ app_init ] --END-- [ RunTime:0.000562s ]
ERR: 无法加载模块:Public

