[ 2016-08-25T00:01:41+08:00 ] 127.0.0.1 /Thinkphp/thinkphp3.2.3/Public/css/bootstrap.min.css.map
INFO: [ app_init ] --START--
INFO: Run Behavior\BuildLiteBehavior [ RunTime:0.000032s ]
INFO: [ app_init ] --END-- [ RunTime:0.000570s ]
ERR: 无法加载模块:Public

[ 2016-08-25T00:04:13+08:00 ] 127.0.0.1 /Thinkphp/thinkphp3.2.3/Public/css/bootstrap.min.css.map
INFO: [ app_init ] --START--
INFO: Run Behavior\BuildLiteBehavior [ RunTime:0.000080s ]
INFO: [ app_init ] --END-- [ RunTime:0.001032s ]
ERR: 无法加载模块:Public

[ 2016-08-25T00:04:21+08:00 ] 127.0.0.1 /Thinkphp/thinkphp3.2.3/Public/css/bootstrap.min.css.map
INFO: [ app_init ] --START--
INFO: Run Behavior\BuildLiteBehavior [ RunTime:0.000029s ]
INFO: [ app_init ] --END-- [ RunTime:0.000655s ]
ERR: 无法加载模块:Public

[ 2016-08-25T00:13:08+08:00 ] 127.0.0.1 /Thinkphp/thinkphp3.2.3/Public/css/bootstrap.min.css.map
INFO: [ app_init ] --START--
INFO: Run Behavior\BuildLiteBehavior [ RunTime:0.000030s ]
INFO: [ app_init ] --END-- [ RunTime:0.000606s ]
ERR: 无法加载模块:Public

[ 2016-08-25T00:20:21+08:00 ] 127.0.0.1 /Thinkphp/thinkphp3.2.3/Public/css/bootstrap.min.css.map
INFO: [ app_init ] --START--
INFO: Run Behavior\BuildLiteBehavior [ RunTime:0.000030s ]
INFO: [ app_init ] --END-- [ RunTime:0.000626s ]
ERR: 无法加载模块:Public

[ 2016-08-25T00:24:54+08:00 ] 127.0.0.1 /Thinkphp/thinkphp3.2.3/Public/css/bootstrap.min.css.map
INFO: [ app_init ] --START--
INFO: Run Behavior\BuildLiteBehavior [ RunTime:0.000050s ]
INFO: [ app_init ] --END-- [ RunTime:0.000821s ]
ERR: 无法加载模块:Public

[ 2016-08-25T00:25:05+08:00 ] 127.0.0.1 /Thinkphp/thinkphp3.2.3/Public/View/css.css
INFO: [ app_init ] --START--
INFO: Run Behavior\BuildLiteBehavior [ RunTime:0.000027s ]
INFO: [ app_init ] --END-- [ RunTime:0.000472s ]
ERR: 无法加载模块:Public

[ 2016-08-25T00:25:05+08:00 ] 127.0.0.1 /Thinkphp/thinkphp3.2.3/Public/css/bootstrap.min.css.map
INFO: [ app_init ] --START--
INFO: Run Behavior\BuildLiteBehavior [ RunTime:0.000091s ]
INFO: [ app_init ] --END-- [ RunTime:0.001094s ]
ERR: 无法加载模块:Public

[ 2016-08-25T00:25:49+08:00 ] 127.0.0.1 /Thinkphp/thinkphp3.2.3/Public/css/bootstrap.min.css.map
INFO: [ app_init ] --START--
INFO: Run Behavior\BuildLiteBehavior [ RunTime:0.000050s ]
INFO: [ app_init ] --END-- [ RunTime:0.000929s ]
ERR: 无法加载模块:Public

[ 2016-08-25T00:26:12+08:00 ] 127.0.0.1 /Thinkphp/thinkphp3.2.3/Public/css/bootstrap.min.css.map
INFO: [ app_init ] --START--
INFO: Run Behavior\BuildLiteBehavior [ RunTime:0.000028s ]
INFO: [ app_init ] --END-- [ RunTime:0.000546s ]
ERR: 无法加载模块:Public

[ 2016-08-25T00:27:35+08:00 ] 127.0.0.1 /Thinkphp/thinkphp3.2.3/Public/css/bootstrap.min.css.map
INFO: [ app_init ] --START--
INFO: Run Behavior\BuildLiteBehavior [ RunTime:0.000029s ]
INFO: [ app_init ] --END-- [ RunTime:0.000710s ]
ERR: 无法加载模块:Public

[ 2016-08-25T00:28:34+08:00 ] 127.0.0.1 /Thinkphp/thinkphp3.2.3/Public/css/bootstrap.min.css.map
INFO: [ app_init ] --START--
INFO: Run Behavior\BuildLiteBehavior [ RunTime:0.000026s ]
INFO: [ app_init ] --END-- [ RunTime:0.000528s ]
ERR: 无法加载模块:Public

[ 2016-08-25T00:30:43+08:00 ] 127.0.0.1 /Thinkphp/thinkphp3.2.3/Public/css/bootstrap.min.css.map
INFO: [ app_init ] --START--
INFO: Run Behavior\BuildLiteBehavior [ RunTime:0.000046s ]
INFO: [ app_init ] --END-- [ RunTime:0.000856s ]
ERR: 无法加载模块:Public

[ 2016-08-25T00:30:48+08:00 ] 127.0.0.1 /Thinkphp/thinkphp3.2.3/Public/css/bootstrap.min.css.map
INFO: [ app_init ] --START--
INFO: Run Behavior\BuildLiteBehavior [ RunTime:0.000043s ]
INFO: [ app_init ] --END-- [ RunTime:0.000781s ]
ERR: 无法加载模块:Public

[ 2016-08-25T00:31:22+08:00 ] 127.0.0.1 /Thinkphp/thinkphp3.2.3/Public/css/bootstrap.min.css.map
INFO: [ app_init ] --START--
INFO: Run Behavior\BuildLiteBehavior [ RunTime:0.000030s ]
INFO: [ app_init ] --END-- [ RunTime:0.000539s ]
ERR: 无法加载模块:Public

[ 2016-08-25T00:31:25+08:00 ] 127.0.0.1 /Thinkphp/thinkphp3.2.3/Public/css/bootstrap.min.css.map
INFO: [ app_init ] --START--
INFO: Run Behavior\BuildLiteBehavior [ RunTime:0.000048s ]
INFO: [ app_init ] --END-- [ RunTime:0.000808s ]
ERR: 无法加载模块:Public

[ 2016-08-25T00:31:37+08:00 ] 127.0.0.1 /Thinkphp/thinkphp3.2.3/Public/css/bootstrap.min.css.map
INFO: [ app_init ] --START--
INFO: Run Behavior\BuildLiteBehavior [ RunTime:0.000049s ]
INFO: [ app_init ] --END-- [ RunTime:0.000986s ]
ERR: 无法加载模块:Public

[ 2016-08-25T00:31:54+08:00 ] 127.0.0.1 /Thinkphp/thinkphp3.2.3/Public/css/bootstrap.min.css.map
INFO: [ app_init ] --START--
INFO: Run Behavior\BuildLiteBehavior [ RunTime:0.000026s ]
INFO: [ app_init ] --END-- [ RunTime:0.000625s ]
ERR: 无法加载模块:Public

[ 2016-08-25T00:32:01+08:00 ] 127.0.0.1 /Thinkphp/thinkphp3.2.3/Public/css/bootstrap.min.css.map
INFO: [ app_init ] --START--
INFO: Run Behavior\BuildLiteBehavior [ RunTime:0.000058s ]
INFO: [ app_init ] --END-- [ RunTime:0.000989s ]
ERR: 无法加载模块:Public

[ 2016-08-25T00:34:36+08:00 ] 127.0.0.1 /Thinkphp/thinkphp3.2.3/Public/css/bootstrap.min.css.map
INFO: [ app_init ] --START--
INFO: Run Behavior\BuildLiteBehavior [ RunTime:0.000177s ]
INFO: [ app_init ] --END-- [ RunTime:0.001192s ]
ERR: 无法加载模块:Public

[ 2016-08-25T00:37:21+08:00 ] 127.0.0.1 /Thinkphp/thinkphp3.2.3/Public/css/bootstrap.min.css.map
INFO: [ app_init ] --START--
INFO: Run Behavior\BuildLiteBehavior [ RunTime:0.000046s ]
INFO: [ app_init ] --END-- [ RunTime:0.000677s ]
ERR: 无法加载模块:Public

[ 2016-08-25T00:39:05+08:00 ] 127.0.0.1 /Thinkphp/thinkphp3.2.3/Public/css/bootstrap.min.css.map
INFO: [ app_init ] --START--
INFO: Run Behavior\BuildLiteBehavior [ RunTime:0.000048s ]
INFO: [ app_init ] --END-- [ RunTime:0.001072s ]
ERR: 无法加载模块:Public

[ 2016-08-25T00:46:37+08:00 ] 127.0.0.1 /Thinkphp/thinkphp3.2.3/Public/css/bootstrap.min.css.map
INFO: [ app_init ] --START--
INFO: Run Behavior\BuildLiteBehavior [ RunTime:0.000028s ]
INFO: [ app_init ] --END-- [ RunTime:0.000722s ]
ERR: 无法加载模块:Public

[ 2016-08-25T00:49:32+08:00 ] 127.0.0.1 /Thinkphp/thinkphp3.2.3/Public/css/bootstrap.min.css.map
INFO: [ app_init ] --START--
INFO: Run Behavior\BuildLiteBehavior [ RunTime:0.000038s ]
INFO: [ app_init ] --END-- [ RunTime:0.000715s ]
ERR: 无法加载模块:Public

[ 2016-08-25T00:49:45+08:00 ] 127.0.0.1 /Thinkphp/thinkphp3.2.3/Public/css/bootstrap.min.css.map
INFO: [ app_init ] --START--
INFO: Run Behavior\BuildLiteBehavior [ RunTime:0.000031s ]
INFO: [ app_init ] --END-- [ RunTime:0.000527s ]
ERR: 无法加载模块:Public

[ 2016-08-25T00:49:51+08:00 ] 127.0.0.1 /Thinkphp/thinkphp3.2.3/Public/css/bootstrap.min.css.map
INFO: [ app_init ] --START--
INFO: Run Behavior\BuildLiteBehavior [ RunTime:0.000051s ]
INFO: [ app_init ] --END-- [ RunTime:0.000961s ]
ERR: 无法加载模块:Public

[ 2016-08-25T00:52:00+08:00 ] 127.0.0.1 /Thinkphp/thinkphp3.2.3/Public/css/bootstrap.min.css.map
INFO: [ app_init ] --START--
INFO: Run Behavior\BuildLiteBehavior [ RunTime:0.000045s ]
INFO: [ app_init ] --END-- [ RunTime:0.001239s ]
ERR: 无法加载模块:Public

[ 2016-08-25T01:01:17+08:00 ] 127.0.0.1 /Thinkphp/thinkphp3.2.3/Public/css/bootstrap.min.css.map
INFO: [ app_init ] --START--
INFO: Run Behavior\BuildLiteBehavior [ RunTime:0.000040s ]
INFO: [ app_init ] --END-- [ RunTime:0.000832s ]
ERR: 无法加载模块:Public

[ 2016-08-25T01:01:23+08:00 ] 127.0.0.1 /Thinkphp/thinkphp3.2.3/Public/css/bootstrap.min.css.map
INFO: [ app_init ] --START--
INFO: Run Behavior\BuildLiteBehavior [ RunTime:0.000073s ]
INFO: [ app_init ] --END-- [ RunTime:0.001186s ]
ERR: 无法加载模块:Public

[ 2016-08-25T01:01:26+08:00 ] 127.0.0.1 /Thinkphp/thinkphp3.2.3/Public/css/bootstrap.min.css.map
INFO: [ app_init ] --START--
INFO: Run Behavior\BuildLiteBehavior [ RunTime:0.000076s ]
INFO: [ app_init ] --END-- [ RunTime:0.001798s ]
ERR: 无法加载模块:Public

[ 2016-08-25T01:04:49+08:00 ] 127.0.0.1 /Thinkphp/thinkphp3.2.3/Public/css/bootstrap.min.css.map
INFO: [ app_init ] --START--
INFO: Run Behavior\BuildLiteBehavior [ RunTime:0.000049s ]
INFO: [ app_init ] --END-- [ RunTime:0.001053s ]
ERR: 无法加载模块:Public

[ 2016-08-25T01:04:54+08:00 ] 127.0.0.1 /Thinkphp/thinkphp3.2.3/Public/css/bootstrap.min.css.map
INFO: [ app_init ] --START--
INFO: Run Behavior\BuildLiteBehavior [ RunTime:0.000046s ]
INFO: [ app_init ] --END-- [ RunTime:0.001067s ]
ERR: 无法加载模块:Public

[ 2016-08-25T01:04:56+08:00 ] 127.0.0.1 /Thinkphp/thinkphp3.2.3/Public/css/bootstrap.min.css.map
INFO: [ app_init ] --START--
INFO: Run Behavior\BuildLiteBehavior [ RunTime:0.000045s ]
INFO: [ app_init ] --END-- [ RunTime:0.000808s ]
ERR: 无法加载模块:Public

[ 2016-08-25T01:05:34+08:00 ] 127.0.0.1 /Thinkphp/thinkphp3.2.3/Public/css/bootstrap.min.css.map
INFO: [ app_init ] --START--
INFO: Run Behavior\BuildLiteBehavior [ RunTime:0.000028s ]
INFO: [ app_init ] --END-- [ RunTime:0.000584s ]
ERR: 无法加载模块:Public

[ 2016-08-25T01:05:39+08:00 ] 127.0.0.1 /Thinkphp/thinkphp3.2.3/Public/css/bootstrap.min.css.map
INFO: [ app_init ] --START--
INFO: Run Behavior\BuildLiteBehavior [ RunTime:0.000033s ]
INFO: [ app_init ] --END-- [ RunTime:0.001197s ]
ERR: 无法加载模块:Public

[ 2016-08-25T01:05:41+08:00 ] 127.0.0.1 /Thinkphp/thinkphp3.2.3/Public/css/bootstrap.min.css.map
INFO: [ app_init ] --START--
INFO: Run Behavior\BuildLiteBehavior [ RunTime:0.000029s ]
INFO: [ app_init ] --END-- [ RunTime:0.000553s ]
ERR: 无法加载模块:Public

[ 2016-08-25T01:05:44+08:00 ] 127.0.0.1 /Thinkphp/thinkphp3.2.3/Public/css/bootstrap.min.css.map
INFO: [ app_init ] --START--
INFO: Run Behavior\BuildLiteBehavior [ RunTime:0.000046s ]
INFO: [ app_init ] --END-- [ RunTime:0.000952s ]
ERR: 无法加载模块:Public

[ 2016-08-25T01:05:49+08:00 ] 127.0.0.1 /Thinkphp/thinkphp3.2.3/Public/css/bootstrap.min.css.map
INFO: [ app_init ] --START--
INFO: Run Behavior\BuildLiteBehavior [ RunTime:0.000032s ]
INFO: [ app_init ] --END-- [ RunTime:0.000702s ]
ERR: 无法加载模块:Public

[ 2016-08-25T01:05:52+08:00 ] 127.0.0.1 /Thinkphp/thinkphp3.2.3/Public/css/bootstrap.min.css.map
INFO: [ app_init ] --START--
INFO: Run Behavior\BuildLiteBehavior [ RunTime:0.000065s ]
INFO: [ app_init ] --END-- [ RunTime:0.001306s ]
ERR: 无法加载模块:Public

[ 2016-08-25T09:07:37+08:00 ] 127.0.0.1 /Thinkphp/thinkphp3.2.3/images/admin_logo.png
INFO: [ app_init ] --START--
INFO: Run Behavior\BuildLiteBehavior [ RunTime:0.000026s ]
INFO: [ app_init ] --END-- [ RunTime:0.000529s ]
ERR: 无法加载模块:Images

[ 2016-08-25T09:07:37+08:00 ] 127.0.0.1 /Thinkphp/thinkphp3.2.3/images/admin_logo.png
INFO: [ app_init ] --START--
INFO: Run Behavior\BuildLiteBehavior [ RunTime:0.000026s ]
INFO: [ app_init ] --END-- [ RunTime:0.000522s ]
ERR: 无法加载模块:Images

[ 2016-08-25T09:31:43+08:00 ] 127.0.0.1 /Thinkphp/thinkphp3.2.3/Public/css/bootstrap.min.css.map
INFO: [ app_init ] --START--
INFO: Run Behavior\BuildLiteBehavior [ RunTime:0.000037s ]
INFO: [ app_init ] --END-- [ RunTime:0.000553s ]
ERR: 无法加载模块:Public

[ 2016-08-25T09:32:05+08:00 ] 127.0.0.1 /Thinkphp/thinkphp3.2.3/Public/css/bootstrap.min.css.map
INFO: [ app_init ] --START--
INFO: Run Behavior\BuildLiteBehavior [ RunTime:0.000066s ]
INFO: [ app_init ] --END-- [ RunTime:0.001112s ]
ERR: 无法加载模块:Public

[ 2016-08-25T09:34:36+08:00 ] 127.0.0.1 /Thinkphp/thinkphp3.2.3/Public/css/bootstrap.min.css.map
INFO: [ app_init ] --START--
INFO: Run Behavior\BuildLiteBehavior [ RunTime:0.000047s ]
INFO: [ app_init ] --END-- [ RunTime:0.000829s ]
ERR: 无法加载模块:Public

[ 2016-08-25T09:34:39+08:00 ] 127.0.0.1 /Thinkphp/thinkphp3.2.3/Public/css/bootstrap.min.css.map
INFO: [ app_init ] --START--
INFO: Run Behavior\BuildLiteBehavior [ RunTime:0.000028s ]
INFO: [ app_init ] --END-- [ RunTime:0.000506s ]
ERR: 无法加载模块:Public

[ 2016-08-25T09:34:47+08:00 ] 127.0.0.1 /Thinkphp/thinkphp3.2.3/Public/css/ico.jpg
INFO: [ app_init ] --START--
INFO: Run Behavior\BuildLiteBehavior [ RunTime:0.000043s ]
INFO: [ app_init ] --END-- [ RunTime:0.000656s ]
ERR: 无法加载模块:Public

[ 2016-08-25T09:34:47+08:00 ] 127.0.0.1 /Thinkphp/thinkphp3.2.3/Public/css/bootstrap.min.css.map
INFO: [ app_init ] --START--
INFO: Run Behavior\BuildLiteBehavior [ RunTime:0.000043s ]
INFO: [ app_init ] --END-- [ RunTime:0.000965s ]
ERR: 无法加载模块:Public

[ 2016-08-25T09:34:49+08:00 ] 127.0.0.1 /Thinkphp/thinkphp3.2.3/Public/css/bootstrap.min.css.map
INFO: [ app_init ] --START--
INFO: Run Behavior\BuildLiteBehavior [ RunTime:0.000089s ]
INFO: [ app_init ] --END-- [ RunTime:0.001319s ]
ERR: 无法加载模块:Public

[ 2016-08-25T09:35:01+08:00 ] 127.0.0.1 /Thinkphp/thinkphp3.2.3/Public/css/bootstrap.min.css.map
INFO: [ app_init ] --START--
INFO: Run Behavior\BuildLiteBehavior [ RunTime:0.000065s ]
INFO: [ app_init ] --END-- [ RunTime:0.001330s ]
ERR: 无法加载模块:Public

[ 2016-08-25T09:35:07+08:00 ] 127.0.0.1 /Thinkphp/thinkphp3.2.3/Public/css/bootstrap.min.css.map
INFO: [ app_init ] --START--
INFO: Run Behavior\BuildLiteBehavior [ RunTime:0.000047s ]
INFO: [ app_init ] --END-- [ RunTime:0.000861s ]
ERR: 无法加载模块:Public

[ 2016-08-25T09:35:11+08:00 ] 127.0.0.1 /Thinkphp/thinkphp3.2.3/Public/css/bootstrap.min.css.map
INFO: [ app_init ] --START--
INFO: Run Behavior\BuildLiteBehavior [ RunTime:0.000054s ]
INFO: [ app_init ] --END-- [ RunTime:0.001099s ]
ERR: 无法加载模块:Public

[ 2016-08-25T10:38:41+08:00 ] 127.0.0.1 /Thinkphp/thinkphp3.2.3/Public/css/bootstrap.min.css.map
INFO: [ app_init ] --START--
INFO: Run Behavior\BuildLiteBehavior [ RunTime:0.000029s ]
INFO: [ app_init ] --END-- [ RunTime:0.000609s ]
ERR: 无法加载模块:Public

[ 2016-08-25T10:38:42+08:00 ] 127.0.0.1 /Thinkphp/thinkphp3.2.3/Public/css/bootstrap.min.css.map
INFO: [ app_init ] --START--
INFO: Run Behavior\BuildLiteBehavior [ RunTime:0.000043s ]
INFO: [ app_init ] --END-- [ RunTime:0.000957s ]
ERR: 无法加载模块:Public

[ 2016-08-25T10:38:45+08:00 ] 127.0.0.1 /Thinkphp/thinkphp3.2.3/Public/css/bootstrap.min.css.map
INFO: [ app_init ] --START--
INFO: Run Behavior\BuildLiteBehavior [ RunTime:0.000031s ]
INFO: [ app_init ] --END-- [ RunTime:0.000670s ]
ERR: 无法加载模块:Public

[ 2016-08-25T10:39:24+08:00 ] 127.0.0.1 /Thinkphp/thinkphp3.2.3/Public/css/bootstrap.min.css.map
INFO: [ app_init ] --START--
INFO: Run Behavior\BuildLiteBehavior [ RunTime:0.000045s ]
INFO: [ app_init ] --END-- [ RunTime:0.000827s ]
ERR: 无法加载模块:Public

[ 2016-08-25T10:39:25+08:00 ] 127.0.0.1 /Thinkphp/thinkphp3.2.3/Public/css/bootstrap.min.css.map
INFO: [ app_init ] --START--
INFO: Run Behavior\BuildLiteBehavior [ RunTime:0.000041s ]
INFO: [ app_init ] --END-- [ RunTime:0.000743s ]
ERR: 无法加载模块:Public

[ 2016-08-25T10:39:31+08:00 ] 127.0.0.1 /Thinkphp/thinkphp3.2.3/Public/css/bootstrap.min.css.map
INFO: [ app_init ] --START--
INFO: Run Behavior\BuildLiteBehavior [ RunTime:0.000034s ]
INFO: [ app_init ] --END-- [ RunTime:0.000725s ]
ERR: 无法加载模块:Public

[ 2016-08-25T10:39:32+08:00 ] 127.0.0.1 /Thinkphp/thinkphp3.2.3/Public/css/bootstrap.min.css.map
INFO: [ app_init ] --START--
INFO: Run Behavior\BuildLiteBehavior [ RunTime:0.000029s ]
INFO: [ app_init ] --END-- [ RunTime:0.000537s ]
ERR: 无法加载模块:Public

[ 2016-08-25T10:39:35+08:00 ] 127.0.0.1 /Thinkphp/thinkphp3.2.3/Public/css/bootstrap.min.css.map
INFO: [ app_init ] --START--
INFO: Run Behavior\BuildLiteBehavior [ RunTime:0.000103s ]
INFO: [ app_init ] --END-- [ RunTime:0.001457s ]
ERR: 无法加载模块:Public

[ 2016-08-25T10:43:51+08:00 ] 127.0.0.1 /Thinkphp/thinkphp3.2.3/Public/css/bootstrap.min.css.map
INFO: [ app_init ] --START--
INFO: Run Behavior\BuildLiteBehavior [ RunTime:0.000046s ]
INFO: [ app_init ] --END-- [ RunTime:0.000854s ]
ERR: 无法加载模块:Public

[ 2016-08-25T10:47:16+08:00 ] 127.0.0.1 /Thinkphp/thinkphp3.2.3/Public/css/bootstrap.min.css.map
INFO: [ app_init ] --START--
INFO: Run Behavior\BuildLiteBehavior [ RunTime:0.000097s ]
INFO: [ app_init ] --END-- [ RunTime:0.000887s ]
ERR: 无法加载模块:Public

[ 2016-08-25T10:48:53+08:00 ] 127.0.0.1 /Thinkphp/thinkphp3.2.3/Public/css/bootstrap.min.css.map
INFO: [ app_init ] --START--
INFO: Run Behavior\BuildLiteBehavior [ RunTime:0.000050s ]
INFO: [ app_init ] --END-- [ RunTime:0.001389s ]
ERR: 无法加载模块:Public

[ 2016-08-25T10:50:49+08:00 ] 127.0.0.1 /Thinkphp/thinkphp3.2.3/Public/css/bootstrap.min.css.map
INFO: [ app_init ] --START--
INFO: Run Behavior\BuildLiteBehavior [ RunTime:0.000026s ]
INFO: [ app_init ] --END-- [ RunTime:0.000497s ]
ERR: 无法加载模块:Public

[ 2016-08-25T10:52:31+08:00 ] 127.0.0.1 /Thinkphp/thinkphp3.2.3/Public/css/bootstrap.min.css.map
INFO: [ app_init ] --START--
INFO: Run Behavior\BuildLiteBehavior [ RunTime:0.000044s ]
INFO: [ app_init ] --END-- [ RunTime:0.000749s ]
ERR: 无法加载模块:Public

[ 2016-08-25T10:52:43+08:00 ] 127.0.0.1 /Thinkphp/thinkphp3.2.3/Public/css/bootstrap.min.css.map
INFO: [ app_init ] --START--
INFO: Run Behavior\BuildLiteBehavior [ RunTime:0.000041s ]
INFO: [ app_init ] --END-- [ RunTime:0.000826s ]
ERR: 无法加载模块:Public

[ 2016-08-25T10:54:19+08:00 ] 127.0.0.1 /Thinkphp/thinkphp3.2.3/Public/css/bootstrap.min.css.map
INFO: [ app_init ] --START--
INFO: Run Behavior\BuildLiteBehavior [ RunTime:0.000025s ]
INFO: [ app_init ] --END-- [ RunTime:0.000481s ]
ERR: 无法加载模块:Public

[ 2016-08-25T10:56:03+08:00 ] 127.0.0.1 /Thinkphp/thinkphp3.2.3/images/admin_logo.png
INFO: [ app_init ] --START--
INFO: Run Behavior\BuildLiteBehavior [ RunTime:0.000027s ]
INFO: [ app_init ] --END-- [ RunTime:0.000535s ]
ERR: 无法加载模块:Images

[ 2016-08-25T10:56:06+08:00 ] 127.0.0.1 /Thinkphp/thinkphp3.2.3/Public/css/ico.jpg
INFO: [ app_init ] --START--
INFO: Run Behavior\BuildLiteBehavior [ RunTime:0.000069s ]
INFO: [ app_init ] --END-- [ RunTime:0.000771s ]
ERR: 无法加载模块:Public

[ 2016-08-25T18:46:07+08:00 ] 127.0.0.1 /Thinkphp/thinkphp3.2.3/images/admin_logo.png
INFO: [ app_init ] --START--
INFO: Run Behavior\BuildLiteBehavior [ RunTime:0.000027s ]
INFO: [ app_init ] --END-- [ RunTime:0.000573s ]
ERR: 无法加载模块:Images

[ 2016-08-25T18:46:08+08:00 ] 127.0.0.1 /Thinkphp/thinkphp3.2.3/images/admin_logo.png
INFO: [ app_init ] --START--
INFO: Run Behavior\BuildLiteBehavior [ RunTime:0.000025s ]
INFO: [ app_init ] --END-- [ RunTime:0.000514s ]
ERR: 无法加载模块:Images

[ 2016-08-25T18:49:33+08:00 ] 127.0.0.1 /Thinkphp/thinkphp3.2.3/Public/css/ico.jpg
INFO: [ app_init ] --START--
INFO: Run Behavior\BuildLiteBehavior [ RunTime:0.000025s ]
INFO: [ app_init ] --END-- [ RunTime:0.000474s ]
ERR: 无法加载模块:Public

[ 2016-08-25T19:21:57+08:00 ] 127.0.0.1 /Thinkphp/thinkphp3.2.3/Public/css/bootstrap.min.css.map
INFO: [ app_init ] --START--
INFO: Run Behavior\BuildLiteBehavior [ RunTime:0.000044s ]
INFO: [ app_init ] --END-- [ RunTime:0.000881s ]
ERR: 无法加载模块:Public

[ 2016-08-25T19:26:16+08:00 ] 127.0.0.1 /Thinkphp/thinkphp3.2.3/Public/css/bootstrap.min.css.map
INFO: [ app_init ] --START--
INFO: Run Behavior\BuildLiteBehavior [ RunTime:0.000026s ]
INFO: [ app_init ] --END-- [ RunTime:0.000515s ]
ERR: 无法加载模块:Public

[ 2016-08-25T19:26:38+08:00 ] 127.0.0.1 /Thinkphp/thinkphp3.2.3/Public/css/bootstrap.min.css.map
INFO: [ app_init ] --START--
INFO: Run Behavior\BuildLiteBehavior [ RunTime:0.000039s ]
INFO: [ app_init ] --END-- [ RunTime:0.000705s ]
ERR: 无法加载模块:Public

[ 2016-08-25T19:27:25+08:00 ] 127.0.0.1 /Thinkphp/thinkphp3.2.3/Public/css/bootstrap.min.css.map
INFO: [ app_init ] --START--
INFO: Run Behavior\BuildLiteBehavior [ RunTime:0.000049s ]
INFO: [ app_init ] --END-- [ RunTime:0.001024s ]
ERR: 无法加载模块:Public

[ 2016-08-25T19:37:52+08:00 ] 127.0.0.1 /Thinkphp/thinkphp3.2.3/Public/css/bootstrap.min.css.map
INFO: [ app_init ] --START--
INFO: Run Behavior\BuildLiteBehavior [ RunTime:0.000026s ]
INFO: [ app_init ] --END-- [ RunTime:0.000555s ]
ERR: 无法加载模块:Public

[ 2016-08-25T19:38:00+08:00 ] 127.0.0.1 /Thinkphp/thinkphp3.2.3/Public/css/bootstrap.min.css.map
INFO: [ app_init ] --START--
INFO: Run Behavior\BuildLiteBehavior [ RunTime:0.000032s ]
INFO: [ app_init ] --END-- [ RunTime:0.000748s ]
ERR: 无法加载模块:Public

[ 2016-08-25T19:38:19+08:00 ] 127.0.0.1 /Thinkphp/thinkphp3.2.3/Public/css/bootstrap.min.css.map
INFO: [ app_init ] --START--
INFO: Run Behavior\BuildLiteBehavior [ RunTime:0.000049s ]
INFO: [ app_init ] --END-- [ RunTime:0.001008s ]
ERR: 无法加载模块:Public

[ 2016-08-25T19:38:25+08:00 ] 127.0.0.1 /Thinkphp/thinkphp3.2.3/Public/css/bootstrap.min.css.map
INFO: [ app_init ] --START--
INFO: Run Behavior\BuildLiteBehavior [ RunTime:0.000028s ]
INFO: [ app_init ] --END-- [ RunTime:0.000506s ]
ERR: 无法加载模块:Public

[ 2016-08-25T19:40:39+08:00 ] 127.0.0.1 /Thinkphp/thinkphp3.2.3/Public/css/bootstrap.min.css.map
INFO: [ app_init ] --START--
INFO: Run Behavior\BuildLiteBehavior [ RunTime:0.000034s ]
INFO: [ app_init ] --END-- [ RunTime:0.000527s ]
ERR: 无法加载模块:Public

[ 2016-08-25T19:41:03+08:00 ] 127.0.0.1 /Thinkphp/thinkphp3.2.3/Public/css/bootstrap.min.css.map
INFO: [ app_init ] --START--
INFO: Run Behavior\BuildLiteBehavior [ RunTime:0.000046s ]
INFO: [ app_init ] --END-- [ RunTime:0.000751s ]
ERR: 无法加载模块:Public

[ 2016-08-25T19:41:05+08:00 ] 127.0.0.1 /Thinkphp/thinkphp3.2.3/Public/css/bootstrap.min.css.map
INFO: [ app_init ] --START--
INFO: Run Behavior\BuildLiteBehavior [ RunTime:0.000088s ]
INFO: [ app_init ] --END-- [ RunTime:0.002706s ]
ERR: 无法加载模块:Public

[ 2016-08-25T19:41:06+08:00 ] 127.0.0.1 /Thinkphp/thinkphp3.2.3/Public/css/bootstrap.min.css.map
INFO: [ app_init ] --START--
INFO: Run Behavior\BuildLiteBehavior [ RunTime:0.000092s ]
INFO: [ app_init ] --END-- [ RunTime:0.001144s ]
ERR: 无法加载模块:Public

[ 2016-08-25T19:42:18+08:00 ] 127.0.0.1 /Thinkphp/thinkphp3.2.3/Public/css/bootstrap.min.css.map
INFO: [ app_init ] --START--
INFO: Run Behavior\BuildLiteBehavior [ RunTime:0.000044s ]
INFO: [ app_init ] --END-- [ RunTime:0.000839s ]
ERR: 无法加载模块:Public

[ 2016-08-25T19:42:21+08:00 ] 127.0.0.1 /Thinkphp/thinkphp3.2.3/Public/css/bootstrap.min.css.map
INFO: [ app_init ] --START--
INFO: Run Behavior\BuildLiteBehavior [ RunTime:0.000037s ]
INFO: [ app_init ] --END-- [ RunTime:0.001448s ]
ERR: 无法加载模块:Public

[ 2016-08-25T19:42:31+08:00 ] 127.0.0.1 /Thinkphp/thinkphp3.2.3/Public/css/bootstrap.min.css.map
INFO: [ app_init ] --START--
INFO: Run Behavior\BuildLiteBehavior [ RunTime:0.000049s ]
INFO: [ app_init ] --END-- [ RunTime:0.000785s ]
ERR: 无法加载模块:Public

[ 2016-08-25T19:43:36+08:00 ] 127.0.0.1 /Thinkphp/thinkphp3.2.3/Public/css/bootstrap.min.css.map
INFO: [ app_init ] --START--
INFO: Run Behavior\BuildLiteBehavior [ RunTime:0.000029s ]
INFO: [ app_init ] --END-- [ RunTime:0.000517s ]
ERR: 无法加载模块:Public

[ 2016-08-25T19:43:37+08:00 ] 127.0.0.1 /Thinkphp/thinkphp3.2.3/Public/css/bootstrap.min.css.map
INFO: [ app_init ] --START--
INFO: Run Behavior\BuildLiteBehavior [ RunTime:0.000052s ]
INFO: [ app_init ] --END-- [ RunTime:0.000881s ]
ERR: 无法加载模块:Public

[ 2016-08-25T19:44:20+08:00 ] 127.0.0.1 /Thinkphp/thinkphp3.2.3/Public/css/bootstrap.min.css.map
INFO: [ app_init ] --START--
INFO: Run Behavior\BuildLiteBehavior [ RunTime:0.000045s ]
INFO: [ app_init ] --END-- [ RunTime:0.000804s ]
ERR: 无法加载模块:Public

[ 2016-08-25T19:44:22+08:00 ] 127.0.0.1 /Thinkphp/thinkphp3.2.3/Public/css/bootstrap.min.css.map
INFO: [ app_init ] --START--
INFO: Run Behavior\BuildLiteBehavior [ RunTime:0.000045s ]
INFO: [ app_init ] --END-- [ RunTime:0.000886s ]
ERR: 无法加载模块:Public

[ 2016-08-25T19:44:52+08:00 ] 127.0.0.1 /Thinkphp/thinkphp3.2.3/Public/css/bootstrap.min.css.map
INFO: [ app_init ] --START--
INFO: Run Behavior\BuildLiteBehavior [ RunTime:0.000039s ]
INFO: [ app_init ] --END-- [ RunTime:0.000669s ]
ERR: 无法加载模块:Public

[ 2016-08-25T19:44:54+08:00 ] 127.0.0.1 /Thinkphp/thinkphp3.2.3/Public/css/bootstrap.min.css.map
INFO: [ app_init ] --START--
INFO: Run Behavior\BuildLiteBehavior [ RunTime:0.000046s ]
INFO: [ app_init ] --END-- [ RunTime:0.001003s ]
ERR: 无法加载模块:Public

[ 2016-08-25T19:45:45+08:00 ] 127.0.0.1 /Thinkphp/thinkphp3.2.3/Public/css/bootstrap.min.css.map
INFO: [ app_init ] --START--
INFO: Run Behavior\BuildLiteBehavior [ RunTime:0.000027s ]
INFO: [ app_init ] --END-- [ RunTime:0.000494s ]
ERR: 无法加载模块:Public

[ 2016-08-25T19:45:46+08:00 ] 127.0.0.1 /Thinkphp/thinkphp3.2.3/Public/css/bootstrap.min.css.map
INFO: [ app_init ] --START--
INFO: Run Behavior\BuildLiteBehavior [ RunTime:0.000051s ]
INFO: [ app_init ] --END-- [ RunTime:0.001956s ]
ERR: 无法加载模块:Public

[ 2016-08-25T19:45:48+08:00 ] 127.0.0.1 /Thinkphp/thinkphp3.2.3/Public/css/bootstrap.min.css.map
INFO: [ app_init ] --START--
INFO: Run Behavior\BuildLiteBehavior [ RunTime:0.000046s ]
INFO: [ app_init ] --END-- [ RunTime:0.000968s ]
ERR: 无法加载模块:Public

[ 2016-08-25T19:46:50+08:00 ] 127.0.0.1 /Thinkphp/thinkphp3.2.3/Public/css/bootstrap.min.css.map
INFO: [ app_init ] --START--
INFO: Run Behavior\BuildLiteBehavior [ RunTime:0.000051s ]
INFO: [ app_init ] --END-- [ RunTime:0.000726s ]
ERR: 无法加载模块:Public

[ 2016-08-25T19:46:51+08:00 ] 127.0.0.1 /Thinkphp/thinkphp3.2.3/Public/css/bootstrap.min.css.map
INFO: [ app_init ] --START--
INFO: Run Behavior\BuildLiteBehavior [ RunTime:0.000025s ]
INFO: [ app_init ] --END-- [ RunTime:0.000505s ]
ERR: 无法加载模块:Public

[ 2016-08-25T19:46:51+08:00 ] 127.0.0.1 /Thinkphp/thinkphp3.2.3/Public/css/bootstrap.min.css.map
INFO: [ app_init ] --START--
INFO: Run Behavior\BuildLiteBehavior [ RunTime:0.000479s ]
INFO: [ app_init ] --END-- [ RunTime:0.001862s ]
ERR: 无法加载模块:Public

[ 2016-08-25T19:46:52+08:00 ] 127.0.0.1 /Thinkphp/thinkphp3.2.3/Public/css/bootstrap.min.css.map
INFO: [ app_init ] --START--
INFO: Run Behavior\BuildLiteBehavior [ RunTime:0.000029s ]
INFO: [ app_init ] --END-- [ RunTime:0.000741s ]
ERR: 无法加载模块:Public

[ 2016-08-25T19:46:53+08:00 ] 127.0.0.1 /Thinkphp/thinkphp3.2.3/Public/css/bootstrap.min.css.map
INFO: [ app_init ] --START--
INFO: Run Behavior\BuildLiteBehavior [ RunTime:0.000051s ]
INFO: [ app_init ] --END-- [ RunTime:0.000897s ]
ERR: 无法加载模块:Public

[ 2016-08-25T19:47:42+08:00 ] 127.0.0.1 /Thinkphp/thinkphp3.2.3/Public/css/bootstrap.min.css.map
INFO: [ app_init ] --START--
INFO: Run Behavior\BuildLiteBehavior [ RunTime:0.000026s ]
INFO: [ app_init ] --END-- [ RunTime:0.000492s ]
ERR: 无法加载模块:Public

[ 2016-08-25T19:47:44+08:00 ] 127.0.0.1 /Thinkphp/thinkphp3.2.3/Public/css/bootstrap.min.css.map
INFO: [ app_init ] --START--
INFO: Run Behavior\BuildLiteBehavior [ RunTime:0.000046s ]
INFO: [ app_init ] --END-- [ RunTime:0.000862s ]
ERR: 无法加载模块:Public

[ 2016-08-25T19:47:45+08:00 ] 127.0.0.1 /Thinkphp/thinkphp3.2.3/Public/css/bootstrap.min.css.map
INFO: [ app_init ] --START--
INFO: Run Behavior\BuildLiteBehavior [ RunTime:0.000043s ]
INFO: [ app_init ] --END-- [ RunTime:0.000928s ]
ERR: 无法加载模块:Public

[ 2016-08-25T19:47:46+08:00 ] 127.0.0.1 /Thinkphp/thinkphp3.2.3/Public/css/bootstrap.min.css.map
INFO: [ app_init ] --START--
INFO: Run Behavior\BuildLiteBehavior [ RunTime:0.000043s ]
INFO: [ app_init ] --END-- [ RunTime:0.000800s ]
ERR: 无法加载模块:Public

[ 2016-08-25T19:47:46+08:00 ] 127.0.0.1 /Thinkphp/thinkphp3.2.3/Public/css/bootstrap.min.css.map
INFO: [ app_init ] --START--
INFO: Run Behavior\BuildLiteBehavior [ RunTime:0.000046s ]
INFO: [ app_init ] --END-- [ RunTime:0.000807s ]
ERR: 无法加载模块:Public

[ 2016-08-25T19:49:48+08:00 ] 127.0.0.1 /Thinkphp/thinkphp3.2.3/Public/css/bootstrap.min.css.map
INFO: [ app_init ] --START--
INFO: Run Behavior\BuildLiteBehavior [ RunTime:0.000046s ]
INFO: [ app_init ] --END-- [ RunTime:0.001251s ]
ERR: 无法加载模块:Public

[ 2016-08-25T19:49:58+08:00 ] 127.0.0.1 /Thinkphp/thinkphp3.2.3/Public/css/bootstrap.min.css.map
INFO: [ app_init ] --START--
INFO: Run Behavior\BuildLiteBehavior [ RunTime:0.000026s ]
INFO: [ app_init ] --END-- [ RunTime:0.000554s ]
ERR: 无法加载模块:Public

[ 2016-08-25T19:50:19+08:00 ] 127.0.0.1 /Thinkphp/thinkphp3.2.3/Public/css/bootstrap.min.css.map
INFO: [ app_init ] --START--
INFO: Run Behavior\BuildLiteBehavior [ RunTime:0.000029s ]
INFO: [ app_init ] --END-- [ RunTime:0.000576s ]
ERR: 无法加载模块:Public

[ 2016-08-25T19:50:41+08:00 ] 127.0.0.1 /Thinkphp/thinkphp3.2.3/Public/css/bootstrap.min.css.map
INFO: [ app_init ] --START--
INFO: Run Behavior\BuildLiteBehavior [ RunTime:0.000030s ]
INFO: [ app_init ] --END-- [ RunTime:0.000576s ]
ERR: 无法加载模块:Public

[ 2016-08-25T19:50:44+08:00 ] 127.0.0.1 /Thinkphp/thinkphp3.2.3/Public/css/bootstrap.min.css.map
INFO: [ app_init ] --START--
INFO: Run Behavior\BuildLiteBehavior [ RunTime:0.000030s ]
INFO: [ app_init ] --END-- [ RunTime:0.000542s ]
ERR: 无法加载模块:Public

[ 2016-08-25T19:51:28+08:00 ] 127.0.0.1 /Thinkphp/thinkphp3.2.3/Public/css/bootstrap.min.css.map
INFO: [ app_init ] --START--
INFO: Run Behavior\BuildLiteBehavior [ RunTime:0.000044s ]
INFO: [ app_init ] --END-- [ RunTime:0.000855s ]
ERR: 无法加载模块:Public

[ 2016-08-25T19:52:05+08:00 ] 127.0.0.1 /Thinkphp/thinkphp3.2.3/Public/css/bootstrap.min.css.map
INFO: [ app_init ] --START--
INFO: Run Behavior\BuildLiteBehavior [ RunTime:0.000030s ]
INFO: [ app_init ] --END-- [ RunTime:0.000611s ]
ERR: 无法加载模块:Public

[ 2016-08-25T19:52:06+08:00 ] 127.0.0.1 /Thinkphp/thinkphp3.2.3/Public/css/bootstrap.min.css.map
INFO: [ app_init ] --START--
INFO: Run Behavior\BuildLiteBehavior [ RunTime:0.000054s ]
INFO: [ app_init ] --END-- [ RunTime:0.001074s ]
ERR: 无法加载模块:Public

[ 2016-08-25T20:12:50+08:00 ] 127.0.0.1 /Thinkphp/thinkphp3.2.3/Public/css/bootstrap.min.css.map
INFO: [ app_init ] --START--
INFO: Run Behavior\BuildLiteBehavior [ RunTime:0.000031s ]
INFO: [ app_init ] --END-- [ RunTime:0.000567s ]
ERR: 无法加载模块:Public

[ 2016-08-25T20:13:40+08:00 ] 127.0.0.1 /Thinkphp/thinkphp3.2.3/Public/css/bootstrap.min.css.map
INFO: [ app_init ] --START--
INFO: Run Behavior\BuildLiteBehavior [ RunTime:0.000028s ]
INFO: [ app_init ] --END-- [ RunTime:0.000549s ]
ERR: 无法加载模块:Public

[ 2016-08-25T20:14:22+08:00 ] 127.0.0.1 /Thinkphp/thinkphp3.2.3/Public/css/bootstrap.min.css.map
INFO: [ app_init ] --START--
INFO: Run Behavior\BuildLiteBehavior [ RunTime:0.000029s ]
INFO: [ app_init ] --END-- [ RunTime:0.000547s ]
ERR: 无法加载模块:Public

[ 2016-08-25T20:14:53+08:00 ] 127.0.0.1 /Thinkphp/thinkphp3.2.3/Public/css/bootstrap.min.css.map
INFO: [ app_init ] --START--
INFO: Run Behavior\BuildLiteBehavior [ RunTime:0.000030s ]
INFO: [ app_init ] --END-- [ RunTime:0.000630s ]
ERR: 无法加载模块:Public

[ 2016-08-25T20:16:15+08:00 ] 127.0.0.1 /Thinkphp/thinkphp3.2.3/Public/css/bootstrap.min.css.map
INFO: [ app_init ] --START--
INFO: Run Behavior\BuildLiteBehavior [ RunTime:0.000029s ]
INFO: [ app_init ] --END-- [ RunTime:0.000524s ]
ERR: 无法加载模块:Public

[ 2016-08-25T20:16:34+08:00 ] 127.0.0.1 /Thinkphp/thinkphp3.2.3/Public/css/bootstrap.min.css.map
INFO: [ app_init ] --START--
INFO: Run Behavior\BuildLiteBehavior [ RunTime:0.000029s ]
INFO: [ app_init ] --END-- [ RunTime:0.000520s ]
ERR: 无法加载模块:Public

[ 2016-08-25T20:16:47+08:00 ] 127.0.0.1 /Thinkphp/thinkphp3.2.3/Public/css/bootstrap.min.css.map
INFO: [ app_init ] --START--
INFO: Run Behavior\BuildLiteBehavior [ RunTime:0.000029s ]
INFO: [ app_init ] --END-- [ RunTime:0.000573s ]
ERR: 无法加载模块:Public

[ 2016-08-25T20:16:48+08:00 ] 127.0.0.1 /Thinkphp/thinkphp3.2.3/Public/css/bootstrap.min.css.map
INFO: [ app_init ] --START--
INFO: Run Behavior\BuildLiteBehavior [ RunTime:0.000050s ]
INFO: [ app_init ] --END-- [ RunTime:0.000954s ]
ERR: 无法加载模块:Public

[ 2016-08-25T20:23:45+08:00 ] 127.0.0.1 /Thinkphp/thinkphp3.2.3/Public/css/bootstrap.min.css.map
INFO: [ app_init ] --START--
INFO: Run Behavior\BuildLiteBehavior [ RunTime:0.000042s ]
INFO: [ app_init ] --END-- [ RunTime:0.000523s ]
ERR: 无法加载模块:Public

[ 2016-08-25T20:29:17+08:00 ] 127.0.0.1 /Thinkphp/thinkphp3.2.3/Public/css/bootstrap.min.css.map
INFO: [ app_init ] --START--
INFO: Run Behavior\BuildLiteBehavior [ RunTime:0.000029s ]
INFO: [ app_init ] --END-- [ RunTime:0.000525s ]
ERR: 无法加载模块:Public

[ 2016-08-25T20:35:31+08:00 ] 127.0.0.1 /Thinkphp/thinkphp3.2.3/Public/css/bootstrap.min.css.map
INFO: [ app_init ] --START--
INFO: Run Behavior\BuildLiteBehavior [ RunTime:0.000117s ]
INFO: [ app_init ] --END-- [ RunTime:0.001817s ]
ERR: 无法加载模块:Public

[ 2016-08-25T20:47:33+08:00 ] 127.0.0.1 /Thinkphp/thinkphp3.2.3/Public/css/bootstrap.min.css.map
INFO: [ app_init ] --START--
INFO: Run Behavior\BuildLiteBehavior [ RunTime:0.000048s ]
INFO: [ app_init ] --END-- [ RunTime:0.000910s ]
ERR: 无法加载模块:Public

[ 2016-08-25T20:47:34+08:00 ] 127.0.0.1 /Thinkphp/thinkphp3.2.3/Public/css/bootstrap.min.css.map
INFO: [ app_init ] --START--
INFO: Run Behavior\BuildLiteBehavior [ RunTime:0.000041s ]
INFO: [ app_init ] --END-- [ RunTime:0.000711s ]
ERR: 无法加载模块:Public

[ 2016-08-25T20:47:56+08:00 ] 127.0.0.1 /Thinkphp/thinkphp3.2.3/Public/css/bootstrap.min.css.map
INFO: [ app_init ] --START--
INFO: Run Behavior\BuildLiteBehavior [ RunTime:0.000031s ]
INFO: [ app_init ] --END-- [ RunTime:0.000595s ]
ERR: 无法加载模块:Public

[ 2016-08-25T20:47:58+08:00 ] 127.0.0.1 /Thinkphp/thinkphp3.2.3/Public/css/bootstrap.min.css.map
INFO: [ app_init ] --START--
INFO: Run Behavior\BuildLiteBehavior [ RunTime:0.000052s ]
INFO: [ app_init ] --END-- [ RunTime:0.001031s ]
ERR: 无法加载模块:Public

[ 2016-08-25T20:48:55+08:00 ] 127.0.0.1 /Thinkphp/thinkphp3.2.3/Public/css/bootstrap.min.css.map
INFO: [ app_init ] --START--
INFO: Run Behavior\BuildLiteBehavior [ RunTime:0.000047s ]
INFO: [ app_init ] --END-- [ RunTime:0.000871s ]
ERR: 无法加载模块:Public

[ 2016-08-25T20:50:04+08:00 ] 127.0.0.1 /Thinkphp/thinkphp3.2.3/Public/css/bootstrap.min.css.map
INFO: [ app_init ] --START--
INFO: Run Behavior\BuildLiteBehavior [ RunTime:0.000028s ]
INFO: [ app_init ] --END-- [ RunTime:0.000587s ]
ERR: 无法加载模块:Public

[ 2016-08-25T20:50:47+08:00 ] 127.0.0.1 /Thinkphp/thinkphp3.2.3/Public/css/bootstrap.min.css.map
INFO: [ app_init ] --START--
INFO: Run Behavior\BuildLiteBehavior [ RunTime:0.000047s ]
INFO: [ app_init ] --END-- [ RunTime:0.000628s ]
ERR: 无法加载模块:Public

[ 2016-08-25T20:53:04+08:00 ] 127.0.0.1 /Thinkphp/thinkphp3.2.3/Public/css/bootstrap.min.css.map
INFO: [ app_init ] --START--
INFO: Run Behavior\BuildLiteBehavior [ RunTime:0.000049s ]
INFO: [ app_init ] --END-- [ RunTime:0.000795s ]
ERR: 无法加载模块:Public

[ 2016-08-25T20:56:58+08:00 ] 127.0.0.1 /Thinkphp/thinkphp3.2.3/Public/css/bootstrap.min.css.map
INFO: [ app_init ] --START--
INFO: Run Behavior\BuildLiteBehavior [ RunTime:0.000049s ]
INFO: [ app_init ] --END-- [ RunTime:0.001188s ]
ERR: 无法加载模块:Public

[ 2016-08-25T20:56:59+08:00 ] 127.0.0.1 /Thinkphp/thinkphp3.2.3/Public/css/bootstrap.min.css.map
INFO: [ app_init ] --START--
INFO: Run Behavior\BuildLiteBehavior [ RunTime:0.000045s ]
INFO: [ app_init ] --END-- [ RunTime:0.001145s ]
ERR: 无法加载模块:Public

[ 2016-08-25T20:57:01+08:00 ] 127.0.0.1 /Thinkphp/thinkphp3.2.3/Public/css/bootstrap.min.css.map
INFO: [ app_init ] --START--
INFO: Run Behavior\BuildLiteBehavior [ RunTime:0.000045s ]
INFO: [ app_init ] --END-- [ RunTime:0.001271s ]
ERR: 无法加载模块:Public

[ 2016-08-25T20:58:48+08:00 ] 127.0.0.1 /Thinkphp/thinkphp3.2.3/Public/css/bootstrap.min.css.map
INFO: [ app_init ] --START--
INFO: Run Behavior\BuildLiteBehavior [ RunTime:0.000029s ]
INFO: [ app_init ] --END-- [ RunTime:0.000553s ]
ERR: 无法加载模块:Public

[ 2016-08-25T21:00:32+08:00 ] 127.0.0.1 /Thinkphp/thinkphp3.2.3/Public/css/bootstrap.min.css.map
INFO: [ app_init ] --START--
INFO: Run Behavior\BuildLiteBehavior [ RunTime:0.000028s ]
INFO: [ app_init ] --END-- [ RunTime:0.000546s ]
ERR: 无法加载模块:Public

[ 2016-08-25T21:00:44+08:00 ] 127.0.0.1 /Thinkphp/thinkphp3.2.3/Public/css/bootstrap.min.css.map
INFO: [ app_init ] --START--
INFO: Run Behavior\BuildLiteBehavior [ RunTime:0.000047s ]
INFO: [ app_init ] --END-- [ RunTime:0.001120s ]
ERR: 无法加载模块:Public

[ 2016-08-25T21:02:53+08:00 ] 127.0.0.1 /Thinkphp/thinkphp3.2.3/Public/css/bootstrap.min.css.map
INFO: [ app_init ] --START--
INFO: Run Behavior\BuildLiteBehavior [ RunTime:0.000029s ]
INFO: [ app_init ] --END-- [ RunTime:0.000493s ]
ERR: 无法加载模块:Public

[ 2016-08-25T21:03:02+08:00 ] 127.0.0.1 /Thinkphp/thinkphp3.2.3/Public/css/bootstrap.min.css.map
INFO: [ app_init ] --START--
INFO: Run Behavior\BuildLiteBehavior [ RunTime:0.000029s ]
INFO: [ app_init ] --END-- [ RunTime:0.000727s ]
ERR: 无法加载模块:Public

[ 2016-08-25T21:04:11+08:00 ] 127.0.0.1 /Thinkphp/thinkphp3.2.3/Public/css/bootstrap.min.css.map
INFO: [ app_init ] --START--
INFO: Run Behavior\BuildLiteBehavior [ RunTime:0.000053s ]
INFO: [ app_init ] --END-- [ RunTime:0.001004s ]
ERR: 无法加载模块:Public

[ 2016-08-25T21:04:14+08:00 ] 127.0.0.1 /Thinkphp/thinkphp3.2.3/Public/css/bootstrap.min.css.map
INFO: [ app_init ] --START--
INFO: Run Behavior\BuildLiteBehavior [ RunTime:0.000043s ]
INFO: [ app_init ] --END-- [ RunTime:0.000839s ]
ERR: 无法加载模块:Public

[ 2016-08-25T21:07:47+08:00 ] 127.0.0.1 /Thinkphp/thinkphp3.2.3/Public/css/bootstrap.min.css.map
INFO: [ app_init ] --START--
INFO: Run Behavior\BuildLiteBehavior [ RunTime:0.000048s ]
INFO: [ app_init ] --END-- [ RunTime:0.000936s ]
ERR: 无法加载模块:Public

[ 2016-08-25T21:07:51+08:00 ] 127.0.0.1 /Thinkphp/thinkphp3.2.3/Public/css/bootstrap.min.css.map
INFO: [ app_init ] --START--
INFO: Run Behavior\BuildLiteBehavior [ RunTime:0.000075s ]
INFO: [ app_init ] --END-- [ RunTime:0.001424s ]
ERR: 无法加载模块:Public

[ 2016-08-25T21:07:52+08:00 ] 127.0.0.1 /Thinkphp/thinkphp3.2.3/Public/css/bootstrap.min.css.map
INFO: [ app_init ] --START--
INFO: Run Behavior\BuildLiteBehavior [ RunTime:0.000046s ]
INFO: [ app_init ] --END-- [ RunTime:0.000920s ]
ERR: 无法加载模块:Public

[ 2016-08-25T21:07:53+08:00 ] 127.0.0.1 /Thinkphp/thinkphp3.2.3/Public/css/bootstrap.min.css.map
INFO: [ app_init ] --START--
INFO: Run Behavior\BuildLiteBehavior [ RunTime:0.000043s ]
INFO: [ app_init ] --END-- [ RunTime:0.000914s ]
ERR: 无法加载模块:Public

[ 2016-08-25T21:07:55+08:00 ] 127.0.0.1 /Thinkphp/thinkphp3.2.3/Public/css/bootstrap.min.css.map
INFO: [ app_init ] --START--
INFO: Run Behavior\BuildLiteBehavior [ RunTime:0.000029s ]
INFO: [ app_init ] --END-- [ RunTime:0.000658s ]
ERR: 无法加载模块:Public

[ 2016-08-25T21:08:05+08:00 ] 127.0.0.1 /Thinkphp/thinkphp3.2.3/Public/css/bootstrap.min.css.map
INFO: [ app_init ] --START--
INFO: Run Behavior\BuildLiteBehavior [ RunTime:0.000029s ]
INFO: [ app_init ] --END-- [ RunTime:0.000514s ]
ERR: 无法加载模块:Public

[ 2016-08-25T21:08:07+08:00 ] 127.0.0.1 /Thinkphp/thinkphp3.2.3/Public/css/bootstrap.min.css.map
INFO: [ app_init ] --START--
INFO: Run Behavior\BuildLiteBehavior [ RunTime:0.000029s ]
INFO: [ app_init ] --END-- [ RunTime:0.000599s ]
ERR: 无法加载模块:Public

[ 2016-08-25T21:08:09+08:00 ] 127.0.0.1 /Thinkphp/thinkphp3.2.3/Public/css/bootstrap.min.css.map
INFO: [ app_init ] --START--
INFO: Run Behavior\BuildLiteBehavior [ RunTime:0.000044s ]
INFO: [ app_init ] --END-- [ RunTime:0.000827s ]
ERR: 无法加载模块:Public

[ 2016-08-25T21:09:46+08:00 ] 127.0.0.1 /Thinkphp/thinkphp3.2.3/Public/css/bootstrap.min.css.map
INFO: [ app_init ] --START--
INFO: Run Behavior\BuildLiteBehavior [ RunTime:0.000049s ]
INFO: [ app_init ] --END-- [ RunTime:0.001065s ]
ERR: 无法加载模块:Public

[ 2016-08-25T21:09:47+08:00 ] 127.0.0.1 /Thinkphp/thinkphp3.2.3/Public/css/bootstrap.min.css.map
INFO: [ app_init ] --START--
INFO: Run Behavior\BuildLiteBehavior [ RunTime:0.000047s ]
INFO: [ app_init ] --END-- [ RunTime:0.000875s ]
ERR: 无法加载模块:Public

[ 2016-08-25T21:10:06+08:00 ] 127.0.0.1 /Thinkphp/thinkphp3.2.3/Public/css/bootstrap.min.css.map
INFO: [ app_init ] --START--
INFO: Run Behavior\BuildLiteBehavior [ RunTime:0.000026s ]
INFO: [ app_init ] --END-- [ RunTime:0.000535s ]
ERR: 无法加载模块:Public

[ 2016-08-25T21:10:59+08:00 ] 127.0.0.1 /Thinkphp/thinkphp3.2.3/Public/css/bootstrap.min.css.map
INFO: [ app_init ] --START--
INFO: Run Behavior\BuildLiteBehavior [ RunTime:0.000029s ]
INFO: [ app_init ] --END-- [ RunTime:0.000546s ]
ERR: 无法加载模块:Public

[ 2016-08-25T21:11:01+08:00 ] 127.0.0.1 /Thinkphp/thinkphp3.2.3/Public/css/bootstrap.min.css.map
INFO: [ app_init ] --START--
INFO: Run Behavior\BuildLiteBehavior [ RunTime:0.000067s ]
INFO: [ app_init ] --END-- [ RunTime:0.001745s ]
ERR: 无法加载模块:Public

[ 2016-08-25T21:11:02+08:00 ] 127.0.0.1 /Thinkphp/thinkphp3.2.3/Public/css/bootstrap.min.css.map
INFO: [ app_init ] --START--
INFO: Run Behavior\BuildLiteBehavior [ RunTime:0.000095s ]
INFO: [ app_init ] --END-- [ RunTime:0.001021s ]
ERR: 无法加载模块:Public

[ 2016-08-25T21:11:03+08:00 ] 127.0.0.1 /Thinkphp/thinkphp3.2.3/Public/css/bootstrap.min.css.map
INFO: [ app_init ] --START--
INFO: Run Behavior\BuildLiteBehavior [ RunTime:0.000050s ]
INFO: [ app_init ] --END-- [ RunTime:0.000805s ]
ERR: 无法加载模块:Public

[ 2016-08-25T21:11:03+08:00 ] 127.0.0.1 /Thinkphp/thinkphp3.2.3/Public/css/bootstrap.min.css.map
INFO: [ app_init ] --START--
INFO: Run Behavior\BuildLiteBehavior [ RunTime:0.000031s ]
INFO: [ app_init ] --END-- [ RunTime:0.000696s ]
ERR: 无法加载模块:Public

[ 2016-08-25T21:11:05+08:00 ] 127.0.0.1 /Thinkphp/thinkphp3.2.3/Public/css/bootstrap.min.css.map
INFO: [ app_init ] --START--
INFO: Run Behavior\BuildLiteBehavior [ RunTime:0.000029s ]
INFO: [ app_init ] --END-- [ RunTime:0.000572s ]
ERR: 无法加载模块:Public

[ 2016-08-25T21:11:33+08:00 ] 127.0.0.1 /Thinkphp/thinkphp3.2.3/Public/css/bootstrap.min.css.map
INFO: [ app_init ] --START--
INFO: Run Behavior\BuildLiteBehavior [ RunTime:0.000042s ]
INFO: [ app_init ] --END-- [ RunTime:0.000840s ]
ERR: 无法加载模块:Public

[ 2016-08-25T21:12:14+08:00 ] 127.0.0.1 /Thinkphp/thinkphp3.2.3/Public/css/bootstrap.min.css.map
INFO: [ app_init ] --START--
INFO: Run Behavior\BuildLiteBehavior [ RunTime:0.000048s ]
INFO: [ app_init ] --END-- [ RunTime:0.001201s ]
ERR: 无法加载模块:Public

[ 2016-08-25T21:12:16+08:00 ] 127.0.0.1 /Thinkphp/thinkphp3.2.3/Public/css/bootstrap.min.css.map
INFO: [ app_init ] --START--
INFO: Run Behavior\BuildLiteBehavior [ RunTime:0.000037s ]
INFO: [ app_init ] --END-- [ RunTime:0.000598s ]
ERR: 无法加载模块:Public

[ 2016-08-25T21:12:23+08:00 ] 127.0.0.1 /Thinkphp/thinkphp3.2.3/Public/css/bootstrap.min.css.map
INFO: [ app_init ] --START--
INFO: Run Behavior\BuildLiteBehavior [ RunTime:0.000047s ]
INFO: [ app_init ] --END-- [ RunTime:0.000921s ]
ERR: 无法加载模块:Public

[ 2016-08-25T21:13:19+08:00 ] 127.0.0.1 /Thinkphp/thinkphp3.2.3/Public/css/bootstrap.min.css.map
INFO: [ app_init ] --START--
INFO: Run Behavior\BuildLiteBehavior [ RunTime:0.000259s ]
INFO: [ app_init ] --END-- [ RunTime:0.001654s ]
ERR: 无法加载模块:Public

[ 2016-08-25T21:13:20+08:00 ] 127.0.0.1 /Thinkphp/thinkphp3.2.3/Public/css/bootstrap.min.css.map
INFO: [ app_init ] --START--
INFO: Run Behavior\BuildLiteBehavior [ RunTime:0.000041s ]
INFO: [ app_init ] --END-- [ RunTime:0.000841s ]
ERR: 无法加载模块:Public

[ 2016-08-25T21:13:25+08:00 ] 127.0.0.1 /Thinkphp/thinkphp3.2.3/Public/css/bootstrap.min.css.map
INFO: [ app_init ] --START--
INFO: Run Behavior\BuildLiteBehavior [ RunTime:0.000040s ]
INFO: [ app_init ] --END-- [ RunTime:0.000961s ]
ERR: 无法加载模块:Public

[ 2016-08-25T21:13:37+08:00 ] 127.0.0.1 /Thinkphp/thinkphp3.2.3/Public/css/bootstrap.min.css.map
INFO: [ app_init ] --START--
INFO: Run Behavior\BuildLiteBehavior [ RunTime:0.000053s ]
INFO: [ app_init ] --END-- [ RunTime:0.001263s ]
ERR: 无法加载模块:Public

[ 2016-08-25T21:13:39+08:00 ] 127.0.0.1 /Thinkphp/thinkphp3.2.3/Public/css/bootstrap.min.css.map
INFO: [ app_init ] --START--
INFO: Run Behavior\BuildLiteBehavior [ RunTime:0.000045s ]
INFO: [ app_init ] --END-- [ RunTime:0.000788s ]
ERR: 无法加载模块:Public

[ 2016-08-25T21:13:44+08:00 ] 127.0.0.1 /Thinkphp/thinkphp3.2.3/Public/css/bootstrap.min.css.map
INFO: [ app_init ] --START--
INFO: Run Behavior\BuildLiteBehavior [ RunTime:0.000293s ]
INFO: [ app_init ] --END-- [ RunTime:0.001944s ]
ERR: 无法加载模块:Public

[ 2016-08-25T21:14:32+08:00 ] 127.0.0.1 /Thinkphp/thinkphp3.2.3/Public/css/bootstrap.min.css.map
INFO: [ app_init ] --START--
INFO: Run Behavior\BuildLiteBehavior [ RunTime:0.000046s ]
INFO: [ app_init ] --END-- [ RunTime:0.000890s ]
ERR: 无法加载模块:Public

[ 2016-08-25T21:14:34+08:00 ] 127.0.0.1 /Thinkphp/thinkphp3.2.3/Public/css/bootstrap.min.css.map
INFO: [ app_init ] --START--
INFO: Run Behavior\BuildLiteBehavior [ RunTime:0.000143s ]
INFO: [ app_init ] --END-- [ RunTime:0.001481s ]
ERR: 无法加载模块:Public

[ 2016-08-25T21:14:38+08:00 ] 127.0.0.1 /Thinkphp/thinkphp3.2.3/Public/css/bootstrap.min.css.map
INFO: [ app_init ] --START--
INFO: Run Behavior\BuildLiteBehavior [ RunTime:0.000044s ]
INFO: [ app_init ] --END-- [ RunTime:0.000814s ]
ERR: 无法加载模块:Public

[ 2016-08-25T21:15:20+08:00 ] 127.0.0.1 /Thinkphp/thinkphp3.2.3/Public/css/bootstrap.min.css.map
INFO: [ app_init ] --START--
INFO: Run Behavior\BuildLiteBehavior [ RunTime:0.000049s ]
INFO: [ app_init ] --END-- [ RunTime:0.001096s ]
ERR: 无法加载模块:Public

[ 2016-08-25T21:15:21+08:00 ] 127.0.0.1 /Thinkphp/thinkphp3.2.3/Public/css/bootstrap.min.css.map
INFO: [ app_init ] --START--
INFO: Run Behavior\BuildLiteBehavior [ RunTime:0.000041s ]
INFO: [ app_init ] --END-- [ RunTime:0.000858s ]
ERR: 无法加载模块:Public

[ 2016-08-25T21:32:58+08:00 ] 127.0.0.1 /Thinkphp/thinkphp3.2.3/Public/css/bootstrap.min.css.map
INFO: [ app_init ] --START--
INFO: Run Behavior\BuildLiteBehavior [ RunTime:0.000029s ]
INFO: [ app_init ] --END-- [ RunTime:0.000572s ]
ERR: 无法加载模块:Public

