[ 2016-08-23T00:04:48+08:00 ] 127.0.0.1 /Thinkphp/thinkphp3.2.3/Public/css/bootstrap.min.css.map
INFO: [ app_init ] --START--
INFO: Run Behavior\BuildLiteBehavior [ RunTime:0.000045s ]
INFO: [ app_init ] --END-- [ RunTime:0.000865s ]
ERR: 无法加载模块:Public

[ 2016-08-23T00:09:50+08:00 ] 127.0.0.1 /Thinkphp/thinkphp3.2.3/images/admin_logo.png
INFO: [ app_init ] --START--
INFO: Run Behavior\BuildLiteBehavior [ RunTime:0.000047s ]
INFO: [ app_init ] --END-- [ RunTime:0.000885s ]
ERR: 无法加载模块:Images

[ 2016-08-23T00:09:50+08:00 ] 127.0.0.1 /Thinkphp/thinkphp3.2.3/Public/css/bootstrap.min.css.map
INFO: [ app_init ] --START--
INFO: Run Behavior\BuildLiteBehavior [ RunTime:0.000027s ]
INFO: [ app_init ] --END-- [ RunTime:0.000537s ]
ERR: 无法加载模块:Public

[ 2016-08-23T00:11:40+08:00 ] 127.0.0.1 /Thinkphp/thinkphp3.2.3/images/admin_logo.png
INFO: [ app_init ] --START--
INFO: Run Behavior\BuildLiteBehavior [ RunTime:0.000046s ]
INFO: [ app_init ] --END-- [ RunTime:0.000935s ]
ERR: 无法加载模块:Images

[ 2016-08-23T00:11:40+08:00 ] 127.0.0.1 /Thinkphp/thinkphp3.2.3/Public/admin/jquery.mCustomScrollbar.css
INFO: [ app_init ] --START--
INFO: Run Behavior\BuildLiteBehavior [ RunTime:0.000026s ]
INFO: [ app_init ] --END-- [ RunTime:0.000573s ]
ERR: 无法加载模块:Public

[ 2016-08-23T00:11:40+08:00 ] 127.0.0.1 /Thinkphp/thinkphp3.2.3/Public/css/bootstrap.min.css.map
INFO: [ app_init ] --START--
INFO: Run Behavior\BuildLiteBehavior [ RunTime:0.000028s ]
INFO: [ app_init ] --END-- [ RunTime:0.000673s ]
ERR: 无法加载模块:Public

[ 2016-08-23T00:11:40+08:00 ] 127.0.0.1 /Thinkphp/thinkphp3.2.3/images/admin_logo.png
INFO: [ app_init ] --START--
INFO: Run Behavior\BuildLiteBehavior [ RunTime:0.000028s ]
INFO: [ app_init ] --END-- [ RunTime:0.000501s ]
ERR: 无法加载模块:Images

[ 2016-08-23T00:11:40+08:00 ] 127.0.0.1 /Thinkphp/thinkphp3.2.3/Public/admin/font/adminthemes-webfont.woff2
INFO: [ app_init ] --START--
INFO: Run Behavior\BuildLiteBehavior [ RunTime:0.000027s ]
INFO: [ app_init ] --END-- [ RunTime:0.000485s ]
ERR: 无法加载模块:Public

[ 2016-08-23T00:11:40+08:00 ] 127.0.0.1 /Thinkphp/thinkphp3.2.3/Public/admin/font/adminthemes-webfont.woff
INFO: [ app_init ] --START--
INFO: Run Behavior\BuildLiteBehavior [ RunTime:0.000024s ]
INFO: [ app_init ] --END-- [ RunTime:0.000464s ]
ERR: 无法加载模块:Public

[ 2016-08-23T00:11:40+08:00 ] 127.0.0.1 /Thinkphp/thinkphp3.2.3/Public/admin/font/adminthemes-webfont.ttf
INFO: [ app_init ] --START--
INFO: Run Behavior\BuildLiteBehavior [ RunTime:0.000042s ]
INFO: [ app_init ] --END-- [ RunTime:0.000635s ]
ERR: 无法加载模块:Public

[ 2016-08-23T00:14:53+08:00 ] 127.0.0.1 /Thinkphp/thinkphp3.2.3/images/admin_logo.png
INFO: [ app_init ] --START--
INFO: Run Behavior\BuildLiteBehavior [ RunTime:0.000025s ]
INFO: [ app_init ] --END-- [ RunTime:0.000508s ]
ERR: 无法加载模块:Images

[ 2016-08-23T00:14:53+08:00 ] 127.0.0.1 /Thinkphp/thinkphp3.2.3/Public/admin/jquery.mCustomScrollbar.css
INFO: [ app_init ] --START--
INFO: Run Behavior\BuildLiteBehavior [ RunTime:0.000036s ]
INFO: [ app_init ] --END-- [ RunTime:0.001062s ]
ERR: 无法加载模块:Public

[ 2016-08-23T00:14:53+08:00 ] 127.0.0.1 /Thinkphp/thinkphp3.2.3/Public/css/bootstrap.min.css.map
INFO: [ app_init ] --START--
INFO: Run Behavior\BuildLiteBehavior [ RunTime:0.000046s ]
INFO: [ app_init ] --END-- [ RunTime:0.000779s ]
ERR: 无法加载模块:Public

[ 2016-08-23T00:14:53+08:00 ] 127.0.0.1 /Thinkphp/thinkphp3.2.3/images/admin_logo.png
INFO: [ app_init ] --START--
INFO: Run Behavior\BuildLiteBehavior [ RunTime:0.000029s ]
INFO: [ app_init ] --END-- [ RunTime:0.000568s ]
ERR: 无法加载模块:Images

[ 2016-08-23T00:16:37+08:00 ] 127.0.0.1 /Thinkphp/thinkphp3.2.3/images/admin_logo.png
INFO: [ app_init ] --START--
INFO: Run Behavior\BuildLiteBehavior [ RunTime:0.000100s ]
INFO: [ app_init ] --END-- [ RunTime:0.001213s ]
ERR: 无法加载模块:Images

[ 2016-08-23T00:16:37+08:00 ] 127.0.0.1 /Thinkphp/thinkphp3.2.3/images/admin_logo.png
INFO: [ app_init ] --START--
INFO: Run Behavior\BuildLiteBehavior [ RunTime:0.000041s ]
INFO: [ app_init ] --END-- [ RunTime:0.000976s ]
ERR: 无法加载模块:Images

[ 2016-08-23T00:16:37+08:00 ] 127.0.0.1 /Thinkphp/thinkphp3.2.3/Public/css/bootstrap.min.css.map
INFO: [ app_init ] --START--
INFO: Run Behavior\BuildLiteBehavior [ RunTime:0.000028s ]
INFO: [ app_init ] --END-- [ RunTime:0.000531s ]
ERR: 无法加载模块:Public

[ 2016-08-23T00:17:53+08:00 ] 127.0.0.1 /Thinkphp/thinkphp3.2.3/images/admin_logo.png
INFO: [ app_init ] --START--
INFO: Run Behavior\BuildLiteBehavior [ RunTime:0.000041s ]
INFO: [ app_init ] --END-- [ RunTime:0.000629s ]
ERR: 无法加载模块:Images

[ 2016-08-23T00:17:53+08:00 ] 127.0.0.1 /Thinkphp/thinkphp3.2.3/Public/css/bootstrap.min.css.map
INFO: [ app_init ] --START--
INFO: Run Behavior\BuildLiteBehavior [ RunTime:0.000030s ]
INFO: [ app_init ] --END-- [ RunTime:0.000567s ]
ERR: 无法加载模块:Public

[ 2016-08-23T00:18:52+08:00 ] 127.0.0.1 /Thinkphp/thinkphp3.2.3/images/admin_logo.png
INFO: [ app_init ] --START--
INFO: Run Behavior\BuildLiteBehavior [ RunTime:0.000046s ]
INFO: [ app_init ] --END-- [ RunTime:0.000904s ]
ERR: 无法加载模块:Images

[ 2016-08-23T00:18:52+08:00 ] 127.0.0.1 /Thinkphp/thinkphp3.2.3/Public/css/bootstrap.min.css.map
INFO: [ app_init ] --START--
INFO: Run Behavior\BuildLiteBehavior [ RunTime:0.000063s ]
INFO: [ app_init ] --END-- [ RunTime:0.001118s ]
ERR: 无法加载模块:Public

[ 2016-08-23T00:18:52+08:00 ] 127.0.0.1 /Thinkphp/thinkphp3.2.3/images/admin_logo.png
INFO: [ app_init ] --START--
INFO: Run Behavior\BuildLiteBehavior [ RunTime:0.000029s ]
INFO: [ app_init ] --END-- [ RunTime:0.000483s ]
ERR: 无法加载模块:Images

[ 2016-08-23T00:19:15+08:00 ] 127.0.0.1 /Thinkphp/thinkphp3.2.3/Public/css/bootstrap.min.css.map
INFO: [ app_init ] --START--
INFO: Run Behavior\BuildLiteBehavior [ RunTime:0.000029s ]
INFO: [ app_init ] --END-- [ RunTime:0.000572s ]
ERR: 无法加载模块:Public

[ 2016-08-23T00:21:32+08:00 ] 127.0.0.1 /Thinkphp/thinkphp3.2.3/images/admin_logo.png
INFO: [ app_init ] --START--
INFO: Run Behavior\BuildLiteBehavior [ RunTime:0.000049s ]
INFO: [ app_init ] --END-- [ RunTime:0.000804s ]
ERR: 无法加载模块:Images

[ 2016-08-23T00:21:32+08:00 ] 127.0.0.1 /Thinkphp/thinkphp3.2.3/Public/jquery.mCustomScrollbar.concat.min.js
INFO: [ app_init ] --START--
INFO: Run Behavior\BuildLiteBehavior [ RunTime:0.000028s ]
INFO: [ app_init ] --END-- [ RunTime:0.000785s ]
ERR: 无法加载模块:Public

[ 2016-08-23T00:21:32+08:00 ] 127.0.0.1 /Thinkphp/thinkphp3.2.3/Public/css/bootstrap.min.css.map
INFO: [ app_init ] --START--
INFO: Run Behavior\BuildLiteBehavior [ RunTime:0.000041s ]
INFO: [ app_init ] --END-- [ RunTime:0.000604s ]
ERR: 无法加载模块:Public

[ 2016-08-23T00:21:32+08:00 ] 127.0.0.1 /Thinkphp/thinkphp3.2.3/images/admin_logo.png
INFO: [ app_init ] --START--
INFO: Run Behavior\BuildLiteBehavior [ RunTime:0.000046s ]
INFO: [ app_init ] --END-- [ RunTime:0.000996s ]
ERR: 无法加载模块:Images

[ 2016-08-23T00:22:13+08:00 ] 127.0.0.1 /Thinkphp/thinkphp3.2.3/images/admin_logo.png
INFO: [ app_init ] --START--
INFO: Run Behavior\BuildLiteBehavior [ RunTime:0.000049s ]
INFO: [ app_init ] --END-- [ RunTime:0.000867s ]
ERR: 无法加载模块:Images

[ 2016-08-23T00:22:13+08:00 ] 127.0.0.1 /Thinkphp/thinkphp3.2.3/Public/css/bootstrap.min.css.map
INFO: [ app_init ] --START--
INFO: Run Behavior\BuildLiteBehavior [ RunTime:0.000029s ]
INFO: [ app_init ] --END-- [ RunTime:0.000513s ]
ERR: 无法加载模块:Public

[ 2016-08-23T00:23:04+08:00 ] 127.0.0.1 /Thinkphp/thinkphp3.2.3/images/admin_logo.png
INFO: [ app_init ] --START--
INFO: Run Behavior\BuildLiteBehavior [ RunTime:0.000030s ]
INFO: [ app_init ] --END-- [ RunTime:0.000632s ]
ERR: 无法加载模块:Images

[ 2016-08-23T00:24:51+08:00 ] 127.0.0.1 /Thinkphp/thinkphp3.2.3/images/admin_logo.png
INFO: [ app_init ] --START--
INFO: Run Behavior\BuildLiteBehavior [ RunTime:0.000032s ]
INFO: [ app_init ] --END-- [ RunTime:0.000807s ]
ERR: 无法加载模块:Images

[ 2016-08-23T00:27:41+08:00 ] 127.0.0.1 /Thinkphp/thinkphp3.2.3/images/admin_logo.png
INFO: [ app_init ] --START--
INFO: Run Behavior\BuildLiteBehavior [ RunTime:0.000029s ]
INFO: [ app_init ] --END-- [ RunTime:0.000530s ]
ERR: 无法加载模块:Images

[ 2016-08-23T00:28:30+08:00 ] 127.0.0.1 /Thinkphp/thinkphp3.2.3/images/admin_logo.png
INFO: [ app_init ] --START--
INFO: Run Behavior\BuildLiteBehavior [ RunTime:0.000029s ]
INFO: [ app_init ] --END-- [ RunTime:0.000627s ]
ERR: 无法加载模块:Images

[ 2016-08-23T00:28:42+08:00 ] 127.0.0.1 /Thinkphp/thinkphp3.2.3/images/admin_logo.png
INFO: [ app_init ] --START--
INFO: Run Behavior\BuildLiteBehavior [ RunTime:0.000032s ]
INFO: [ app_init ] --END-- [ RunTime:0.000565s ]
ERR: 无法加载模块:Images

[ 2016-08-23T00:29:18+08:00 ] 127.0.0.1 /Thinkphp/thinkphp3.2.3/images/admin_logo.png
INFO: [ app_init ] --START--
INFO: Run Behavior\BuildLiteBehavior [ RunTime:0.000031s ]
INFO: [ app_init ] --END-- [ RunTime:0.000730s ]
ERR: 无法加载模块:Images

[ 2016-08-23T00:29:42+08:00 ] 127.0.0.1 /Thinkphp/thinkphp3.2.3/images/admin_logo.png
INFO: [ app_init ] --START--
INFO: Run Behavior\BuildLiteBehavior [ RunTime:0.000027s ]
INFO: [ app_init ] --END-- [ RunTime:0.000548s ]
ERR: 无法加载模块:Images

[ 2016-08-23T00:29:52+08:00 ] 127.0.0.1 /Thinkphp/thinkphp3.2.3/images/admin_logo.png
INFO: [ app_init ] --START--
INFO: Run Behavior\BuildLiteBehavior [ RunTime:0.000055s ]
INFO: [ app_init ] --END-- [ RunTime:0.001327s ]
ERR: 无法加载模块:Images

[ 2016-08-23T00:30:48+08:00 ] 127.0.0.1 /Thinkphp/thinkphp3.2.3/images/admin_logo.png
INFO: [ app_init ] --START--
INFO: Run Behavior\BuildLiteBehavior [ RunTime:0.000046s ]
INFO: [ app_init ] --END-- [ RunTime:0.000984s ]
ERR: 无法加载模块:Images

[ 2016-08-23T00:31:16+08:00 ] 127.0.0.1 /Thinkphp/thinkphp3.2.3/images/admin_logo.png
INFO: [ app_init ] --START--
INFO: Run Behavior\BuildLiteBehavior [ RunTime:0.000030s ]
INFO: [ app_init ] --END-- [ RunTime:0.000599s ]
ERR: 无法加载模块:Images

[ 2016-08-23T00:32:03+08:00 ] 127.0.0.1 /Thinkphp/thinkphp3.2.3/Public/css/bootstrap.min.css.map
INFO: [ app_init ] --START--
INFO: Run Behavior\BuildLiteBehavior [ RunTime:0.000031s ]
INFO: [ app_init ] --END-- [ RunTime:0.000761s ]
ERR: 无法加载模块:Public

[ 2016-08-23T00:33:20+08:00 ] 127.0.0.1 /Thinkphp/thinkphp3.2.3/images/admin_logo.png
INFO: [ app_init ] --START--
INFO: Run Behavior\BuildLiteBehavior [ RunTime:0.000086s ]
INFO: [ app_init ] --END-- [ RunTime:0.000849s ]
ERR: 无法加载模块:Images

[ 2016-08-23T00:33:20+08:00 ] 127.0.0.1 /Thinkphp/thinkphp3.2.3/Public/css/bootstrap.min.css.map
INFO: [ app_init ] --START--
INFO: Run Behavior\BuildLiteBehavior [ RunTime:0.000056s ]
INFO: [ app_init ] --END-- [ RunTime:0.001659s ]
ERR: 无法加载模块:Public

[ 2016-08-23T00:33:41+08:00 ] 127.0.0.1 /Thinkphp/thinkphp3.2.3/images/admin_logo.png
INFO: [ app_init ] --START--
INFO: Run Behavior\BuildLiteBehavior [ RunTime:0.000034s ]
INFO: [ app_init ] --END-- [ RunTime:0.000752s ]
ERR: 无法加载模块:Images

[ 2016-08-23T00:33:41+08:00 ] 127.0.0.1 /Thinkphp/thinkphp3.2.3/Public/css/bootstrap.min.css.map
INFO: [ app_init ] --START--
INFO: Run Behavior\BuildLiteBehavior [ RunTime:0.000048s ]
INFO: [ app_init ] --END-- [ RunTime:0.000893s ]
ERR: 无法加载模块:Public

[ 2016-08-23T00:34:00+08:00 ] 127.0.0.1 /Thinkphp/thinkphp3.2.3/images/admin_logo.png
INFO: [ app_init ] --START--
INFO: Run Behavior\BuildLiteBehavior [ RunTime:0.000069s ]
INFO: [ app_init ] --END-- [ RunTime:0.000933s ]
ERR: 无法加载模块:Images

[ 2016-08-23T00:34:00+08:00 ] 127.0.0.1 /Thinkphp/thinkphp3.2.3/Public/css/bootstrap.min.css.map
INFO: [ app_init ] --START--
INFO: Run Behavior\BuildLiteBehavior [ RunTime:0.000052s ]
INFO: [ app_init ] --END-- [ RunTime:0.000891s ]
ERR: 无法加载模块:Public

[ 2016-08-23T00:37:10+08:00 ] 127.0.0.1 /Thinkphp/thinkphp3.2.3/images/admin_logo.png
INFO: [ app_init ] --START--
INFO: Run Behavior\BuildLiteBehavior [ RunTime:0.000101s ]
INFO: [ app_init ] --END-- [ RunTime:0.001398s ]
ERR: 无法加载模块:Images

[ 2016-08-23T00:37:10+08:00 ] 127.0.0.1 /Thinkphp/thinkphp3.2.3/Public/css/bootstrap.min.css.map
INFO: [ app_init ] --START--
INFO: Run Behavior\BuildLiteBehavior [ RunTime:0.000044s ]
INFO: [ app_init ] --END-- [ RunTime:0.000656s ]
ERR: 无法加载模块:Public

[ 2016-08-23T00:37:24+08:00 ] 127.0.0.1 /Thinkphp/thinkphp3.2.3/images/admin_logo.png
INFO: [ app_init ] --START--
INFO: Run Behavior\BuildLiteBehavior [ RunTime:0.000041s ]
INFO: [ app_init ] --END-- [ RunTime:0.000790s ]
ERR: 无法加载模块:Images

[ 2016-08-23T00:37:24+08:00 ] 127.0.0.1 /Thinkphp/thinkphp3.2.3/Public/css/bootstrap.min.css.map
INFO: [ app_init ] --START--
INFO: Run Behavior\BuildLiteBehavior [ RunTime:0.000026s ]
INFO: [ app_init ] --END-- [ RunTime:0.000510s ]
ERR: 无法加载模块:Public

[ 2016-08-23T00:38:01+08:00 ] 127.0.0.1 /Thinkphp/thinkphp3.2.3/images/admin_logo.png
INFO: [ app_init ] --START--
INFO: Run Behavior\BuildLiteBehavior [ RunTime:0.000031s ]
INFO: [ app_init ] --END-- [ RunTime:0.000656s ]
ERR: 无法加载模块:Images

[ 2016-08-23T00:38:18+08:00 ] 127.0.0.1 /Thinkphp/thinkphp3.2.3/images/admin_logo.png
INFO: [ app_init ] --START--
INFO: Run Behavior\BuildLiteBehavior [ RunTime:0.000051s ]
INFO: [ app_init ] --END-- [ RunTime:0.000843s ]
ERR: 无法加载模块:Images

[ 2016-08-23T00:38:48+08:00 ] 127.0.0.1 /Thinkphp/thinkphp3.2.3/images/admin_logo.png
INFO: [ app_init ] --START--
INFO: Run Behavior\BuildLiteBehavior [ RunTime:0.000030s ]
INFO: [ app_init ] --END-- [ RunTime:0.000575s ]
ERR: 无法加载模块:Images

[ 2016-08-23T00:39:22+08:00 ] 127.0.0.1 /Thinkphp/thinkphp3.2.3/images/admin_logo.png
INFO: [ app_init ] --START--
INFO: Run Behavior\BuildLiteBehavior [ RunTime:0.000043s ]
INFO: [ app_init ] --END-- [ RunTime:0.000614s ]
ERR: 无法加载模块:Images

[ 2016-08-23T00:40:10+08:00 ] 127.0.0.1 /Thinkphp/thinkphp3.2.3/images/admin_logo.png
INFO: [ app_init ] --START--
INFO: Run Behavior\BuildLiteBehavior [ RunTime:0.000067s ]
INFO: [ app_init ] --END-- [ RunTime:0.000833s ]
ERR: 无法加载模块:Images

[ 2016-08-23T00:41:21+08:00 ] 127.0.0.1 /Thinkphp/thinkphp3.2.3/images/admin_logo.png
INFO: [ app_init ] --START--
INFO: Run Behavior\BuildLiteBehavior [ RunTime:0.000049s ]
INFO: [ app_init ] --END-- [ RunTime:0.001093s ]
ERR: 无法加载模块:Images

[ 2016-08-23T00:41:52+08:00 ] 127.0.0.1 /Thinkphp/thinkphp3.2.3/images/admin_logo.png
INFO: [ app_init ] --START--
INFO: Run Behavior\BuildLiteBehavior [ RunTime:0.000050s ]
INFO: [ app_init ] --END-- [ RunTime:0.001362s ]
ERR: 无法加载模块:Images

[ 2016-08-23T00:42:41+08:00 ] 127.0.0.1 /Thinkphp/thinkphp3.2.3/images/admin_logo.png
INFO: [ app_init ] --START--
INFO: Run Behavior\BuildLiteBehavior [ RunTime:0.000055s ]
INFO: [ app_init ] --END-- [ RunTime:0.000983s ]
ERR: 无法加载模块:Images

[ 2016-08-23T00:43:13+08:00 ] 127.0.0.1 /Thinkphp/thinkphp3.2.3/images/admin_logo.png
INFO: [ app_init ] --START--
INFO: Run Behavior\BuildLiteBehavior [ RunTime:0.000048s ]
INFO: [ app_init ] --END-- [ RunTime:0.000839s ]
ERR: 无法加载模块:Images

[ 2016-08-23T00:43:26+08:00 ] 127.0.0.1 /Thinkphp/thinkphp3.2.3/images/admin_logo.png
INFO: [ app_init ] --START--
INFO: Run Behavior\BuildLiteBehavior [ RunTime:0.000029s ]
INFO: [ app_init ] --END-- [ RunTime:0.000729s ]
ERR: 无法加载模块:Images

[ 2016-08-23T00:47:40+08:00 ] 127.0.0.1 /Thinkphp/thinkphp3.2.3/images/admin_logo.png
INFO: [ app_init ] --START--
INFO: Run Behavior\BuildLiteBehavior [ RunTime:0.000029s ]
INFO: [ app_init ] --END-- [ RunTime:0.000556s ]
ERR: 无法加载模块:Images

[ 2016-08-23T00:47:49+08:00 ] 127.0.0.1 /Thinkphp/thinkphp3.2.3/Public/css/bootstrap.min.css.map
INFO: [ app_init ] --START--
INFO: Run Behavior\BuildLiteBehavior [ RunTime:0.000194s ]
INFO: [ app_init ] --END-- [ RunTime:0.002031s ]
ERR: 无法加载模块:Public

[ 2016-08-23T00:48:32+08:00 ] 127.0.0.1 /Thinkphp/thinkphp3.2.3/images/admin_logo.png
INFO: [ app_init ] --START--
INFO: Run Behavior\BuildLiteBehavior [ RunTime:0.000032s ]
INFO: [ app_init ] --END-- [ RunTime:0.000894s ]
ERR: 无法加载模块:Images

[ 2016-08-23T00:48:32+08:00 ] 127.0.0.1 /Thinkphp/thinkphp3.2.3/Public/css/bootstrap.min.css.map
INFO: [ app_init ] --START--
INFO: Run Behavior\BuildLiteBehavior [ RunTime:0.000030s ]
INFO: [ app_init ] --END-- [ RunTime:0.000657s ]
ERR: 无法加载模块:Public

[ 2016-08-23T00:48:44+08:00 ] 127.0.0.1 /Thinkphp/thinkphp3.2.3/Public/css/bootstrap.min.css.map
INFO: [ app_init ] --START--
INFO: Run Behavior\BuildLiteBehavior [ RunTime:0.000044s ]
INFO: [ app_init ] --END-- [ RunTime:0.000819s ]
ERR: 无法加载模块:Public

[ 2016-08-23T00:50:54+08:00 ] 127.0.0.1 /Thinkphp/thinkphp3.2.3/images/admin_logo.png
INFO: [ app_init ] --START--
INFO: Run Behavior\BuildLiteBehavior [ RunTime:0.000052s ]
INFO: [ app_init ] --END-- [ RunTime:0.001340s ]
ERR: 无法加载模块:Images

[ 2016-08-23T00:50:54+08:00 ] 127.0.0.1 /Thinkphp/thinkphp3.2.3/Public/css/bootstrap.min.css.map
INFO: [ app_init ] --START--
INFO: Run Behavior\BuildLiteBehavior [ RunTime:0.000064s ]
INFO: [ app_init ] --END-- [ RunTime:0.001177s ]
ERR: 无法加载模块:Public

[ 2016-08-23T00:51:18+08:00 ] 127.0.0.1 /Thinkphp/thinkphp3.2.3/images/admin_logo.png
INFO: [ app_init ] --START--
INFO: Run Behavior\BuildLiteBehavior [ RunTime:0.000028s ]
INFO: [ app_init ] --END-- [ RunTime:0.000540s ]
ERR: 无法加载模块:Images

[ 2016-08-23T00:51:18+08:00 ] 127.0.0.1 /Thinkphp/thinkphp3.2.3/Public/css/bootstrap.min.css.map
INFO: [ app_init ] --START--
INFO: Run Behavior\BuildLiteBehavior [ RunTime:0.000104s ]
INFO: [ app_init ] --END-- [ RunTime:0.001447s ]
ERR: 无法加载模块:Public

[ 2016-08-23T00:51:18+08:00 ] 127.0.0.1 /Thinkphp/thinkphp3.2.3/images/admin_logo.png
INFO: [ app_init ] --START--
INFO: Run Behavior\BuildLiteBehavior [ RunTime:0.000049s ]
INFO: [ app_init ] --END-- [ RunTime:0.000974s ]
ERR: 无法加载模块:Images

[ 2016-08-23T00:53:37+08:00 ] 127.0.0.1 /Thinkphp/thinkphp3.2.3/images/admin_logo.png
INFO: [ app_init ] --START--
INFO: Run Behavior\BuildLiteBehavior [ RunTime:0.000029s ]
INFO: [ app_init ] --END-- [ RunTime:0.000742s ]
ERR: 无法加载模块:Images

[ 2016-08-23T00:53:37+08:00 ] 127.0.0.1 /Thinkphp/thinkphp3.2.3/Public/css/bootstrap.min.css.map
INFO: [ app_init ] --START--
INFO: Run Behavior\BuildLiteBehavior [ RunTime:0.000031s ]
INFO: [ app_init ] --END-- [ RunTime:0.000608s ]
ERR: 无法加载模块:Public

[ 2016-08-23T00:53:53+08:00 ] 127.0.0.1 /Thinkphp/thinkphp3.2.3/Public/css/bootstrap.min.css.map
INFO: [ app_init ] --START--
INFO: Run Behavior\BuildLiteBehavior [ RunTime:0.000030s ]
INFO: [ app_init ] --END-- [ RunTime:0.000737s ]
ERR: 无法加载模块:Public

[ 2016-08-23T00:54:14+08:00 ] 127.0.0.1 /Thinkphp/thinkphp3.2.3/Public/css/bootstrap.min.css.map
INFO: [ app_init ] --START--
INFO: Run Behavior\BuildLiteBehavior [ RunTime:0.000042s ]
INFO: [ app_init ] --END-- [ RunTime:0.000765s ]
ERR: 无法加载模块:Public

[ 2016-08-23T00:55:09+08:00 ] 127.0.0.1 /Thinkphp/thinkphp3.2.3/images/admin_logo.png
INFO: [ app_init ] --START--
INFO: Run Behavior\BuildLiteBehavior [ RunTime:0.000049s ]
INFO: [ app_init ] --END-- [ RunTime:0.001154s ]
ERR: 无法加载模块:Images

[ 2016-08-23T00:55:09+08:00 ] 127.0.0.1 /Thinkphp/thinkphp3.2.3/Public/css/bootstrap.min.css.map
INFO: [ app_init ] --START--
INFO: Run Behavior\BuildLiteBehavior [ RunTime:0.000029s ]
INFO: [ app_init ] --END-- [ RunTime:0.000550s ]
ERR: 无法加载模块:Public

[ 2016-08-23T00:55:30+08:00 ] 127.0.0.1 /Thinkphp/thinkphp3.2.3/images/admin_logo.png
INFO: [ app_init ] --START--
INFO: Run Behavior\BuildLiteBehavior [ RunTime:0.000056s ]
INFO: [ app_init ] --END-- [ RunTime:0.001070s ]
ERR: 无法加载模块:Images

[ 2016-08-23T00:55:30+08:00 ] 127.0.0.1 /Thinkphp/thinkphp3.2.3/Public/css/bootstrap.min.css.map
INFO: [ app_init ] --START--
INFO: Run Behavior\BuildLiteBehavior [ RunTime:0.000030s ]
INFO: [ app_init ] --END-- [ RunTime:0.000597s ]
ERR: 无法加载模块:Public

[ 2016-08-23T00:56:09+08:00 ] 127.0.0.1 /Thinkphp/thinkphp3.2.3/images/admin_logo.png
INFO: [ app_init ] --START--
INFO: Run Behavior\BuildLiteBehavior [ RunTime:0.000033s ]
INFO: [ app_init ] --END-- [ RunTime:0.000648s ]
ERR: 无法加载模块:Images

[ 2016-08-23T00:56:09+08:00 ] 127.0.0.1 /Thinkphp/thinkphp3.2.3/Public/css/bootstrap.min.css.map
INFO: [ app_init ] --START--
INFO: Run Behavior\BuildLiteBehavior [ RunTime:0.000045s ]
INFO: [ app_init ] --END-- [ RunTime:0.000812s ]
ERR: 无法加载模块:Public

[ 2016-08-23T00:56:23+08:00 ] 127.0.0.1 /Thinkphp/thinkphp3.2.3/images/admin_logo.png
INFO: [ app_init ] --START--
INFO: Run Behavior\BuildLiteBehavior [ RunTime:0.000059s ]
INFO: [ app_init ] --END-- [ RunTime:0.001666s ]
ERR: 无法加载模块:Images

[ 2016-08-23T00:56:23+08:00 ] 127.0.0.1 /Thinkphp/thinkphp3.2.3/Public/css/bootstrap.min.css.map
INFO: [ app_init ] --START--
INFO: Run Behavior\BuildLiteBehavior [ RunTime:0.000051s ]
INFO: [ app_init ] --END-- [ RunTime:0.000928s ]
ERR: 无法加载模块:Public

[ 2016-08-23T00:57:12+08:00 ] 127.0.0.1 /Thinkphp/thinkphp3.2.3/Public/css/bootstrap.min.css.map
INFO: [ app_init ] --START--
INFO: Run Behavior\BuildLiteBehavior [ RunTime:0.000047s ]
INFO: [ app_init ] --END-- [ RunTime:0.000865s ]
ERR: 无法加载模块:Public

[ 2016-08-23T00:57:27+08:00 ] 127.0.0.1 /Thinkphp/thinkphp3.2.3/images/admin_logo.png
INFO: [ app_init ] --START--
INFO: Run Behavior\BuildLiteBehavior [ RunTime:0.000052s ]
INFO: [ app_init ] --END-- [ RunTime:0.001339s ]
ERR: 无法加载模块:Images

[ 2016-08-23T00:57:28+08:00 ] 127.0.0.1 /Thinkphp/thinkphp3.2.3/Public/css/bootstrap.min.css.map
INFO: [ app_init ] --START--
INFO: Run Behavior\BuildLiteBehavior [ RunTime:0.000045s ]
INFO: [ app_init ] --END-- [ RunTime:0.000810s ]
ERR: 无法加载模块:Public

[ 2016-08-23T00:58:06+08:00 ] 127.0.0.1 /Thinkphp/thinkphp3.2.3/images/admin_logo.png
INFO: [ app_init ] --START--
INFO: Run Behavior\BuildLiteBehavior [ RunTime:0.000046s ]
INFO: [ app_init ] --END-- [ RunTime:0.000817s ]
ERR: 无法加载模块:Images

[ 2016-08-23T00:58:06+08:00 ] 127.0.0.1 /Thinkphp/thinkphp3.2.3/Public/css/bootstrap.min.css.map
INFO: [ app_init ] --START--
INFO: Run Behavior\BuildLiteBehavior [ RunTime:0.000049s ]
INFO: [ app_init ] --END-- [ RunTime:0.000848s ]
ERR: 无法加载模块:Public

[ 2016-08-23T00:58:20+08:00 ] 127.0.0.1 /Thinkphp/thinkphp3.2.3/images/admin_logo.png
INFO: [ app_init ] --START--
INFO: Run Behavior\BuildLiteBehavior [ RunTime:0.000029s ]
INFO: [ app_init ] --END-- [ RunTime:0.000610s ]
ERR: 无法加载模块:Images

[ 2016-08-23T00:58:20+08:00 ] 127.0.0.1 /Thinkphp/thinkphp3.2.3/Public/css/bootstrap.min.css.map
INFO: [ app_init ] --START--
INFO: Run Behavior\BuildLiteBehavior [ RunTime:0.000053s ]
INFO: [ app_init ] --END-- [ RunTime:0.001037s ]
ERR: 无法加载模块:Public

[ 2016-08-23T00:58:20+08:00 ] 127.0.0.1 /Thinkphp/thinkphp3.2.3/images/admin_logo.png
INFO: [ app_init ] --START--
INFO: Run Behavior\BuildLiteBehavior [ RunTime:0.000059s ]
INFO: [ app_init ] --END-- [ RunTime:0.001292s ]
ERR: 无法加载模块:Images

[ 2016-08-23T00:58:47+08:00 ] 127.0.0.1 /Thinkphp/thinkphp3.2.3/images/admin_logo.png
INFO: [ app_init ] --START--
INFO: Run Behavior\BuildLiteBehavior [ RunTime:0.000047s ]
INFO: [ app_init ] --END-- [ RunTime:0.000881s ]
ERR: 无法加载模块:Images

[ 2016-08-23T00:58:47+08:00 ] 127.0.0.1 /Thinkphp/thinkphp3.2.3/Public/css/bootstrap.min.css.map
INFO: [ app_init ] --START--
INFO: Run Behavior\BuildLiteBehavior [ RunTime:0.000029s ]
INFO: [ app_init ] --END-- [ RunTime:0.000667s ]
ERR: 无法加载模块:Public

[ 2016-08-23T00:59:18+08:00 ] 127.0.0.1 /Thinkphp/thinkphp3.2.3/images/admin_logo.png
INFO: [ app_init ] --START--
INFO: Run Behavior\BuildLiteBehavior [ RunTime:0.000048s ]
INFO: [ app_init ] --END-- [ RunTime:0.001262s ]
ERR: 无法加载模块:Images

[ 2016-08-23T00:59:18+08:00 ] 127.0.0.1 /Thinkphp/thinkphp3.2.3/Public/css/bootstrap.min.css.map
INFO: [ app_init ] --START--
INFO: Run Behavior\BuildLiteBehavior [ RunTime:0.000030s ]
INFO: [ app_init ] --END-- [ RunTime:0.000588s ]
ERR: 无法加载模块:Public

[ 2016-08-23T01:00:00+08:00 ] 127.0.0.1 /Thinkphp/thinkphp3.2.3/images/admin_logo.png
INFO: [ app_init ] --START--
INFO: Run Behavior\BuildLiteBehavior [ RunTime:0.000047s ]
INFO: [ app_init ] --END-- [ RunTime:0.001012s ]
ERR: 无法加载模块:Images

[ 2016-08-23T01:00:47+08:00 ] 127.0.0.1 /Thinkphp/thinkphp3.2.3/images/admin_logo.png
INFO: [ app_init ] --START--
INFO: Run Behavior\BuildLiteBehavior [ RunTime:0.000207s ]
INFO: [ app_init ] --END-- [ RunTime:0.002858s ]
ERR: 无法加载模块:Images

[ 2016-08-23T01:01:29+08:00 ] 127.0.0.1 /Thinkphp/thinkphp3.2.3/images/admin_logo.png
INFO: [ app_init ] --START--
INFO: Run Behavior\BuildLiteBehavior [ RunTime:0.000047s ]
INFO: [ app_init ] --END-- [ RunTime:0.000871s ]
ERR: 无法加载模块:Images

[ 2016-08-23T01:01:47+08:00 ] 127.0.0.1 /Thinkphp/thinkphp3.2.3/images/admin_logo.png
INFO: [ app_init ] --START--
INFO: Run Behavior\BuildLiteBehavior [ RunTime:0.000031s ]
INFO: [ app_init ] --END-- [ RunTime:0.000895s ]
ERR: 无法加载模块:Images

[ 2016-08-23T01:01:56+08:00 ] 127.0.0.1 /Thinkphp/thinkphp3.2.3/images/admin_logo.png
INFO: [ app_init ] --START--
INFO: Run Behavior\BuildLiteBehavior [ RunTime:0.000033s ]
INFO: [ app_init ] --END-- [ RunTime:0.000709s ]
ERR: 无法加载模块:Images

[ 2016-08-23T01:01:56+08:00 ] 127.0.0.1 /Thinkphp/thinkphp3.2.3/images/admin_logo.png
INFO: [ app_init ] --START--
INFO: Run Behavior\BuildLiteBehavior [ RunTime:0.000028s ]
INFO: [ app_init ] --END-- [ RunTime:0.000720s ]
ERR: 无法加载模块:Images

[ 2016-08-23T01:03:21+08:00 ] 127.0.0.1 /Thinkphp/thinkphp3.2.3/Public/css/bootstrap.min.css.map
INFO: [ app_init ] --START--
INFO: Run Behavior\BuildLiteBehavior [ RunTime:0.000031s ]
INFO: [ app_init ] --END-- [ RunTime:0.000568s ]
ERR: 无法加载模块:Public

[ 2016-08-23T01:04:04+08:00 ] 127.0.0.1 /Thinkphp/thinkphp3.2.3/images/admin_logo.png
INFO: [ app_init ] --START--
INFO: Run Behavior\BuildLiteBehavior [ RunTime:0.000029s ]
INFO: [ app_init ] --END-- [ RunTime:0.000573s ]
ERR: 无法加载模块:Images

[ 2016-08-23T01:04:05+08:00 ] 127.0.0.1 /Thinkphp/thinkphp3.2.3/images/admin_logo.png
INFO: [ app_init ] --START--
INFO: Run Behavior\BuildLiteBehavior [ RunTime:0.000034s ]
INFO: [ app_init ] --END-- [ RunTime:0.000623s ]
ERR: 无法加载模块:Images

[ 2016-08-23T01:04:06+08:00 ] 127.0.0.1 /Thinkphp/thinkphp3.2.3/images/admin_logo.png
INFO: [ app_init ] --START--
INFO: Run Behavior\BuildLiteBehavior [ RunTime:0.000029s ]
INFO: [ app_init ] --END-- [ RunTime:0.000566s ]
ERR: 无法加载模块:Images

[ 2016-08-23T01:04:09+08:00 ] 127.0.0.1 /Thinkphp/thinkphp3.2.3/images/admin_logo.png
INFO: [ app_init ] --START--
INFO: Run Behavior\BuildLiteBehavior [ RunTime:0.000049s ]
INFO: [ app_init ] --END-- [ RunTime:0.000902s ]
ERR: 无法加载模块:Images

[ 2016-08-23T01:07:06+08:00 ] 127.0.0.1 /Thinkphp/thinkphp3.2.3/images/admin_logo.png
INFO: [ app_init ] --START--
INFO: Run Behavior\BuildLiteBehavior [ RunTime:0.000028s ]
INFO: [ app_init ] --END-- [ RunTime:0.000568s ]
ERR: 无法加载模块:Images

[ 2016-08-23T01:07:48+08:00 ] 127.0.0.1 /Thinkphp/thinkphp3.2.3/images/admin_logo.png
INFO: [ app_init ] --START--
INFO: Run Behavior\BuildLiteBehavior [ RunTime:0.000030s ]
INFO: [ app_init ] --END-- [ RunTime:0.000602s ]
ERR: 无法加载模块:Images

[ 2016-08-23T01:08:22+08:00 ] 127.0.0.1 /Thinkphp/thinkphp3.2.3/images/admin_logo.png
INFO: [ app_init ] --START--
INFO: Run Behavior\BuildLiteBehavior [ RunTime:0.000030s ]
INFO: [ app_init ] --END-- [ RunTime:0.000658s ]
ERR: 无法加载模块:Images

[ 2016-08-23T01:09:22+08:00 ] 127.0.0.1 /Thinkphp/thinkphp3.2.3/images/admin_logo.png
INFO: [ app_init ] --START--
INFO: Run Behavior\BuildLiteBehavior [ RunTime:0.000044s ]
INFO: [ app_init ] --END-- [ RunTime:0.001152s ]
ERR: 无法加载模块:Images

[ 2016-08-23T01:11:12+08:00 ] 127.0.0.1 /Thinkphp/thinkphp3.2.3/images/admin_logo.png
INFO: [ app_init ] --START--
INFO: Run Behavior\BuildLiteBehavior [ RunTime:0.000028s ]
INFO: [ app_init ] --END-- [ RunTime:0.000773s ]
ERR: 无法加载模块:Images

[ 2016-08-23T08:32:19+08:00 ] 127.0.0.1 /Thinkphp/thinkphp3.2.3/images/admin_logo.png
INFO: [ app_init ] --START--
INFO: Run Behavior\BuildLiteBehavior [ RunTime:0.000036s ]
INFO: [ app_init ] --END-- [ RunTime:0.000957s ]
ERR: 无法加载模块:Images

[ 2016-08-23T08:32:19+08:00 ] 127.0.0.1 /Thinkphp/thinkphp3.2.3/images/admin_logo.png
INFO: [ app_init ] --START--
INFO: Run Behavior\BuildLiteBehavior [ RunTime:0.000033s ]
INFO: [ app_init ] --END-- [ RunTime:0.000476s ]
ERR: 无法加载模块:Images

[ 2016-08-23T08:37:09+08:00 ] 127.0.0.1 /Thinkphp/thinkphp3.2.3/images/admin_logo.png
INFO: [ app_init ] --START--
INFO: Run Behavior\BuildLiteBehavior [ RunTime:0.000025s ]
INFO: [ app_init ] --END-- [ RunTime:0.000502s ]
ERR: 无法加载模块:Images

[ 2016-08-23T08:38:19+08:00 ] 127.0.0.1 /Thinkphp/thinkphp3.2.3/images/admin_logo.png
INFO: [ app_init ] --START--
INFO: Run Behavior\BuildLiteBehavior [ RunTime:0.000032s ]
INFO: [ app_init ] --END-- [ RunTime:0.000638s ]
ERR: 无法加载模块:Images

[ 2016-08-23T08:38:37+08:00 ] 127.0.0.1 /Thinkphp/thinkphp3.2.3/images/admin_logo.png
INFO: [ app_init ] --START--
INFO: Run Behavior\BuildLiteBehavior [ RunTime:0.000044s ]
INFO: [ app_init ] --END-- [ RunTime:0.000954s ]
ERR: 无法加载模块:Images

[ 2016-08-23T08:42:47+08:00 ] 127.0.0.1 /Thinkphp/thinkphp3.2.3/images/admin_logo.png
INFO: [ app_init ] --START--
INFO: Run Behavior\BuildLiteBehavior [ RunTime:0.000029s ]
INFO: [ app_init ] --END-- [ RunTime:0.000536s ]
ERR: 无法加载模块:Images

[ 2016-08-23T08:43:38+08:00 ] 127.0.0.1 /Thinkphp/thinkphp3.2.3/images/admin_logo.png
INFO: [ app_init ] --START--
INFO: Run Behavior\BuildLiteBehavior [ RunTime:0.000027s ]
INFO: [ app_init ] --END-- [ RunTime:0.000713s ]
ERR: 无法加载模块:Images

[ 2016-08-23T08:43:38+08:00 ] 127.0.0.1 /Thinkphp/thinkphp3.2.3/images/admin_logo.png
INFO: [ app_init ] --START--
INFO: Run Behavior\BuildLiteBehavior [ RunTime:0.000042s ]
INFO: [ app_init ] --END-- [ RunTime:0.000828s ]
ERR: 无法加载模块:Images

[ 2016-08-23T08:43:54+08:00 ] 127.0.0.1 /Thinkphp/thinkphp3.2.3/images/admin_logo.png
INFO: [ app_init ] --START--
INFO: Run Behavior\BuildLiteBehavior [ RunTime:0.000027s ]
INFO: [ app_init ] --END-- [ RunTime:0.000501s ]
ERR: 无法加载模块:Images

[ 2016-08-23T08:44:30+08:00 ] 127.0.0.1 /Thinkphp/thinkphp3.2.3/images/admin_logo.png
INFO: [ app_init ] --START--
INFO: Run Behavior\BuildLiteBehavior [ RunTime:0.000044s ]
INFO: [ app_init ] --END-- [ RunTime:0.000979s ]
ERR: 无法加载模块:Images

[ 2016-08-23T08:48:26+08:00 ] 127.0.0.1 /Thinkphp/thinkphp3.2.3/images/admin_logo.png
INFO: [ app_init ] --START--
INFO: Run Behavior\BuildLiteBehavior [ RunTime:0.000044s ]
INFO: [ app_init ] --END-- [ RunTime:0.000799s ]
ERR: 无法加载模块:Images

[ 2016-08-23T08:54:34+08:00 ] 127.0.0.1 /Thinkphp/thinkphp3.2.3/images/admin_logo.png
INFO: [ app_init ] --START--
INFO: Run Behavior\BuildLiteBehavior [ RunTime:0.000047s ]
INFO: [ app_init ] --END-- [ RunTime:0.000828s ]
ERR: 无法加载模块:Images

[ 2016-08-23T08:54:57+08:00 ] 127.0.0.1 /Thinkphp/thinkphp3.2.3/images/admin_logo.png
INFO: [ app_init ] --START--
INFO: Run Behavior\BuildLiteBehavior [ RunTime:0.000030s ]
INFO: [ app_init ] --END-- [ RunTime:0.000937s ]
ERR: 无法加载模块:Images

[ 2016-08-23T08:55:17+08:00 ] 127.0.0.1 /Thinkphp/thinkphp3.2.3/images/admin_logo.png
INFO: [ app_init ] --START--
INFO: Run Behavior\BuildLiteBehavior [ RunTime:0.000029s ]
INFO: [ app_init ] --END-- [ RunTime:0.000494s ]
ERR: 无法加载模块:Images

[ 2016-08-23T08:55:39+08:00 ] 127.0.0.1 /Thinkphp/thinkphp3.2.3/images/admin_logo.png
INFO: [ app_init ] --START--
INFO: Run Behavior\BuildLiteBehavior [ RunTime:0.000047s ]
INFO: [ app_init ] --END-- [ RunTime:0.000796s ]
ERR: 无法加载模块:Images

[ 2016-08-23T08:55:58+08:00 ] 127.0.0.1 /Thinkphp/thinkphp3.2.3/images/admin_logo.png
INFO: [ app_init ] --START--
INFO: Run Behavior\BuildLiteBehavior [ RunTime:0.000041s ]
INFO: [ app_init ] --END-- [ RunTime:0.000678s ]
ERR: 无法加载模块:Images

[ 2016-08-23T08:59:34+08:00 ] 127.0.0.1 /Thinkphp/thinkphp3.2.3/images/admin_logo.png
INFO: [ app_init ] --START--
INFO: Run Behavior\BuildLiteBehavior [ RunTime:0.000028s ]
INFO: [ app_init ] --END-- [ RunTime:0.000533s ]
ERR: 无法加载模块:Images

[ 2016-08-23T09:00:02+08:00 ] 127.0.0.1 /Thinkphp/thinkphp3.2.3/images/admin_logo.png
INFO: [ app_init ] --START--
INFO: Run Behavior\BuildLiteBehavior [ RunTime:0.000027s ]
INFO: [ app_init ] --END-- [ RunTime:0.000561s ]
ERR: 无法加载模块:Images

[ 2016-08-23T09:04:58+08:00 ] 127.0.0.1 /Thinkphp/thinkphp3.2.3/images/admin_logo.png
INFO: [ app_init ] --START--
INFO: Run Behavior\BuildLiteBehavior [ RunTime:0.000031s ]
INFO: [ app_init ] --END-- [ RunTime:0.001057s ]
ERR: 无法加载模块:Images

[ 2016-08-23T09:07:10+08:00 ] 127.0.0.1 /Thinkphp/thinkphp3.2.3/images/admin_logo.png
INFO: [ app_init ] --START--
INFO: Run Behavior\BuildLiteBehavior [ RunTime:0.000030s ]
INFO: [ app_init ] --END-- [ RunTime:0.000569s ]
ERR: 无法加载模块:Images

[ 2016-08-23T09:07:10+08:00 ] 127.0.0.1 /Thinkphp/thinkphp3.2.3/images/admin_logo.png
INFO: [ app_init ] --START--
INFO: Run Behavior\BuildLiteBehavior [ RunTime:0.000047s ]
INFO: [ app_init ] --END-- [ RunTime:0.000932s ]
ERR: 无法加载模块:Images

[ 2016-08-23T09:07:13+08:00 ] 127.0.0.1 /Thinkphp/thinkphp3.2.3/Public/css/bootstrap.min.css.map
INFO: [ app_init ] --START--
INFO: Run Behavior\BuildLiteBehavior [ RunTime:0.000051s ]
INFO: [ app_init ] --END-- [ RunTime:0.001084s ]
ERR: 无法加载模块:Public

[ 2016-08-23T09:07:27+08:00 ] 127.0.0.1 /Thinkphp/thinkphp3.2.3/images/admin_logo.png
INFO: [ app_init ] --START--
INFO: Run Behavior\BuildLiteBehavior [ RunTime:0.000029s ]
INFO: [ app_init ] --END-- [ RunTime:0.000595s ]
ERR: 无法加载模块:Images

[ 2016-08-23T09:07:27+08:00 ] 127.0.0.1 /Thinkphp/thinkphp3.2.3/Public/css/bootstrap.min.css.map
INFO: [ app_init ] --START--
INFO: Run Behavior\BuildLiteBehavior [ RunTime:0.000028s ]
INFO: [ app_init ] --END-- [ RunTime:0.000487s ]
ERR: 无法加载模块:Public

[ 2016-08-23T09:16:10+08:00 ] 127.0.0.1 /Thinkphp/thinkphp3.2.3/images/admin_logo.png
INFO: [ app_init ] --START--
INFO: Run Behavior\BuildLiteBehavior [ RunTime:0.000044s ]
INFO: [ app_init ] --END-- [ RunTime:0.000878s ]
ERR: 无法加载模块:Images

[ 2016-08-23T09:16:10+08:00 ] 127.0.0.1 /Thinkphp/thinkphp3.2.3/Public/css/bootstrap.min.css.map
INFO: [ app_init ] --START--
INFO: Run Behavior\BuildLiteBehavior [ RunTime:0.000041s ]
INFO: [ app_init ] --END-- [ RunTime:0.000746s ]
ERR: 无法加载模块:Public

[ 2016-08-23T09:19:07+08:00 ] 127.0.0.1 /Thinkphp/thinkphp3.2.3/images/admin_logo.png
INFO: [ app_init ] --START--
INFO: Run Behavior\BuildLiteBehavior [ RunTime:0.000050s ]
INFO: [ app_init ] --END-- [ RunTime:0.000992s ]
ERR: 无法加载模块:Images

[ 2016-08-23T09:19:07+08:00 ] 127.0.0.1 /Thinkphp/thinkphp3.2.3/Public/css/bootstrap.min.css.map
INFO: [ app_init ] --START--
INFO: Run Behavior\BuildLiteBehavior [ RunTime:0.000029s ]
INFO: [ app_init ] --END-- [ RunTime:0.000542s ]
ERR: 无法加载模块:Public

[ 2016-08-23T09:22:56+08:00 ] 127.0.0.1 /Thinkphp/thinkphp3.2.3/Public/css/bootstrap.min.css.map
INFO: [ app_init ] --START--
INFO: Run Behavior\BuildLiteBehavior [ RunTime:0.000042s ]
INFO: [ app_init ] --END-- [ RunTime:0.000643s ]
ERR: 无法加载模块:Public

[ 2016-08-23T09:23:58+08:00 ] 127.0.0.1 /Thinkphp/thinkphp3.2.3/images/admin_logo.png
INFO: [ app_init ] --START--
INFO: Run Behavior\BuildLiteBehavior [ RunTime:0.000049s ]
INFO: [ app_init ] --END-- [ RunTime:0.001118s ]
ERR: 无法加载模块:Images

[ 2016-08-23T09:23:58+08:00 ] 127.0.0.1 /Thinkphp/thinkphp3.2.3/Public/css/bootstrap.min.css.map
INFO: [ app_init ] --START--
INFO: Run Behavior\BuildLiteBehavior [ RunTime:0.000048s ]
INFO: [ app_init ] --END-- [ RunTime:0.000886s ]
ERR: 无法加载模块:Public

[ 2016-08-23T09:25:33+08:00 ] 127.0.0.1 /Thinkphp/thinkphp3.2.3/Public/css/bootstrap.min.css.map
INFO: [ app_init ] --START--
INFO: Run Behavior\BuildLiteBehavior [ RunTime:0.000051s ]
INFO: [ app_init ] --END-- [ RunTime:0.001206s ]
ERR: 无法加载模块:Public

[ 2016-08-23T09:26:46+08:00 ] 127.0.0.1 /Thinkphp/thinkphp3.2.3/Public/css/bootstrap.min.css.map
INFO: [ app_init ] --START--
INFO: Run Behavior\BuildLiteBehavior [ RunTime:0.000038s ]
INFO: [ app_init ] --END-- [ RunTime:0.000703s ]
ERR: 无法加载模块:Public

[ 2016-08-23T09:27:06+08:00 ] 127.0.0.1 /Thinkphp/thinkphp3.2.3/Public/css/bootstrap.min.css.map
INFO: [ app_init ] --START--
INFO: Run Behavior\BuildLiteBehavior [ RunTime:0.000034s ]
INFO: [ app_init ] --END-- [ RunTime:0.000932s ]
ERR: 无法加载模块:Public

[ 2016-08-23T09:27:31+08:00 ] 127.0.0.1 /Thinkphp/thinkphp3.2.3/Public/css/bootstrap.min.css.map
INFO: [ app_init ] --START--
INFO: Run Behavior\BuildLiteBehavior [ RunTime:0.000077s ]
INFO: [ app_init ] --END-- [ RunTime:0.000725s ]
ERR: 无法加载模块:Public

[ 2016-08-23T09:27:36+08:00 ] 127.0.0.1 /Thinkphp/thinkphp3.2.3/index.php/images/admin_logo.png
INFO: [ app_init ] --START--
INFO: Run Behavior\BuildLiteBehavior [ RunTime:0.000032s ]
INFO: [ app_init ] --END-- [ RunTime:0.000918s ]
ERR: 无法加载模块:Images

[ 2016-08-23T09:27:36+08:00 ] 127.0.0.1 /Thinkphp/thinkphp3.2.3/Public/css/bootstrap.min.css.map
INFO: [ app_init ] --START--
INFO: Run Behavior\BuildLiteBehavior [ RunTime:0.000029s ]
INFO: [ app_init ] --END-- [ RunTime:0.000694s ]
ERR: 无法加载模块:Public

[ 2016-08-23T09:27:39+08:00 ] 127.0.0.1 /Thinkphp/thinkphp3.2.3/Public/css/bootstrap.min.css.map
INFO: [ app_init ] --START--
INFO: Run Behavior\BuildLiteBehavior [ RunTime:0.000029s ]
INFO: [ app_init ] --END-- [ RunTime:0.000578s ]
ERR: 无法加载模块:Public

[ 2016-08-23T09:28:27+08:00 ] 127.0.0.1 /Thinkphp/thinkphp3.2.3/Public/css/bootstrap.min.css.map
INFO: [ app_init ] --START--
INFO: Run Behavior\BuildLiteBehavior [ RunTime:0.000042s ]
INFO: [ app_init ] --END-- [ RunTime:0.000780s ]
ERR: 无法加载模块:Public

[ 2016-08-23T09:28:38+08:00 ] 127.0.0.1 /Thinkphp/thinkphp3.2.3/Public/css/bootstrap.min.css.map
INFO: [ app_init ] --START--
INFO: Run Behavior\BuildLiteBehavior [ RunTime:0.000029s ]
INFO: [ app_init ] --END-- [ RunTime:0.000551s ]
ERR: 无法加载模块:Public

[ 2016-08-23T09:30:53+08:00 ] 127.0.0.1 /Thinkphp/thinkphp3.2.3/Public/css/bootstrap.min.css.map
INFO: [ app_init ] --START--
INFO: Run Behavior\BuildLiteBehavior [ RunTime:0.000028s ]
INFO: [ app_init ] --END-- [ RunTime:0.000611s ]
ERR: 无法加载模块:Public

[ 2016-08-23T09:36:18+08:00 ] 127.0.0.1 /Thinkphp/thinkphp3.2.3/Public/css/bootstrap.min.css.map
INFO: [ app_init ] --START--
INFO: Run Behavior\BuildLiteBehavior [ RunTime:0.000029s ]
INFO: [ app_init ] --END-- [ RunTime:0.000578s ]
ERR: 无法加载模块:Public

[ 2016-08-23T09:36:26+08:00 ] 127.0.0.1 /Thinkphp/thinkphp3.2.3/Public/css/bootstrap.min.css.map
INFO: [ app_init ] --START--
INFO: Run Behavior\BuildLiteBehavior [ RunTime:0.000071s ]
INFO: [ app_init ] --END-- [ RunTime:0.001338s ]
ERR: 无法加载模块:Public

[ 2016-08-23T09:36:53+08:00 ] 127.0.0.1 /Thinkphp/thinkphp3.2.3/Public/css/bootstrap.min.css.map
INFO: [ app_init ] --START--
INFO: Run Behavior\BuildLiteBehavior [ RunTime:0.000068s ]
INFO: [ app_init ] --END-- [ RunTime:0.000576s ]
ERR: 无法加载模块:Public

[ 2016-08-23T09:36:55+08:00 ] 127.0.0.1 /Thinkphp/thinkphp3.2.3/Public/css/bootstrap.min.css.map
INFO: [ app_init ] --START--
INFO: Run Behavior\BuildLiteBehavior [ RunTime:0.000046s ]
INFO: [ app_init ] --END-- [ RunTime:0.001135s ]
ERR: 无法加载模块:Public

[ 2016-08-23T09:36:57+08:00 ] 127.0.0.1 /Thinkphp/thinkphp3.2.3/Public/css/bootstrap.min.css.map
INFO: [ app_init ] --START--
INFO: Run Behavior\BuildLiteBehavior [ RunTime:0.000071s ]
INFO: [ app_init ] --END-- [ RunTime:0.001059s ]
ERR: 无法加载模块:Public

[ 2016-08-23T09:37:02+08:00 ] 127.0.0.1 /Thinkphp/thinkphp3.2.3/Public/css/bootstrap.min.css.map
INFO: [ app_init ] --START--
INFO: Run Behavior\BuildLiteBehavior [ RunTime:0.000050s ]
INFO: [ app_init ] --END-- [ RunTime:0.000822s ]
ERR: 无法加载模块:Public

[ 2016-08-23T09:37:37+08:00 ] 127.0.0.1 /Thinkphp/thinkphp3.2.3/Public/css/bootstrap.min.css.map
INFO: [ app_init ] --START--
INFO: Run Behavior\BuildLiteBehavior [ RunTime:0.000032s ]
INFO: [ app_init ] --END-- [ RunTime:0.000858s ]
ERR: 无法加载模块:Public

[ 2016-08-23T09:37:40+08:00 ] 127.0.0.1 /Thinkphp/thinkphp3.2.3/Public/css/bootstrap.min.css.map
INFO: [ app_init ] --START--
INFO: Run Behavior\BuildLiteBehavior [ RunTime:0.000256s ]
INFO: [ app_init ] --END-- [ RunTime:0.001669s ]
ERR: 无法加载模块:Public

[ 2016-08-23T09:37:42+08:00 ] 127.0.0.1 /Thinkphp/thinkphp3.2.3/Public/css/bootstrap.min.css.map
INFO: [ app_init ] --START--
INFO: Run Behavior\BuildLiteBehavior [ RunTime:0.000027s ]
INFO: [ app_init ] --END-- [ RunTime:0.000509s ]
ERR: 无法加载模块:Public

[ 2016-08-23T09:37:45+08:00 ] 127.0.0.1 /Thinkphp/thinkphp3.2.3/Public/css/bootstrap.min.css.map
INFO: [ app_init ] --START--
INFO: Run Behavior\BuildLiteBehavior [ RunTime:0.000050s ]
INFO: [ app_init ] --END-- [ RunTime:0.001058s ]
ERR: 无法加载模块:Public

[ 2016-08-23T09:37:47+08:00 ] 127.0.0.1 /Thinkphp/thinkphp3.2.3/Public/css/bootstrap.min.css.map
INFO: [ app_init ] --START--
INFO: Run Behavior\BuildLiteBehavior [ RunTime:0.000031s ]
INFO: [ app_init ] --END-- [ RunTime:0.000865s ]
ERR: 无法加载模块:Public

[ 2016-08-23T09:38:33+08:00 ] 127.0.0.1 /Thinkphp/thinkphp3.2.3/Public/css/bootstrap.min.css.map
INFO: [ app_init ] --START--
INFO: Run Behavior\BuildLiteBehavior [ RunTime:0.000044s ]
INFO: [ app_init ] --END-- [ RunTime:0.000779s ]
ERR: 无法加载模块:Public

[ 2016-08-23T09:38:34+08:00 ] 127.0.0.1 /Thinkphp/thinkphp3.2.3/Public/css/bootstrap.min.css.map
INFO: [ app_init ] --START--
INFO: Run Behavior\BuildLiteBehavior [ RunTime:0.000028s ]
INFO: [ app_init ] --END-- [ RunTime:0.000541s ]
ERR: 无法加载模块:Public

[ 2016-08-23T09:52:07+08:00 ] 127.0.0.1 /Thinkphp/thinkphp3.2.3/Public/css/bootstrap.min.css.map
INFO: [ app_init ] --START--
INFO: Run Behavior\BuildLiteBehavior [ RunTime:0.000042s ]
INFO: [ app_init ] --END-- [ RunTime:0.000684s ]
ERR: 无法加载模块:Public

[ 2016-08-23T09:52:29+08:00 ] 127.0.0.1 /Thinkphp/thinkphp3.2.3/Public/css/bootstrap.min.css.map
INFO: [ app_init ] --START--
INFO: Run Behavior\BuildLiteBehavior [ RunTime:0.000028s ]
INFO: [ app_init ] --END-- [ RunTime:0.000568s ]
ERR: 无法加载模块:Public

[ 2016-08-23T09:52:55+08:00 ] 127.0.0.1 /Thinkphp/thinkphp3.2.3/Public/css/bootstrap.min.css.map
INFO: [ app_init ] --START--
INFO: Run Behavior\BuildLiteBehavior [ RunTime:0.000034s ]
INFO: [ app_init ] --END-- [ RunTime:0.000996s ]
ERR: 无法加载模块:Public

[ 2016-08-23T09:53:40+08:00 ] 127.0.0.1 /Thinkphp/thinkphp3.2.3/Public/css/bootstrap.min.css.map
INFO: [ app_init ] --START--
INFO: Run Behavior\BuildLiteBehavior [ RunTime:0.000027s ]
INFO: [ app_init ] --END-- [ RunTime:0.000684s ]
ERR: 无法加载模块:Public

[ 2016-08-23T09:54:13+08:00 ] 127.0.0.1 /Thinkphp/thinkphp3.2.3/Public/css/bootstrap.min.css.map
INFO: [ app_init ] --START--
INFO: Run Behavior\BuildLiteBehavior [ RunTime:0.000036s ]
INFO: [ app_init ] --END-- [ RunTime:0.000563s ]
ERR: 无法加载模块:Public

[ 2016-08-23T09:54:24+08:00 ] 127.0.0.1 /Thinkphp/thinkphp3.2.3/Public/css/bootstrap.min.css.map
INFO: [ app_init ] --START--
INFO: Run Behavior\BuildLiteBehavior [ RunTime:0.000046s ]
INFO: [ app_init ] --END-- [ RunTime:0.000830s ]
ERR: 无法加载模块:Public

[ 2016-08-23T09:54:37+08:00 ] 127.0.0.1 /Thinkphp/thinkphp3.2.3/Public/css/bootstrap.min.css.map
INFO: [ app_init ] --START--
INFO: Run Behavior\BuildLiteBehavior [ RunTime:0.000044s ]
INFO: [ app_init ] --END-- [ RunTime:0.000564s ]
ERR: 无法加载模块:Public

[ 2016-08-23T09:54:57+08:00 ] 127.0.0.1 /Thinkphp/thinkphp3.2.3/Public/css/bootstrap.min.css.map
INFO: [ app_init ] --START--
INFO: Run Behavior\BuildLiteBehavior [ RunTime:0.000025s ]
INFO: [ app_init ] --END-- [ RunTime:0.000534s ]
ERR: 无法加载模块:Public

[ 2016-08-23T09:55:18+08:00 ] 127.0.0.1 /Thinkphp/thinkphp3.2.3/Public/css/bootstrap.min.css.map
INFO: [ app_init ] --START--
INFO: Run Behavior\BuildLiteBehavior [ RunTime:0.000047s ]
INFO: [ app_init ] --END-- [ RunTime:0.000830s ]
ERR: 无法加载模块:Public

[ 2016-08-23T09:55:19+08:00 ] 127.0.0.1 /Thinkphp/thinkphp3.2.3/Public/css/bootstrap.min.css.map
INFO: [ app_init ] --START--
INFO: Run Behavior\BuildLiteBehavior [ RunTime:0.000044s ]
INFO: [ app_init ] --END-- [ RunTime:0.001078s ]
ERR: 无法加载模块:Public

[ 2016-08-23T09:55:33+08:00 ] 127.0.0.1 /Thinkphp/thinkphp3.2.3/Public/css/bootstrap.min.css.map
INFO: [ app_init ] --START--
INFO: Run Behavior\BuildLiteBehavior [ RunTime:0.000038s ]
INFO: [ app_init ] --END-- [ RunTime:0.000672s ]
ERR: 无法加载模块:Public

[ 2016-08-23T09:56:01+08:00 ] 127.0.0.1 /Thinkphp/thinkphp3.2.3/Public/css/bootstrap.min.css.map
INFO: [ app_init ] --START--
INFO: Run Behavior\BuildLiteBehavior [ RunTime:0.000043s ]
INFO: [ app_init ] --END-- [ RunTime:0.000784s ]
ERR: 无法加载模块:Public

[ 2016-08-23T09:57:08+08:00 ] 127.0.0.1 /Thinkphp/thinkphp3.2.3/Public/css/bootstrap.min.css.map
INFO: [ app_init ] --START--
INFO: Run Behavior\BuildLiteBehavior [ RunTime:0.000041s ]
INFO: [ app_init ] --END-- [ RunTime:0.000527s ]
ERR: 无法加载模块:Public

[ 2016-08-23T09:57:16+08:00 ] 127.0.0.1 /Thinkphp/thinkphp3.2.3/Public/css/bootstrap.min.css.map
INFO: [ app_init ] --START--
INFO: Run Behavior\BuildLiteBehavior [ RunTime:0.000048s ]
INFO: [ app_init ] --END-- [ RunTime:0.000973s ]
ERR: 无法加载模块:Public

[ 2016-08-23T09:58:54+08:00 ] 127.0.0.1 /Thinkphp/thinkphp3.2.3/Public/css/bootstrap.min.css.map
INFO: [ app_init ] --START--
INFO: Run Behavior\BuildLiteBehavior [ RunTime:0.000032s ]
INFO: [ app_init ] --END-- [ RunTime:0.000880s ]
ERR: 无法加载模块:Public

[ 2016-08-23T09:59:11+08:00 ] 127.0.0.1 /Thinkphp/thinkphp3.2.3/Public/css/bootstrap.min.css.map
INFO: [ app_init ] --START--
INFO: Run Behavior\BuildLiteBehavior [ RunTime:0.000044s ]
INFO: [ app_init ] --END-- [ RunTime:0.000872s ]
ERR: 无法加载模块:Public

[ 2016-08-23T09:59:46+08:00 ] 127.0.0.1 /Thinkphp/thinkphp3.2.3/Public/css/bootstrap.min.css.map
INFO: [ app_init ] --START--
INFO: Run Behavior\BuildLiteBehavior [ RunTime:0.000028s ]
INFO: [ app_init ] --END-- [ RunTime:0.000584s ]
ERR: 无法加载模块:Public

[ 2016-08-23T10:00:11+08:00 ] 127.0.0.1 /Thinkphp/thinkphp3.2.3/Public/css/bootstrap.min.css.map
INFO: [ app_init ] --START--
INFO: Run Behavior\BuildLiteBehavior [ RunTime:0.000144s ]
INFO: [ app_init ] --END-- [ RunTime:0.000972s ]
ERR: 无法加载模块:Public

[ 2016-08-23T10:00:39+08:00 ] 127.0.0.1 /Thinkphp/thinkphp3.2.3/Public/css/bootstrap.min.css.map
INFO: [ app_init ] --START--
INFO: Run Behavior\BuildLiteBehavior [ RunTime:0.000048s ]
INFO: [ app_init ] --END-- [ RunTime:0.000919s ]
ERR: 无法加载模块:Public

[ 2016-08-23T10:01:18+08:00 ] 127.0.0.1 /Thinkphp/thinkphp3.2.3/Public/css/bootstrap.min.css.map
INFO: [ app_init ] --START--
INFO: Run Behavior\BuildLiteBehavior [ RunTime:0.000028s ]
INFO: [ app_init ] --END-- [ RunTime:0.000562s ]
ERR: 无法加载模块:Public

[ 2016-08-23T10:01:19+08:00 ] 127.0.0.1 /Thinkphp/thinkphp3.2.3/Public/css/bootstrap.min.css.map
INFO: [ app_init ] --START--
INFO: Run Behavior\BuildLiteBehavior [ RunTime:0.000027s ]
INFO: [ app_init ] --END-- [ RunTime:0.000528s ]
ERR: 无法加载模块:Public

[ 2016-08-23T10:02:11+08:00 ] 127.0.0.1 /Thinkphp/thinkphp3.2.3/Public/css/bootstrap.min.css.map
INFO: [ app_init ] --START--
INFO: Run Behavior\BuildLiteBehavior [ RunTime:0.000028s ]
INFO: [ app_init ] --END-- [ RunTime:0.000505s ]
ERR: 无法加载模块:Public

[ 2016-08-23T10:02:12+08:00 ] 127.0.0.1 /Thinkphp/thinkphp3.2.3/Public/css/bootstrap.min.css.map
INFO: [ app_init ] --START--
INFO: Run Behavior\BuildLiteBehavior [ RunTime:0.000139s ]
INFO: [ app_init ] --END-- [ RunTime:0.001307s ]
ERR: 无法加载模块:Public

[ 2016-08-23T10:02:46+08:00 ] 127.0.0.1 /Thinkphp/thinkphp3.2.3/Public/css/bootstrap.min.css.map
INFO: [ app_init ] --START--
INFO: Run Behavior\BuildLiteBehavior [ RunTime:0.000028s ]
INFO: [ app_init ] --END-- [ RunTime:0.000517s ]
ERR: 无法加载模块:Public

[ 2016-08-23T10:04:02+08:00 ] 127.0.0.1 /Thinkphp/thinkphp3.2.3/Public/css/bootstrap.min.css.map
INFO: [ app_init ] --START--
INFO: Run Behavior\BuildLiteBehavior [ RunTime:0.000028s ]
INFO: [ app_init ] --END-- [ RunTime:0.000579s ]
ERR: 无法加载模块:Public

[ 2016-08-23T10:04:24+08:00 ] 127.0.0.1 /Thinkphp/thinkphp3.2.3/Public/css/bootstrap.min.css.map
INFO: [ app_init ] --START--
INFO: Run Behavior\BuildLiteBehavior [ RunTime:0.000096s ]
INFO: [ app_init ] --END-- [ RunTime:0.001440s ]
ERR: 无法加载模块:Public

[ 2016-08-23T10:05:01+08:00 ] 127.0.0.1 /Thinkphp/thinkphp3.2.3/Public/css/bootstrap.min.css.map
INFO: [ app_init ] --START--
INFO: Run Behavior\BuildLiteBehavior [ RunTime:0.000040s ]
INFO: [ app_init ] --END-- [ RunTime:0.000805s ]
ERR: 无法加载模块:Public

[ 2016-08-23T10:06:03+08:00 ] 127.0.0.1 /Thinkphp/thinkphp3.2.3/Public/css/bootstrap.min.css.map
INFO: [ app_init ] --START--
INFO: Run Behavior\BuildLiteBehavior [ RunTime:0.000029s ]
INFO: [ app_init ] --END-- [ RunTime:0.000572s ]
ERR: 无法加载模块:Public

[ 2016-08-23T10:06:37+08:00 ] 127.0.0.1 /Thinkphp/thinkphp3.2.3/Public/css/bootstrap.min.css.map
INFO: [ app_init ] --START--
INFO: Run Behavior\BuildLiteBehavior [ RunTime:0.000027s ]
INFO: [ app_init ] --END-- [ RunTime:0.000539s ]
ERR: 无法加载模块:Public

[ 2016-08-23T10:07:36+08:00 ] 127.0.0.1 /Thinkphp/thinkphp3.2.3/Public/css/bootstrap.min.css.map
INFO: [ app_init ] --START--
INFO: Run Behavior\BuildLiteBehavior [ RunTime:0.000043s ]
INFO: [ app_init ] --END-- [ RunTime:0.000758s ]
ERR: 无法加载模块:Public

[ 2016-08-23T10:12:21+08:00 ] 127.0.0.1 /Thinkphp/thinkphp3.2.3/Public/css/bootstrap.min.css.map
INFO: [ app_init ] --START--
INFO: Run Behavior\BuildLiteBehavior [ RunTime:0.000044s ]
INFO: [ app_init ] --END-- [ RunTime:0.000904s ]
ERR: 无法加载模块:Public

[ 2016-08-23T10:12:22+08:00 ] 127.0.0.1 /Thinkphp/thinkphp3.2.3/Public/css/bootstrap.min.css.map
INFO: [ app_init ] --START--
INFO: Run Behavior\BuildLiteBehavior [ RunTime:0.000046s ]
INFO: [ app_init ] --END-- [ RunTime:0.000944s ]
ERR: 无法加载模块:Public

[ 2016-08-23T10:15:25+08:00 ] 127.0.0.1 /Thinkphp/thinkphp3.2.3/Public/css/bootstrap.min.css.map
INFO: [ app_init ] --START--
INFO: Run Behavior\BuildLiteBehavior [ RunTime:0.000044s ]
INFO: [ app_init ] --END-- [ RunTime:0.000767s ]
ERR: 无法加载模块:Public

[ 2016-08-23T10:30:14+08:00 ] 127.0.0.1 /Thinkphp/thinkphp3.2.3/Public/fonts/glyphicons-halflings-regular.woff2
INFO: [ app_init ] --START--
INFO: Run Behavior\BuildLiteBehavior [ RunTime:0.000029s ]
INFO: [ app_init ] --END-- [ RunTime:0.000679s ]
ERR: 无法加载模块:Public

[ 2016-08-23T10:30:14+08:00 ] 127.0.0.1 /Thinkphp/thinkphp3.2.3/Public/fonts/glyphicons-halflings-regular.woff
INFO: [ app_init ] --START--
INFO: Run Behavior\BuildLiteBehavior [ RunTime:0.000026s ]
INFO: [ app_init ] --END-- [ RunTime:0.000643s ]
ERR: 无法加载模块:Public

[ 2016-08-23T10:30:14+08:00 ] 127.0.0.1 /Thinkphp/thinkphp3.2.3/Public/fonts/glyphicons-halflings-regular.ttf
INFO: [ app_init ] --START--
INFO: Run Behavior\BuildLiteBehavior [ RunTime:0.000025s ]
INFO: [ app_init ] --END-- [ RunTime:0.000529s ]
ERR: 无法加载模块:Public

[ 2016-08-23T10:30:39+08:00 ] 127.0.0.1 /Thinkphp/thinkphp3.2.3/Public/css/bootstrap.min.css.map
INFO: [ app_init ] --START--
INFO: Run Behavior\BuildLiteBehavior [ RunTime:0.000027s ]
INFO: [ app_init ] --END-- [ RunTime:0.000536s ]
ERR: 无法加载模块:Public

[ 2016-08-23T10:30:44+08:00 ] 127.0.0.1 /Thinkphp/thinkphp3.2.3/Public/css/bootstrap.min.css.map
INFO: [ app_init ] --START--
INFO: Run Behavior\BuildLiteBehavior [ RunTime:0.000045s ]
INFO: [ app_init ] --END-- [ RunTime:0.000952s ]
ERR: 无法加载模块:Public

[ 2016-08-23T10:30:44+08:00 ] 127.0.0.1 /Thinkphp/thinkphp3.2.3/Public/fonts/glyphicons-halflings-regular.woff2
INFO: [ app_init ] --START--
INFO: Run Behavior\BuildLiteBehavior [ RunTime:0.000055s ]
INFO: [ app_init ] --END-- [ RunTime:0.001140s ]
ERR: 无法加载模块:Public

[ 2016-08-23T10:30:44+08:00 ] 127.0.0.1 /Thinkphp/thinkphp3.2.3/Public/fonts/glyphicons-halflings-regular.woff
INFO: [ app_init ] --START--
INFO: Run Behavior\BuildLiteBehavior [ RunTime:0.000060s ]
INFO: [ app_init ] --END-- [ RunTime:0.001105s ]
ERR: 无法加载模块:Public

[ 2016-08-23T10:30:44+08:00 ] 127.0.0.1 /Thinkphp/thinkphp3.2.3/Public/fonts/glyphicons-halflings-regular.ttf
INFO: [ app_init ] --START--
INFO: Run Behavior\BuildLiteBehavior [ RunTime:0.000029s ]
INFO: [ app_init ] --END-- [ RunTime:0.000617s ]
ERR: 无法加载模块:Public

[ 2016-08-23T10:31:49+08:00 ] 127.0.0.1 /Thinkphp/thinkphp3.2.3/Public/css/bootstrap.min.css.map
INFO: [ app_init ] --START--
INFO: Run Behavior\BuildLiteBehavior [ RunTime:0.000030s ]
INFO: [ app_init ] --END-- [ RunTime:0.000698s ]
ERR: 无法加载模块:Public

[ 2016-08-23T10:31:49+08:00 ] 127.0.0.1 /Thinkphp/thinkphp3.2.3/Public/fonts/glyphicons-halflings-regular.woff2
INFO: [ app_init ] --START--
INFO: Run Behavior\BuildLiteBehavior [ RunTime:0.000041s ]
INFO: [ app_init ] --END-- [ RunTime:0.000846s ]
ERR: 无法加载模块:Public

[ 2016-08-23T10:31:49+08:00 ] 127.0.0.1 /Thinkphp/thinkphp3.2.3/Public/fonts/glyphicons-halflings-regular.woff
INFO: [ app_init ] --START--
INFO: Run Behavior\BuildLiteBehavior [ RunTime:0.000051s ]
INFO: [ app_init ] --END-- [ RunTime:0.001717s ]
ERR: 无法加载模块:Public

[ 2016-08-23T10:31:49+08:00 ] 127.0.0.1 /Thinkphp/thinkphp3.2.3/Public/fonts/glyphicons-halflings-regular.ttf
INFO: [ app_init ] --START--
INFO: Run Behavior\BuildLiteBehavior [ RunTime:0.000026s ]
INFO: [ app_init ] --END-- [ RunTime:0.000500s ]
ERR: 无法加载模块:Public

[ 2016-08-23T10:32:01+08:00 ] 127.0.0.1 /Thinkphp/thinkphp3.2.3/Public/css/bootstrap.min.css.map
INFO: [ app_init ] --START--
INFO: Run Behavior\BuildLiteBehavior [ RunTime:0.000045s ]
INFO: [ app_init ] --END-- [ RunTime:0.000916s ]
ERR: 无法加载模块:Public

[ 2016-08-23T10:41:29+08:00 ] 127.0.0.1 /Thinkphp/thinkphp3.2.3/Public/css/bootstrap.min.css.map
INFO: [ app_init ] --START--
INFO: Run Behavior\BuildLiteBehavior [ RunTime:0.000029s ]
INFO: [ app_init ] --END-- [ RunTime:0.000619s ]
ERR: 无法加载模块:Public

[ 2016-08-23T10:42:49+08:00 ] 127.0.0.1 /Thinkphp/thinkphp3.2.3/Public/css/bootstrap.min.css.map
INFO: [ app_init ] --START--
INFO: Run Behavior\BuildLiteBehavior [ RunTime:0.000062s ]
INFO: [ app_init ] --END-- [ RunTime:0.000698s ]
ERR: 无法加载模块:Public

[ 2016-08-23T10:42:50+08:00 ] 127.0.0.1 /Thinkphp/thinkphp3.2.3/Public/css/bootstrap.min.css.map
INFO: [ app_init ] --START--
INFO: Run Behavior\BuildLiteBehavior [ RunTime:0.000028s ]
INFO: [ app_init ] --END-- [ RunTime:0.000581s ]
ERR: 无法加载模块:Public

[ 2016-08-23T10:42:52+08:00 ] 127.0.0.1 /Thinkphp/thinkphp3.2.3/Public/css/bootstrap.min.css.map
INFO: [ app_init ] --START--
INFO: Run Behavior\BuildLiteBehavior [ RunTime:0.000029s ]
INFO: [ app_init ] --END-- [ RunTime:0.000552s ]
ERR: 无法加载模块:Public

[ 2016-08-23T10:44:08+08:00 ] 127.0.0.1 /Thinkphp/thinkphp3.2.3/Public/css/bootstrap.min.css.map
INFO: [ app_init ] --START--
INFO: Run Behavior\BuildLiteBehavior [ RunTime:0.000030s ]
INFO: [ app_init ] --END-- [ RunTime:0.000599s ]
ERR: 无法加载模块:Public

[ 2016-08-23T10:45:39+08:00 ] 127.0.0.1 /Thinkphp/thinkphp3.2.3/Public/css/bootstrap.min.css.map
INFO: [ app_init ] --START--
INFO: Run Behavior\BuildLiteBehavior [ RunTime:0.000046s ]
INFO: [ app_init ] --END-- [ RunTime:0.000847s ]
ERR: 无法加载模块:Public

[ 2016-08-23T10:45:40+08:00 ] 127.0.0.1 /Thinkphp/thinkphp3.2.3/Public/css/bootstrap.min.css.map
INFO: [ app_init ] --START--
INFO: Run Behavior\BuildLiteBehavior [ RunTime:0.000039s ]
INFO: [ app_init ] --END-- [ RunTime:0.000670s ]
ERR: 无法加载模块:Public

[ 2016-08-23T10:45:45+08:00 ] 127.0.0.1 /Thinkphp/thinkphp3.2.3/Public/css/bootstrap.min.css.map
INFO: [ app_init ] --START--
INFO: Run Behavior\BuildLiteBehavior [ RunTime:0.000027s ]
INFO: [ app_init ] --END-- [ RunTime:0.000514s ]
ERR: 无法加载模块:Public

[ 2016-08-23T10:46:15+08:00 ] 127.0.0.1 /Thinkphp/thinkphp3.2.3/Public/css/bootstrap.min.css.map
INFO: [ app_init ] --START--
INFO: Run Behavior\BuildLiteBehavior [ RunTime:0.000028s ]
INFO: [ app_init ] --END-- [ RunTime:0.000548s ]
ERR: 无法加载模块:Public

[ 2016-08-23T10:46:17+08:00 ] 127.0.0.1 /Thinkphp/thinkphp3.2.3/Public/css/bootstrap.min.css.map
INFO: [ app_init ] --START--
INFO: Run Behavior\BuildLiteBehavior [ RunTime:0.000056s ]
INFO: [ app_init ] --END-- [ RunTime:0.001084s ]
ERR: 无法加载模块:Public

[ 2016-08-23T10:46:19+08:00 ] 127.0.0.1 /Thinkphp/thinkphp3.2.3/Public/css/bootstrap.min.css.map
INFO: [ app_init ] --START--
INFO: Run Behavior\BuildLiteBehavior [ RunTime:0.000054s ]
INFO: [ app_init ] --END-- [ RunTime:0.001223s ]
ERR: 无法加载模块:Public

[ 2016-08-23T10:46:22+08:00 ] 127.0.0.1 /Thinkphp/thinkphp3.2.3/Public/css/bootstrap.min.css.map
INFO: [ app_init ] --START--
INFO: Run Behavior\BuildLiteBehavior [ RunTime:0.000033s ]
INFO: [ app_init ] --END-- [ RunTime:0.000906s ]
ERR: 无法加载模块:Public

[ 2016-08-23T10:46:35+08:00 ] 127.0.0.1 /Thinkphp/thinkphp3.2.3/Public/css/bootstrap.min.css.map
INFO: [ app_init ] --START--
INFO: Run Behavior\BuildLiteBehavior [ RunTime:0.000027s ]
INFO: [ app_init ] --END-- [ RunTime:0.000590s ]
ERR: 无法加载模块:Public

[ 2016-08-23T10:46:37+08:00 ] 127.0.0.1 /Thinkphp/thinkphp3.2.3/Public/css/bootstrap.min.css.map
INFO: [ app_init ] --START--
INFO: Run Behavior\BuildLiteBehavior [ RunTime:0.000058s ]
INFO: [ app_init ] --END-- [ RunTime:0.001070s ]
ERR: 无法加载模块:Public

[ 2016-08-23T10:46:39+08:00 ] 127.0.0.1 /Thinkphp/thinkphp3.2.3/Public/css/bootstrap.min.css.map
INFO: [ app_init ] --START--
INFO: Run Behavior\BuildLiteBehavior [ RunTime:0.000050s ]
INFO: [ app_init ] --END-- [ RunTime:0.000977s ]
ERR: 无法加载模块:Public

[ 2016-08-23T10:46:42+08:00 ] 127.0.0.1 /Thinkphp/thinkphp3.2.3/Public/css/bootstrap.min.css.map
INFO: [ app_init ] --START--
INFO: Run Behavior\BuildLiteBehavior [ RunTime:0.000029s ]
INFO: [ app_init ] --END-- [ RunTime:0.000649s ]
ERR: 无法加载模块:Public

[ 2016-08-23T10:55:55+08:00 ] 127.0.0.1 /Thinkphp/thinkphp3.2.3/Public/css/bootstrap.min.css.map
INFO: [ app_init ] --START--
INFO: Run Behavior\BuildLiteBehavior [ RunTime:0.000066s ]
INFO: [ app_init ] --END-- [ RunTime:0.000707s ]
ERR: 无法加载模块:Public

[ 2016-08-23T10:56:35+08:00 ] 127.0.0.1 /Thinkphp/thinkphp3.2.3/Public/css/bootstrap.min.css.map
INFO: [ app_init ] --START--
INFO: Run Behavior\BuildLiteBehavior [ RunTime:0.000027s ]
INFO: [ app_init ] --END-- [ RunTime:0.000522s ]
ERR: 无法加载模块:Public

[ 2016-08-23T10:56:42+08:00 ] 127.0.0.1 /Thinkphp/thinkphp3.2.3/Public/css/bootstrap.min.css.map
INFO: [ app_init ] --START--
INFO: Run Behavior\BuildLiteBehavior [ RunTime:0.000123s ]
INFO: [ app_init ] --END-- [ RunTime:0.002976s ]
ERR: 无法加载模块:Public

[ 2016-08-23T11:17:35+08:00 ] 127.0.0.1 /Thinkphp/thinkphp3.2.3/Public/css/bootstrap.min.css.map
INFO: [ app_init ] --START--
INFO: Run Behavior\BuildLiteBehavior [ RunTime:0.000085s ]
INFO: [ app_init ] --END-- [ RunTime:0.001283s ]
ERR: 无法加载模块:Public

[ 2016-08-23T11:18:52+08:00 ] 127.0.0.1 /Thinkphp/thinkphp3.2.3/Public/css/bootstrap.min.css.map
INFO: [ app_init ] --START--
INFO: Run Behavior\BuildLiteBehavior [ RunTime:0.000027s ]
INFO: [ app_init ] --END-- [ RunTime:0.000636s ]
ERR: 无法加载模块:Public

[ 2016-08-23T11:20:52+08:00 ] 127.0.0.1 /Thinkphp/thinkphp3.2.3/Public/css/bootstrap.min.css.map
INFO: [ app_init ] --START--
INFO: Run Behavior\BuildLiteBehavior [ RunTime:0.000037s ]
INFO: [ app_init ] --END-- [ RunTime:0.000939s ]
ERR: 无法加载模块:Public

[ 2016-08-23T11:20:52+08:00 ] 127.0.0.1 /Thinkphp/thinkphp3.2.3/Public/fonts/glyphicons-halflings-regular.woff2
INFO: [ app_init ] --START--
INFO: Run Behavior\BuildLiteBehavior [ RunTime:0.000079s ]
INFO: [ app_init ] --END-- [ RunTime:0.001402s ]
ERR: 无法加载模块:Public

[ 2016-08-23T11:20:52+08:00 ] 127.0.0.1 /Thinkphp/thinkphp3.2.3/Public/fonts/glyphicons-halflings-regular.woff
INFO: [ app_init ] --START--
INFO: Run Behavior\BuildLiteBehavior [ RunTime:0.000028s ]
INFO: [ app_init ] --END-- [ RunTime:0.000540s ]
ERR: 无法加载模块:Public

[ 2016-08-23T11:20:52+08:00 ] 127.0.0.1 /Thinkphp/thinkphp3.2.3/Public/fonts/glyphicons-halflings-regular.ttf
INFO: [ app_init ] --START--
INFO: Run Behavior\BuildLiteBehavior [ RunTime:0.000041s ]
INFO: [ app_init ] --END-- [ RunTime:0.000767s ]
ERR: 无法加载模块:Public

[ 2016-08-23T11:21:41+08:00 ] 127.0.0.1 /Thinkphp/thinkphp3.2.3/Public/css/bootstrap.min.css.map
INFO: [ app_init ] --START--
INFO: Run Behavior\BuildLiteBehavior [ RunTime:0.000046s ]
INFO: [ app_init ] --END-- [ RunTime:0.000704s ]
ERR: 无法加载模块:Public

[ 2016-08-23T11:21:41+08:00 ] 127.0.0.1 /Thinkphp/thinkphp3.2.3/Public/fonts/glyphicons-halflings-regular.woff2
INFO: [ app_init ] --START--
INFO: Run Behavior\BuildLiteBehavior [ RunTime:0.000031s ]
INFO: [ app_init ] --END-- [ RunTime:0.000745s ]
ERR: 无法加载模块:Public

[ 2016-08-23T11:21:41+08:00 ] 127.0.0.1 /Thinkphp/thinkphp3.2.3/Public/fonts/glyphicons-halflings-regular.woff
INFO: [ app_init ] --START--
INFO: Run Behavior\BuildLiteBehavior [ RunTime:0.000025s ]
INFO: [ app_init ] --END-- [ RunTime:0.000531s ]
ERR: 无法加载模块:Public

[ 2016-08-23T11:21:41+08:00 ] 127.0.0.1 /Thinkphp/thinkphp3.2.3/Public/fonts/glyphicons-halflings-regular.ttf
INFO: [ app_init ] --START--
INFO: Run Behavior\BuildLiteBehavior [ RunTime:0.000078s ]
INFO: [ app_init ] --END-- [ RunTime:0.001421s ]
ERR: 无法加载模块:Public

[ 2016-08-23T11:21:55+08:00 ] 127.0.0.1 /Thinkphp/thinkphp3.2.3/Public/css/bootstrap.min.css.map
INFO: [ app_init ] --START--
INFO: Run Behavior\BuildLiteBehavior [ RunTime:0.000045s ]
INFO: [ app_init ] --END-- [ RunTime:0.000959s ]
ERR: 无法加载模块:Public

[ 2016-08-23T11:31:44+08:00 ] 127.0.0.1 /Thinkphp/thinkphp3.2.3/Public/css/bootstrap.min.css.map
INFO: [ app_init ] --START--
INFO: Run Behavior\BuildLiteBehavior [ RunTime:0.000056s ]
INFO: [ app_init ] --END-- [ RunTime:0.002285s ]
ERR: 无法加载模块:Public

[ 2016-08-23T11:31:51+08:00 ] 127.0.0.1 /Thinkphp/thinkphp3.2.3/Public/css/bootstrap.min.css.map
INFO: [ app_init ] --START--
INFO: Run Behavior\BuildLiteBehavior [ RunTime:0.000046s ]
INFO: [ app_init ] --END-- [ RunTime:0.001084s ]
ERR: 无法加载模块:Public

[ 2016-08-23T11:32:13+08:00 ] 127.0.0.1 /Thinkphp/thinkphp3.2.3/Public/css/bootstrap.min.css.map
INFO: [ app_init ] --START--
INFO: Run Behavior\BuildLiteBehavior [ RunTime:0.000048s ]
INFO: [ app_init ] --END-- [ RunTime:0.000964s ]
ERR: 无法加载模块:Public

[ 2016-08-23T11:32:57+08:00 ] 127.0.0.1 /Thinkphp/thinkphp3.2.3/Public/css/bootstrap.min.css.map
INFO: [ app_init ] --START--
INFO: Run Behavior\BuildLiteBehavior [ RunTime:0.000045s ]
INFO: [ app_init ] --END-- [ RunTime:0.001045s ]
ERR: 无法加载模块:Public

[ 2016-08-23T11:34:27+08:00 ] 127.0.0.1 /Thinkphp/thinkphp3.2.3/Public/css/bootstrap.min.css.map
INFO: [ app_init ] --START--
INFO: Run Behavior\BuildLiteBehavior [ RunTime:0.000029s ]
INFO: [ app_init ] --END-- [ RunTime:0.000569s ]
ERR: 无法加载模块:Public

[ 2016-08-23T11:35:24+08:00 ] 127.0.0.1 /Thinkphp/thinkphp3.2.3/Public/css/bootstrap.min.css.map
INFO: [ app_init ] --START--
INFO: Run Behavior\BuildLiteBehavior [ RunTime:0.000027s ]
INFO: [ app_init ] --END-- [ RunTime:0.000528s ]
ERR: 无法加载模块:Public

[ 2016-08-23T11:41:04+08:00 ] 127.0.0.1 /Thinkphp/thinkphp3.2.3/Public/css/bootstrap.min.css.map
INFO: [ app_init ] --START--
INFO: Run Behavior\BuildLiteBehavior [ RunTime:0.000028s ]
INFO: [ app_init ] --END-- [ RunTime:0.000554s ]
ERR: 无法加载模块:Public

[ 2016-08-23T11:41:50+08:00 ] 127.0.0.1 /Thinkphp/thinkphp3.2.3/Public/css/bootstrap.min.css.map
INFO: [ app_init ] --START--
INFO: Run Behavior\BuildLiteBehavior [ RunTime:0.000026s ]
INFO: [ app_init ] --END-- [ RunTime:0.000560s ]
ERR: 无法加载模块:Public

[ 2016-08-23T11:42:00+08:00 ] 127.0.0.1 /Thinkphp/thinkphp3.2.3/Public/css/bootstrap.min.css.map
INFO: [ app_init ] --START--
INFO: Run Behavior\BuildLiteBehavior [ RunTime:0.000046s ]
INFO: [ app_init ] --END-- [ RunTime:0.001017s ]
ERR: 无法加载模块:Public

[ 2016-08-23T11:44:06+08:00 ] 127.0.0.1 /Thinkphp/thinkphp3.2.3/Public/css/bootstrap.min.css.map
INFO: [ app_init ] --START--
INFO: Run Behavior\BuildLiteBehavior [ RunTime:0.000061s ]
INFO: [ app_init ] --END-- [ RunTime:0.000930s ]
ERR: 无法加载模块:Public

[ 2016-08-23T11:44:41+08:00 ] 127.0.0.1 /Thinkphp/thinkphp3.2.3/Public/css/bootstrap.min.css.map
INFO: [ app_init ] --START--
INFO: Run Behavior\BuildLiteBehavior [ RunTime:0.000051s ]
INFO: [ app_init ] --END-- [ RunTime:0.001169s ]
ERR: 无法加载模块:Public

[ 2016-08-23T11:44:59+08:00 ] 127.0.0.1 /Thinkphp/thinkphp3.2.3/Public/css/bootstrap.min.css.map
INFO: [ app_init ] --START--
INFO: Run Behavior\BuildLiteBehavior [ RunTime:0.000029s ]
INFO: [ app_init ] --END-- [ RunTime:0.000606s ]
ERR: 无法加载模块:Public

[ 2016-08-23T11:45:13+08:00 ] 127.0.0.1 /Thinkphp/thinkphp3.2.3/Public/css/bootstrap.min.css.map
INFO: [ app_init ] --START--
INFO: Run Behavior\BuildLiteBehavior [ RunTime:0.000048s ]
INFO: [ app_init ] --END-- [ RunTime:0.001042s ]
ERR: 无法加载模块:Public

[ 2016-08-23T11:45:33+08:00 ] 127.0.0.1 /Thinkphp/thinkphp3.2.3/Public/css/bootstrap.min.css.map
INFO: [ app_init ] --START--
INFO: Run Behavior\BuildLiteBehavior [ RunTime:0.000109s ]
INFO: [ app_init ] --END-- [ RunTime:0.001665s ]
ERR: 无法加载模块:Public

[ 2016-08-23T11:46:19+08:00 ] 127.0.0.1 /Thinkphp/thinkphp3.2.3/Public/css/bootstrap.min.css.map
INFO: [ app_init ] --START--
INFO: Run Behavior\BuildLiteBehavior [ RunTime:0.000029s ]
INFO: [ app_init ] --END-- [ RunTime:0.000592s ]
ERR: 无法加载模块:Public

[ 2016-08-23T11:47:12+08:00 ] 127.0.0.1 /Thinkphp/thinkphp3.2.3/Public/css/bootstrap.min.css.map
INFO: [ app_init ] --START--
INFO: Run Behavior\BuildLiteBehavior [ RunTime:0.000049s ]
INFO: [ app_init ] --END-- [ RunTime:0.000947s ]
ERR: 无法加载模块:Public

[ 2016-08-23T11:47:57+08:00 ] 127.0.0.1 /Thinkphp/thinkphp3.2.3/Public/css/bootstrap.min.css.map
INFO: [ app_init ] --START--
INFO: Run Behavior\BuildLiteBehavior [ RunTime:0.000046s ]
INFO: [ app_init ] --END-- [ RunTime:0.000901s ]
ERR: 无法加载模块:Public

[ 2016-08-23T11:48:40+08:00 ] 127.0.0.1 /Thinkphp/thinkphp3.2.3/Public/css/bootstrap.min.css.map
INFO: [ app_init ] --START--
INFO: Run Behavior\BuildLiteBehavior [ RunTime:0.000029s ]
INFO: [ app_init ] --END-- [ RunTime:0.000573s ]
ERR: 无法加载模块:Public

[ 2016-08-23T11:49:44+08:00 ] 127.0.0.1 /Thinkphp/thinkphp3.2.3/Public/css/bootstrap.min.css.map
INFO: [ app_init ] --START--
INFO: Run Behavior\BuildLiteBehavior [ RunTime:0.000028s ]
INFO: [ app_init ] --END-- [ RunTime:0.000543s ]
ERR: 无法加载模块:Public

[ 2016-08-23T11:50:21+08:00 ] 127.0.0.1 /Thinkphp/thinkphp3.2.3/Public/css/bootstrap.min.css.map
INFO: [ app_init ] --START--
INFO: Run Behavior\BuildLiteBehavior [ RunTime:0.000070s ]
INFO: [ app_init ] --END-- [ RunTime:0.001355s ]
ERR: 无法加载模块:Public

[ 2016-08-23T11:50:36+08:00 ] 127.0.0.1 /Thinkphp/thinkphp3.2.3/Public/css/bootstrap.min.css.map
INFO: [ app_init ] --START--
INFO: Run Behavior\BuildLiteBehavior [ RunTime:0.000046s ]
INFO: [ app_init ] --END-- [ RunTime:0.001402s ]
ERR: 无法加载模块:Public

[ 2016-08-23T11:50:46+08:00 ] 127.0.0.1 /Thinkphp/thinkphp3.2.3/Public/css/bootstrap.min.css.map
INFO: [ app_init ] --START--
INFO: Run Behavior\BuildLiteBehavior [ RunTime:0.000064s ]
INFO: [ app_init ] --END-- [ RunTime:0.000932s ]
ERR: 无法加载模块:Public

[ 2016-08-23T11:55:28+08:00 ] 127.0.0.1 /Thinkphp/thinkphp3.2.3/Public/css/bootstrap.min.css.map
INFO: [ app_init ] --START--
INFO: Run Behavior\BuildLiteBehavior [ RunTime:0.000044s ]
INFO: [ app_init ] --END-- [ RunTime:0.000918s ]
ERR: 无法加载模块:Public

[ 2016-08-23T11:55:54+08:00 ] 127.0.0.1 /Thinkphp/thinkphp3.2.3/Public/css/bootstrap.min.css.map
INFO: [ app_init ] --START--
INFO: Run Behavior\BuildLiteBehavior [ RunTime:0.000041s ]
INFO: [ app_init ] --END-- [ RunTime:0.000879s ]
ERR: 无法加载模块:Public

[ 2016-08-23T11:56:03+08:00 ] 127.0.0.1 /Thinkphp/thinkphp3.2.3/Public/css/bootstrap.min.css.map
INFO: [ app_init ] --START--
INFO: Run Behavior\BuildLiteBehavior [ RunTime:0.000054s ]
INFO: [ app_init ] --END-- [ RunTime:0.000717s ]
ERR: 无法加载模块:Public

[ 2016-08-23T11:56:38+08:00 ] 127.0.0.1 /Thinkphp/thinkphp3.2.3/Public/css/bootstrap.min.css.map
INFO: [ app_init ] --START--
INFO: Run Behavior\BuildLiteBehavior [ RunTime:0.000048s ]
INFO: [ app_init ] --END-- [ RunTime:0.000983s ]
ERR: 无法加载模块:Public

[ 2016-08-23T11:57:05+08:00 ] 127.0.0.1 /Thinkphp/thinkphp3.2.3/Public/css/bootstrap.min.css.map
INFO: [ app_init ] --START--
INFO: Run Behavior\BuildLiteBehavior [ RunTime:0.000044s ]
INFO: [ app_init ] --END-- [ RunTime:0.001211s ]
ERR: 无法加载模块:Public

[ 2016-08-23T11:58:11+08:00 ] 127.0.0.1 /Thinkphp/thinkphp3.2.3/Public/css/bootstrap.min.css.map
INFO: [ app_init ] --START--
INFO: Run Behavior\BuildLiteBehavior [ RunTime:0.000118s ]
INFO: [ app_init ] --END-- [ RunTime:0.003178s ]
ERR: 无法加载模块:Public

[ 2016-08-23T11:58:21+08:00 ] 127.0.0.1 /Thinkphp/thinkphp3.2.3/Public/css/bootstrap.min.css.map
INFO: [ app_init ] --START--
INFO: Run Behavior\BuildLiteBehavior [ RunTime:0.000047s ]
INFO: [ app_init ] --END-- [ RunTime:0.000929s ]
ERR: 无法加载模块:Public

[ 2016-08-23T11:58:34+08:00 ] 127.0.0.1 /Thinkphp/thinkphp3.2.3/Public/css/bootstrap.min.css.map
INFO: [ app_init ] --START--
INFO: Run Behavior\BuildLiteBehavior [ RunTime:0.000079s ]
INFO: [ app_init ] --END-- [ RunTime:0.001815s ]
ERR: 无法加载模块:Public

[ 2016-08-23T11:59:12+08:00 ] 127.0.0.1 /Thinkphp/thinkphp3.2.3/Public/css/bootstrap.min.css.map
INFO: [ app_init ] --START--
INFO: Run Behavior\BuildLiteBehavior [ RunTime:0.000070s ]
INFO: [ app_init ] --END-- [ RunTime:0.000927s ]
ERR: 无法加载模块:Public

[ 2016-08-23T11:59:31+08:00 ] 127.0.0.1 /Thinkphp/thinkphp3.2.3/Public/css/bootstrap.min.css.map
INFO: [ app_init ] --START--
INFO: Run Behavior\BuildLiteBehavior [ RunTime:0.000047s ]
INFO: [ app_init ] --END-- [ RunTime:0.000978s ]
ERR: 无法加载模块:Public

[ 2016-08-23T11:59:48+08:00 ] 127.0.0.1 /Thinkphp/thinkphp3.2.3/Public/css/bootstrap.min.css.map
INFO: [ app_init ] --START--
INFO: Run Behavior\BuildLiteBehavior [ RunTime:0.000046s ]
INFO: [ app_init ] --END-- [ RunTime:0.000947s ]
ERR: 无法加载模块:Public

[ 2016-08-23T11:59:56+08:00 ] 127.0.0.1 /Thinkphp/thinkphp3.2.3/Public/css/bootstrap.min.css.map
INFO: [ app_init ] --START--
INFO: Run Behavior\BuildLiteBehavior [ RunTime:0.000083s ]
INFO: [ app_init ] --END-- [ RunTime:0.001175s ]
ERR: 无法加载模块:Public

[ 2016-08-23T12:00:03+08:00 ] 127.0.0.1 /Thinkphp/thinkphp3.2.3/Public/css/bootstrap.min.css.map
INFO: [ app_init ] --START--
INFO: Run Behavior\BuildLiteBehavior [ RunTime:0.000041s ]
INFO: [ app_init ] --END-- [ RunTime:0.001425s ]
ERR: 无法加载模块:Public

[ 2016-08-23T12:00:15+08:00 ] 127.0.0.1 /Thinkphp/thinkphp3.2.3/Public/css/bootstrap.min.css.map
INFO: [ app_init ] --START--
INFO: Run Behavior\BuildLiteBehavior [ RunTime:0.000050s ]
INFO: [ app_init ] --END-- [ RunTime:0.001023s ]
ERR: 无法加载模块:Public

[ 2016-08-23T12:01:01+08:00 ] 127.0.0.1 /Thinkphp/thinkphp3.2.3/Public/css/bootstrap.min.css.map
INFO: [ app_init ] --START--
INFO: Run Behavior\BuildLiteBehavior [ RunTime:0.000045s ]
INFO: [ app_init ] --END-- [ RunTime:0.001037s ]
ERR: 无法加载模块:Public

[ 2016-08-23T12:01:14+08:00 ] 127.0.0.1 /Thinkphp/thinkphp3.2.3/Public/css/bootstrap.min.css.map
INFO: [ app_init ] --START--
INFO: Run Behavior\BuildLiteBehavior [ RunTime:0.000052s ]
INFO: [ app_init ] --END-- [ RunTime:0.001064s ]
ERR: 无法加载模块:Public

[ 2016-08-23T12:01:58+08:00 ] 127.0.0.1 /Thinkphp/thinkphp3.2.3/Public/css/bootstrap.min.css.map
INFO: [ app_init ] --START--
INFO: Run Behavior\BuildLiteBehavior [ RunTime:0.000047s ]
INFO: [ app_init ] --END-- [ RunTime:0.000878s ]
ERR: 无法加载模块:Public

[ 2016-08-23T12:02:40+08:00 ] 127.0.0.1 /Thinkphp/thinkphp3.2.3/Public/css/bootstrap.min.css.map
INFO: [ app_init ] --START--
INFO: Run Behavior\BuildLiteBehavior [ RunTime:0.000049s ]
INFO: [ app_init ] --END-- [ RunTime:0.001093s ]
ERR: 无法加载模块:Public

[ 2016-08-23T12:02:59+08:00 ] 127.0.0.1 /Thinkphp/thinkphp3.2.3/Public/css/bootstrap.min.css.map
INFO: [ app_init ] --START--
INFO: Run Behavior\BuildLiteBehavior [ RunTime:0.000052s ]
INFO: [ app_init ] --END-- [ RunTime:0.001289s ]
ERR: 无法加载模块:Public

[ 2016-08-23T12:03:33+08:00 ] 127.0.0.1 /Thinkphp/thinkphp3.2.3/Public/css/bootstrap.min.css.map
INFO: [ app_init ] --START--
INFO: Run Behavior\BuildLiteBehavior [ RunTime:0.000050s ]
INFO: [ app_init ] --END-- [ RunTime:0.001025s ]
ERR: 无法加载模块:Public

[ 2016-08-23T12:04:30+08:00 ] 127.0.0.1 /Thinkphp/thinkphp3.2.3/Public/css/bootstrap.min.css.map
INFO: [ app_init ] --START--
INFO: Run Behavior\BuildLiteBehavior [ RunTime:0.000028s ]
INFO: [ app_init ] --END-- [ RunTime:0.000751s ]
ERR: 无法加载模块:Public

[ 2016-08-23T12:04:49+08:00 ] 127.0.0.1 /Thinkphp/thinkphp3.2.3/Public/css/bootstrap.min.css.map
INFO: [ app_init ] --START--
INFO: Run Behavior\BuildLiteBehavior [ RunTime:0.000037s ]
INFO: [ app_init ] --END-- [ RunTime:0.000561s ]
ERR: 无法加载模块:Public

[ 2016-08-23T12:05:44+08:00 ] 127.0.0.1 /Thinkphp/thinkphp3.2.3/Public/css/bootstrap.min.css.map
INFO: [ app_init ] --START--
INFO: Run Behavior\BuildLiteBehavior [ RunTime:0.000047s ]
INFO: [ app_init ] --END-- [ RunTime:0.001545s ]
ERR: 无法加载模块:Public

[ 2016-08-23T13:55:32+08:00 ] 127.0.0.1 /Thinkphp/thinkphp3.2.3/Public/css/bootstrap.min.css.map
INFO: [ app_init ] --START--
INFO: Run Behavior\BuildLiteBehavior [ RunTime:0.000040s ]
INFO: [ app_init ] --END-- [ RunTime:0.000613s ]
ERR: 无法加载模块:Public

[ 2016-08-23T13:56:42+08:00 ] 127.0.0.1 /Thinkphp/thinkphp3.2.3/Public/css/bootstrap.min.css.map
INFO: [ app_init ] --START--
INFO: Run Behavior\BuildLiteBehavior [ RunTime:0.000053s ]
INFO: [ app_init ] --END-- [ RunTime:0.000637s ]
ERR: 无法加载模块:Public

[ 2016-08-23T13:58:04+08:00 ] 127.0.0.1 /Thinkphp/thinkphp3.2.3/Public/css/bootstrap.min.css.map
INFO: [ app_init ] --START--
INFO: Run Behavior\BuildLiteBehavior [ RunTime:0.000027s ]
INFO: [ app_init ] --END-- [ RunTime:0.000535s ]
ERR: 无法加载模块:Public

[ 2016-08-23T13:58:16+08:00 ] 127.0.0.1 /Thinkphp/thinkphp3.2.3/Public/css/bootstrap.min.css.map
INFO: [ app_init ] --START--
INFO: Run Behavior\BuildLiteBehavior [ RunTime:0.000044s ]
INFO: [ app_init ] --END-- [ RunTime:0.000889s ]
ERR: 无法加载模块:Public

[ 2016-08-23T13:58:39+08:00 ] 127.0.0.1 /Thinkphp/thinkphp3.2.3/Public/css/bootstrap.min.css.map
INFO: [ app_init ] --START--
INFO: Run Behavior\BuildLiteBehavior [ RunTime:0.000030s ]
INFO: [ app_init ] --END-- [ RunTime:0.000577s ]
ERR: 无法加载模块:Public

[ 2016-08-23T13:58:42+08:00 ] 127.0.0.1 /Thinkphp/thinkphp3.2.3/Public/css/bootstrap.min.css.map
INFO: [ app_init ] --START--
INFO: Run Behavior\BuildLiteBehavior [ RunTime:0.000050s ]
INFO: [ app_init ] --END-- [ RunTime:0.000792s ]
ERR: 无法加载模块:Public

[ 2016-08-23T13:58:48+08:00 ] 127.0.0.1 /Thinkphp/thinkphp3.2.3/Public/css/bootstrap.min.css.map
INFO: [ app_init ] --START--
INFO: Run Behavior\BuildLiteBehavior [ RunTime:0.000029s ]
INFO: [ app_init ] --END-- [ RunTime:0.000566s ]
ERR: 无法加载模块:Public

[ 2016-08-23T13:58:50+08:00 ] 127.0.0.1 /Thinkphp/thinkphp3.2.3/Public/css/bootstrap.min.css.map
INFO: [ app_init ] --START--
INFO: Run Behavior\BuildLiteBehavior [ RunTime:0.000048s ]
INFO: [ app_init ] --END-- [ RunTime:0.000990s ]
ERR: 无法加载模块:Public

[ 2016-08-23T13:58:55+08:00 ] 127.0.0.1 /Thinkphp/thinkphp3.2.3/Public/css/bootstrap.min.css.map
INFO: [ app_init ] --START--
INFO: Run Behavior\BuildLiteBehavior [ RunTime:0.000047s ]
INFO: [ app_init ] --END-- [ RunTime:0.001084s ]
ERR: 无法加载模块:Public

[ 2016-08-23T13:59:41+08:00 ] 127.0.0.1 /Thinkphp/thinkphp3.2.3/Public/css/bootstrap.min.css.map
INFO: [ app_init ] --START--
INFO: Run Behavior\BuildLiteBehavior [ RunTime:0.000030s ]
INFO: [ app_init ] --END-- [ RunTime:0.000815s ]
ERR: 无法加载模块:Public

[ 2016-08-23T13:59:57+08:00 ] 127.0.0.1 /Thinkphp/thinkphp3.2.3/Public/css/bootstrap.min.css.map
INFO: [ app_init ] --START--
INFO: Run Behavior\BuildLiteBehavior [ RunTime:0.000027s ]
INFO: [ app_init ] --END-- [ RunTime:0.000586s ]
ERR: 无法加载模块:Public

[ 2016-08-23T14:00:57+08:00 ] 127.0.0.1 /Thinkphp/thinkphp3.2.3/Public/css/bootstrap.min.css.map
INFO: [ app_init ] --START--
INFO: Run Behavior\BuildLiteBehavior [ RunTime:0.000029s ]
INFO: [ app_init ] --END-- [ RunTime:0.000564s ]
ERR: 无法加载模块:Public

[ 2016-08-23T14:01:12+08:00 ] 127.0.0.1 /Thinkphp/thinkphp3.2.3/Public/css/bootstrap.min.css.map
INFO: [ app_init ] --START--
INFO: Run Behavior\BuildLiteBehavior [ RunTime:0.000028s ]
INFO: [ app_init ] --END-- [ RunTime:0.000547s ]
ERR: 无法加载模块:Public

[ 2016-08-23T14:01:19+08:00 ] 127.0.0.1 /Thinkphp/thinkphp3.2.3/Public/css/bootstrap.min.css.map
INFO: [ app_init ] --START--
INFO: Run Behavior\BuildLiteBehavior [ RunTime:0.000047s ]
INFO: [ app_init ] --END-- [ RunTime:0.000558s ]
ERR: 无法加载模块:Public

[ 2016-08-23T14:01:30+08:00 ] 127.0.0.1 /Thinkphp/thinkphp3.2.3/Public/css/bootstrap.min.css.map
INFO: [ app_init ] --START--
INFO: Run Behavior\BuildLiteBehavior [ RunTime:0.000046s ]
INFO: [ app_init ] --END-- [ RunTime:0.000887s ]
ERR: 无法加载模块:Public

[ 2016-08-23T14:50:33+08:00 ] 127.0.0.1 /Thinkphp/thinkphp3.2.3/Public/css/bootstrap.min.css.map
INFO: [ app_init ] --START--
INFO: Run Behavior\BuildLiteBehavior [ RunTime:0.000048s ]
INFO: [ app_init ] --END-- [ RunTime:0.000858s ]
ERR: 无法加载模块:Public

[ 2016-08-23T14:51:50+08:00 ] 127.0.0.1 /Thinkphp/thinkphp3.2.3/Public/css/bootstrap.min.css.map
INFO: [ app_init ] --START--
INFO: Run Behavior\BuildLiteBehavior [ RunTime:0.000048s ]
INFO: [ app_init ] --END-- [ RunTime:0.000924s ]
ERR: 无法加载模块:Public

[ 2016-08-23T14:58:20+08:00 ] 127.0.0.1 /Thinkphp/thinkphp3.2.3/Public/css/bootstrap.min.css.map
INFO: [ app_init ] --START--
INFO: Run Behavior\BuildLiteBehavior [ RunTime:0.000036s ]
INFO: [ app_init ] --END-- [ RunTime:0.000587s ]
ERR: 无法加载模块:Public

[ 2016-08-23T14:58:46+08:00 ] 127.0.0.1 /Thinkphp/thinkphp3.2.3/Public/css/bootstrap.min.css.map
INFO: [ app_init ] --START--
INFO: Run Behavior\BuildLiteBehavior [ RunTime:0.000087s ]
INFO: [ app_init ] --END-- [ RunTime:0.001075s ]
ERR: 无法加载模块:Public

[ 2016-08-23T14:59:00+08:00 ] 127.0.0.1 /Thinkphp/thinkphp3.2.3/Public/css/bootstrap.min.css.map
INFO: [ app_init ] --START--
INFO: Run Behavior\BuildLiteBehavior [ RunTime:0.000458s ]
INFO: [ app_init ] --END-- [ RunTime:0.001311s ]
ERR: 无法加载模块:Public

[ 2016-08-23T14:59:20+08:00 ] 127.0.0.1 /Thinkphp/thinkphp3.2.3/Public/css/bootstrap.min.css.map
INFO: [ app_init ] --START--
INFO: Run Behavior\BuildLiteBehavior [ RunTime:0.000028s ]
INFO: [ app_init ] --END-- [ RunTime:0.000577s ]
ERR: 无法加载模块:Public

[ 2016-08-23T15:00:50+08:00 ] 127.0.0.1 /Thinkphp/thinkphp3.2.3/Public/css/bootstrap.min.css.map
INFO: [ app_init ] --START--
INFO: Run Behavior\BuildLiteBehavior [ RunTime:0.000027s ]
INFO: [ app_init ] --END-- [ RunTime:0.000563s ]
ERR: 无法加载模块:Public

[ 2016-08-23T15:01:09+08:00 ] 127.0.0.1 /Thinkphp/thinkphp3.2.3/Public/css/bootstrap.min.css.map
INFO: [ app_init ] --START--
INFO: Run Behavior\BuildLiteBehavior [ RunTime:0.000049s ]
INFO: [ app_init ] --END-- [ RunTime:0.001145s ]
ERR: 无法加载模块:Public

[ 2016-08-23T15:01:16+08:00 ] 127.0.0.1 /Thinkphp/thinkphp3.2.3/Public/css/bootstrap.min.css.map
INFO: [ app_init ] --START--
INFO: Run Behavior\BuildLiteBehavior [ RunTime:0.000061s ]
INFO: [ app_init ] --END-- [ RunTime:0.000876s ]
ERR: 无法加载模块:Public

[ 2016-08-23T15:02:38+08:00 ] 127.0.0.1 /Thinkphp/thinkphp3.2.3/Public/css/bootstrap.min.css.map
INFO: [ app_init ] --START--
INFO: Run Behavior\BuildLiteBehavior [ RunTime:0.000031s ]
INFO: [ app_init ] --END-- [ RunTime:0.000642s ]
ERR: 无法加载模块:Public

