[ 2016-09-04T11:58:59+08:00 ] 127.0.0.1 /Thinkphp/thinkphp3.2.3/images/admin_logo.png
INFO: [ app_init ] --START--
INFO: Run Behavior\BuildLiteBehavior [ RunTime:0.000027s ]
INFO: [ app_init ] --END-- [ RunTime:0.000619s ]
ERR: 无法加载模块:Images

[ 2016-09-04T12:02:07+08:00 ] 127.0.0.1 /Thinkphp/thinkphp3.2.3/images/admin_logo.png
INFO: [ app_init ] --START--
INFO: Run Behavior\BuildLiteBehavior [ RunTime:0.000055s ]
INFO: [ app_init ] --END-- [ RunTime:0.001389s ]
ERR: 无法加载模块:Images

[ 2016-09-04T12:02:28+08:00 ] 127.0.0.1 /Thinkphp/thinkphp3.2.3/images/admin_logo.png
INFO: [ app_init ] --START--
INFO: Run Behavior\BuildLiteBehavior [ RunTime:0.000037s ]
INFO: [ app_init ] --END-- [ RunTime:0.000740s ]
ERR: 无法加载模块:Images

[ 2016-09-04T12:03:45+08:00 ] 127.0.0.1 /Thinkphp/thinkphp3.2.3/images/admin_logo.png
INFO: [ app_init ] --START--
INFO: Run Behavior\BuildLiteBehavior [ RunTime:0.000050s ]
INFO: [ app_init ] --END-- [ RunTime:0.000896s ]
ERR: 无法加载模块:Images

[ 2016-09-04T12:07:05+08:00 ] 127.0.0.1 /Thinkphp/thinkphp3.2.3/images/admin_logo.png
INFO: [ app_init ] --START--
INFO: Run Behavior\BuildLiteBehavior [ RunTime:0.000047s ]
INFO: [ app_init ] --END-- [ RunTime:0.000872s ]
ERR: 无法加载模块:Images

[ 2016-09-04T12:07:06+08:00 ] 127.0.0.1 /Thinkphp/thinkphp3.2.3/images/admin_logo.png
INFO: [ app_init ] --START--
INFO: Run Behavior\BuildLiteBehavior [ RunTime:0.000030s ]
INFO: [ app_init ] --END-- [ RunTime:0.000832s ]
ERR: 无法加载模块:Images

[ 2016-09-04T12:07:07+08:00 ] 127.0.0.1 /Thinkphp/thinkphp3.2.3/images/admin_logo.png
INFO: [ app_init ] --START--
INFO: Run Behavior\BuildLiteBehavior [ RunTime:0.000029s ]
INFO: [ app_init ] --END-- [ RunTime:0.000572s ]
ERR: 无法加载模块:Images

[ 2016-09-04T12:07:08+08:00 ] 127.0.0.1 /Thinkphp/thinkphp3.2.3/images/admin_logo.png
INFO: [ app_init ] --START--
INFO: Run Behavior\BuildLiteBehavior [ RunTime:0.000047s ]
INFO: [ app_init ] --END-- [ RunTime:0.000841s ]
ERR: 无法加载模块:Images

[ 2016-09-04T12:07:33+08:00 ] 127.0.0.1 /Thinkphp/thinkphp3.2.3/images/admin_logo.png
INFO: [ app_init ] --START--
INFO: Run Behavior\BuildLiteBehavior [ RunTime:0.000029s ]
INFO: [ app_init ] --END-- [ RunTime:0.000743s ]
ERR: 无法加载模块:Images

[ 2016-09-04T12:07:40+08:00 ] 127.0.0.1 /Thinkphp/thinkphp3.2.3/images/admin_logo.png
INFO: [ app_init ] --START--
INFO: Run Behavior\BuildLiteBehavior [ RunTime:0.000028s ]
INFO: [ app_init ] --END-- [ RunTime:0.000616s ]
ERR: 无法加载模块:Images

[ 2016-09-04T12:08:01+08:00 ] 127.0.0.1 /Thinkphp/thinkphp3.2.3/images/admin_logo.png
INFO: [ app_init ] --START--
INFO: Run Behavior\BuildLiteBehavior [ RunTime:0.000029s ]
INFO: [ app_init ] --END-- [ RunTime:0.000565s ]
ERR: 无法加载模块:Images

[ 2016-09-04T12:08:13+08:00 ] 127.0.0.1 /Thinkphp/thinkphp3.2.3/images/admin_logo.png
INFO: [ app_init ] --START--
INFO: Run Behavior\BuildLiteBehavior [ RunTime:0.000050s ]
INFO: [ app_init ] --END-- [ RunTime:0.001502s ]
ERR: 无法加载模块:Images

[ 2016-09-04T12:08:14+08:00 ] 127.0.0.1 /Thinkphp/thinkphp3.2.3/images/admin_logo.png
INFO: [ app_init ] --START--
INFO: Run Behavior\BuildLiteBehavior [ RunTime:0.000045s ]
INFO: [ app_init ] --END-- [ RunTime:0.000866s ]
ERR: 无法加载模块:Images

[ 2016-09-04T12:08:14+08:00 ] 127.0.0.1 /Thinkphp/thinkphp3.2.3/images/admin_logo.png
INFO: [ app_init ] --START--
INFO: Run Behavior\BuildLiteBehavior [ RunTime:0.000028s ]
INFO: [ app_init ] --END-- [ RunTime:0.000592s ]
ERR: 无法加载模块:Images

[ 2016-09-04T12:08:15+08:00 ] 127.0.0.1 /Thinkphp/thinkphp3.2.3/images/admin_logo.png
INFO: [ app_init ] --START--
INFO: Run Behavior\BuildLiteBehavior [ RunTime:0.000030s ]
INFO: [ app_init ] --END-- [ RunTime:0.000598s ]
ERR: 无法加载模块:Images

[ 2016-09-04T17:01:33+08:00 ] 127.0.0.1 /Thinkphp/thinkphp3.2.3/Public/css/ico.jpg
INFO: [ app_init ] --START--
INFO: Run Behavior\BuildLiteBehavior [ RunTime:0.000042s ]
INFO: [ app_init ] --END-- [ RunTime:0.000806s ]
ERR: 无法加载模块:Public

[ 2016-09-04T17:02:50+08:00 ] 127.0.0.1 /Thinkphp/thinkphp3.2.3/index.php/Index/index
INFO: [ app_init ] --START--
INFO: Run Behavior\BuildLiteBehavior [ RunTime:0.000027s ]
INFO: [ app_init ] --END-- [ RunTime:0.000544s ]
ERR: 无法加载模块:Index

[ 2016-09-04T17:02:57+08:00 ] 127.0.0.1 /Thinkphp/thinkphp3.2.3/index.php/Index/index
INFO: [ app_init ] --START--
INFO: Run Behavior\BuildLiteBehavior [ RunTime:0.000038s ]
INFO: [ app_init ] --END-- [ RunTime:0.000788s ]
ERR: 无法加载模块:Index

[ 2016-09-04T17:02:59+08:00 ] 127.0.0.1 /Thinkphp/thinkphp3.2.3/index.php/Index/index
INFO: [ app_init ] --START--
INFO: Run Behavior\BuildLiteBehavior [ RunTime:0.000028s ]
INFO: [ app_init ] --END-- [ RunTime:0.000615s ]
ERR: 无法加载模块:Index

[ 2016-09-04T17:02:59+08:00 ] 127.0.0.1 /Thinkphp/thinkphp3.2.3/index.php/Index/index
INFO: [ app_init ] --START--
INFO: Run Behavior\BuildLiteBehavior [ RunTime:0.000027s ]
INFO: [ app_init ] --END-- [ RunTime:0.000521s ]
ERR: 无法加载模块:Index

[ 2016-09-04T17:02:59+08:00 ] 127.0.0.1 /Thinkphp/thinkphp3.2.3/index.php/Index/index
INFO: [ app_init ] --START--
INFO: Run Behavior\BuildLiteBehavior [ RunTime:0.000028s ]
INFO: [ app_init ] --END-- [ RunTime:0.000633s ]
ERR: 无法加载模块:Index

[ 2016-09-04T17:03:00+08:00 ] 127.0.0.1 /Thinkphp/thinkphp3.2.3/index.php/Index/index
INFO: [ app_init ] --START--
INFO: Run Behavior\BuildLiteBehavior [ RunTime:0.000137s ]
INFO: [ app_init ] --END-- [ RunTime:0.000831s ]
ERR: 无法加载模块:Index

[ 2016-09-04T17:03:00+08:00 ] 127.0.0.1 /Thinkphp/thinkphp3.2.3/index.php/Index/index
INFO: [ app_init ] --START--
INFO: Run Behavior\BuildLiteBehavior [ RunTime:0.000036s ]
INFO: [ app_init ] --END-- [ RunTime:0.001228s ]
ERR: 无法加载模块:Index

[ 2016-09-04T17:03:07+08:00 ] 127.0.0.1 /Thinkphp/thinkphp3.2.3/index.php/images/admin_logo.png
INFO: [ app_init ] --START--
INFO: Run Behavior\BuildLiteBehavior [ RunTime:0.000051s ]
INFO: [ app_init ] --END-- [ RunTime:0.001263s ]
ERR: 无法加载模块:Images

[ 2016-09-04T17:03:42+08:00 ] 127.0.0.1 /Thinkphp/thinkphp3.2.3/index.php/images/admin_logo.png
INFO: [ app_init ] --START--
INFO: Run Behavior\BuildLiteBehavior [ RunTime:0.000029s ]
INFO: [ app_init ] --END-- [ RunTime:0.000634s ]
ERR: 无法加载模块:Images

[ 2016-09-04T17:03:55+08:00 ] 127.0.0.1 /Thinkphp/thinkphp3.2.3/index.php/images/admin_logo.png
INFO: [ app_init ] --START--
INFO: Run Behavior\BuildLiteBehavior [ RunTime:0.000027s ]
INFO: [ app_init ] --END-- [ RunTime:0.000681s ]
ERR: 无法加载模块:Images

[ 2016-09-04T17:04:05+08:00 ] 127.0.0.1 /Thinkphp/thinkphp3.2.3/index.php/images/admin_logo.png
INFO: [ app_init ] --START--
INFO: Run Behavior\BuildLiteBehavior [ RunTime:0.000028s ]
INFO: [ app_init ] --END-- [ RunTime:0.000630s ]
ERR: 无法加载模块:Images

[ 2016-09-04T17:04:17+08:00 ] 127.0.0.1 /Thinkphp/thinkphp3.2.3/index.php/images/admin_logo.png
INFO: [ app_init ] --START--
INFO: Run Behavior\BuildLiteBehavior [ RunTime:0.000030s ]
INFO: [ app_init ] --END-- [ RunTime:0.000554s ]
ERR: 无法加载模块:Images

