[ 2016-11-05T21:04:13+08:00 ] 121.69.37.186 /jingqi/Public/Uploads/47441478245699.png
INFO: [ app_init ] --START--
INFO: Run Behavior\BuildLiteBehavior [ RunTime:0.000017s ]
INFO: [ app_init ] --END-- [ RunTime:0.000345s ]
ERR: 无法加载模块:Public

[ 2016-11-05T21:04:13+08:00 ] 121.69.37.186 /jingqi/Public/Uploads/15641478246088.png
INFO: [ app_init ] --START--
INFO: Run Behavior\BuildLiteBehavior [ RunTime:0.000016s ]
INFO: [ app_init ] --END-- [ RunTime:0.000346s ]
ERR: 无法加载模块:Public

[ 2016-11-05T21:04:13+08:00 ] 121.69.37.186 /jingqi/Public/Uploads/17471478246770.png
INFO: [ app_init ] --START--
INFO: Run Behavior\BuildLiteBehavior [ RunTime:0.000017s ]
INFO: [ app_init ] --END-- [ RunTime:0.000434s ]
ERR: 无法加载模块:Public

[ 2016-11-05T21:04:13+08:00 ] 121.69.37.186 /jingqi/Public/Uploads/64981478246597.png
INFO: [ app_init ] --START--
INFO: Run Behavior\BuildLiteBehavior [ RunTime:0.000018s ]
INFO: [ app_init ] --END-- [ RunTime:0.000382s ]
ERR: 无法加载模块:Public

[ 2016-11-05T21:04:13+08:00 ] 121.69.37.186 /jingqi/Public/Uploads/19491478253922.png
INFO: [ app_init ] --START--
INFO: Run Behavior\BuildLiteBehavior [ RunTime:0.000016s ]
INFO: [ app_init ] --END-- [ RunTime:0.000338s ]
ERR: 无法加载模块:Public

[ 2016-11-05T21:04:13+08:00 ] 121.69.37.186 /jingqi/Public/Uploads/5761478245971.png
INFO: [ app_init ] --START--
INFO: Run Behavior\BuildLiteBehavior [ RunTime:0.000015s ]
INFO: [ app_init ] --END-- [ RunTime:0.000326s ]
ERR: 无法加载模块:Public

[ 2016-11-05T21:04:13+08:00 ] 121.69.37.186 /jingqi/Public/Uploads/79421478246958.png
INFO: [ app_init ] --START--
INFO: Run Behavior\BuildLiteBehavior [ RunTime:0.000020s ]
INFO: [ app_init ] --END-- [ RunTime:0.000389s ]
ERR: 无法加载模块:Public

[ 2016-11-05T21:04:13+08:00 ] 121.69.37.186 /jingqi/Public/Uploads/72301478245918.png
INFO: [ app_init ] --START--
INFO: Run Behavior\BuildLiteBehavior [ RunTime:0.000019s ]
INFO: [ app_init ] --END-- [ RunTime:0.000365s ]
ERR: 无法加载模块:Public

[ 2016-11-05T21:04:13+08:00 ] 121.69.37.186 /jingqi/Public/Uploads/2016-11-04/75731478254187.png
INFO: [ app_init ] --START--
INFO: Run Behavior\BuildLiteBehavior [ RunTime:0.000017s ]
INFO: [ app_init ] --END-- [ RunTime:0.000366s ]
ERR: 无法加载模块:Public

[ 2016-11-05T21:15:02+08:00 ] 121.69.37.186 /jingqi/Public/admin/jqjs/css/bootstrap.min.css.map
INFO: [ app_init ] --START--
INFO: Run Behavior\BuildLiteBehavior [ RunTime:0.000017s ]
INFO: [ app_init ] --END-- [ RunTime:0.000350s ]
ERR: 无法加载模块:Public

[ 2016-11-05T21:15:08+08:00 ] 121.69.37.186 /jingqi/Public/admin/jqjs/css/bootstrap.min.css.map
INFO: [ app_init ] --START--
INFO: Run Behavior\BuildLiteBehavior [ RunTime:0.000019s ]
INFO: [ app_init ] --END-- [ RunTime:0.000355s ]
ERR: 无法加载模块:Public

[ 2016-11-05T21:15:08+08:00 ] 121.69.37.186 /jingqi/Public/admin/jqjs/css/bootstrap.min.css.map
INFO: [ app_init ] --START--
INFO: Run Behavior\BuildLiteBehavior [ RunTime:0.000016s ]
INFO: [ app_init ] --END-- [ RunTime:0.000371s ]
ERR: 无法加载模块:Public

