[ 2016-11-01T16:56:29+08:00 ] 127.0.0.1 /datassd/jqapp/index.php?s=api/Index/getHead
INFO: [ app_init ] --START--
INFO: Run Behavior\BuildLiteBehavior [ RunTime:0.000000s ]
INFO: [ app_init ] --END-- [ RunTime:0.001000s ]
ERR: 无法加载模块:Api

[ 2016-11-01T16:59:46+08:00 ] 127.0.0.1 /datassd/jqapp/index.php?s=jq/api/getHead
INFO: [ app_init ] --START--
INFO: Run Behavior\BuildLiteBehavior [ RunTime:0.000000s ]
INFO: [ app_init ] --END-- [ RunTime:0.001000s ]
ERR: 无法加载模块:Jq

[ 2016-11-01T18:14:51+08:00 ] 127.0.0.1 /datassd/jqapp/Application/Jingqi/HomeController.class.php
INFO: [ app_init ] --START--
INFO: Run Behavior\BuildLiteBehavior [ RunTime:0.000000s ]
INFO: [ app_init ] --END-- [ RunTime:0.000000s ]
ERR: 无法加载模块:Application

[ 2016-11-01T22:38:14+08:00 ] 127.0.0.1 /datassd/jqapp/api
INFO: [ app_init ] --START--
INFO: Run Behavior\BuildLiteBehavior [ RunTime:0.000000s ]
INFO: [ app_init ] --END-- [ RunTime:0.000000s ]
ERR: 无法加载模块:Api

