[ 2016-11-05T21:04:03+08:00 ] 121.69.37.186 /jingqi/index.php?s=System/component/ueditor&action=config&&noCache=1478350801147
INFO: [ app_init ] --START--
INFO: Run Behavior\BuildLiteBehavior [ RunTime:0.000018s ]
INFO: [ app_init ] --END-- [ RunTime:0.000383s ]
INFO: [ app_begin ] --START--
INFO: Run Behavior\ReadHtmlCacheBehavior [ RunTime:0.000535s ]
INFO: [ app_begin ] --END-- [ RunTime:0.000577s ]
NOTIC: [2] file_get_contents(config.json): failed to open stream: No such file or directory /data/home/bxu2442550491/htdocs/jingqi/Application/System/Controller/ComponentController.class.php 第 87 行.
INFO: [ app_end ] --START--
INFO: Run Behavior\ShowPageTraceBehavior [ RunTime:0.000482s ]
INFO: [ app_end ] --END-- [ RunTime:0.000523s ]

[ 2016-11-05T21:04:09+08:00 ] 121.69.37.186 /jingqi/index.php?s=System/component/filesLists
INFO: [ app_init ] --START--
INFO: Run Behavior\BuildLiteBehavior [ RunTime:0.000018s ]
INFO: [ app_init ] --END-- [ RunTime:0.000343s ]
INFO: [ app_begin ] --START--
INFO: Run Behavior\ReadHtmlCacheBehavior [ RunTime:0.000534s ]
INFO: [ app_begin ] --END-- [ RunTime:0.000573s ]
SQL: SHOW COLUMNS FROM `core_attachment` [ RunTime:0.0018s ]
SQL: SELECT COUNT(*) AS tp_count FROM `core_attachment` WHERE `hash` = '1' AND `extension` IN ('gif','jpg','jpeg','bmp','png') LIMIT 1   [ RunTime:0.0016s ]
SQL: SELECT * FROM `core_attachment` WHERE `hash` = '1' AND `extension` IN ('gif','jpg','jpeg','bmp','png') ORDER BY id desc LIMIT 0,25   [ RunTime:0.0015s ]

[ 2016-11-05T21:12:56+08:00 ] 121.69.37.186 /jingqi/index.php?s=System/component/ueditor&action=config&&noCache=1478351334307
INFO: [ app_init ] --START--
INFO: Run Behavior\BuildLiteBehavior [ RunTime:0.000016s ]
INFO: [ app_init ] --END-- [ RunTime:0.000353s ]
INFO: [ app_begin ] --START--
INFO: Run Behavior\ReadHtmlCacheBehavior [ RunTime:0.000526s ]
INFO: [ app_begin ] --END-- [ RunTime:0.000569s ]
NOTIC: [2] file_get_contents(config.json): failed to open stream: No such file or directory /data/home/bxu2442550491/htdocs/jingqi/Application/System/Controller/ComponentController.class.php 第 87 行.
INFO: [ app_end ] --START--
INFO: Run Behavior\ShowPageTraceBehavior [ RunTime:0.000479s ]
INFO: [ app_end ] --END-- [ RunTime:0.000516s ]

[ 2016-11-05T21:13:08+08:00 ] 121.69.37.186 /jingqi/index.php?s=System/component/ueditor&action=config&&noCache=1478351345544
INFO: [ app_init ] --START--
INFO: Run Behavior\BuildLiteBehavior [ RunTime:0.000017s ]
INFO: [ app_init ] --END-- [ RunTime:0.000375s ]
INFO: [ app_begin ] --START--
INFO: Run Behavior\ReadHtmlCacheBehavior [ RunTime:0.000558s ]
INFO: [ app_begin ] --END-- [ RunTime:0.000599s ]
NOTIC: [2] file_get_contents(config.json): failed to open stream: No such file or directory /data/home/bxu2442550491/htdocs/jingqi/Application/System/Controller/ComponentController.class.php 第 87 行.
INFO: [ app_end ] --START--
INFO: Run Behavior\ShowPageTraceBehavior [ RunTime:0.000442s ]
INFO: [ app_end ] --END-- [ RunTime:0.000478s ]

