[ 2016-11-05T15:58:50+08:00 ] 121.69.37.186 /jingqi/index.php?s=/admin
INFO: [ app_init ] --START--
INFO: Run Behavior\BuildLiteBehavior [ RunTime:0.000016s ]
INFO: [ app_init ] --END-- [ RunTime:0.000351s ]
INFO: [ app_begin ] --START--
INFO: Run Behavior\ReadHtmlCacheBehavior [ RunTime:0.000607s ]
INFO: [ app_begin ] --END-- [ RunTime:0.000654s ]
ERR: 模板不存在:./Application/Admin/View/Index/index.php

[ 2016-11-05T15:59:00+08:00 ] 121.69.37.186 /jingqi/index.php?s=/Admin
INFO: [ app_init ] --START--
INFO: Run Behavior\BuildLiteBehavior [ RunTime:0.000018s ]
INFO: [ app_init ] --END-- [ RunTime:0.000383s ]
INFO: [ app_begin ] --START--
INFO: Run Behavior\ReadHtmlCacheBehavior [ RunTime:0.000556s ]
INFO: [ app_begin ] --END-- [ RunTime:0.000602s ]
ERR: 模板不存在:./Application/Admin/View/Index/index.php

[ 2016-11-05T15:59:04+08:00 ] 121.69.37.186 /jingqi/index.php?s=Admin
INFO: [ app_init ] --START--
INFO: Run Behavior\BuildLiteBehavior [ RunTime:0.000021s ]
INFO: [ app_init ] --END-- [ RunTime:0.000370s ]
INFO: [ app_begin ] --START--
INFO: Run Behavior\ReadHtmlCacheBehavior [ RunTime:0.000563s ]
INFO: [ app_begin ] --END-- [ RunTime:0.000616s ]
ERR: 模板不存在:./Application/Admin/View/Index/index.php

[ 2016-11-05T16:03:51+08:00 ] 121.69.37.186 /jingqi/index.php?s=Admin
INFO: [ app_init ] --START--
INFO: Run Behavior\BuildLiteBehavior [ RunTime:0.000016s ]
INFO: [ app_init ] --END-- [ RunTime:0.000369s ]
INFO: [ app_begin ] --START--
INFO: Run Behavior\ReadHtmlCacheBehavior [ RunTime:0.000596s ]
INFO: [ app_begin ] --END-- [ RunTime:0.000638s ]
ERR: 模板不存在:./Application/Admin/View/Index/index.php

[ 2016-11-05T16:04:02+08:00 ] 121.69.37.186 /jingqi/index.php?s=/Admin
INFO: [ app_init ] --START--
INFO: Run Behavior\BuildLiteBehavior [ RunTime:0.000022s ]
INFO: [ app_init ] --END-- [ RunTime:0.000385s ]
INFO: [ app_begin ] --START--
INFO: Run Behavior\ReadHtmlCacheBehavior [ RunTime:0.000736s ]
INFO: [ app_begin ] --END-- [ RunTime:0.000849s ]
ERR: 模板不存在:./Application/Admin/View/Index/index.php

[ 2016-11-05T16:04:06+08:00 ] 121.69.37.186 /jingqi/index.php?s=/Admin
INFO: [ app_init ] --START--
INFO: Run Behavior\BuildLiteBehavior [ RunTime:0.000049s ]
INFO: [ app_init ] --END-- [ RunTime:0.000516s ]
INFO: [ app_begin ] --START--
INFO: Run Behavior\ReadHtmlCacheBehavior [ RunTime:0.000664s ]
INFO: [ app_begin ] --END-- [ RunTime:0.000720s ]
ERR: 模板不存在:./Application/Admin/View/Index/index.php

[ 2016-11-05T16:04:06+08:00 ] 121.69.37.186 /jingqi/index.php?s=/Admin
INFO: [ app_init ] --START--
INFO: Run Behavior\BuildLiteBehavior [ RunTime:0.000018s ]
INFO: [ app_init ] --END-- [ RunTime:0.000366s ]
INFO: [ app_begin ] --START--
INFO: Run Behavior\ReadHtmlCacheBehavior [ RunTime:0.000564s ]
INFO: [ app_begin ] --END-- [ RunTime:0.000606s ]
ERR: 模板不存在:./Application/Admin/View/Index/index.php

[ 2016-11-05T16:04:08+08:00 ] 121.69.37.186 /jingqi/index.php?s=/Admin
INFO: [ app_init ] --START--
INFO: Run Behavior\BuildLiteBehavior [ RunTime:0.000017s ]
INFO: [ app_init ] --END-- [ RunTime:0.000369s ]
INFO: [ app_begin ] --START--
INFO: Run Behavior\ReadHtmlCacheBehavior [ RunTime:0.000548s ]
INFO: [ app_begin ] --END-- [ RunTime:0.000590s ]
ERR: 模板不存在:./Application/Admin/View/Index/index.php

[ 2016-11-05T16:04:16+08:00 ] 121.69.37.186 /jingqi/index.php?s=admin
INFO: [ app_init ] --START--
INFO: Run Behavior\BuildLiteBehavior [ RunTime:0.000019s ]
INFO: [ app_init ] --END-- [ RunTime:0.000379s ]
INFO: [ app_begin ] --START--
INFO: Run Behavior\ReadHtmlCacheBehavior [ RunTime:0.000635s ]
INFO: [ app_begin ] --END-- [ RunTime:0.000678s ]
ERR: 模板不存在:./Application/Admin/View/Index/index.php

[ 2016-11-05T16:04:42+08:00 ] 121.69.37.186 /jingqi/index.php?s=admin
INFO: [ app_init ] --START--
INFO: Run Behavior\BuildLiteBehavior [ RunTime:0.000021s ]
INFO: [ app_init ] --END-- [ RunTime:0.000365s ]
INFO: [ app_begin ] --START--
INFO: Run Behavior\ReadHtmlCacheBehavior [ RunTime:0.000604s ]
INFO: [ app_begin ] --END-- [ RunTime:0.000647s ]
ERR: 模板不存在:./Application/Admin/View/Index/index.php

[ 2016-11-05T16:05:32+08:00 ] 121.69.37.186 /jingqi/index.php?s=admin
INFO: [ app_init ] --START--
INFO: Run Behavior\BuildLiteBehavior [ RunTime:0.000017s ]
INFO: [ app_init ] --END-- [ RunTime:0.000363s ]
INFO: [ app_begin ] --START--
INFO: Run Behavior\ReadHtmlCacheBehavior [ RunTime:0.000543s ]
INFO: [ app_begin ] --END-- [ RunTime:0.000585s ]
INFO: [ view_parse ] --START--
INFO: [ template_filter ] --START--
INFO: Run Behavior\ContentReplaceBehavior [ RunTime:0.000053s ]
INFO: [ template_filter ] --END-- [ RunTime:0.000100s ]
NOTIC: [8] Undefined index: admin /data/home/bxu2442550491/htdocs/jingqi/Application/Runtime/Cache/Admin/5e7c63a67ddc7b54827f64fe7b4d977c.php 第 45 行.
INFO: Run Behavior\ParseTemplateBehavior [ RunTime:0.006735s ]
INFO: [ view_parse ] --END-- [ RunTime:0.006774s ]
INFO: [ view_filter ] --START--
INFO: Run Behavior\WriteHtmlCacheBehavior [ RunTime:0.000199s ]
INFO: [ view_filter ] --END-- [ RunTime:0.000231s ]
INFO: [ app_end ] --START--
INFO: Run Behavior\ShowPageTraceBehavior [ RunTime:0.000489s ]
INFO: [ app_end ] --END-- [ RunTime:0.000528s ]

[ 2016-11-05T16:05:48+08:00 ] 121.69.37.186 /jingqi/index.php?s=/Admin/Moodimg/index.html
INFO: [ app_init ] --START--
INFO: Run Behavior\BuildLiteBehavior [ RunTime:0.000018s ]
INFO: [ app_init ] --END-- [ RunTime:0.000352s ]
INFO: [ app_begin ] --START--
INFO: Run Behavior\ReadHtmlCacheBehavior [ RunTime:0.000563s ]
INFO: [ app_begin ] --END-- [ RunTime:0.000607s ]
ERR: SQLSTATE[HY000] [2013] Lost connection to MySQL server at 'reading initial communication packet', system error: 111

[ 2016-11-05T16:16:42+08:00 ] 121.69.37.186 /jingqi/index.php?s=admin
INFO: [ app_init ] --START--
INFO: Run Behavior\BuildLiteBehavior [ RunTime:0.000017s ]
INFO: [ app_init ] --END-- [ RunTime:0.000339s ]
INFO: [ app_begin ] --START--
INFO: Run Behavior\ReadHtmlCacheBehavior [ RunTime:0.000542s ]
INFO: [ app_begin ] --END-- [ RunTime:0.000585s ]
INFO: [ view_parse ] --START--
INFO: [ template_filter ] --START--
INFO: Run Behavior\ContentReplaceBehavior [ RunTime:0.000049s ]
INFO: [ template_filter ] --END-- [ RunTime:0.000091s ]
NOTIC: [8] Undefined index: admin /data/home/bxu2442550491/htdocs/jingqi/Application/Runtime/Cache/Admin/5e7c63a67ddc7b54827f64fe7b4d977c.php 第 45 行.
INFO: Run Behavior\ParseTemplateBehavior [ RunTime:0.006438s ]
INFO: [ view_parse ] --END-- [ RunTime:0.006477s ]
INFO: [ view_filter ] --START--
INFO: Run Behavior\WriteHtmlCacheBehavior [ RunTime:0.000190s ]
INFO: [ view_filter ] --END-- [ RunTime:0.000222s ]
INFO: [ app_end ] --START--
INFO: Run Behavior\ShowPageTraceBehavior [ RunTime:0.000457s ]
INFO: [ app_end ] --END-- [ RunTime:0.000497s ]

[ 2016-11-05T16:16:46+08:00 ] 121.69.37.186 /jingqi/index.php?s=/Admin/Moodimg/index.html
INFO: [ app_init ] --START--
INFO: Run Behavior\BuildLiteBehavior [ RunTime:0.000016s ]
INFO: [ app_init ] --END-- [ RunTime:0.000368s ]
INFO: [ app_begin ] --START--
INFO: Run Behavior\ReadHtmlCacheBehavior [ RunTime:0.000527s ]
INFO: [ app_begin ] --END-- [ RunTime:0.000570s ]
ERR: 1146:Table 'bdm252851163_db.mood_img' doesn't exist
 [ SQL语句 ] : SHOW COLUMNS FROM `mood_img`
ERR: 1146:Table 'bdm252851163_db.mood_img' doesn't exist
 [ SQL语句 ] : SHOW COLUMNS FROM `mood_img`

[ 2016-11-05T16:16:57+08:00 ] 121.69.37.186 /jingqi/index.php?s=/Admin/Fit/index.html
INFO: [ app_init ] --START--
INFO: Run Behavior\BuildLiteBehavior [ RunTime:0.000052s ]
INFO: [ app_init ] --END-- [ RunTime:0.000540s ]
INFO: [ app_begin ] --START--
INFO: Run Behavior\ReadHtmlCacheBehavior [ RunTime:0.000574s ]
INFO: [ app_begin ] --END-- [ RunTime:0.000617s ]
ERR: 1146:Table 'bdm252851163_db.fit' doesn't exist
 [ SQL语句 ] : SHOW COLUMNS FROM `fit`
ERR: 1146:Table 'bdm252851163_db.fit' doesn't exist
 [ SQL语句 ] : SHOW COLUMNS FROM `fit`

[ 2016-11-05T16:17:01+08:00 ] 121.69.37.186 /jingqi/index.php?s=/Admin/Fit/addFit.html
INFO: [ app_init ] --START--
INFO: Run Behavior\BuildLiteBehavior [ RunTime:0.000016s ]
INFO: [ app_init ] --END-- [ RunTime:0.000343s ]
INFO: [ app_begin ] --START--
INFO: Run Behavior\ReadHtmlCacheBehavior [ RunTime:0.000563s ]
INFO: [ app_begin ] --END-- [ RunTime:0.000605s ]
ERR: 模板不存在:./Application/Admin/View/Fit/addFit.php

[ 2016-11-05T20:50:23+08:00 ] 121.69.37.186 /jingqi/index.php?s=admin
INFO: [ app_init ] --START--
INFO: Run Behavior\BuildLiteBehavior [ RunTime:0.000017s ]
INFO: [ app_init ] --END-- [ RunTime:0.000342s ]
INFO: [ app_begin ] --START--
INFO: Run Behavior\ReadHtmlCacheBehavior [ RunTime:0.000526s ]
INFO: [ app_begin ] --END-- [ RunTime:0.000567s ]
INFO: [ view_parse ] --START--
INFO: [ template_filter ] --START--
INFO: Run Behavior\ContentReplaceBehavior [ RunTime:0.000050s ]
INFO: [ template_filter ] --END-- [ RunTime:0.000094s ]
NOTIC: [8] Undefined index: admin /data/home/bxu2442550491/htdocs/jingqi/Application/Runtime/Cache/Admin/5e7c63a67ddc7b54827f64fe7b4d977c.php 第 45 行.
INFO: Run Behavior\ParseTemplateBehavior [ RunTime:0.006692s ]
INFO: [ view_parse ] --END-- [ RunTime:0.006732s ]
INFO: [ view_filter ] --START--
INFO: Run Behavior\WriteHtmlCacheBehavior [ RunTime:0.000200s ]
INFO: [ view_filter ] --END-- [ RunTime:0.000231s ]
INFO: [ app_end ] --START--
INFO: Run Behavior\ShowPageTraceBehavior [ RunTime:0.000444s ]
INFO: [ app_end ] --END-- [ RunTime:0.000482s ]

[ 2016-11-05T20:50:30+08:00 ] 121.69.37.186 /jingqi/index.php?s=/Admin/Fit/index.html
INFO: [ app_init ] --START--
INFO: Run Behavior\BuildLiteBehavior [ RunTime:0.000017s ]
INFO: [ app_init ] --END-- [ RunTime:0.000374s ]
INFO: [ app_begin ] --START--
INFO: Run Behavior\ReadHtmlCacheBehavior [ RunTime:0.000534s ]
INFO: [ app_begin ] --END-- [ RunTime:0.000575s ]
ERR: 1146:Table 'bdm252851163_db.fit' doesn't exist
 [ SQL语句 ] : SHOW COLUMNS FROM `fit`
ERR: 1146:Table 'bdm252851163_db.fit' doesn't exist
 [ SQL语句 ] : SHOW COLUMNS FROM `fit`

[ 2016-11-05T20:53:09+08:00 ] 121.69.37.186 /jingqi/index.php?s=/Admin/Fit/index.html
INFO: [ app_init ] --START--
INFO: Run Behavior\BuildLiteBehavior [ RunTime:0.000016s ]
INFO: [ app_init ] --END-- [ RunTime:0.000384s ]
INFO: [ app_begin ] --START--
INFO: Run Behavior\ReadHtmlCacheBehavior [ RunTime:0.000548s ]
INFO: [ app_begin ] --END-- [ RunTime:0.000590s ]
ERR: 1146:Table 'bdm252851163_db.fit' doesn't exist
 [ SQL语句 ] : SHOW COLUMNS FROM `fit`
ERR: 1146:Table 'bdm252851163_db.fit' doesn't exist
 [ SQL语句 ] : SHOW COLUMNS FROM `fit`

[ 2016-11-05T20:53:11+08:00 ] 121.69.37.186 /jingqi/index.php?s=/Admin/Fit/index.html
INFO: [ app_init ] --START--
INFO: Run Behavior\BuildLiteBehavior [ RunTime:0.000019s ]
INFO: [ app_init ] --END-- [ RunTime:0.000396s ]
INFO: [ app_begin ] --START--
INFO: Run Behavior\ReadHtmlCacheBehavior [ RunTime:0.000571s ]
INFO: [ app_begin ] --END-- [ RunTime:0.000613s ]
ERR: 1146:Table 'bdm252851163_db.fit' doesn't exist
 [ SQL语句 ] : SHOW COLUMNS FROM `fit`
ERR: 1146:Table 'bdm252851163_db.fit' doesn't exist
 [ SQL语句 ] : SHOW COLUMNS FROM `fit`

[ 2016-11-05T20:53:24+08:00 ] 121.69.37.186 /jingqi/index.php?s=/Admin/Fit/index.html
INFO: [ app_init ] --START--
INFO: Run Behavior\BuildLiteBehavior [ RunTime:0.000019s ]
INFO: [ app_init ] --END-- [ RunTime:0.000379s ]
INFO: [ app_begin ] --START--
INFO: Run Behavior\ReadHtmlCacheBehavior [ RunTime:0.000545s ]
INFO: [ app_begin ] --END-- [ RunTime:0.000587s ]
ERR: 1146:Table 'bdm252851163_db.fit' doesn't exist
 [ SQL语句 ] : SHOW COLUMNS FROM `fit`
ERR: 1146:Table 'bdm252851163_db.fit' doesn't exist
 [ SQL语句 ] : SHOW COLUMNS FROM `fit`

[ 2016-11-05T20:53:25+08:00 ] 121.69.37.186 /jingqi/index.php?s=/Admin/Fit/index.html
INFO: [ app_init ] --START--
INFO: Run Behavior\BuildLiteBehavior [ RunTime:0.000020s ]
INFO: [ app_init ] --END-- [ RunTime:0.000374s ]
INFO: [ app_begin ] --START--
INFO: Run Behavior\ReadHtmlCacheBehavior [ RunTime:0.000944s ]
INFO: [ app_begin ] --END-- [ RunTime:0.000994s ]
ERR: 1146:Table 'bdm252851163_db.fit' doesn't exist
 [ SQL语句 ] : SHOW COLUMNS FROM `fit`
ERR: 1146:Table 'bdm252851163_db.fit' doesn't exist
 [ SQL语句 ] : SHOW COLUMNS FROM `fit`

[ 2016-11-05T20:53:26+08:00 ] 121.69.37.186 /jingqi/index.php?s=/Admin/Fit/index.html
INFO: [ app_init ] --START--
INFO: Run Behavior\BuildLiteBehavior [ RunTime:0.000021s ]
INFO: [ app_init ] --END-- [ RunTime:0.000374s ]
INFO: [ app_begin ] --START--
INFO: Run Behavior\ReadHtmlCacheBehavior [ RunTime:0.000585s ]
INFO: [ app_begin ] --END-- [ RunTime:0.000629s ]
ERR: 1146:Table 'bdm252851163_db.fit' doesn't exist
 [ SQL语句 ] : SHOW COLUMNS FROM `fit`
ERR: 1146:Table 'bdm252851163_db.fit' doesn't exist
 [ SQL语句 ] : SHOW COLUMNS FROM `fit`

[ 2016-11-05T20:53:27+08:00 ] 121.69.37.186 /jingqi/index.php?s=/Admin/Fit/index.html
INFO: [ app_init ] --START--
INFO: Run Behavior\BuildLiteBehavior [ RunTime:0.000017s ]
INFO: [ app_init ] --END-- [ RunTime:0.000348s ]
INFO: [ app_begin ] --START--
INFO: Run Behavior\ReadHtmlCacheBehavior [ RunTime:0.000554s ]
INFO: [ app_begin ] --END-- [ RunTime:0.000595s ]
ERR: 1146:Table 'bdm252851163_db.fit' doesn't exist
 [ SQL语句 ] : SHOW COLUMNS FROM `fit`
ERR: 1146:Table 'bdm252851163_db.fit' doesn't exist
 [ SQL语句 ] : SHOW COLUMNS FROM `fit`

[ 2016-11-05T20:53:27+08:00 ] 121.69.37.186 /jingqi/index.php?s=/Admin/Fit/index.html
INFO: [ app_init ] --START--
INFO: Run Behavior\BuildLiteBehavior [ RunTime:0.000016s ]
INFO: [ app_init ] --END-- [ RunTime:0.000341s ]
INFO: [ app_begin ] --START--
INFO: Run Behavior\ReadHtmlCacheBehavior [ RunTime:0.000532s ]
INFO: [ app_begin ] --END-- [ RunTime:0.000582s ]
ERR: 1146:Table 'bdm252851163_db.fit' doesn't exist
 [ SQL语句 ] : SHOW COLUMNS FROM `fit`
ERR: 1146:Table 'bdm252851163_db.fit' doesn't exist
 [ SQL语句 ] : SHOW COLUMNS FROM `fit`

[ 2016-11-05T20:53:27+08:00 ] 121.69.37.186 /jingqi/index.php?s=/Admin/Fit/index.html
INFO: [ app_init ] --START--
INFO: Run Behavior\BuildLiteBehavior [ RunTime:0.000017s ]
INFO: [ app_init ] --END-- [ RunTime:0.000360s ]
INFO: [ app_begin ] --START--
INFO: Run Behavior\ReadHtmlCacheBehavior [ RunTime:0.000546s ]
INFO: [ app_begin ] --END-- [ RunTime:0.000589s ]
ERR: 1146:Table 'bdm252851163_db.fit' doesn't exist
 [ SQL语句 ] : SHOW COLUMNS FROM `fit`
ERR: 1146:Table 'bdm252851163_db.fit' doesn't exist
 [ SQL语句 ] : SHOW COLUMNS FROM `fit`

[ 2016-11-05T20:53:27+08:00 ] 121.69.37.186 /jingqi/index.php?s=/Admin/Fit/index.html
INFO: [ app_init ] --START--
INFO: Run Behavior\BuildLiteBehavior [ RunTime:0.000017s ]
INFO: [ app_init ] --END-- [ RunTime:0.000368s ]
INFO: [ app_begin ] --START--
INFO: Run Behavior\ReadHtmlCacheBehavior [ RunTime:0.000525s ]
INFO: [ app_begin ] --END-- [ RunTime:0.000568s ]
ERR: 1146:Table 'bdm252851163_db.fit' doesn't exist
 [ SQL语句 ] : SHOW COLUMNS FROM `fit`
ERR: 1146:Table 'bdm252851163_db.fit' doesn't exist
 [ SQL语句 ] : SHOW COLUMNS FROM `fit`

[ 2016-11-05T20:53:28+08:00 ] 121.69.37.186 /jingqi/index.php?s=/Admin/Fit/index.html
INFO: [ app_init ] --START--
INFO: Run Behavior\BuildLiteBehavior [ RunTime:0.000016s ]
INFO: [ app_init ] --END-- [ RunTime:0.000359s ]
INFO: [ app_begin ] --START--
INFO: Run Behavior\ReadHtmlCacheBehavior [ RunTime:0.000538s ]
INFO: [ app_begin ] --END-- [ RunTime:0.000580s ]
ERR: 1146:Table 'bdm252851163_db.fit' doesn't exist
 [ SQL语句 ] : SHOW COLUMNS FROM `fit`
ERR: 1146:Table 'bdm252851163_db.fit' doesn't exist
 [ SQL语句 ] : SHOW COLUMNS FROM `fit`

[ 2016-11-05T20:53:28+08:00 ] 121.69.37.186 /jingqi/index.php?s=/Admin/Fit/index.html
INFO: [ app_init ] --START--
INFO: Run Behavior\BuildLiteBehavior [ RunTime:0.000017s ]
INFO: [ app_init ] --END-- [ RunTime:0.000351s ]
INFO: [ app_begin ] --START--
INFO: Run Behavior\ReadHtmlCacheBehavior [ RunTime:0.000563s ]
INFO: [ app_begin ] --END-- [ RunTime:0.000608s ]
ERR: 1146:Table 'bdm252851163_db.fit' doesn't exist
 [ SQL语句 ] : SHOW COLUMNS FROM `fit`
ERR: 1146:Table 'bdm252851163_db.fit' doesn't exist
 [ SQL语句 ] : SHOW COLUMNS FROM `fit`

[ 2016-11-05T20:53:28+08:00 ] 121.69.37.186 /jingqi/index.php?s=/Admin/Fit/index.html
INFO: [ app_init ] --START--
INFO: Run Behavior\BuildLiteBehavior [ RunTime:0.000026s ]
INFO: [ app_init ] --END-- [ RunTime:0.000381s ]
INFO: [ app_begin ] --START--
INFO: Run Behavior\ReadHtmlCacheBehavior [ RunTime:0.000714s ]
INFO: [ app_begin ] --END-- [ RunTime:0.000777s ]
ERR: 1146:Table 'bdm252851163_db.fit' doesn't exist
 [ SQL语句 ] : SHOW COLUMNS FROM `fit`
ERR: 1146:Table 'bdm252851163_db.fit' doesn't exist
 [ SQL语句 ] : SHOW COLUMNS FROM `fit`

[ 2016-11-05T20:53:28+08:00 ] 121.69.37.186 /jingqi/index.php?s=/Admin/Fit/index.html
INFO: [ app_init ] --START--
INFO: Run Behavior\BuildLiteBehavior [ RunTime:0.000016s ]
INFO: [ app_init ] --END-- [ RunTime:0.000373s ]
INFO: [ app_begin ] --START--
INFO: Run Behavior\ReadHtmlCacheBehavior [ RunTime:0.000552s ]
INFO: [ app_begin ] --END-- [ RunTime:0.000594s ]
ERR: 1146:Table 'bdm252851163_db.fit' doesn't exist
 [ SQL语句 ] : SHOW COLUMNS FROM `fit`
ERR: 1146:Table 'bdm252851163_db.fit' doesn't exist
 [ SQL语句 ] : SHOW COLUMNS FROM `fit`

[ 2016-11-05T20:53:29+08:00 ] 121.69.37.186 /jingqi/index.php?s=/Admin/Fit/index.html
INFO: [ app_init ] --START--
INFO: Run Behavior\BuildLiteBehavior [ RunTime:0.000016s ]
INFO: [ app_init ] --END-- [ RunTime:0.000346s ]
INFO: [ app_begin ] --START--
INFO: Run Behavior\ReadHtmlCacheBehavior [ RunTime:0.000541s ]
INFO: [ app_begin ] --END-- [ RunTime:0.000591s ]
ERR: 1146:Table 'bdm252851163_db.fit' doesn't exist
 [ SQL语句 ] : SHOW COLUMNS FROM `fit`
ERR: 1146:Table 'bdm252851163_db.fit' doesn't exist
 [ SQL语句 ] : SHOW COLUMNS FROM `fit`

[ 2016-11-05T20:53:37+08:00 ] 121.69.37.186 /jingqi/index.php?s=/Admin/Fit/index.html
INFO: [ app_init ] --START--
INFO: Run Behavior\BuildLiteBehavior [ RunTime:0.000017s ]
INFO: [ app_init ] --END-- [ RunTime:0.000366s ]
INFO: [ app_begin ] --START--
INFO: Run Behavior\ReadHtmlCacheBehavior [ RunTime:0.000530s ]
INFO: [ app_begin ] --END-- [ RunTime:0.000574s ]
ERR: 1146:Table 'bdm252851163_db.fit' doesn't exist
 [ SQL语句 ] : SHOW COLUMNS FROM `fit`
ERR: 1146:Table 'bdm252851163_db.fit' doesn't exist
 [ SQL语句 ] : SHOW COLUMNS FROM `fit`

[ 2016-11-05T20:53:45+08:00 ] 121.69.37.186 /jingqi/index.php?s=admin
INFO: [ app_init ] --START--
INFO: Run Behavior\BuildLiteBehavior [ RunTime:0.000017s ]
INFO: [ app_init ] --END-- [ RunTime:0.000366s ]
INFO: [ app_begin ] --START--
INFO: Run Behavior\ReadHtmlCacheBehavior [ RunTime:0.000540s ]
INFO: [ app_begin ] --END-- [ RunTime:0.000581s ]
INFO: [ view_parse ] --START--
INFO: [ template_filter ] --START--
INFO: Run Behavior\ContentReplaceBehavior [ RunTime:0.000064s ]
INFO: [ template_filter ] --END-- [ RunTime:0.000105s ]
NOTIC: [8] Undefined index: admin /data/home/bxu2442550491/htdocs/jingqi/Application/Runtime/Cache/Admin/5e7c63a67ddc7b54827f64fe7b4d977c.php 第 45 行.
INFO: Run Behavior\ParseTemplateBehavior [ RunTime:0.006739s ]
INFO: [ view_parse ] --END-- [ RunTime:0.006779s ]
INFO: [ view_filter ] --START--
INFO: Run Behavior\WriteHtmlCacheBehavior [ RunTime:0.000230s ]
INFO: [ view_filter ] --END-- [ RunTime:0.000262s ]
INFO: [ app_end ] --START--
INFO: Run Behavior\ShowPageTraceBehavior [ RunTime:0.000433s ]
INFO: [ app_end ] --END-- [ RunTime:0.000471s ]

[ 2016-11-05T20:53:47+08:00 ] 121.69.37.186 /jingqi/index.php?s=/Admin/Moodimg/index.html
INFO: [ app_init ] --START--
INFO: Run Behavior\BuildLiteBehavior [ RunTime:0.000016s ]
INFO: [ app_init ] --END-- [ RunTime:0.000336s ]
INFO: [ app_begin ] --START--
INFO: Run Behavior\ReadHtmlCacheBehavior [ RunTime:0.000525s ]
INFO: [ app_begin ] --END-- [ RunTime:0.000610s ]
SQL: SHOW COLUMNS FROM `mood_img` [ RunTime:0.0016s ]
SQL: SELECT `mid`,`mood_name`,`pic`,`mood_desc` FROM `mood_img`  [ RunTime:0.0013s ]
ERR: 模板不存在:./Application/Admin/View/Moodimg/index.php

[ 2016-11-05T20:53:51+08:00 ] 121.69.37.186 /jingqi/index.php?s=/Admin/Fit/index.html
INFO: [ app_init ] --START--
INFO: Run Behavior\BuildLiteBehavior [ RunTime:0.000016s ]
INFO: [ app_init ] --END-- [ RunTime:0.000355s ]
INFO: [ app_begin ] --START--
INFO: Run Behavior\ReadHtmlCacheBehavior [ RunTime:0.000551s ]
INFO: [ app_begin ] --END-- [ RunTime:0.000593s ]
ERR: 1146:Table 'bdm252851163_db.fit' doesn't exist
 [ SQL语句 ] : SHOW COLUMNS FROM `fit`
ERR: 1146:Table 'bdm252851163_db.fit' doesn't exist
 [ SQL语句 ] : SHOW COLUMNS FROM `fit`

[ 2016-11-05T20:53:55+08:00 ] 121.69.37.186 /jingqi/index.php?s=/Admin/Moodimg/index.html
INFO: [ app_init ] --START--
INFO: Run Behavior\BuildLiteBehavior [ RunTime:0.000023s ]
INFO: [ app_init ] --END-- [ RunTime:0.000412s ]
INFO: [ app_begin ] --START--
INFO: Run Behavior\ReadHtmlCacheBehavior [ RunTime:0.000551s ]
INFO: [ app_begin ] --END-- [ RunTime:0.000600s ]
SQL: SHOW COLUMNS FROM `mood_img` [ RunTime:0.0016s ]
SQL: SELECT `mid`,`mood_name`,`pic`,`mood_desc` FROM `mood_img`  [ RunTime:0.0011s ]
ERR: 模板不存在:./Application/Admin/View/Moodimg/index.php

[ 2016-11-05T20:53:58+08:00 ] 121.69.37.186 /jingqi/index.php?s=/Admin/Fit/addFit.html
INFO: [ app_init ] --START--
INFO: Run Behavior\BuildLiteBehavior [ RunTime:0.000016s ]
INFO: [ app_init ] --END-- [ RunTime:0.000355s ]
INFO: [ app_begin ] --START--
INFO: Run Behavior\ReadHtmlCacheBehavior [ RunTime:0.000561s ]
INFO: [ app_begin ] --END-- [ RunTime:0.000608s ]
ERR: 模板不存在:./Application/Admin/View/Fit/addFit.php

[ 2016-11-05T20:54:03+08:00 ] 121.69.37.186 /jingqi/index.php?s=/Admin/Fit/index.html
INFO: [ app_init ] --START--
INFO: Run Behavior\BuildLiteBehavior [ RunTime:0.000024s ]
INFO: [ app_init ] --END-- [ RunTime:0.000500s ]
INFO: [ app_begin ] --START--
INFO: Run Behavior\ReadHtmlCacheBehavior [ RunTime:0.000835s ]
INFO: [ app_begin ] --END-- [ RunTime:0.000901s ]
ERR: 1146:Table 'bdm252851163_db.fit' doesn't exist
 [ SQL语句 ] : SHOW COLUMNS FROM `fit`
ERR: 1146:Table 'bdm252851163_db.fit' doesn't exist
 [ SQL语句 ] : SHOW COLUMNS FROM `fit`

[ 2016-11-05T20:54:45+08:00 ] 121.69.37.186 /jingqi/index.php?s=/Admin/Fit/index.html
INFO: [ app_init ] --START--
INFO: Run Behavior\BuildLiteBehavior [ RunTime:0.000017s ]
INFO: [ app_init ] --END-- [ RunTime:0.000369s ]
INFO: [ app_begin ] --START--
INFO: Run Behavior\ReadHtmlCacheBehavior [ RunTime:0.000526s ]
INFO: [ app_begin ] --END-- [ RunTime:0.000569s ]
ERR: 1146:Table 'bdm252851163_db.fit' doesn't exist
 [ SQL语句 ] : SHOW COLUMNS FROM `fit`
ERR: 1146:Table 'bdm252851163_db.fit' doesn't exist
 [ SQL语句 ] : SHOW COLUMNS FROM `fit`

[ 2016-11-05T20:54:45+08:00 ] 121.69.37.186 /jingqi/index.php?s=/Admin/Fit/index.html
INFO: [ app_init ] --START--
INFO: Run Behavior\BuildLiteBehavior [ RunTime:0.000019s ]
INFO: [ app_init ] --END-- [ RunTime:0.000398s ]
INFO: [ app_begin ] --START--
INFO: Run Behavior\ReadHtmlCacheBehavior [ RunTime:0.000554s ]
INFO: [ app_begin ] --END-- [ RunTime:0.000601s ]
ERR: 1146:Table 'bdm252851163_db.fit' doesn't exist
 [ SQL语句 ] : SHOW COLUMNS FROM `fit`
ERR: 1146:Table 'bdm252851163_db.fit' doesn't exist
 [ SQL语句 ] : SHOW COLUMNS FROM `fit`

[ 2016-11-05T20:54:46+08:00 ] 121.69.37.186 /jingqi/index.php?s=/Admin/Fit/index.html
INFO: [ app_init ] --START--
INFO: Run Behavior\BuildLiteBehavior [ RunTime:0.000017s ]
INFO: [ app_init ] --END-- [ RunTime:0.000373s ]
INFO: [ app_begin ] --START--
INFO: Run Behavior\ReadHtmlCacheBehavior [ RunTime:0.000570s ]
INFO: [ app_begin ] --END-- [ RunTime:0.000612s ]
ERR: 1146:Table 'bdm252851163_db.fit' doesn't exist
 [ SQL语句 ] : SHOW COLUMNS FROM `fit`
ERR: 1146:Table 'bdm252851163_db.fit' doesn't exist
 [ SQL语句 ] : SHOW COLUMNS FROM `fit`

[ 2016-11-05T20:54:46+08:00 ] 121.69.37.186 /jingqi/index.php?s=/Admin/Fit/index.html
INFO: [ app_init ] --START--
INFO: Run Behavior\BuildLiteBehavior [ RunTime:0.000018s ]
INFO: [ app_init ] --END-- [ RunTime:0.000349s ]
INFO: [ app_begin ] --START--
INFO: Run Behavior\ReadHtmlCacheBehavior [ RunTime:0.000590s ]
INFO: [ app_begin ] --END-- [ RunTime:0.000632s ]
ERR: 1146:Table 'bdm252851163_db.fit' doesn't exist
 [ SQL语句 ] : SHOW COLUMNS FROM `fit`
ERR: 1146:Table 'bdm252851163_db.fit' doesn't exist
 [ SQL语句 ] : SHOW COLUMNS FROM `fit`

[ 2016-11-05T20:54:46+08:00 ] 121.69.37.186 /jingqi/index.php?s=/Admin/Fit/index.html
INFO: [ app_init ] --START--
INFO: Run Behavior\BuildLiteBehavior [ RunTime:0.000015s ]
INFO: [ app_init ] --END-- [ RunTime:0.000338s ]
INFO: [ app_begin ] --START--
INFO: Run Behavior\ReadHtmlCacheBehavior [ RunTime:0.000553s ]
INFO: [ app_begin ] --END-- [ RunTime:0.000595s ]
ERR: 1146:Table 'bdm252851163_db.fit' doesn't exist
 [ SQL语句 ] : SHOW COLUMNS FROM `fit`
ERR: 1146:Table 'bdm252851163_db.fit' doesn't exist
 [ SQL语句 ] : SHOW COLUMNS FROM `fit`

[ 2016-11-05T20:54:47+08:00 ] 121.69.37.186 /jingqi/index.php?s=/Admin/Fit/index.html
INFO: [ app_init ] --START--
INFO: Run Behavior\BuildLiteBehavior [ RunTime:0.000021s ]
INFO: [ app_init ] --END-- [ RunTime:0.000432s ]
INFO: [ app_begin ] --START--
INFO: Run Behavior\ReadHtmlCacheBehavior [ RunTime:0.000584s ]
INFO: [ app_begin ] --END-- [ RunTime:0.000626s ]
ERR: 1146:Table 'bdm252851163_db.fit' doesn't exist
 [ SQL语句 ] : SHOW COLUMNS FROM `fit`
ERR: 1146:Table 'bdm252851163_db.fit' doesn't exist
 [ SQL语句 ] : SHOW COLUMNS FROM `fit`

[ 2016-11-05T20:55:08+08:00 ] 121.69.37.186 /jingqi/index.php?s=/Admin/Fit/index.html
INFO: [ app_init ] --START--
INFO: Run Behavior\BuildLiteBehavior [ RunTime:0.000017s ]
INFO: [ app_init ] --END-- [ RunTime:0.000414s ]
INFO: [ app_begin ] --START--
INFO: Run Behavior\ReadHtmlCacheBehavior [ RunTime:0.000523s ]
INFO: [ app_begin ] --END-- [ RunTime:0.000563s ]
ERR: 1146:Table 'bdm252851163_db.fit' doesn't exist
 [ SQL语句 ] : SHOW COLUMNS FROM `fit`
ERR: 1146:Table 'bdm252851163_db.fit' doesn't exist
 [ SQL语句 ] : SHOW COLUMNS FROM `fit`

[ 2016-11-05T20:55:20+08:00 ] 121.69.37.186 /jingqi/index.php?s=/Admin/Fit/index.html
INFO: [ app_init ] --START--
INFO: Run Behavior\BuildLiteBehavior [ RunTime:0.000017s ]
INFO: [ app_init ] --END-- [ RunTime:0.000339s ]
INFO: [ app_begin ] --START--
INFO: Run Behavior\ReadHtmlCacheBehavior [ RunTime:0.000551s ]
INFO: [ app_begin ] --END-- [ RunTime:0.000595s ]
ERR: 1146:Table 'bdm252851163_db.fit' doesn't exist
 [ SQL语句 ] : SHOW COLUMNS FROM `fit`
ERR: 1146:Table 'bdm252851163_db.fit' doesn't exist
 [ SQL语句 ] : SHOW COLUMNS FROM `fit`

[ 2016-11-05T20:55:21+08:00 ] 121.69.37.186 /jingqi/index.php?s=/Admin/Fit/index.html
INFO: [ app_init ] --START--
INFO: Run Behavior\BuildLiteBehavior [ RunTime:0.000021s ]
INFO: [ app_init ] --END-- [ RunTime:0.000399s ]
INFO: [ app_begin ] --START--
INFO: Run Behavior\ReadHtmlCacheBehavior [ RunTime:0.000626s ]
INFO: [ app_begin ] --END-- [ RunTime:0.000668s ]
ERR: 1146:Table 'bdm252851163_db.fit' doesn't exist
 [ SQL语句 ] : SHOW COLUMNS FROM `fit`
ERR: 1146:Table 'bdm252851163_db.fit' doesn't exist
 [ SQL语句 ] : SHOW COLUMNS FROM `fit`

[ 2016-11-05T20:55:21+08:00 ] 121.69.37.186 /jingqi/index.php?s=/Admin/Fit/index.html
INFO: [ app_init ] --START--
INFO: Run Behavior\BuildLiteBehavior [ RunTime:0.000018s ]
INFO: [ app_init ] --END-- [ RunTime:0.000352s ]
INFO: [ app_begin ] --START--
INFO: Run Behavior\ReadHtmlCacheBehavior [ RunTime:0.000641s ]
INFO: [ app_begin ] --END-- [ RunTime:0.000705s ]
ERR: 1146:Table 'bdm252851163_db.fit' doesn't exist
 [ SQL语句 ] : SHOW COLUMNS FROM `fit`
ERR: 1146:Table 'bdm252851163_db.fit' doesn't exist
 [ SQL语句 ] : SHOW COLUMNS FROM `fit`

[ 2016-11-05T20:55:21+08:00 ] 121.69.37.186 /jingqi/index.php?s=/Admin/Fit/index.html
INFO: [ app_init ] --START--
INFO: Run Behavior\BuildLiteBehavior [ RunTime:0.000023s ]
INFO: [ app_init ] --END-- [ RunTime:0.000377s ]
INFO: [ app_begin ] --START--
INFO: Run Behavior\ReadHtmlCacheBehavior [ RunTime:0.000546s ]
INFO: [ app_begin ] --END-- [ RunTime:0.000588s ]
ERR: 1146:Table 'bdm252851163_db.fit' doesn't exist
 [ SQL语句 ] : SHOW COLUMNS FROM `fit`
ERR: 1146:Table 'bdm252851163_db.fit' doesn't exist
 [ SQL语句 ] : SHOW COLUMNS FROM `fit`

[ 2016-11-05T20:55:21+08:00 ] 121.69.37.186 /jingqi/index.php?s=/Admin/Fit/index.html
INFO: [ app_init ] --START--
INFO: Run Behavior\BuildLiteBehavior [ RunTime:0.000017s ]
INFO: [ app_init ] --END-- [ RunTime:0.000355s ]
INFO: [ app_begin ] --START--
INFO: Run Behavior\ReadHtmlCacheBehavior [ RunTime:0.000551s ]
INFO: [ app_begin ] --END-- [ RunTime:0.000594s ]
ERR: 1146:Table 'bdm252851163_db.fit' doesn't exist
 [ SQL语句 ] : SHOW COLUMNS FROM `fit`
ERR: 1146:Table 'bdm252851163_db.fit' doesn't exist
 [ SQL语句 ] : SHOW COLUMNS FROM `fit`

[ 2016-11-05T20:55:22+08:00 ] 121.69.37.186 /jingqi/index.php?s=/Admin/Fit/index.html
INFO: [ app_init ] --START--
INFO: Run Behavior\BuildLiteBehavior [ RunTime:0.000016s ]
INFO: [ app_init ] --END-- [ RunTime:0.000350s ]
INFO: [ app_begin ] --START--
INFO: Run Behavior\ReadHtmlCacheBehavior [ RunTime:0.000568s ]
INFO: [ app_begin ] --END-- [ RunTime:0.000610s ]
ERR: 1146:Table 'bdm252851163_db.fit' doesn't exist
 [ SQL语句 ] : SHOW COLUMNS FROM `fit`
ERR: 1146:Table 'bdm252851163_db.fit' doesn't exist
 [ SQL语句 ] : SHOW COLUMNS FROM `fit`

[ 2016-11-05T20:55:22+08:00 ] 121.69.37.186 /jingqi/index.php?s=/Admin/Fit/index.html
INFO: [ app_init ] --START--
INFO: Run Behavior\BuildLiteBehavior [ RunTime:0.000016s ]
INFO: [ app_init ] --END-- [ RunTime:0.000392s ]
INFO: [ app_begin ] --START--
INFO: Run Behavior\ReadHtmlCacheBehavior [ RunTime:0.000529s ]
INFO: [ app_begin ] --END-- [ RunTime:0.000572s ]
ERR: 1146:Table 'bdm252851163_db.fit' doesn't exist
 [ SQL语句 ] : SHOW COLUMNS FROM `fit`
ERR: 1146:Table 'bdm252851163_db.fit' doesn't exist
 [ SQL语句 ] : SHOW COLUMNS FROM `fit`

[ 2016-11-05T20:55:22+08:00 ] 121.69.37.186 /jingqi/index.php?s=/Admin/Fit/index.html
INFO: [ app_init ] --START--
INFO: Run Behavior\BuildLiteBehavior [ RunTime:0.000018s ]
INFO: [ app_init ] --END-- [ RunTime:0.000383s ]
INFO: [ app_begin ] --START--
INFO: Run Behavior\ReadHtmlCacheBehavior [ RunTime:0.000543s ]
INFO: [ app_begin ] --END-- [ RunTime:0.000592s ]
ERR: 1146:Table 'bdm252851163_db.fit' doesn't exist
 [ SQL语句 ] : SHOW COLUMNS FROM `fit`
ERR: 1146:Table 'bdm252851163_db.fit' doesn't exist
 [ SQL语句 ] : SHOW COLUMNS FROM `fit`

[ 2016-11-05T20:55:22+08:00 ] 121.69.37.186 /jingqi/index.php?s=/Admin/Fit/index.html
INFO: [ app_init ] --START--
INFO: Run Behavior\BuildLiteBehavior [ RunTime:0.000017s ]
INFO: [ app_init ] --END-- [ RunTime:0.000344s ]
INFO: [ app_begin ] --START--
INFO: Run Behavior\ReadHtmlCacheBehavior [ RunTime:0.000546s ]
INFO: [ app_begin ] --END-- [ RunTime:0.000591s ]
ERR: 1146:Table 'bdm252851163_db.fit' doesn't exist
 [ SQL语句 ] : SHOW COLUMNS FROM `fit`
ERR: 1146:Table 'bdm252851163_db.fit' doesn't exist
 [ SQL语句 ] : SHOW COLUMNS FROM `fit`

[ 2016-11-05T20:59:18+08:00 ] 121.69.37.186 /jingqi/index.php?s=/Admin/Fit/index.html
INFO: [ app_init ] --START--
INFO: Run Behavior\BuildLiteBehavior [ RunTime:0.000017s ]
INFO: [ app_init ] --END-- [ RunTime:0.000356s ]
INFO: [ app_begin ] --START--
INFO: Run Behavior\ReadHtmlCacheBehavior [ RunTime:0.000563s ]
INFO: [ app_begin ] --END-- [ RunTime:0.000605s ]
ERR: 1146:Table 'bdm252851163_db.fit' doesn't exist
 [ SQL语句 ] : SHOW COLUMNS FROM `fit`
ERR: 1146:Table 'bdm252851163_db.fit' doesn't exist
 [ SQL语句 ] : SHOW COLUMNS FROM `fit`

[ 2016-11-05T20:59:20+08:00 ] 121.69.37.186 /jingqi/index.php?s=/Admin/Fit/index.html
INFO: [ app_init ] --START--
INFO: Run Behavior\BuildLiteBehavior [ RunTime:0.000017s ]
INFO: [ app_init ] --END-- [ RunTime:0.000357s ]
INFO: [ app_begin ] --START--
INFO: Run Behavior\ReadHtmlCacheBehavior [ RunTime:0.000557s ]
INFO: [ app_begin ] --END-- [ RunTime:0.000600s ]
ERR: 1146:Table 'bdm252851163_db.fit' doesn't exist
 [ SQL语句 ] : SHOW COLUMNS FROM `fit`
ERR: 1146:Table 'bdm252851163_db.fit' doesn't exist
 [ SQL语句 ] : SHOW COLUMNS FROM `fit`

[ 2016-11-05T20:59:21+08:00 ] 121.69.37.186 /jingqi/index.php?s=/Admin/Fit/index.html
INFO: [ app_init ] --START--
INFO: Run Behavior\BuildLiteBehavior [ RunTime:0.000016s ]
INFO: [ app_init ] --END-- [ RunTime:0.000343s ]
INFO: [ app_begin ] --START--
INFO: Run Behavior\ReadHtmlCacheBehavior [ RunTime:0.000515s ]
INFO: [ app_begin ] --END-- [ RunTime:0.000557s ]
ERR: 1146:Table 'bdm252851163_db.fit' doesn't exist
 [ SQL语句 ] : SHOW COLUMNS FROM `fit`
ERR: 1146:Table 'bdm252851163_db.fit' doesn't exist
 [ SQL语句 ] : SHOW COLUMNS FROM `fit`

[ 2016-11-05T20:59:21+08:00 ] 121.69.37.186 /jingqi/index.php?s=/Admin/Fit/index.html
INFO: [ app_init ] --START--
INFO: Run Behavior\BuildLiteBehavior [ RunTime:0.000020s ]
INFO: [ app_init ] --END-- [ RunTime:0.000373s ]
INFO: [ app_begin ] --START--
INFO: Run Behavior\ReadHtmlCacheBehavior [ RunTime:0.000581s ]
INFO: [ app_begin ] --END-- [ RunTime:0.000624s ]
ERR: 1146:Table 'bdm252851163_db.fit' doesn't exist
 [ SQL语句 ] : SHOW COLUMNS FROM `fit`
ERR: 1146:Table 'bdm252851163_db.fit' doesn't exist
 [ SQL语句 ] : SHOW COLUMNS FROM `fit`

[ 2016-11-05T20:59:21+08:00 ] 121.69.37.186 /jingqi/index.php?s=/Admin/Fit/index.html
INFO: [ app_init ] --START--
INFO: Run Behavior\BuildLiteBehavior [ RunTime:0.000036s ]
INFO: [ app_init ] --END-- [ RunTime:0.000376s ]
INFO: [ app_begin ] --START--
INFO: Run Behavior\ReadHtmlCacheBehavior [ RunTime:0.000556s ]
INFO: [ app_begin ] --END-- [ RunTime:0.000599s ]
ERR: 1146:Table 'bdm252851163_db.fit' doesn't exist
 [ SQL语句 ] : SHOW COLUMNS FROM `fit`
ERR: 1146:Table 'bdm252851163_db.fit' doesn't exist
 [ SQL语句 ] : SHOW COLUMNS FROM `fit`

[ 2016-11-05T20:59:22+08:00 ] 121.69.37.186 /jingqi/index.php?s=/Admin/Fit/index.html
INFO: [ app_init ] --START--
INFO: Run Behavior\BuildLiteBehavior [ RunTime:0.000017s ]
INFO: [ app_init ] --END-- [ RunTime:0.000379s ]
INFO: [ app_begin ] --START--
INFO: Run Behavior\ReadHtmlCacheBehavior [ RunTime:0.000536s ]
INFO: [ app_begin ] --END-- [ RunTime:0.000577s ]
ERR: 1146:Table 'bdm252851163_db.fit' doesn't exist
 [ SQL语句 ] : SHOW COLUMNS FROM `fit`
ERR: 1146:Table 'bdm252851163_db.fit' doesn't exist
 [ SQL语句 ] : SHOW COLUMNS FROM `fit`

[ 2016-11-05T20:59:22+08:00 ] 121.69.37.186 /jingqi/index.php?s=/Admin/Fit/index.html
INFO: [ app_init ] --START--
INFO: Run Behavior\BuildLiteBehavior [ RunTime:0.000024s ]
INFO: [ app_init ] --END-- [ RunTime:0.000357s ]
INFO: [ app_begin ] --START--
INFO: Run Behavior\ReadHtmlCacheBehavior [ RunTime:0.000569s ]
INFO: [ app_begin ] --END-- [ RunTime:0.000611s ]
ERR: 1146:Table 'bdm252851163_db.fit' doesn't exist
 [ SQL语句 ] : SHOW COLUMNS FROM `fit`
ERR: 1146:Table 'bdm252851163_db.fit' doesn't exist
 [ SQL语句 ] : SHOW COLUMNS FROM `fit`

[ 2016-11-05T20:59:27+08:00 ] 121.69.37.186 /jingqi/index.php?s=admin
INFO: [ app_init ] --START--
INFO: Run Behavior\BuildLiteBehavior [ RunTime:0.000018s ]
INFO: [ app_init ] --END-- [ RunTime:0.000381s ]
INFO: [ app_begin ] --START--
INFO: Run Behavior\ReadHtmlCacheBehavior [ RunTime:0.000544s ]
INFO: [ app_begin ] --END-- [ RunTime:0.000586s ]
INFO: [ view_parse ] --START--
INFO: [ template_filter ] --START--
INFO: Run Behavior\ContentReplaceBehavior [ RunTime:0.000046s ]
INFO: [ template_filter ] --END-- [ RunTime:0.000086s ]
NOTIC: [8] Undefined index: admin /data/home/bxu2442550491/htdocs/jingqi/Application/Runtime/Cache/Admin/5e7c63a67ddc7b54827f64fe7b4d977c.php 第 45 行.
INFO: Run Behavior\ParseTemplateBehavior [ RunTime:0.006625s ]
INFO: [ view_parse ] --END-- [ RunTime:0.006670s ]
INFO: [ view_filter ] --START--
INFO: Run Behavior\WriteHtmlCacheBehavior [ RunTime:0.000219s ]
INFO: [ view_filter ] --END-- [ RunTime:0.000251s ]
INFO: [ app_end ] --START--
INFO: Run Behavior\ShowPageTraceBehavior [ RunTime:0.000483s ]
INFO: [ app_end ] --END-- [ RunTime:0.000521s ]

[ 2016-11-05T20:59:28+08:00 ] 121.69.37.186 /jingqi/index.php?s=/Admin/Fit/index.html
INFO: [ app_init ] --START--
INFO: Run Behavior\BuildLiteBehavior [ RunTime:0.000024s ]
INFO: [ app_init ] --END-- [ RunTime:0.000457s ]
INFO: [ app_begin ] --START--
INFO: Run Behavior\ReadHtmlCacheBehavior [ RunTime:0.000614s ]
INFO: [ app_begin ] --END-- [ RunTime:0.000658s ]
ERR: 1146:Table 'bdm252851163_db.fit' doesn't exist
 [ SQL语句 ] : SHOW COLUMNS FROM `fit`
ERR: 1146:Table 'bdm252851163_db.fit' doesn't exist
 [ SQL语句 ] : SHOW COLUMNS FROM `fit`

[ 2016-11-05T21:01:47+08:00 ] 121.69.37.186 /jingqi/index.php?s=/Admin/Fit/index.html
INFO: [ app_init ] --START--
INFO: Run Behavior\BuildLiteBehavior [ RunTime:0.000016s ]
INFO: [ app_init ] --END-- [ RunTime:0.000339s ]
INFO: [ app_begin ] --START--
INFO: Run Behavior\ReadHtmlCacheBehavior [ RunTime:0.000600s ]
INFO: [ app_begin ] --END-- [ RunTime:0.000643s ]
SQL: SHOW COLUMNS FROM `fit` [ RunTime:0.0017s ]
SQL: SELECT * FROM `fit`  [ RunTime:0.0013s ]
ERR: 模板不存在:./Application/Admin/View/Fit/index.php

[ 2016-11-05T21:02:36+08:00 ] 121.69.37.186 /jingqi/index.php?s=/Admin/Fit/index.html
INFO: [ app_init ] --START--
INFO: Run Behavior\BuildLiteBehavior [ RunTime:0.000017s ]
INFO: [ app_init ] --END-- [ RunTime:0.000365s ]
INFO: [ app_begin ] --START--
INFO: Run Behavior\ReadHtmlCacheBehavior [ RunTime:0.000558s ]
INFO: [ app_begin ] --END-- [ RunTime:0.000600s ]
SQL: SHOW COLUMNS FROM `fit` [ RunTime:0.0020s ]
SQL: SELECT * FROM `fit`  [ RunTime:0.0014s ]
INFO: [ view_parse ] --START--
INFO: [ template_filter ] --START--
INFO: Run Behavior\ContentReplaceBehavior [ RunTime:0.000070s ]
INFO: [ template_filter ] --END-- [ RunTime:0.000129s ]
NOTIC: [8] Undefined index: admin /data/home/bxu2442550491/htdocs/jingqi/Application/Runtime/Cache/Admin/8e4f24537e01e8e65e3c018ef4b00920.php 第 45 行.
INFO: Run Behavior\ParseTemplateBehavior [ RunTime:0.009230s ]
INFO: [ view_parse ] --END-- [ RunTime:0.009278s ]
INFO: [ view_filter ] --START--
INFO: Run Behavior\WriteHtmlCacheBehavior [ RunTime:0.000226s ]
INFO: [ view_filter ] --END-- [ RunTime:0.000259s ]
INFO: [ app_end ] --START--
INFO: Run Behavior\ShowPageTraceBehavior [ RunTime:0.000626s ]
INFO: [ app_end ] --END-- [ RunTime:0.000673s ]

[ 2016-11-05T21:03:06+08:00 ] 121.69.37.186 /jingqi/index.php?s=/Admin/Fit/addFit.html
INFO: [ app_init ] --START--
INFO: Run Behavior\BuildLiteBehavior [ RunTime:0.000017s ]
INFO: [ app_init ] --END-- [ RunTime:0.000377s ]
INFO: [ app_begin ] --START--
INFO: Run Behavior\ReadHtmlCacheBehavior [ RunTime:0.000597s ]
INFO: [ app_begin ] --END-- [ RunTime:0.000657s ]
ERR: 模板不存在:./Application/Admin/View/Fit/addFit.php

[ 2016-11-05T21:03:31+08:00 ] 121.69.37.186 /jingqi/index.php?s=/Admin/Fit/addFit.html
INFO: [ app_init ] --START--
INFO: Run Behavior\BuildLiteBehavior [ RunTime:0.000017s ]
INFO: [ app_init ] --END-- [ RunTime:0.000379s ]
INFO: [ app_begin ] --START--
INFO: Run Behavior\ReadHtmlCacheBehavior [ RunTime:0.000552s ]
INFO: [ app_begin ] --END-- [ RunTime:0.000617s ]
INFO: [ view_parse ] --START--
INFO: [ template_filter ] --START--
INFO: Run Behavior\ContentReplaceBehavior [ RunTime:0.000063s ]
INFO: [ template_filter ] --END-- [ RunTime:0.000105s ]
NOTIC: [8] Undefined index: admin /data/home/bxu2442550491/htdocs/jingqi/Application/Runtime/Cache/Admin/566ed612d0e222e2de6b0db3603f6cf2.php 第 45 行.
INFO: Run Behavior\ParseTemplateBehavior [ RunTime:0.007071s ]
INFO: [ view_parse ] --END-- [ RunTime:0.007118s ]
INFO: [ view_filter ] --START--
INFO: Run Behavior\WriteHtmlCacheBehavior [ RunTime:0.000202s ]
INFO: [ view_filter ] --END-- [ RunTime:0.000233s ]
INFO: [ app_end ] --START--
INFO: Run Behavior\ShowPageTraceBehavior [ RunTime:0.000453s ]
INFO: [ app_end ] --END-- [ RunTime:0.000524s ]

[ 2016-11-05T21:03:48+08:00 ] 121.69.37.186 /jingqi/index.php?s=/Admin/Moodimg/index.html
INFO: [ app_init ] --START--
INFO: Run Behavior\BuildLiteBehavior [ RunTime:0.000021s ]
INFO: [ app_init ] --END-- [ RunTime:0.000460s ]
INFO: [ app_begin ] --START--
INFO: Run Behavior\ReadHtmlCacheBehavior [ RunTime:0.000623s ]
INFO: [ app_begin ] --END-- [ RunTime:0.000666s ]
SQL: SHOW COLUMNS FROM `mood_img` [ RunTime:0.0020s ]
SQL: SELECT `mid`,`mood_name`,`pic`,`mood_desc` FROM `mood_img`  [ RunTime:0.0011s ]
INFO: [ view_parse ] --START--
INFO: [ template_filter ] --START--
INFO: Run Behavior\ContentReplaceBehavior [ RunTime:0.000068s ]
INFO: [ template_filter ] --END-- [ RunTime:0.000109s ]
NOTIC: [8] Undefined index: admin /data/home/bxu2442550491/htdocs/jingqi/Application/Runtime/Cache/Admin/dff0b8223eb65988a0d060b83a536b75.php 第 45 行.
INFO: Run Behavior\ParseTemplateBehavior [ RunTime:0.008192s ]
INFO: [ view_parse ] --END-- [ RunTime:0.008248s ]
INFO: [ view_filter ] --START--
INFO: Run Behavior\WriteHtmlCacheBehavior [ RunTime:0.000201s ]
INFO: [ view_filter ] --END-- [ RunTime:0.000234s ]
INFO: [ app_end ] --START--
INFO: Run Behavior\ShowPageTraceBehavior [ RunTime:0.000474s ]
INFO: [ app_end ] --END-- [ RunTime:0.000535s ]

[ 2016-11-05T21:03:50+08:00 ] 121.69.37.186 /jingqi/index.php?s=/Admin/Moodimg/addMood.html
INFO: [ app_init ] --START--
INFO: Run Behavior\BuildLiteBehavior [ RunTime:0.000017s ]
INFO: [ app_init ] --END-- [ RunTime:0.000364s ]
INFO: [ app_begin ] --START--
INFO: Run Behavior\ReadHtmlCacheBehavior [ RunTime:0.000755s ]
INFO: [ app_begin ] --END-- [ RunTime:0.000817s ]
SQL: SHOW COLUMNS FROM `mood_img` [ RunTime:0.0018s ]
ERR: 模板不存在:./Application/Admin/View/Moodimg/addMood.php

[ 2016-11-05T21:04:03+08:00 ] 121.69.37.186 /jingqi/index.php?s=/Admin/Moodimg/addMood.html
INFO: [ app_init ] --START--
INFO: Run Behavior\BuildLiteBehavior [ RunTime:0.000020s ]
INFO: [ app_init ] --END-- [ RunTime:0.000360s ]
INFO: [ app_begin ] --START--
INFO: Run Behavior\ReadHtmlCacheBehavior [ RunTime:0.000572s ]
INFO: [ app_begin ] --END-- [ RunTime:0.000616s ]
SQL: SHOW COLUMNS FROM `mood_img` [ RunTime:0.0018s ]
INFO: [ view_parse ] --START--
INFO: [ template_filter ] --START--
INFO: Run Behavior\ContentReplaceBehavior [ RunTime:0.000065s ]
INFO: [ template_filter ] --END-- [ RunTime:0.000109s ]
NOTIC: [8] Undefined index: admin /data/home/bxu2442550491/htdocs/jingqi/Application/Runtime/Cache/Admin/f127689d7e144bcc90df0baa899c8b42.php 第 45 行.
INFO: Run Behavior\ParseTemplateBehavior [ RunTime:0.008023s ]
INFO: [ view_parse ] --END-- [ RunTime:0.008061s ]
INFO: [ view_filter ] --START--
INFO: Run Behavior\WriteHtmlCacheBehavior [ RunTime:0.000198s ]
INFO: [ view_filter ] --END-- [ RunTime:0.000230s ]
INFO: [ app_end ] --START--
INFO: Run Behavior\ShowPageTraceBehavior [ RunTime:0.000536s ]
INFO: [ app_end ] --END-- [ RunTime:0.000572s ]

[ 2016-11-05T21:04:18+08:00 ] 121.69.37.186 /jingqi/index.php?s=/Admin/Moodimg/addMood.html
INFO: [ app_init ] --START--
INFO: Run Behavior\BuildLiteBehavior [ RunTime:0.000021s ]
INFO: [ app_init ] --END-- [ RunTime:0.000418s ]
INFO: [ app_begin ] --START--
INFO: Run Behavior\ReadHtmlCacheBehavior [ RunTime:0.000565s ]
INFO: [ app_begin ] --END-- [ RunTime:0.000604s ]
SQL: SHOW COLUMNS FROM `mood_img` [ RunTime:0.0020s ]
NOTIC: [8] Undefined index: validate /data/home/bxu2442550491/htdocs/jingqi/ThinkPHP/Library/Think/Model.class.php 第 1185 行.
NOTIC: [8] Undefined index: auto /data/home/bxu2442550491/htdocs/jingqi/ThinkPHP/Library/Think/Model.class.php 第 1128 行.
SQL: INSERT INTO `mood_img` (`mood_name`,`pic`,`mood_desc`) VALUES ('111','Public/Uploads/2016-11-04/47521478255468.png','&lt;p&gt;1111&lt;/p&gt;') [ RunTime:0.0074s ]

[ 2016-11-05T21:04:20+08:00 ] 121.69.37.186 /jingqi/index.php?s=/Admin/Moodimg/index.html
INFO: [ app_init ] --START--
INFO: Run Behavior\BuildLiteBehavior [ RunTime:0.000016s ]
INFO: [ app_init ] --END-- [ RunTime:0.000357s ]
INFO: [ app_begin ] --START--
INFO: Run Behavior\ReadHtmlCacheBehavior [ RunTime:0.000544s ]
INFO: [ app_begin ] --END-- [ RunTime:0.000593s ]
SQL: SHOW COLUMNS FROM `mood_img` [ RunTime:0.0018s ]
SQL: SELECT `mid`,`mood_name`,`pic`,`mood_desc` FROM `mood_img`  [ RunTime:0.0012s ]
INFO: [ view_parse ] --START--
INFO: [ template_filter ] --START--
INFO: Run Behavior\ContentReplaceBehavior [ RunTime:0.000059s ]
INFO: [ template_filter ] --END-- [ RunTime:0.000102s ]
NOTIC: [8] Undefined index: admin /data/home/bxu2442550491/htdocs/jingqi/Application/Runtime/Cache/Admin/dff0b8223eb65988a0d060b83a536b75.php 第 45 行.
INFO: Run Behavior\ParseTemplateBehavior [ RunTime:0.010310s ]
INFO: [ view_parse ] --END-- [ RunTime:0.010369s ]
INFO: [ view_filter ] --START--
INFO: Run Behavior\WriteHtmlCacheBehavior [ RunTime:0.000279s ]
INFO: [ view_filter ] --END-- [ RunTime:0.000319s ]
INFO: [ app_end ] --START--
INFO: Run Behavior\ShowPageTraceBehavior [ RunTime:0.000527s ]
INFO: [ app_end ] --END-- [ RunTime:0.000568s ]

[ 2016-11-05T21:12:49+08:00 ] 121.69.37.186 /jingqi/index.php?s=/Admin/Fit/index.html
INFO: [ app_init ] --START--
INFO: Run Behavior\BuildLiteBehavior [ RunTime:0.000015s ]
INFO: [ app_init ] --END-- [ RunTime:0.000338s ]
INFO: [ app_begin ] --START--
INFO: Run Behavior\ReadHtmlCacheBehavior [ RunTime:0.000533s ]
INFO: [ app_begin ] --END-- [ RunTime:0.000575s ]
SQL: SHOW COLUMNS FROM `fit` [ RunTime:0.0017s ]
SQL: SELECT * FROM `fit`  [ RunTime:0.0010s ]
INFO: [ view_parse ] --START--
INFO: [ template_filter ] --START--
INFO: Run Behavior\ContentReplaceBehavior [ RunTime:0.000063s ]
INFO: [ template_filter ] --END-- [ RunTime:0.000105s ]
NOTIC: [8] Undefined index: admin /data/home/bxu2442550491/htdocs/jingqi/Application/Runtime/Cache/Admin/8e4f24537e01e8e65e3c018ef4b00920.php 第 45 行.
INFO: Run Behavior\ParseTemplateBehavior [ RunTime:0.008458s ]
INFO: [ view_parse ] --END-- [ RunTime:0.008502s ]
INFO: [ view_filter ] --START--
INFO: Run Behavior\WriteHtmlCacheBehavior [ RunTime:0.000196s ]
INFO: [ view_filter ] --END-- [ RunTime:0.000228s ]
INFO: [ app_end ] --START--
INFO: Run Behavior\ShowPageTraceBehavior [ RunTime:0.000452s ]
INFO: [ app_end ] --END-- [ RunTime:0.000487s ]

[ 2016-11-05T21:12:51+08:00 ] 121.69.37.186 /jingqi/index.php?s=/Admin/Fit/addFit.html
INFO: [ app_init ] --START--
INFO: Run Behavior\BuildLiteBehavior [ RunTime:0.000018s ]
INFO: [ app_init ] --END-- [ RunTime:0.000339s ]
INFO: [ app_begin ] --START--
INFO: Run Behavior\ReadHtmlCacheBehavior [ RunTime:0.000556s ]
INFO: [ app_begin ] --END-- [ RunTime:0.000597s ]
INFO: [ view_parse ] --START--
INFO: [ template_filter ] --START--
INFO: Run Behavior\ContentReplaceBehavior [ RunTime:0.000061s ]
INFO: [ template_filter ] --END-- [ RunTime:0.000127s ]
NOTIC: [8] Undefined index: admin /data/home/bxu2442550491/htdocs/jingqi/Application/Runtime/Cache/Admin/566ed612d0e222e2de6b0db3603f6cf2.php 第 45 行.
INFO: Run Behavior\ParseTemplateBehavior [ RunTime:0.025660s ]
INFO: [ view_parse ] --END-- [ RunTime:0.025701s ]
INFO: [ view_filter ] --START--
INFO: Run Behavior\WriteHtmlCacheBehavior [ RunTime:0.000229s ]
INFO: [ view_filter ] --END-- [ RunTime:0.000262s ]
INFO: [ app_end ] --START--
INFO: Run Behavior\ShowPageTraceBehavior [ RunTime:0.000513s ]
INFO: [ app_end ] --END-- [ RunTime:0.000554s ]

[ 2016-11-05T21:12:54+08:00 ] 121.69.37.186 /jingqi/index.php?s=/Admin/Moodimg/index.html
INFO: [ app_init ] --START--
INFO: Run Behavior\BuildLiteBehavior [ RunTime:0.000017s ]
INFO: [ app_init ] --END-- [ RunTime:0.000346s ]
INFO: [ app_begin ] --START--
INFO: Run Behavior\ReadHtmlCacheBehavior [ RunTime:0.000563s ]
INFO: [ app_begin ] --END-- [ RunTime:0.000604s ]
SQL: SHOW COLUMNS FROM `mood_img` [ RunTime:0.0018s ]
SQL: SELECT `mid`,`mood_name`,`pic`,`mood_desc` FROM `mood_img`  [ RunTime:0.0011s ]
INFO: [ view_parse ] --START--
INFO: [ template_filter ] --START--
INFO: Run Behavior\ContentReplaceBehavior [ RunTime:0.000068s ]
INFO: [ template_filter ] --END-- [ RunTime:0.000137s ]
NOTIC: [8] Undefined index: admin /data/home/bxu2442550491/htdocs/jingqi/Application/Runtime/Cache/Admin/dff0b8223eb65988a0d060b83a536b75.php 第 45 行.
INFO: Run Behavior\ParseTemplateBehavior [ RunTime:0.010943s ]
INFO: [ view_parse ] --END-- [ RunTime:0.011001s ]
INFO: [ view_filter ] --START--
INFO: Run Behavior\WriteHtmlCacheBehavior [ RunTime:0.000313s ]
INFO: [ view_filter ] --END-- [ RunTime:0.000360s ]
INFO: [ app_end ] --START--
INFO: Run Behavior\ShowPageTraceBehavior [ RunTime:0.000489s ]
INFO: [ app_end ] --END-- [ RunTime:0.000538s ]

[ 2016-11-05T21:12:56+08:00 ] 121.69.37.186 /jingqi/index.php?s=/Admin/Moodimg/addMood.html
INFO: [ app_init ] --START--
INFO: Run Behavior\BuildLiteBehavior [ RunTime:0.000017s ]
INFO: [ app_init ] --END-- [ RunTime:0.000367s ]
INFO: [ app_begin ] --START--
INFO: Run Behavior\ReadHtmlCacheBehavior [ RunTime:0.000581s ]
INFO: [ app_begin ] --END-- [ RunTime:0.000631s ]
SQL: SHOW COLUMNS FROM `mood_img` [ RunTime:0.0016s ]
INFO: [ view_parse ] --START--
INFO: [ template_filter ] --START--
INFO: Run Behavior\ContentReplaceBehavior [ RunTime:0.000075s ]
INFO: [ template_filter ] --END-- [ RunTime:0.000132s ]
NOTIC: [8] Undefined index: admin /data/home/bxu2442550491/htdocs/jingqi/Application/Runtime/Cache/Admin/f127689d7e144bcc90df0baa899c8b42.php 第 45 行.
INFO: Run Behavior\ParseTemplateBehavior [ RunTime:0.008143s ]
INFO: [ view_parse ] --END-- [ RunTime:0.008185s ]
INFO: [ view_filter ] --START--
INFO: Run Behavior\WriteHtmlCacheBehavior [ RunTime:0.000196s ]
INFO: [ view_filter ] --END-- [ RunTime:0.000228s ]
INFO: [ app_end ] --START--
INFO: Run Behavior\ShowPageTraceBehavior [ RunTime:0.000488s ]
INFO: [ app_end ] --END-- [ RunTime:0.000523s ]

[ 2016-11-05T21:13:07+08:00 ] 121.69.37.186 /jingqi/index.php?s=/Admin/Moodimg/addMood.html
INFO: [ app_init ] --START--
INFO: Run Behavior\BuildLiteBehavior [ RunTime:0.000022s ]
INFO: [ app_init ] --END-- [ RunTime:0.000384s ]
INFO: [ app_begin ] --START--
INFO: Run Behavior\ReadHtmlCacheBehavior [ RunTime:0.000669s ]
INFO: [ app_begin ] --END-- [ RunTime:0.000711s ]
SQL: SHOW COLUMNS FROM `mood_img` [ RunTime:0.0017s ]
INFO: [ view_parse ] --START--
INFO: [ template_filter ] --START--
INFO: Run Behavior\ContentReplaceBehavior [ RunTime:0.000072s ]
INFO: [ template_filter ] --END-- [ RunTime:0.000114s ]
NOTIC: [8] Undefined index: admin /data/home/bxu2442550491/htdocs/jingqi/Application/Runtime/Cache/Admin/f127689d7e144bcc90df0baa899c8b42.php 第 45 行.
INFO: Run Behavior\ParseTemplateBehavior [ RunTime:0.008448s ]
INFO: [ view_parse ] --END-- [ RunTime:0.008489s ]
INFO: [ view_filter ] --START--
INFO: Run Behavior\WriteHtmlCacheBehavior [ RunTime:0.000206s ]
INFO: [ view_filter ] --END-- [ RunTime:0.000238s ]
INFO: [ app_end ] --START--
INFO: Run Behavior\ShowPageTraceBehavior [ RunTime:0.000482s ]
INFO: [ app_end ] --END-- [ RunTime:0.000517s ]

[ 2016-11-05T21:13:09+08:00 ] 121.69.37.186 /jingqi/index.php?s=/Admin/Moodimg/index.html
INFO: [ app_init ] --START--
INFO: Run Behavior\BuildLiteBehavior [ RunTime:0.000018s ]
INFO: [ app_init ] --END-- [ RunTime:0.000349s ]
INFO: [ app_begin ] --START--
INFO: Run Behavior\ReadHtmlCacheBehavior [ RunTime:0.000558s ]
INFO: [ app_begin ] --END-- [ RunTime:0.000600s ]
SQL: SHOW COLUMNS FROM `mood_img` [ RunTime:0.0018s ]
SQL: SELECT `mid`,`mood_name`,`pic`,`mood_desc` FROM `mood_img`  [ RunTime:0.0013s ]
INFO: [ view_parse ] --START--
INFO: [ template_filter ] --START--
INFO: Run Behavior\ContentReplaceBehavior [ RunTime:0.000056s ]
INFO: [ template_filter ] --END-- [ RunTime:0.000096s ]
NOTIC: [8] Undefined index: admin /data/home/bxu2442550491/htdocs/jingqi/Application/Runtime/Cache/Admin/dff0b8223eb65988a0d060b83a536b75.php 第 45 行.
INFO: Run Behavior\ParseTemplateBehavior [ RunTime:0.007871s ]
INFO: [ view_parse ] --END-- [ RunTime:0.007917s ]
INFO: [ view_filter ] --START--
INFO: Run Behavior\WriteHtmlCacheBehavior [ RunTime:0.000225s ]
INFO: [ view_filter ] --END-- [ RunTime:0.000258s ]
INFO: [ app_end ] --START--
INFO: Run Behavior\ShowPageTraceBehavior [ RunTime:0.000459s ]
INFO: [ app_end ] --END-- [ RunTime:0.000498s ]

[ 2016-11-05T21:15:08+08:00 ] 121.69.37.186 /jingqi/index.php?s=/Admin/Moodimg/index.html
INFO: [ app_init ] --START--
INFO: Run Behavior\BuildLiteBehavior [ RunTime:0.000016s ]
INFO: [ app_init ] --END-- [ RunTime:0.000362s ]
INFO: [ app_begin ] --START--
INFO: Run Behavior\ReadHtmlCacheBehavior [ RunTime:0.000535s ]
INFO: [ app_begin ] --END-- [ RunTime:0.000579s ]
SQL: SHOW COLUMNS FROM `mood_img` [ RunTime:0.0017s ]
SQL: SELECT `mid`,`mood_name`,`pic`,`mood_desc` FROM `mood_img`  [ RunTime:0.0010s ]
INFO: [ view_parse ] --START--
INFO: [ template_filter ] --START--
INFO: Run Behavior\ContentReplaceBehavior [ RunTime:0.000059s ]
INFO: [ template_filter ] --END-- [ RunTime:0.000104s ]
NOTIC: [8] Undefined index: admin /data/home/bxu2442550491/htdocs/jingqi/Application/Runtime/Cache/Admin/dff0b8223eb65988a0d060b83a536b75.php 第 45 行.
INFO: Run Behavior\ParseTemplateBehavior [ RunTime:0.007874s ]
INFO: [ view_parse ] --END-- [ RunTime:0.007913s ]
INFO: [ view_filter ] --START--
INFO: Run Behavior\WriteHtmlCacheBehavior [ RunTime:0.000213s ]
INFO: [ view_filter ] --END-- [ RunTime:0.000247s ]
INFO: [ app_end ] --START--
INFO: Run Behavior\ShowPageTraceBehavior [ RunTime:0.000443s ]
INFO: [ app_end ] --END-- [ RunTime:0.000481s ]

