[ 2016-11-04T19:23:56+08:00 ] 127.0.0.1 /datassd/jqapp/index.php/Jingqi/api
INFO: [ app_init ] --START--
INFO: Run Behavior\BuildLiteBehavior [ RunTime:0.000000s ]
INFO: [ app_init ] --END-- [ RunTime:0.000000s ]
INFO: [ app_begin ] --START--
INFO: Run Behavior\ReadHtmlCacheBehavior [ RunTime:0.001000s ]
INFO: [ app_begin ] --END-- [ RunTime:0.001000s ]
SQL: SHOW COLUMNS FROM `mood_img` [ RunTime:0.0110s ]
SQL: SELECT * FROM `mood_img`  [ RunTime:0.0000s ]

[ 2016-11-04T19:34:51+08:00 ] 127.0.0.1 /datassd/jqapp/index.php/Jingqi/api
INFO: [ app_init ] --START--
INFO: Run Behavior\BuildLiteBehavior [ RunTime:0.000000s ]
INFO: [ app_init ] --END-- [ RunTime:0.001000s ]
INFO: [ app_begin ] --START--
INFO: Run Behavior\ReadHtmlCacheBehavior [ RunTime:0.001000s ]
INFO: [ app_begin ] --END-- [ RunTime:0.001000s ]

[ 2016-11-04T19:35:33+08:00 ] 127.0.0.1 /datassd/jqapp/index.php/Jingqi/api
INFO: [ app_init ] --START--
INFO: Run Behavior\BuildLiteBehavior [ RunTime:0.000000s ]
INFO: [ app_init ] --END-- [ RunTime:0.000000s ]
INFO: [ app_begin ] --START--
INFO: Run Behavior\ReadHtmlCacheBehavior [ RunTime:0.002000s ]
INFO: [ app_begin ] --END-- [ RunTime:0.002000s ]
SQL: SHOW COLUMNS FROM `mood_img` [ RunTime:0.0100s ]
ERR: 1064:Erreur de syntaxe près de ') ORDER BY start_time desc LIMIT 1' à la ligne 1
 [ SQL语句 ] : SELECT * FROM `mood_img` WHERE ( is_mark = 1uid =  ) ORDER BY start_time desc LIMIT 1  
ERR: 1064:Erreur de syntaxe près de ') ORDER BY start_time desc LIMIT 1' à la ligne 1
 [ SQL语句 ] : SELECT * FROM `mood_img` WHERE ( is_mark = 1uid =  ) ORDER BY start_time desc LIMIT 1  

[ 2016-11-04T19:36:49+08:00 ] 127.0.0.1 /datassd/jqapp/index.php/Jingqi/api
INFO: [ app_init ] --START--
INFO: Run Behavior\BuildLiteBehavior [ RunTime:0.000000s ]
INFO: [ app_init ] --END-- [ RunTime:0.000000s ]
INFO: [ app_begin ] --START--
INFO: Run Behavior\ReadHtmlCacheBehavior [ RunTime:0.001000s ]
INFO: [ app_begin ] --END-- [ RunTime:0.001000s ]
SQL: SHOW COLUMNS FROM `mood_img` [ RunTime:0.0220s ]
SQL: SELECT * FROM `mood_img` WHERE `is_mark` = 1 AND `uid` = 0 ORDER BY start_time desc LIMIT 1   [ RunTime:0.0300s ]

[ 2016-11-04T19:37:35+08:00 ] 127.0.0.1 /datassd/jqapp/index.php/Jingqi/api
INFO: [ app_init ] --START--
INFO: Run Behavior\BuildLiteBehavior [ RunTime:0.000000s ]
INFO: [ app_init ] --END-- [ RunTime:0.000000s ]
INFO: [ app_begin ] --START--
INFO: Run Behavior\ReadHtmlCacheBehavior [ RunTime:0.000000s ]
INFO: [ app_begin ] --END-- [ RunTime:0.000000s ]
SQL: SHOW COLUMNS FROM `mood_img` [ RunTime:0.0120s ]
SQL: SELECT * FROM `mood_img` WHERE `is_mark` = 1 AND `uid` = 101 ORDER BY start_time desc LIMIT 1   [ RunTime:0.0000s ]

