[ 2016-11-03T17:24:11+08:00 ] 127.0.0.1 /datassd/jqapp/index.php/Jingqi/api
INFO: [ app_init ] --START--
INFO: Run Behavior\BuildLiteBehavior [ RunTime:0.000000s ]
INFO: [ app_init ] --END-- [ RunTime:0.000000s ]
INFO: [ app_begin ] --START--
INFO: Run Behavior\ReadHtmlCacheBehavior [ RunTime:0.000000s ]
INFO: [ app_begin ] --END-- [ RunTime:0.000000s ]
INFO: [ app_end ] --START--
INFO: Run Behavior\ShowPageTraceBehavior [ RunTime:0.001000s ]
INFO: [ app_end ] --END-- [ RunTime:0.001000s ]

[ 2016-11-03T17:25:41+08:00 ] 127.0.0.1 /datassd/jqapp/index.php/Jingqi/api
INFO: [ app_init ] --START--
INFO: Run Behavior\BuildLiteBehavior [ RunTime:0.000000s ]
INFO: [ app_init ] --END-- [ RunTime:0.000000s ]
INFO: [ app_begin ] --START--
INFO: Run Behavior\ReadHtmlCacheBehavior [ RunTime:0.000000s ]
INFO: [ app_begin ] --END-- [ RunTime:0.000000s ]
INFO: [ app_end ] --START--
INFO: Run Behavior\ShowPageTraceBehavior [ RunTime:0.015600s ]
INFO: [ app_end ] --END-- [ RunTime:0.015600s ]

[ 2016-11-03T17:30:23+08:00 ] 127.0.0.1 /datassd/jqapp/index.php/Jingqi/api
INFO: [ app_init ] --START--
INFO: Run Behavior\BuildLiteBehavior [ RunTime:0.000000s ]
INFO: [ app_init ] --END-- [ RunTime:0.000000s ]
INFO: [ app_begin ] --START--
INFO: Run Behavior\ReadHtmlCacheBehavior [ RunTime:0.000000s ]
INFO: [ app_begin ] --END-- [ RunTime:0.000000s ]
INFO: [ app_end ] --START--
INFO: Run Behavior\ShowPageTraceBehavior [ RunTime:0.000000s ]
INFO: [ app_end ] --END-- [ RunTime:0.000000s ]

[ 2016-11-03T17:58:04+08:00 ] 127.0.0.1 /datassd/jqapp/index.php/Jingqi/api/tip
INFO: [ app_init ] --START--
INFO: Run Behavior\BuildLiteBehavior [ RunTime:0.000000s ]
INFO: [ app_init ] --END-- [ RunTime:0.000000s ]
INFO: [ app_begin ] --START--
INFO: Run Behavior\ReadHtmlCacheBehavior [ RunTime:0.000000s ]
INFO: [ app_begin ] --END-- [ RunTime:0.000000s ]
SQL: SHOW COLUMNS FROM `fit` [ RunTime:0.0050s ]
SQL: SELECT * FROM `fit`  [ RunTime:0.0010s ]
NOTIC: [8] Undefined variable: tipData F:\wampser\www\datassd\jqapp\Application\Jingqi\Controller\ApiController.class.php 第 79 行.
INFO: [ app_end ] --START--
INFO: Run Behavior\ShowPageTraceBehavior [ RunTime:0.001000s ]
INFO: [ app_end ] --END-- [ RunTime:0.001000s ]

[ 2016-11-03T18:14:04+08:00 ] 127.0.0.1 /datassd/jqapp/index.php/Jingqi/api/tip
INFO: [ app_init ] --START--
INFO: Run Behavior\BuildLiteBehavior [ RunTime:0.000000s ]
INFO: [ app_init ] --END-- [ RunTime:0.000000s ]
INFO: [ app_begin ] --START--
INFO: Run Behavior\ReadHtmlCacheBehavior [ RunTime:0.001000s ]
INFO: [ app_begin ] --END-- [ RunTime:0.001000s ]
SQL: SHOW COLUMNS FROM `fit` [ RunTime:0.0050s ]
SQL: SELECT * FROM `fit`  [ RunTime:0.0010s ]
NOTIC: [8] Undefined variable: tipData F:\wampser\www\datassd\jqapp\Application\Jingqi\Controller\ApiController.class.php 第 91 行.
INFO: [ app_end ] --START--
INFO: Run Behavior\ShowPageTraceBehavior [ RunTime:0.000000s ]
INFO: [ app_end ] --END-- [ RunTime:0.001000s ]

[ 2016-11-03T18:15:52+08:00 ] 127.0.0.1 /datassd/jqapp/index.php/Jingqi/api/tip
INFO: [ app_init ] --START--
INFO: Run Behavior\BuildLiteBehavior [ RunTime:0.000000s ]
INFO: [ app_init ] --END-- [ RunTime:0.000000s ]
INFO: [ app_begin ] --START--
INFO: Run Behavior\ReadHtmlCacheBehavior [ RunTime:0.001001s ]
INFO: [ app_begin ] --END-- [ RunTime:0.001001s ]
SQL: SHOW COLUMNS FROM `fit` [ RunTime:0.0040s ]
SQL: SELECT * FROM `fit`  [ RunTime:0.0000s ]
INFO: [ app_end ] --START--
INFO: Run Behavior\ShowPageTraceBehavior [ RunTime:0.001000s ]
INFO: [ app_end ] --END-- [ RunTime:0.001000s ]

[ 2016-11-03T18:25:41+08:00 ] 127.0.0.1 /datassd/jqapp/index.php/Jingqi/api/tip
INFO: [ app_init ] --START--
INFO: Run Behavior\BuildLiteBehavior [ RunTime:0.000000s ]
INFO: [ app_init ] --END-- [ RunTime:0.000000s ]
INFO: [ app_begin ] --START--
INFO: Run Behavior\ReadHtmlCacheBehavior [ RunTime:0.002000s ]
INFO: [ app_begin ] --END-- [ RunTime:0.002000s ]
SQL: SHOW COLUMNS FROM `fit` [ RunTime:0.0050s ]
SQL: SELECT `tip_name`,`fit_con`,`unfit_con` FROM `fit` INNER JOIN tip ON fit_tipid = tipid   [ RunTime:0.0680s ]
INFO: [ app_end ] --START--
INFO: Run Behavior\ShowPageTraceBehavior [ RunTime:0.001000s ]
INFO: [ app_end ] --END-- [ RunTime:0.001000s ]

[ 2016-11-03T18:27:57+08:00 ] 127.0.0.1 /datassd/jqapp/index.php/Jingqi/api
INFO: [ app_init ] --START--
INFO: Run Behavior\BuildLiteBehavior [ RunTime:0.000000s ]
INFO: [ app_init ] --END-- [ RunTime:0.001000s ]
INFO: [ app_begin ] --START--
INFO: Run Behavior\ReadHtmlCacheBehavior [ RunTime:0.001000s ]
INFO: [ app_begin ] --END-- [ RunTime:0.001000s ]
SQL: SHOW COLUMNS FROM `fit` [ RunTime:0.0050s ]
SQL: SELECT `tip_name`,`fit_con`,`unfit_con` FROM `fit` INNER JOIN tip ON fit_tipid = tipid   [ RunTime:0.0010s ]
INFO: [ app_end ] --START--
INFO: Run Behavior\ShowPageTraceBehavior [ RunTime:0.001000s ]
INFO: [ app_end ] --END-- [ RunTime:0.001000s ]

[ 2016-11-03T18:47:29+08:00 ] 127.0.0.1 /datassd/jqapp/index.php/Jingqi/api/tip
INFO: [ app_init ] --START--
INFO: Run Behavior\BuildLiteBehavior [ RunTime:0.000000s ]
INFO: [ app_init ] --END-- [ RunTime:0.000000s ]
INFO: [ app_begin ] --START--
INFO: Run Behavior\ReadHtmlCacheBehavior [ RunTime:0.015600s ]
INFO: [ app_begin ] --END-- [ RunTime:0.015600s ]
SQL: SHOW COLUMNS FROM `fit` [ RunTime:0.0360s ]
SQL: SELECT `tip_name`,`fit_con`,`unfit_con` FROM `fit` INNER JOIN tip ON fit_tipid = tipid   [ RunTime:0.0000s ]
INFO: [ app_end ] --START--
INFO: Run Behavior\ShowPageTraceBehavior [ RunTime:0.001000s ]
INFO: [ app_end ] --END-- [ RunTime:0.002000s ]

[ 2016-11-03T18:49:40+08:00 ] 127.0.0.1 /datassd/jqapp/index.php/Jingqi/api/tip
INFO: [ app_init ] --START--
INFO: Run Behavior\BuildLiteBehavior [ RunTime:0.000000s ]
INFO: [ app_init ] --END-- [ RunTime:0.000000s ]
INFO: [ app_begin ] --START--
INFO: Run Behavior\ReadHtmlCacheBehavior [ RunTime:0.000000s ]
INFO: [ app_begin ] --END-- [ RunTime:0.001000s ]
SQL: SHOW COLUMNS FROM `fit` [ RunTime:0.0040s ]
SQL: SELECT `tip_name`,`fit_con`,`unfit_con` FROM `fit` INNER JOIN tip ON fit_tipid = tipid   [ RunTime:0.0000s ]
NOTIC: [8] Array to string conversion F:\wampser\www\datassd\jqapp\Application\Jingqi\Controller\ApiController.class.php 第 44 行.
NOTIC: [8] Array to string conversion F:\wampser\www\datassd\jqapp\Application\Jingqi\Controller\ApiController.class.php 第 44 行.
NOTIC: [8] Array to string conversion F:\wampser\www\datassd\jqapp\Application\Jingqi\Controller\ApiController.class.php 第 44 行.
NOTIC: [8] Array to string conversion F:\wampser\www\datassd\jqapp\Application\Jingqi\Controller\ApiController.class.php 第 44 行.
NOTIC: [8] Array to string conversion F:\wampser\www\datassd\jqapp\Application\Jingqi\Controller\ApiController.class.php 第 44 行.
NOTIC: [8] Array to string conversion F:\wampser\www\datassd\jqapp\Application\Jingqi\Controller\ApiController.class.php 第 44 行.
NOTIC: [8] Array to string conversion F:\wampser\www\datassd\jqapp\Application\Jingqi\Controller\ApiController.class.php 第 44 行.
NOTIC: [8] Array to string conversion F:\wampser\www\datassd\jqapp\Application\Jingqi\Controller\ApiController.class.php 第 44 行.
NOTIC: [8] Array to string conversion F:\wampser\www\datassd\jqapp\Application\Jingqi\Controller\ApiController.class.php 第 44 行.
NOTIC: [8] Array to string conversion F:\wampser\www\datassd\jqapp\Application\Jingqi\Controller\ApiController.class.php 第 44 行.
NOTIC: [8] Array to string conversion F:\wampser\www\datassd\jqapp\Application\Jingqi\Controller\ApiController.class.php 第 44 行.
NOTIC: [8] Array to string conversion F:\wampser\www\datassd\jqapp\Application\Jingqi\Controller\ApiController.class.php 第 44 行.
NOTIC: [8] Array to string conversion F:\wampser\www\datassd\jqapp\Application\Jingqi\Controller\ApiController.class.php 第 44 行.
NOTIC: [8] Array to string conversion F:\wampser\www\datassd\jqapp\Application\Jingqi\Controller\ApiController.class.php 第 44 行.
NOTIC: [8] Array to string conversion F:\wampser\www\datassd\jqapp\Application\Jingqi\Controller\ApiController.class.php 第 44 行.
NOTIC: [8] Array to string conversion F:\wampser\www\datassd\jqapp\Application\Jingqi\Controller\ApiController.class.php 第 44 行.
NOTIC: [8] Array to string conversion F:\wampser\www\datassd\jqapp\Application\Jingqi\Controller\ApiController.class.php 第 44 行.
NOTIC: [8] Array to string conversion F:\wampser\www\datassd\jqapp\Application\Jingqi\Controller\ApiController.class.php 第 44 行.
NOTIC: [8] Array to string conversion F:\wampser\www\datassd\jqapp\Application\Jingqi\Controller\ApiController.class.php 第 44 行.
NOTIC: [8] Array to string conversion F:\wampser\www\datassd\jqapp\Application\Jingqi\Controller\ApiController.class.php 第 44 行.
INFO: [ app_end ] --START--
INFO: Run Behavior\ShowPageTraceBehavior [ RunTime:0.000000s ]
INFO: [ app_end ] --END-- [ RunTime:0.000000s ]

[ 2016-11-03T18:50:06+08:00 ] 127.0.0.1 /datassd/jqapp/index.php/Jingqi/api/tip
INFO: [ app_init ] --START--
INFO: Run Behavior\BuildLiteBehavior [ RunTime:0.000000s ]
INFO: [ app_init ] --END-- [ RunTime:0.000000s ]
INFO: [ app_begin ] --START--
INFO: Run Behavior\ReadHtmlCacheBehavior [ RunTime:0.001000s ]
INFO: [ app_begin ] --END-- [ RunTime:0.001000s ]
SQL: SHOW COLUMNS FROM `fit` [ RunTime:0.0060s ]
SQL: SELECT `tip_name`,`fit_con`,`unfit_con` FROM `fit` INNER JOIN tip ON fit_tipid = tipid   [ RunTime:0.0010s ]
NOTIC: [8] Array to string conversion F:\wampser\www\datassd\jqapp\Application\Jingqi\Controller\ApiController.class.php 第 44 行.
NOTIC: [8] Array to string conversion F:\wampser\www\datassd\jqapp\Application\Jingqi\Controller\ApiController.class.php 第 44 行.
NOTIC: [8] Array to string conversion F:\wampser\www\datassd\jqapp\Application\Jingqi\Controller\ApiController.class.php 第 44 行.
NOTIC: [8] Array to string conversion F:\wampser\www\datassd\jqapp\Application\Jingqi\Controller\ApiController.class.php 第 44 行.
NOTIC: [8] Array to string conversion F:\wampser\www\datassd\jqapp\Application\Jingqi\Controller\ApiController.class.php 第 44 行.
NOTIC: [8] Array to string conversion F:\wampser\www\datassd\jqapp\Application\Jingqi\Controller\ApiController.class.php 第 44 行.
NOTIC: [8] Array to string conversion F:\wampser\www\datassd\jqapp\Application\Jingqi\Controller\ApiController.class.php 第 44 行.
NOTIC: [8] Array to string conversion F:\wampser\www\datassd\jqapp\Application\Jingqi\Controller\ApiController.class.php 第 44 行.
NOTIC: [8] Array to string conversion F:\wampser\www\datassd\jqapp\Application\Jingqi\Controller\ApiController.class.php 第 44 行.
NOTIC: [8] Array to string conversion F:\wampser\www\datassd\jqapp\Application\Jingqi\Controller\ApiController.class.php 第 44 行.
NOTIC: [8] Array to string conversion F:\wampser\www\datassd\jqapp\Application\Jingqi\Controller\ApiController.class.php 第 44 行.
NOTIC: [8] Array to string conversion F:\wampser\www\datassd\jqapp\Application\Jingqi\Controller\ApiController.class.php 第 44 行.
NOTIC: [8] Array to string conversion F:\wampser\www\datassd\jqapp\Application\Jingqi\Controller\ApiController.class.php 第 44 行.
NOTIC: [8] Array to string conversion F:\wampser\www\datassd\jqapp\Application\Jingqi\Controller\ApiController.class.php 第 44 行.
NOTIC: [8] Array to string conversion F:\wampser\www\datassd\jqapp\Application\Jingqi\Controller\ApiController.class.php 第 44 行.
NOTIC: [8] Array to string conversion F:\wampser\www\datassd\jqapp\Application\Jingqi\Controller\ApiController.class.php 第 44 行.
NOTIC: [8] Array to string conversion F:\wampser\www\datassd\jqapp\Application\Jingqi\Controller\ApiController.class.php 第 44 行.
NOTIC: [8] Array to string conversion F:\wampser\www\datassd\jqapp\Application\Jingqi\Controller\ApiController.class.php 第 44 行.
NOTIC: [8] Array to string conversion F:\wampser\www\datassd\jqapp\Application\Jingqi\Controller\ApiController.class.php 第 44 行.
NOTIC: [8] Array to string conversion F:\wampser\www\datassd\jqapp\Application\Jingqi\Controller\ApiController.class.php 第 44 行.
INFO: [ app_end ] --START--
INFO: Run Behavior\ShowPageTraceBehavior [ RunTime:0.001000s ]
INFO: [ app_end ] --END-- [ RunTime:0.001000s ]

[ 2016-11-03T18:54:55+08:00 ] 127.0.0.1 /datassd/jqapp/index.php/Jingqi/api/tip
INFO: [ app_init ] --START--
INFO: Run Behavior\BuildLiteBehavior [ RunTime:0.000000s ]
INFO: [ app_init ] --END-- [ RunTime:0.000000s ]
INFO: [ app_begin ] --START--
INFO: Run Behavior\ReadHtmlCacheBehavior [ RunTime:0.001000s ]
INFO: [ app_begin ] --END-- [ RunTime:0.001000s ]
SQL: SHOW COLUMNS FROM `tip` [ RunTime:0.0120s ]
SQL: SELECT `tipid` FROM `tip`  [ RunTime:0.0000s ]

[ 2016-11-03T18:56:14+08:00 ] 127.0.0.1 /datassd/jqapp/index.php/Jingqi/api/tip
INFO: [ app_init ] --START--
INFO: Run Behavior\BuildLiteBehavior [ RunTime:0.000000s ]
INFO: [ app_init ] --END-- [ RunTime:0.000000s ]
INFO: [ app_begin ] --START--
INFO: Run Behavior\ReadHtmlCacheBehavior [ RunTime:0.000000s ]
INFO: [ app_begin ] --END-- [ RunTime:0.000000s ]
SQL: SHOW COLUMNS FROM `tip` [ RunTime:0.0040s ]
SQL: SELECT `tipid` FROM `tip`  [ RunTime:0.0000s ]

[ 2016-11-03T19:12:25+08:00 ] 127.0.0.1 /datassd/jqapp/index.php/Jingqi/api/tip
INFO: [ app_init ] --START--
INFO: Run Behavior\BuildLiteBehavior [ RunTime:0.000000s ]
INFO: [ app_init ] --END-- [ RunTime:0.000000s ]
INFO: [ app_begin ] --START--
INFO: Run Behavior\ReadHtmlCacheBehavior [ RunTime:0.000000s ]
INFO: [ app_begin ] --END-- [ RunTime:0.000000s ]
SQL: SHOW COLUMNS FROM `tip` [ RunTime:0.0120s ]
SQL: SELECT `tipid` FROM `tip`  [ RunTime:0.0010s ]
SQL: SHOW COLUMNS FROM `fit` [ RunTime:0.0040s ]
ERR: Think\Model:rand方法不存在！

[ 2016-11-03T19:12:39+08:00 ] 127.0.0.1 /datassd/jqapp/index.php/Jingqi/api/tip
INFO: [ app_init ] --START--
INFO: Run Behavior\BuildLiteBehavior [ RunTime:0.000000s ]
INFO: [ app_init ] --END-- [ RunTime:0.000000s ]
INFO: [ app_begin ] --START--
INFO: Run Behavior\ReadHtmlCacheBehavior [ RunTime:0.001000s ]
INFO: [ app_begin ] --END-- [ RunTime:0.001000s ]
SQL: SHOW COLUMNS FROM `tip` [ RunTime:0.0360s ]
SQL: SELECT `tipid` FROM `tip`  [ RunTime:0.0010s ]
SQL: SHOW COLUMNS FROM `fit` [ RunTime:0.0040s ]
NOTIC: [8] Undefined offset: 0 F:\wampser\www\datassd\jqapp\ThinkPHP\Library\Think\Model.class.php 第 222 行.
SQL: SELECT * FROM `fit` WHERE ( fit_tipid = 1 ) LIMIT 1   [ RunTime:0.0010s ]

[ 2016-11-03T19:14:31+08:00 ] 127.0.0.1 /datassd/jqapp/index.php/Jingqi/api/tip
INFO: [ app_init ] --START--
INFO: Run Behavior\BuildLiteBehavior [ RunTime:0.000000s ]
INFO: [ app_init ] --END-- [ RunTime:0.000000s ]
INFO: [ app_begin ] --START--
INFO: Run Behavior\ReadHtmlCacheBehavior [ RunTime:0.001000s ]
INFO: [ app_begin ] --END-- [ RunTime:0.001000s ]
SQL: SHOW COLUMNS FROM `tip` [ RunTime:0.0040s ]
ERR: 1054:Champ 'tipname' inconnu dans field list
 [ SQL语句 ] : SELECT `tipid`,`tipname` FROM `tip` 
ERR: 1054:Champ 'tipname' inconnu dans field list
 [ SQL语句 ] : SELECT `tipid`,`tipname` FROM `tip` 

[ 2016-11-03T19:14:46+08:00 ] 127.0.0.1 /datassd/jqapp/index.php/Jingqi/api/tip
INFO: [ app_init ] --START--
INFO: Run Behavior\BuildLiteBehavior [ RunTime:0.000000s ]
INFO: [ app_init ] --END-- [ RunTime:0.000000s ]
INFO: [ app_begin ] --START--
INFO: Run Behavior\ReadHtmlCacheBehavior [ RunTime:0.000000s ]
INFO: [ app_begin ] --END-- [ RunTime:0.001000s ]
SQL: SHOW COLUMNS FROM `tip` [ RunTime:0.0050s ]
SQL: SELECT `tipid`,`tip_name` FROM `tip`  [ RunTime:0.0020s ]
SQL: SHOW COLUMNS FROM `fit` [ RunTime:0.0290s ]
NOTIC: [8] Undefined offset: 0 F:\wampser\www\datassd\jqapp\ThinkPHP\Library\Think\Model.class.php 第 222 行.
SQL: SELECT * FROM `fit` WHERE ( fit_tipid = 1 ) LIMIT 1   [ RunTime:0.0000s ]

[ 2016-11-03T19:15:15+08:00 ] 127.0.0.1 /datassd/jqapp/index.php/Jingqi/api/tip
INFO: [ app_init ] --START--
INFO: Run Behavior\BuildLiteBehavior [ RunTime:0.000000s ]
INFO: [ app_init ] --END-- [ RunTime:0.000000s ]
INFO: [ app_begin ] --START--
INFO: Run Behavior\ReadHtmlCacheBehavior [ RunTime:0.000000s ]
INFO: [ app_begin ] --END-- [ RunTime:0.000000s ]
SQL: SHOW COLUMNS FROM `tip` [ RunTime:0.0030s ]
SQL: SELECT `tipid`,`tip_name` FROM `tip`  [ RunTime:0.0000s ]
SQL: SHOW COLUMNS FROM `fit` [ RunTime:0.0040s ]
NOTIC: [8] Undefined offset: 0 F:\wampser\www\datassd\jqapp\ThinkPHP\Library\Think\Model.class.php 第 222 行.
SQL: SELECT * FROM `fit` WHERE ( fit_tipid = 1 ) LIMIT 1   [ RunTime:0.0010s ]
NOTIC: [8] Undefined offset: 0 F:\wampser\www\datassd\jqapp\ThinkPHP\Library\Think\Model.class.php 第 222 行.
SQL: SELECT * FROM `fit` WHERE ( fit_tipid = 2 ) LIMIT 1   [ RunTime:0.0000s ]
NOTIC: [8] Undefined offset: 0 F:\wampser\www\datassd\jqapp\ThinkPHP\Library\Think\Model.class.php 第 222 行.
SQL: SELECT * FROM `fit` WHERE ( fit_tipid = 3 ) LIMIT 1   [ RunTime:0.0010s ]
NOTIC: [8] Undefined offset: 0 F:\wampser\www\datassd\jqapp\ThinkPHP\Library\Think\Model.class.php 第 222 行.
SQL: SELECT * FROM `fit` WHERE ( fit_tipid = 4 ) LIMIT 1   [ RunTime:0.0000s ]
NOTIC: [8] Undefined index: tip_name F:\wampser\www\datassd\jqapp\Application\Jingqi\Controller\ApiController.class.php 第 58 行.
NOTIC: [8] Undefined index: fit_con F:\wampser\www\datassd\jqapp\Application\Jingqi\Controller\ApiController.class.php 第 60 行.
NOTIC: [8] Undefined index: unfit_con F:\wampser\www\datassd\jqapp\Application\Jingqi\Controller\ApiController.class.php 第 61 行.
NOTIC: [8] Undefined index: tip_name F:\wampser\www\datassd\jqapp\Application\Jingqi\Controller\ApiController.class.php 第 58 行.
NOTIC: [8] Undefined index: fit_con F:\wampser\www\datassd\jqapp\Application\Jingqi\Controller\ApiController.class.php 第 60 行.
NOTIC: [8] Undefined index: unfit_con F:\wampser\www\datassd\jqapp\Application\Jingqi\Controller\ApiController.class.php 第 61 行.
NOTIC: [8] Undefined index: tip_name F:\wampser\www\datassd\jqapp\Application\Jingqi\Controller\ApiController.class.php 第 58 行.
NOTIC: [8] Undefined index: fit_con F:\wampser\www\datassd\jqapp\Application\Jingqi\Controller\ApiController.class.php 第 60 行.
NOTIC: [8] Undefined index: unfit_con F:\wampser\www\datassd\jqapp\Application\Jingqi\Controller\ApiController.class.php 第 61 行.
NOTIC: [8] Undefined index: tip_name F:\wampser\www\datassd\jqapp\Application\Jingqi\Controller\ApiController.class.php 第 58 行.
NOTIC: [8] Undefined index: fit_con F:\wampser\www\datassd\jqapp\Application\Jingqi\Controller\ApiController.class.php 第 60 行.
NOTIC: [8] Undefined index: unfit_con F:\wampser\www\datassd\jqapp\Application\Jingqi\Controller\ApiController.class.php 第 61 行.
INFO: [ app_end ] --START--
INFO: Run Behavior\ShowPageTraceBehavior [ RunTime:0.001000s ]
INFO: [ app_end ] --END-- [ RunTime:0.001000s ]

[ 2016-11-03T19:16:01+08:00 ] 127.0.0.1 /datassd/jqapp/index.php/Jingqi/api/tip
INFO: [ app_init ] --START--
INFO: Run Behavior\BuildLiteBehavior [ RunTime:0.000000s ]
INFO: [ app_init ] --END-- [ RunTime:0.000000s ]
INFO: [ app_begin ] --START--
INFO: Run Behavior\ReadHtmlCacheBehavior [ RunTime:0.000000s ]
INFO: [ app_begin ] --END-- [ RunTime:0.000000s ]
SQL: SHOW COLUMNS FROM `tip` [ RunTime:0.0050s ]
SQL: SELECT `tipid`,`tip_name` FROM `tip`  [ RunTime:0.0000s ]
SQL: SHOW COLUMNS FROM `fit` [ RunTime:0.0040s ]
NOTIC: [8] Undefined offset: 0 F:\wampser\www\datassd\jqapp\ThinkPHP\Library\Think\Model.class.php 第 222 行.
SQL: SELECT * FROM `fit` WHERE ( fit_tipid = 1 ) LIMIT 1   [ RunTime:0.0000s ]
NOTIC: [8] Undefined offset: 0 F:\wampser\www\datassd\jqapp\ThinkPHP\Library\Think\Model.class.php 第 222 行.
SQL: SELECT * FROM `fit` WHERE ( fit_tipid = 2 ) LIMIT 1   [ RunTime:0.0000s ]
NOTIC: [8] Undefined offset: 0 F:\wampser\www\datassd\jqapp\ThinkPHP\Library\Think\Model.class.php 第 222 行.
SQL: SELECT * FROM `fit` WHERE ( fit_tipid = 3 ) LIMIT 1   [ RunTime:0.0010s ]
NOTIC: [8] Undefined offset: 0 F:\wampser\www\datassd\jqapp\ThinkPHP\Library\Think\Model.class.php 第 222 行.
SQL: SELECT * FROM `fit` WHERE ( fit_tipid = 4 ) LIMIT 1   [ RunTime:0.0000s ]
NOTIC: [8] Undefined offset: 0 F:\wampser\www\datassd\jqapp\Application\Jingqi\Controller\ApiController.class.php 第 58 行.
NOTIC: [8] Undefined index: fit_con F:\wampser\www\datassd\jqapp\Application\Jingqi\Controller\ApiController.class.php 第 60 行.
NOTIC: [8] Undefined index: unfit_con F:\wampser\www\datassd\jqapp\Application\Jingqi\Controller\ApiController.class.php 第 61 行.
NOTIC: [8] Undefined index: fit_con F:\wampser\www\datassd\jqapp\Application\Jingqi\Controller\ApiController.class.php 第 60 行.
NOTIC: [8] Undefined index: unfit_con F:\wampser\www\datassd\jqapp\Application\Jingqi\Controller\ApiController.class.php 第 61 行.
NOTIC: [8] Undefined index: fit_con F:\wampser\www\datassd\jqapp\Application\Jingqi\Controller\ApiController.class.php 第 60 行.
NOTIC: [8] Undefined index: unfit_con F:\wampser\www\datassd\jqapp\Application\Jingqi\Controller\ApiController.class.php 第 61 行.
NOTIC: [8] Undefined index: fit_con F:\wampser\www\datassd\jqapp\Application\Jingqi\Controller\ApiController.class.php 第 60 行.
NOTIC: [8] Undefined index: unfit_con F:\wampser\www\datassd\jqapp\Application\Jingqi\Controller\ApiController.class.php 第 61 行.
INFO: [ app_end ] --START--
INFO: Run Behavior\ShowPageTraceBehavior [ RunTime:0.001000s ]
INFO: [ app_end ] --END-- [ RunTime:0.001000s ]

[ 2016-11-03T19:16:34+08:00 ] 127.0.0.1 /datassd/jqapp/index.php/Jingqi/api/tip
INFO: [ app_init ] --START--
INFO: Run Behavior\BuildLiteBehavior [ RunTime:0.000000s ]
INFO: [ app_init ] --END-- [ RunTime:0.001000s ]
INFO: [ app_begin ] --START--
INFO: Run Behavior\ReadHtmlCacheBehavior [ RunTime:0.002000s ]
INFO: [ app_begin ] --END-- [ RunTime:0.002000s ]
SQL: SHOW COLUMNS FROM `tip` [ RunTime:0.0060s ]
SQL: SELECT `tipid`,`tip_name` FROM `tip`  [ RunTime:0.0000s ]
SQL: SHOW COLUMNS FROM `fit` [ RunTime:0.0040s ]
NOTIC: [8] Undefined offset: 0 F:\wampser\www\datassd\jqapp\ThinkPHP\Library\Think\Model.class.php 第 222 行.
SQL: SELECT * FROM `fit` WHERE ( fit_tipid = 1 ) LIMIT 1   [ RunTime:0.0000s ]
NOTIC: [8] Undefined offset: 0 F:\wampser\www\datassd\jqapp\ThinkPHP\Library\Think\Model.class.php 第 222 行.
SQL: SELECT * FROM `fit` WHERE ( fit_tipid = 2 ) LIMIT 1   [ RunTime:0.0000s ]
NOTIC: [8] Undefined offset: 0 F:\wampser\www\datassd\jqapp\ThinkPHP\Library\Think\Model.class.php 第 222 行.
SQL: SELECT * FROM `fit` WHERE ( fit_tipid = 3 ) LIMIT 1   [ RunTime:0.0010s ]
NOTIC: [8] Undefined offset: 0 F:\wampser\www\datassd\jqapp\ThinkPHP\Library\Think\Model.class.php 第 222 行.
SQL: SELECT * FROM `fit` WHERE ( fit_tipid = 4 ) LIMIT 1   [ RunTime:0.0000s ]
NOTIC: [8] Undefined offset: 0 F:\wampser\www\datassd\jqapp\Application\Jingqi\Controller\ApiController.class.php 第 58 行.
NOTIC: [8] Undefined index: fit_con F:\wampser\www\datassd\jqapp\Application\Jingqi\Controller\ApiController.class.php 第 60 行.
NOTIC: [8] Undefined index: unfit_con F:\wampser\www\datassd\jqapp\Application\Jingqi\Controller\ApiController.class.php 第 61 行.
NOTIC: [8] Undefined index: fit_con F:\wampser\www\datassd\jqapp\Application\Jingqi\Controller\ApiController.class.php 第 60 行.
NOTIC: [8] Undefined index: unfit_con F:\wampser\www\datassd\jqapp\Application\Jingqi\Controller\ApiController.class.php 第 61 行.
NOTIC: [8] Undefined index: fit_con F:\wampser\www\datassd\jqapp\Application\Jingqi\Controller\ApiController.class.php 第 60 行.
NOTIC: [8] Undefined index: unfit_con F:\wampser\www\datassd\jqapp\Application\Jingqi\Controller\ApiController.class.php 第 61 行.
NOTIC: [8] Undefined index: fit_con F:\wampser\www\datassd\jqapp\Application\Jingqi\Controller\ApiController.class.php 第 60 行.
NOTIC: [8] Undefined index: unfit_con F:\wampser\www\datassd\jqapp\Application\Jingqi\Controller\ApiController.class.php 第 61 行.
INFO: [ app_end ] --START--
INFO: Run Behavior\ShowPageTraceBehavior [ RunTime:0.001000s ]
INFO: [ app_end ] --END-- [ RunTime:0.001000s ]

[ 2016-11-03T19:19:37+08:00 ] 127.0.0.1 /datassd/jqapp/index.php/Jingqi/api/tip
INFO: [ app_init ] --START--
INFO: Run Behavior\BuildLiteBehavior [ RunTime:0.000000s ]
INFO: [ app_init ] --END-- [ RunTime:0.000000s ]
INFO: [ app_begin ] --START--
INFO: Run Behavior\ReadHtmlCacheBehavior [ RunTime:0.001000s ]
INFO: [ app_begin ] --END-- [ RunTime:0.001000s ]

[ 2016-11-03T19:19:49+08:00 ] 127.0.0.1 /datassd/jqapp/index.php/Jingqi/api/tip
INFO: [ app_init ] --START--
INFO: Run Behavior\BuildLiteBehavior [ RunTime:0.000000s ]
INFO: [ app_init ] --END-- [ RunTime:0.001000s ]
INFO: [ app_begin ] --START--
INFO: Run Behavior\ReadHtmlCacheBehavior [ RunTime:0.001000s ]
INFO: [ app_begin ] --END-- [ RunTime:0.001000s ]
SQL: SHOW COLUMNS FROM `tip` [ RunTime:0.0040s ]
SQL: SELECT `tipid`,`tip_name` FROM `tip`  [ RunTime:0.0010s ]
SQL: SHOW COLUMNS FROM `fit` [ RunTime:0.0040s ]
NOTIC: [8] Undefined offset: 0 F:\wampser\www\datassd\jqapp\ThinkPHP\Library\Think\Model.class.php 第 222 行.
SQL: SELECT * FROM `fit` WHERE ( fit_tipid = 1 ) LIMIT 1   [ RunTime:0.0010s ]
NOTIC: [8] Undefined offset: 0 F:\wampser\www\datassd\jqapp\ThinkPHP\Library\Think\Model.class.php 第 222 行.
SQL: SELECT * FROM `fit` WHERE ( fit_tipid = 2 ) LIMIT 1   [ RunTime:0.0010s ]
NOTIC: [8] Undefined offset: 0 F:\wampser\www\datassd\jqapp\ThinkPHP\Library\Think\Model.class.php 第 222 行.
SQL: SELECT * FROM `fit` WHERE ( fit_tipid = 3 ) LIMIT 1   [ RunTime:0.0000s ]
NOTIC: [8] Undefined offset: 0 F:\wampser\www\datassd\jqapp\ThinkPHP\Library\Think\Model.class.php 第 222 行.
SQL: SELECT * FROM `fit` WHERE ( fit_tipid = 4 ) LIMIT 1   [ RunTime:0.0010s ]

[ 2016-11-03T19:20:12+08:00 ] 127.0.0.1 /datassd/jqapp/index.php/Jingqi/api/tip
INFO: [ app_init ] --START--
INFO: Run Behavior\BuildLiteBehavior [ RunTime:0.000000s ]
INFO: [ app_init ] --END-- [ RunTime:0.000000s ]
INFO: [ app_begin ] --START--
INFO: Run Behavior\ReadHtmlCacheBehavior [ RunTime:0.000000s ]
INFO: [ app_begin ] --END-- [ RunTime:0.001000s ]
SQL: SHOW COLUMNS FROM `tip` [ RunTime:0.0030s ]
SQL: SELECT `tipid`,`tip_name` FROM `tip`  [ RunTime:0.0010s ]
SQL: SHOW COLUMNS FROM `fit` [ RunTime:0.0040s ]
NOTIC: [8] Undefined offset: 0 F:\wampser\www\datassd\jqapp\ThinkPHP\Library\Think\Model.class.php 第 222 行.
SQL: SELECT * FROM `fit` WHERE ( fit_tipid = 1 ) LIMIT 1   [ RunTime:0.0000s ]
NOTIC: [8] Undefined offset: 0 F:\wampser\www\datassd\jqapp\ThinkPHP\Library\Think\Model.class.php 第 222 行.
SQL: SELECT * FROM `fit` WHERE ( fit_tipid = 2 ) LIMIT 1   [ RunTime:0.0000s ]
NOTIC: [8] Undefined offset: 0 F:\wampser\www\datassd\jqapp\ThinkPHP\Library\Think\Model.class.php 第 222 行.
SQL: SELECT * FROM `fit` WHERE ( fit_tipid = 3 ) LIMIT 1   [ RunTime:0.0010s ]
NOTIC: [8] Undefined offset: 0 F:\wampser\www\datassd\jqapp\ThinkPHP\Library\Think\Model.class.php 第 222 行.
SQL: SELECT * FROM `fit` WHERE ( fit_tipid = 4 ) LIMIT 1   [ RunTime:0.0000s ]

[ 2016-11-03T19:21:36+08:00 ] 127.0.0.1 /datassd/jqapp/index.php/Jingqi/api/tip
INFO: [ app_init ] --START--
INFO: Run Behavior\BuildLiteBehavior [ RunTime:0.000000s ]
INFO: [ app_init ] --END-- [ RunTime:0.000000s ]
INFO: [ app_begin ] --START--
INFO: Run Behavior\ReadHtmlCacheBehavior [ RunTime:0.000000s ]
INFO: [ app_begin ] --END-- [ RunTime:0.000000s ]
SQL: SHOW COLUMNS FROM `fit` [ RunTime:0.0040s ]
SQL: SELECT `tip_name`,`fit_con`,`unfit_con` FROM `fit` INNER JOIN tip ON fit_tipid = tipid   [ RunTime:0.0010s ]
SQL: SHOW COLUMNS FROM `tip` [ RunTime:0.0050s ]
SQL: SELECT `tipid`,`tip_name` FROM `tip`  [ RunTime:0.0010s ]
NOTIC: [8] Undefined offset: 0 F:\wampser\www\datassd\jqapp\ThinkPHP\Library\Think\Model.class.php 第 222 行.
SQL: SELECT * FROM `fit` WHERE ( fit_tipid = 1 ) LIMIT 1   [ RunTime:0.0000s ]
NOTIC: [8] Undefined offset: 0 F:\wampser\www\datassd\jqapp\ThinkPHP\Library\Think\Model.class.php 第 222 行.
SQL: SELECT * FROM `fit` WHERE ( fit_tipid = 2 ) LIMIT 1   [ RunTime:0.0010s ]
NOTIC: [8] Undefined offset: 0 F:\wampser\www\datassd\jqapp\ThinkPHP\Library\Think\Model.class.php 第 222 行.
SQL: SELECT * FROM `fit` WHERE ( fit_tipid = 3 ) LIMIT 1   [ RunTime:0.0000s ]
NOTIC: [8] Undefined offset: 0 F:\wampser\www\datassd\jqapp\ThinkPHP\Library\Think\Model.class.php 第 222 行.
SQL: SELECT * FROM `fit` WHERE ( fit_tipid = 4 ) LIMIT 1   [ RunTime:0.0000s ]

[ 2016-11-03T19:22:31+08:00 ] 127.0.0.1 /datassd/jqapp/index.php/Jingqi/api/tip
INFO: [ app_init ] --START--
INFO: Run Behavior\BuildLiteBehavior [ RunTime:0.000000s ]
INFO: [ app_init ] --END-- [ RunTime:0.000000s ]
INFO: [ app_begin ] --START--
INFO: Run Behavior\ReadHtmlCacheBehavior [ RunTime:0.001000s ]
INFO: [ app_begin ] --END-- [ RunTime:0.001000s ]
SQL: SHOW COLUMNS FROM `fit` [ RunTime:0.0040s ]
SQL: SELECT `tip_name`,`fit_con`,`unfit_con` FROM `fit` INNER JOIN tip ON fit_tipid = tipid   [ RunTime:0.0010s ]
SQL: SHOW COLUMNS FROM `tip` [ RunTime:0.0040s ]
SQL: SELECT `tipid`,`tip_name` FROM `tip`  [ RunTime:0.0000s ]
NOTIC: [8] Undefined offset: 0 F:\wampser\www\datassd\jqapp\ThinkPHP\Library\Think\Model.class.php 第 222 行.
SQL: SELECT * FROM `fit` WHERE ( fit_tipid = 1 ) LIMIT 1   [ RunTime:0.0010s ]
NOTIC: [8] Undefined offset: 0 F:\wampser\www\datassd\jqapp\ThinkPHP\Library\Think\Model.class.php 第 222 行.
SQL: SELECT * FROM `fit` WHERE ( fit_tipid = 2 ) LIMIT 1   [ RunTime:0.0000s ]
NOTIC: [8] Undefined offset: 0 F:\wampser\www\datassd\jqapp\ThinkPHP\Library\Think\Model.class.php 第 222 行.
SQL: SELECT * FROM `fit` WHERE ( fit_tipid = 3 ) LIMIT 1   [ RunTime:0.0000s ]
NOTIC: [8] Undefined offset: 0 F:\wampser\www\datassd\jqapp\ThinkPHP\Library\Think\Model.class.php 第 222 行.
SQL: SELECT * FROM `fit` WHERE ( fit_tipid = 4 ) LIMIT 1   [ RunTime:0.0000s ]
NOTIC: [8] Undefined offset: 0 F:\wampser\www\datassd\jqapp\Application\Jingqi\Controller\ApiController.class.php 第 61 行.

[ 2016-11-03T19:23:31+08:00 ] 127.0.0.1 /datassd/jqapp/index.php/Jingqi/api/tip
INFO: [ app_init ] --START--
INFO: Run Behavior\BuildLiteBehavior [ RunTime:0.000000s ]
INFO: [ app_init ] --END-- [ RunTime:0.000000s ]
INFO: [ app_begin ] --START--
INFO: Run Behavior\ReadHtmlCacheBehavior [ RunTime:0.001000s ]
INFO: [ app_begin ] --END-- [ RunTime:0.001000s ]
SQL: SHOW COLUMNS FROM `tip` [ RunTime:0.0390s ]
SQL: SELECT `tipid`,`tip_name` FROM `tip`  [ RunTime:0.0000s ]
SQL: SHOW COLUMNS FROM `fit` [ RunTime:0.0040s ]
NOTIC: [8] Undefined offset: 0 F:\wampser\www\datassd\jqapp\ThinkPHP\Library\Think\Model.class.php 第 222 行.
ERR: 1054:Champ 'fit' inconnu dans field list
 [ SQL语句 ] : SELECT `fit`,`un_fit` FROM `fit` WHERE ( fit_tipid = 1 ) LIMIT 1  
ERR: 1054:Champ 'fit' inconnu dans field list
 [ SQL语句 ] : SELECT `fit`,`un_fit` FROM `fit` WHERE ( fit_tipid = 1 ) LIMIT 1  

[ 2016-11-03T19:24:13+08:00 ] 127.0.0.1 /datassd/jqapp/index.php/Jingqi/api/tip
INFO: [ app_init ] --START--
INFO: Run Behavior\BuildLiteBehavior [ RunTime:0.000000s ]
INFO: [ app_init ] --END-- [ RunTime:0.001000s ]
INFO: [ app_begin ] --START--
INFO: Run Behavior\ReadHtmlCacheBehavior [ RunTime:0.001000s ]
INFO: [ app_begin ] --END-- [ RunTime:0.001000s ]
SQL: SHOW COLUMNS FROM `tip` [ RunTime:0.0040s ]
SQL: SELECT `tipid`,`tip_name` FROM `tip`  [ RunTime:0.0010s ]
SQL: SHOW COLUMNS FROM `fit` [ RunTime:0.0040s ]
NOTIC: [8] Undefined offset: 0 F:\wampser\www\datassd\jqapp\ThinkPHP\Library\Think\Model.class.php 第 222 行.
SQL: SELECT `fit_con`,`unfit_con` FROM `fit` WHERE ( fit_tipid = 1 ) LIMIT 1   [ RunTime:0.0010s ]
NOTIC: [8] Undefined offset: 0 F:\wampser\www\datassd\jqapp\ThinkPHP\Library\Think\Model.class.php 第 222 行.
SQL: SELECT `fit_con`,`unfit_con` FROM `fit` WHERE ( fit_tipid = 2 ) LIMIT 1   [ RunTime:0.0000s ]
NOTIC: [8] Undefined offset: 0 F:\wampser\www\datassd\jqapp\ThinkPHP\Library\Think\Model.class.php 第 222 行.
SQL: SELECT `fit_con`,`unfit_con` FROM `fit` WHERE ( fit_tipid = 3 ) LIMIT 1   [ RunTime:0.0000s ]
NOTIC: [8] Undefined offset: 0 F:\wampser\www\datassd\jqapp\ThinkPHP\Library\Think\Model.class.php 第 222 行.
SQL: SELECT `fit_con`,`unfit_con` FROM `fit` WHERE ( fit_tipid = 4 ) LIMIT 1   [ RunTime:0.0010s ]
NOTIC: [8] Undefined variable: tipData F:\wampser\www\datassd\jqapp\Application\Jingqi\Controller\ApiController.class.php 第 55 行.
INFO: [ app_end ] --START--
INFO: Run Behavior\ShowPageTraceBehavior [ RunTime:0.000000s ]
INFO: [ app_end ] --END-- [ RunTime:0.000000s ]

[ 2016-11-03T19:24:38+08:00 ] 127.0.0.1 /datassd/jqapp/index.php/Jingqi/api/tip
INFO: [ app_init ] --START--
INFO: Run Behavior\BuildLiteBehavior [ RunTime:0.000000s ]
INFO: [ app_init ] --END-- [ RunTime:0.000000s ]
INFO: [ app_begin ] --START--
INFO: Run Behavior\ReadHtmlCacheBehavior [ RunTime:0.000000s ]
INFO: [ app_begin ] --END-- [ RunTime:0.000000s ]
SQL: SHOW COLUMNS FROM `tip` [ RunTime:0.0040s ]
SQL: SELECT `tipid`,`tip_name` FROM `tip`  [ RunTime:0.0000s ]
SQL: SHOW COLUMNS FROM `fit` [ RunTime:0.0050s ]
NOTIC: [8] Undefined offset: 0 F:\wampser\www\datassd\jqapp\ThinkPHP\Library\Think\Model.class.php 第 222 行.
SQL: SELECT `fit_con`,`unfit_con` FROM `fit` WHERE ( fit_tipid = 1 ) LIMIT 1   [ RunTime:0.0000s ]
NOTIC: [8] Undefined offset: 0 F:\wampser\www\datassd\jqapp\ThinkPHP\Library\Think\Model.class.php 第 222 行.
SQL: SELECT `fit_con`,`unfit_con` FROM `fit` WHERE ( fit_tipid = 2 ) LIMIT 1   [ RunTime:0.0010s ]
NOTIC: [8] Undefined offset: 0 F:\wampser\www\datassd\jqapp\ThinkPHP\Library\Think\Model.class.php 第 222 行.
SQL: SELECT `fit_con`,`unfit_con` FROM `fit` WHERE ( fit_tipid = 3 ) LIMIT 1   [ RunTime:0.0000s ]
NOTIC: [8] Undefined offset: 0 F:\wampser\www\datassd\jqapp\ThinkPHP\Library\Think\Model.class.php 第 222 行.
SQL: SELECT `fit_con`,`unfit_con` FROM `fit` WHERE ( fit_tipid = 4 ) LIMIT 1   [ RunTime:0.0000s ]
NOTIC: [8] Undefined variable: tipData F:\wampser\www\datassd\jqapp\Application\Jingqi\Controller\ApiController.class.php 第 55 行.
INFO: [ app_end ] --START--
INFO: Run Behavior\ShowPageTraceBehavior [ RunTime:0.001000s ]
INFO: [ app_end ] --END-- [ RunTime:0.001000s ]

[ 2016-11-03T19:25:14+08:00 ] 127.0.0.1 /datassd/jqapp/index.php/Jingqi/api/tip
INFO: [ app_init ] --START--
INFO: Run Behavior\BuildLiteBehavior [ RunTime:0.000000s ]
INFO: [ app_init ] --END-- [ RunTime:0.000000s ]
INFO: [ app_begin ] --START--
INFO: Run Behavior\ReadHtmlCacheBehavior [ RunTime:0.001000s ]
INFO: [ app_begin ] --END-- [ RunTime:0.001000s ]
SQL: SHOW COLUMNS FROM `tip` [ RunTime:0.0060s ]
SQL: SELECT `tipid`,`tip_name` FROM `tip`  [ RunTime:0.0000s ]
SQL: SHOW COLUMNS FROM `fit` [ RunTime:0.0040s ]
NOTIC: [8] Undefined offset: 0 F:\wampser\www\datassd\jqapp\ThinkPHP\Library\Think\Model.class.php 第 222 行.
SQL: SELECT `fit_con`,`unfit_con` FROM `fit` WHERE ( fit_tipid = 1 ) LIMIT 1   [ RunTime:0.0010s ]
NOTIC: [8] Undefined offset: 0 F:\wampser\www\datassd\jqapp\ThinkPHP\Library\Think\Model.class.php 第 222 行.
SQL: SELECT `fit_con`,`unfit_con` FROM `fit` WHERE ( fit_tipid = 2 ) LIMIT 1   [ RunTime:0.0000s ]
NOTIC: [8] Undefined offset: 0 F:\wampser\www\datassd\jqapp\ThinkPHP\Library\Think\Model.class.php 第 222 行.
SQL: SELECT `fit_con`,`unfit_con` FROM `fit` WHERE ( fit_tipid = 3 ) LIMIT 1   [ RunTime:0.0000s ]
NOTIC: [8] Undefined offset: 0 F:\wampser\www\datassd\jqapp\ThinkPHP\Library\Think\Model.class.php 第 222 行.
SQL: SELECT `fit_con`,`unfit_con` FROM `fit` WHERE ( fit_tipid = 4 ) LIMIT 1   [ RunTime:0.0010s ]
INFO: [ app_end ] --START--
INFO: Run Behavior\ShowPageTraceBehavior [ RunTime:0.001000s ]
INFO: [ app_end ] --END-- [ RunTime:0.001000s ]

[ 2016-11-03T19:25:18+08:00 ] 127.0.0.1 /datassd/jqapp/index.php/Jingqi/api
INFO: [ app_init ] --START--
INFO: Run Behavior\BuildLiteBehavior [ RunTime:0.000000s ]
INFO: [ app_init ] --END-- [ RunTime:0.000000s ]
INFO: [ app_begin ] --START--
INFO: Run Behavior\ReadHtmlCacheBehavior [ RunTime:0.000000s ]
INFO: [ app_begin ] --END-- [ RunTime:0.000000s ]
SQL: SHOW COLUMNS FROM `tip` [ RunTime:0.0070s ]
SQL: SELECT `tipid`,`tip_name` FROM `tip`  [ RunTime:0.0000s ]
SQL: SHOW COLUMNS FROM `fit` [ RunTime:0.0040s ]
NOTIC: [8] Undefined offset: 0 F:\wampser\www\datassd\jqapp\ThinkPHP\Library\Think\Model.class.php 第 222 行.
SQL: SELECT `fit_con`,`unfit_con` FROM `fit` WHERE ( fit_tipid = 1 ) LIMIT 1   [ RunTime:0.0000s ]
NOTIC: [8] Undefined offset: 0 F:\wampser\www\datassd\jqapp\ThinkPHP\Library\Think\Model.class.php 第 222 行.
SQL: SELECT `fit_con`,`unfit_con` FROM `fit` WHERE ( fit_tipid = 2 ) LIMIT 1   [ RunTime:0.0010s ]
NOTIC: [8] Undefined offset: 0 F:\wampser\www\datassd\jqapp\ThinkPHP\Library\Think\Model.class.php 第 222 行.
SQL: SELECT `fit_con`,`unfit_con` FROM `fit` WHERE ( fit_tipid = 3 ) LIMIT 1   [ RunTime:0.0000s ]
NOTIC: [8] Undefined offset: 0 F:\wampser\www\datassd\jqapp\ThinkPHP\Library\Think\Model.class.php 第 222 行.
SQL: SELECT `fit_con`,`unfit_con` FROM `fit` WHERE ( fit_tipid = 4 ) LIMIT 1   [ RunTime:0.0000s ]
INFO: [ app_end ] --START--
INFO: Run Behavior\ShowPageTraceBehavior [ RunTime:0.001000s ]
INFO: [ app_end ] --END-- [ RunTime:0.001000s ]

[ 2016-11-03T19:25:50+08:00 ] 127.0.0.1 /datassd/jqapp/index.php/Jingqi/api
INFO: [ app_init ] --START--
INFO: Run Behavior\BuildLiteBehavior [ RunTime:0.000000s ]
INFO: [ app_init ] --END-- [ RunTime:0.000000s ]
INFO: [ app_begin ] --START--
INFO: Run Behavior\ReadHtmlCacheBehavior [ RunTime:0.000000s ]
INFO: [ app_begin ] --END-- [ RunTime:0.000000s ]
SQL: SHOW COLUMNS FROM `tip` [ RunTime:0.0350s ]
SQL: SELECT `tipid`,`tip_name` FROM `tip`  [ RunTime:0.0010s ]
SQL: SHOW COLUMNS FROM `fit` [ RunTime:0.0050s ]
NOTIC: [8] Undefined offset: 0 F:\wampser\www\datassd\jqapp\ThinkPHP\Library\Think\Model.class.php 第 222 行.
SQL: SELECT `fit_con`,`unfit_con` FROM `fit` WHERE ( fit_tipid = 1 ) LIMIT 1   [ RunTime:0.0000s ]
NOTIC: [8] Undefined offset: 0 F:\wampser\www\datassd\jqapp\ThinkPHP\Library\Think\Model.class.php 第 222 行.
SQL: SELECT `fit_con`,`unfit_con` FROM `fit` WHERE ( fit_tipid = 2 ) LIMIT 1   [ RunTime:0.0000s ]
NOTIC: [8] Undefined offset: 0 F:\wampser\www\datassd\jqapp\ThinkPHP\Library\Think\Model.class.php 第 222 行.
SQL: SELECT `fit_con`,`unfit_con` FROM `fit` WHERE ( fit_tipid = 3 ) LIMIT 1   [ RunTime:0.0000s ]
NOTIC: [8] Undefined offset: 0 F:\wampser\www\datassd\jqapp\ThinkPHP\Library\Think\Model.class.php 第 222 行.
SQL: SELECT `fit_con`,`unfit_con` FROM `fit` WHERE ( fit_tipid = 4 ) LIMIT 1   [ RunTime:0.0210s ]
INFO: [ app_end ] --START--
INFO: Run Behavior\ShowPageTraceBehavior [ RunTime:0.001000s ]
INFO: [ app_end ] --END-- [ RunTime:0.001000s ]

